[0.023s] Invoking command in '/home/spacer/sensor_ws/build/livox_ros_driver2': CMAKE_PREFIX_PATH=/opt/ros/humble /usr/bin/cmake /home/spacer/sensor_ws/src/livox_ros_driver2 -DROS_EDITION=ROS2 -DHUMBLE_ROS=humble -DCMAKE_INSTALL_PREFIX=/home/spacer/sensor_ws/install/livox_ros_driver2
[0.136s] -- The C compiler identification is GNU 9.4.0
[0.237s] -- The CXX compiler identification is GNU 9.4.0
[0.246s] -- Check for working C compiler: /usr/bin/cc
[0.379s] -- Check for working C compiler: /usr/bin/cc -- works
[0.381s] -- Detecting C compiler ABI info
[0.524s] -- Detecting C compiler ABI info - done
[0.559s] -- Detecting C compile features
[0.560s] -- Detecting C compile features - done
[0.566s] -- Check for working CXX compiler: /usr/bin/c++
[0.715s] -- Check for working CXX compiler: /usr/bin/c++ -- works
[0.719s] -- Detecting CXX compiler ABI info
[0.888s] -- Detecting CXX compiler ABI info - done
[0.924s] -- Detecting CXX compile features
[0.925s] -- Detecting CXX compile features - done
[0.928s] -- livox_ros_driver2 version: 1.0.0
[0.931s] -- Found ament_cmake_auto: 1.3.6 (/opt/ros/humble/share/ament_cmake_auto/cmake)
[1.274s] -- Found Python3: /usr/bin/python3.9 (found version "3.9.5") found components: Interpreter 
[1.669s] -- Using all available rosidl_typesupport_c: rosidl_typesupport_fastrtps_c;rosidl_typesupport_introspection_c
[1.682s] -- Found rosidl_adapter: 3.1.5 (/opt/ros/humble/share/rosidl_adapter/cmake)
[1.767s] -- Using all available rosidl_typesupport_cpp: rosidl_typesupport_fastrtps_cpp;rosidl_typesupport_introspection_cpp
[2.027s] -- Found rmw_implementation_cmake: 6.1.1 (/opt/ros/humble/share/rmw_implementation_cmake/cmake)
[2.031s] -- Found rmw_fastrtps_cpp: 6.2.5 (/opt/ros/humble/share/rmw_fastrtps_cpp/cmake)
[2.275s] -- Found OpenSSL: /usr/lib/aarch64-linux-gnu/libcrypto.so (found version "1.1.1f")  
[2.334s] -- Found FastRTPS: /opt/ros/humble/include  
[2.432s] -- Using RMW implementation 'rmw_fastrtps_cpp' as default
[2.456s] -- Looking for pthread.h
[2.599s] -- Looking for pthread.h - found
[2.599s] -- Performing Test CMAKE_HAVE_LIBC_PTHREAD
[2.750s] -- Performing Test CMAKE_HAVE_LIBC_PTHREAD - Failed
[2.751s] -- Looking for pthread_create in pthreads
[2.880s] -- Looking for pthread_create in pthreads - not found
[2.881s] -- Looking for pthread_create in pthread
[3.033s] -- Looking for pthread_create in pthread - found
[3.037s] -- Found Threads: TRUE  
[4.495s] -- Checking for module 'eigen3'
[4.527s] --   Found eigen3, version 3.3.7
[4.617s] -- Found Eigen: /usr/include/eigen3 (Required is at least version "3.1") 
[4.617s] -- Eigen found (include: /usr/include/eigen3, version: 3.3.7)
[4.696s] -- Found Boost: /usr/include (found suitable version "1.71.0", minimum required is "1.55.0") found components: system filesystem date_time iostreams regex 
[4.727s] -- Checking for module 'flann'
[4.760s] --   Found flann, version 1.9.1
[4.867s] -- Found FLANN: /usr/lib/aarch64-linux-gnu/libflann_cpp.so  
[4.975s] -- The imported target "vtkParseOGLExt" references the file
[4.976s]    "/usr/bin/vtkParseOGLExt-7.1"
[4.976s] but this file does not exist.  Possible reasons include:
[4.976s] * The file was deleted, renamed, or moved to another location.
[4.976s] * An install or uninstall procedure did not complete successfully.
[4.976s] * The installation package was faulty and contained
[4.977s]    "/usr/lib/cmake/vtk-7.1/VTKTargets.cmake"
[4.977s] but not all the files it references.
[4.977s] 
[4.977s] -- The imported target "vtkRenderingPythonTkWidgets" references the file
[4.977s]    "/usr/lib/aarch64-linux-gnu/libvtkRenderingPythonTkWidgets.so"
[4.977s] but this file does not exist.  Possible reasons include:
[4.978s] * The file was deleted, renamed, or moved to another location.
[4.978s] * An install or uninstall procedure did not complete successfully.
[4.978s] * The installation package was faulty and contained
[4.978s]    "/usr/lib/cmake/vtk-7.1/VTKTargets.cmake"
[4.978s] but not all the files it references.
[4.978s] 
[4.979s] -- The imported target "vtk" references the file
[4.979s]    "/usr/bin/vtk"
[4.979s] but this file does not exist.  Possible reasons include:
[4.979s] * The file was deleted, renamed, or moved to another location.
[4.979s] * An install or uninstall procedure did not complete successfully.
[4.980s] * The installation package was faulty and contained
[4.980s]    "/usr/lib/cmake/vtk-7.1/VTKTargets.cmake"
[4.980s] but not all the files it references.
[4.980s] 
[4.980s] -- The imported target "pvtk" references the file
[4.980s]    "/usr/bin/pvtk"
[4.981s] but this file does not exist.  Possible reasons include:
[4.981s] * The file was deleted, renamed, or moved to another location.
[4.981s] * An install or uninstall procedure did not complete successfully.
[4.981s] * The installation package was faulty and contained
[4.981s]    "/usr/lib/cmake/vtk-7.1/VTKTargets.cmake"
[4.981s] but not all the files it references.
[4.981s] 
[5.018s] -- Checking for module 'libusb-1.0'
[5.055s] --   Found libusb-1.0, version 1.0.23
[5.161s] -- Found USB_10: /usr/lib/aarch64-linux-gnu/libusb-1.0.so  
[5.310s] -- Found OpenNI: /usr/lib/libOpenNI.so  
[5.310s] -- OpenNI found (include: /usr/include/ni, lib: /usr/lib/libOpenNI.so)
[5.475s] -- Found OpenNI2: /usr/lib/libOpenNI2.so  
[5.476s] -- OpenNI2 found (include: /usr/include/openni2, lib: /usr/lib/libOpenNI2.so)
[5.476s] ** WARNING ** io features related to pcap will be disabled
[5.476s] ** WARNING ** io features related to png will be disabled
[5.507s] -- Found libusb-1.0: /usr/include  
[5.507s] ** WARNING ** io features related to libusb-1.0 will be disabled
[5.519s] -- OpenNI found (include: /usr/include/ni, lib: /usr/lib/libOpenNI.so)
[5.531s] -- OpenNI2 found (include: /usr/include/openni2, lib: /usr/lib/libOpenNI2.so)
[5.578s] -- Found Qhull: optimized;/usr/lib/aarch64-linux-gnu/libqhull.so;debug;/usr/lib/aarch64-linux-gnu/libqhull.so  
[5.579s] -- QHULL found (include: /usr/include, lib: optimized;/usr/lib/aarch64-linux-gnu/libqhull.so;debug;/usr/lib/aarch64-linux-gnu/libqhull.so)
[5.590s] -- OpenNI found (include: /usr/include/ni, lib: /usr/lib/libOpenNI.so)
[5.613s] -- looking for PCL_COMMON
[5.615s] -- Found PCL_COMMON: /usr/lib/aarch64-linux-gnu/libpcl_common.so  
[5.616s] -- looking for PCL_KDTREE
[5.618s] -- Found PCL_KDTREE: /usr/lib/aarch64-linux-gnu/libpcl_kdtree.so  
[5.619s] -- looking for PCL_OCTREE
[5.620s] -- Found PCL_OCTREE: /usr/lib/aarch64-linux-gnu/libpcl_octree.so  
[5.621s] -- looking for PCL_SEARCH
[5.622s] -- Found PCL_SEARCH: /usr/lib/aarch64-linux-gnu/libpcl_search.so  
[5.623s] -- looking for PCL_SAMPLE_CONSENSUS
[5.624s] -- Found PCL_SAMPLE_CONSENSUS: /usr/lib/aarch64-linux-gnu/libpcl_sample_consensus.so  
[5.625s] -- looking for PCL_FILTERS
[5.626s] -- Found PCL_FILTERS: /usr/lib/aarch64-linux-gnu/libpcl_filters.so  
[5.627s] -- looking for PCL_2D
[5.627s] -- Found PCL_2D: /usr/include/pcl-1.10  
[5.628s] -- looking for PCL_GEOMETRY
[5.628s] -- Found PCL_GEOMETRY: /usr/include/pcl-1.10  
[5.629s] -- looking for PCL_IO
[5.630s] -- Found PCL_IO: /usr/lib/aarch64-linux-gnu/libpcl_io.so  
[5.631s] -- looking for PCL_FEATURES
[5.633s] -- Found PCL_FEATURES: /usr/lib/aarch64-linux-gnu/libpcl_features.so  
[5.633s] -- looking for PCL_ML
[5.635s] -- Found PCL_ML: /usr/lib/aarch64-linux-gnu/libpcl_ml.so  
[5.635s] -- looking for PCL_SEGMENTATION
[5.637s] -- Found PCL_SEGMENTATION: /usr/lib/aarch64-linux-gnu/libpcl_segmentation.so  
[5.638s] -- looking for PCL_VISUALIZATION
[5.639s] -- Found PCL_VISUALIZATION: /usr/lib/aarch64-linux-gnu/libpcl_visualization.so  
[5.640s] -- looking for PCL_SURFACE
[5.642s] -- Found PCL_SURFACE: /usr/lib/aarch64-linux-gnu/libpcl_surface.so  
[5.643s] -- looking for PCL_REGISTRATION
[5.644s] -- Found PCL_REGISTRATION: /usr/lib/aarch64-linux-gnu/libpcl_registration.so  
[5.645s] -- looking for PCL_KEYPOINTS
[5.647s] -- Found PCL_KEYPOINTS: /usr/lib/aarch64-linux-gnu/libpcl_keypoints.so  
[5.647s] -- looking for PCL_TRACKING
[5.649s] -- Found PCL_TRACKING: /usr/lib/aarch64-linux-gnu/libpcl_tracking.so  
[5.649s] -- looking for PCL_RECOGNITION
[5.651s] -- Found PCL_RECOGNITION: /usr/lib/aarch64-linux-gnu/libpcl_recognition.so  
[5.652s] -- looking for PCL_STEREO
[5.654s] -- Found PCL_STEREO: /usr/lib/aarch64-linux-gnu/libpcl_stereo.so  
[5.654s] -- looking for PCL_APPS
[5.656s] -- Found PCL_APPS: /usr/lib/aarch64-linux-gnu/libpcl_apps.so  
[5.657s] -- looking for PCL_IN_HAND_SCANNER
[5.658s] -- Found PCL_IN_HAND_SCANNER: /usr/include/pcl-1.10  
[5.658s] -- looking for PCL_POINT_CLOUD_EDITOR
[5.659s] -- Found PCL_POINT_CLOUD_EDITOR: /usr/include/pcl-1.10  
[5.659s] -- looking for PCL_OUTOFCORE
[5.661s] -- Found PCL_OUTOFCORE: /usr/lib/aarch64-linux-gnu/libpcl_outofcore.so  
[5.662s] -- looking for PCL_PEOPLE
[5.664s] -- Found PCL_PEOPLE: /usr/lib/aarch64-linux-gnu/libpcl_people.so  
[5.666s] -- Found PCL: pcl_common;pcl_kdtree;pcl_octree;pcl_search;pcl_sample_consensus;pcl_filters;pcl_io;pcl_features;pcl_ml;pcl_segmentation;pcl_visualization;pcl_surface;pcl_registration;pcl_keypoints;pcl_tracking;pcl_recognition;pcl_stereo;pcl_apps;pcl_outofcore;pcl_people;/usr/lib/aarch64-linux-gnu/libboost_system.so;/usr/lib/aarch64-linux-gnu/libboost_filesystem.so;/usr/lib/aarch64-linux-gnu/libboost_date_time.so;/usr/lib/aarch64-linux-gnu/libboost_iostreams.so;/usr/lib/aarch64-linux-gnu/libboost_regex.so;optimized;/usr/lib/aarch64-linux-gnu/libqhull.so;debug;/usr/lib/aarch64-linux-gnu/libqhull.so;/usr/lib/libOpenNI.so;/usr/lib/libOpenNI2.so;vtkChartsCore;vtkCommonColor;vtkCommonCore;vtksys;vtkCommonDataModel;vtkCommonMath;vtkCommonMisc;vtkCommonSystem;vtkCommonTransforms;vtkCommonExecutionModel;vtkFiltersGeneral;vtkCommonComputationalGeometry;vtkFiltersCore;vtkInfovisCore;vtkFiltersExtraction;vtkFiltersStatistics;vtkImagingFourier;vtkImagingCore;vtkalglib;vtkRenderingContext2D;vtkRenderingCore;vtkFiltersGeometry;vtkFiltersSources;vtkRenderingFreeType;/usr/lib/aarch64-linux-gnu/libfreetype.so;/usr/lib/aarch64-linux-gnu/libz.so;vtkFiltersModeling;vtkImagingSources;vtkInteractionStyle;vtkInteractionWidgets;vtkFiltersHybrid;vtkImagingColor;vtkImagingGeneral;vtkImagingHybrid;vtkIOImage;vtkDICOMParser;vtkmetaio;/usr/lib/aarch64-linux-gnu/libjpeg.so;/usr/lib/aarch64-linux-gnu/libpng.so;/usr/lib/aarch64-linux-gnu/libtiff.so;vtkRenderingAnnotation;vtkRenderingVolume;vtkIOXML;vtkIOCore;vtkIOXMLParser;/usr/lib/aarch64-linux-gnu/libexpat.so;vtkIOGeometry;vtkIOLegacy;vtkIOPLY;vtkRenderingLOD;vtkViewsContext2D;vtkViewsCore;vtkRenderingContextOpenGL2;vtkRenderingOpenGL2;FLANN::FLANN  
[5.675s] -- Found PkgConfig: /usr/bin/pkg-config (found version "0.29.1") 
[5.677s] -- Checking for module 'apr-1'
[5.686s] --   No package 'apr-1' found
[6.473s] -- Found ament_cmake_ros: 0.10.0 (/opt/ros/humble/share/ament_cmake_ros/cmake)
[7.402s] -- Using all available rosidl_typesupport_c: rosidl_typesupport_fastrtps_c;rosidl_typesupport_introspection_c
[8.592s] -- Using all available rosidl_typesupport_cpp: rosidl_typesupport_fastrtps_cpp;rosidl_typesupport_introspection_cpp
[8.643s] -- Found PythonInterp: /usr/bin/python3 (found suitable version "3.8.10", minimum required is "3.6") 
[8.648s] -- Found python_cmake_module: 0.10.0 (/opt/ros/humble/share/python_cmake_module/cmake)
[8.723s] -- Found PythonLibs: /usr/lib/aarch64-linux-gnu/libpython3.8.so (found suitable version "3.8.10", minimum required is "3.5") 
[8.724s] -- Using PYTHON_EXECUTABLE: /usr/bin/python3
[8.724s] -- Using PYTHON_INCLUDE_DIRS: /usr/include/python3.8
[8.724s] -- Using PYTHON_LIBRARIES: /usr/lib/aarch64-linux-gnu/libpython3.8.so
[8.769s] -- Found PythonExtra: .so  
[9.130s] -- Found ament_lint_auto: 0.12.9 (/opt/ros/humble/share/ament_lint_auto/cmake)
[9.182s] -- Added test 'copyright' to check source files copyright and LICENSE
[9.200s] -- Added test 'cppcheck' to perform static code analysis on C / C++ code
[9.207s] -- Configured cppcheck include dirs: /home/spacer/sensor_ws/src/livox_ros_driver2/3rdparty;/home/spacer/sensor_ws/src/livox_ros_driver2/src
[9.207s] -- Configured cppcheck exclude dirs and/or files: 
[9.221s] -- Added test 'cpplint' to check C / C++ code against the Google style
[9.221s] -- Configured cpplint exclude dirs and/or files: 
[9.223s] -- Added test 'flake8' to check Python code syntax and style conventions
[9.228s] -- Added test 'lint_cmake' to check CMake code style
[9.231s] -- Added test 'pep257' to check Python code against some of the docstring style conventions in PEP 257
[9.244s] -- Added test 'uncrustify' to check C / C++ code style
[9.244s] -- Configured uncrustify additional arguments: 
[9.247s] -- Added test 'xmllint' to check XML markup files
[9.266s] -- Configuring done
[9.499s] -- Generating done
[9.509s] -- Build files have been written to: /home/spacer/sensor_ws/build/livox_ros_driver2
[9.559s] Invoked command in '/home/spacer/sensor_ws/build/livox_ros_driver2' returned '0': CMAKE_PREFIX_PATH=/opt/ros/humble /usr/bin/cmake /home/spacer/sensor_ws/src/livox_ros_driver2 -DROS_EDITION=ROS2 -DHUMBLE_ROS=humble -DCMAKE_INSTALL_PREFIX=/home/spacer/sensor_ws/install/livox_ros_driver2
[9.568s] Invoking command in '/home/spacer/sensor_ws/build/livox_ros_driver2': CMAKE_PREFIX_PATH=/opt/ros/humble /usr/bin/cmake --build /home/spacer/sensor_ws/build/livox_ros_driver2 -- -j6 -l6
[9.665s] [  1%] [34m[1mGenerating C code for ROS interfaces[0m
[9.665s] [35m[1mScanning dependencies of target livox_interfaces2__cpp[0m
[9.665s] [35m[1mScanning dependencies of target livox_ros_driver2_node[0m
[9.666s] [35m[1mScanning dependencies of target ament_cmake_python_copy_livox_ros_driver2[0m
[9.689s] [  3%] [34m[1mGenerating C++ code for ROS interfaces[0m
[9.710s] [  3%] Built target ament_cmake_python_copy_livox_ros_driver2
[9.732s] [35m[1mScanning dependencies of target ament_cmake_python_build_livox_ros_driver2_egg[0m
[9.791s] [  5%] [32mBuilding CXX object CMakeFiles/livox_ros_driver2_node.dir/rclcpp_components/node_main_livox_ros_driver2_node.cpp.o[0m
[10.424s] running egg_info
[10.425s] creating livox_ros_driver2.egg-info
[10.425s] writing livox_ros_driver2.egg-info/PKG-INFO
[10.426s] writing dependency_links to livox_ros_driver2.egg-info/dependency_links.txt
[10.426s] writing top-level names to livox_ros_driver2.egg-info/top_level.txt
[10.436s] writing manifest file 'livox_ros_driver2.egg-info/SOURCES.txt'
[10.542s] reading manifest file 'livox_ros_driver2.egg-info/SOURCES.txt'
[10.543s] writing manifest file 'livox_ros_driver2.egg-info/SOURCES.txt'
[10.621s] [  5%] Built target ament_cmake_python_build_livox_ros_driver2_egg
[10.633s] [  5%] Built target livox_interfaces2__cpp
[10.656s] [  8%] [34m[1mGenerating C++ type support dispatch for ROS interfaces[0m
[10.657s] [  8%] [34m[1mGenerating C++ introspection for ROS interfaces[0m
[10.665s] [ 10%] [34m[1mGenerating C++ type support for eProsima Fast-RTPS[0m
[10.901s] [35m[1mScanning dependencies of target livox_interfaces2__rosidl_generator_c[0m
[10.937s] [ 12%] [32mBuilding C object CMakeFiles/livox_interfaces2__rosidl_generator_c.dir/rosidl_generator_c/livox_ros_driver2/msg/detail/custom_point__functions.c.o[0m
[10.955s] [ 14%] [32mBuilding C object CMakeFiles/livox_interfaces2__rosidl_generator_c.dir/rosidl_generator_c/livox_ros_driver2/msg/detail/custom_msg__functions.c.o[0m
[11.140s] [ 15%] [32m[1mLinking C shared library liblivox_ros_driver2__rosidl_generator_c.so[0m
[11.228s] [ 15%] Built target livox_interfaces2__rosidl_generator_c
[11.258s] [ 17%] [34m[1mGenerating C type support dispatch for ROS interfaces[0m
[11.268s] [ 19%] [34m[1mGenerating C type support for eProsima Fast-RTPS[0m
[11.485s] [35m[1mScanning dependencies of target livox_interfaces2__rosidl_typesupport_cpp[0m
[11.544s] [ 21%] [32mBuilding CXX object CMakeFiles/livox_interfaces2__rosidl_typesupport_cpp.dir/rosidl_typesupport_cpp/livox_ros_driver2/msg/custom_point__type_support.cpp.o[0m
[11.635s] [35m[1mScanning dependencies of target livox_interfaces2__rosidl_typesupport_fastrtps_cpp[0m
[11.643s] [35m[1mScanning dependencies of target livox_interfaces2__rosidl_typesupport_introspection_cpp[0m
[11.682s] [ 22%] [32mBuilding CXX object CMakeFiles/livox_interfaces2__rosidl_typesupport_fastrtps_cpp.dir/rosidl_typesupport_fastrtps_cpp/livox_ros_driver2/msg/detail/dds_fastrtps/custom_point__type_support.cpp.o[0m
[11.699s] [ 24%] [32mBuilding CXX object CMakeFiles/livox_interfaces2__rosidl_typesupport_introspection_cpp.dir/rosidl_typesupport_introspection_cpp/livox_ros_driver2/msg/detail/custom_point__type_support.cpp.o[0m
[12.127s] [35m[1mScanning dependencies of target livox_interfaces2__rosidl_typesupport_c[0m
[12.155s] [ 26%] [32mBuilding CXX object CMakeFiles/livox_interfaces2__rosidl_typesupport_c.dir/rosidl_typesupport_c/livox_ros_driver2/msg/custom_point__type_support.cpp.o[0m
[12.227s] [ 28%] [32mBuilding CXX object CMakeFiles/livox_interfaces2__rosidl_typesupport_cpp.dir/rosidl_typesupport_cpp/livox_ros_driver2/msg/custom_msg__type_support.cpp.o[0m
[12.257s] [ 29%] [32mBuilding CXX object CMakeFiles/livox_interfaces2__rosidl_typesupport_c.dir/rosidl_typesupport_c/livox_ros_driver2/msg/custom_msg__type_support.cpp.o[0m
[12.357s] [ 31%] [32m[1mLinking CXX shared library liblivox_ros_driver2__rosidl_typesupport_c.so[0m
[12.466s] [ 31%] Built target livox_interfaces2__rosidl_typesupport_c
[12.496s] [ 33%] [34m[1mGenerating C introspection for ROS interfaces[0m
[12.744s] [ 35%] [32mBuilding CXX object CMakeFiles/livox_interfaces2__rosidl_typesupport_introspection_cpp.dir/rosidl_typesupport_introspection_cpp/livox_ros_driver2/msg/detail/custom_msg__type_support.cpp.o[0m
[12.768s] [ 36%] [32mBuilding CXX object CMakeFiles/livox_interfaces2__rosidl_typesupport_fastrtps_cpp.dir/rosidl_typesupport_fastrtps_cpp/livox_ros_driver2/msg/detail/dds_fastrtps/custom_msg__type_support.cpp.o[0m
[12.876s] [35m[1mScanning dependencies of target livox_interfaces2__rosidl_typesupport_fastrtps_c[0m
[12.913s] [ 38%] [32mBuilding CXX object CMakeFiles/livox_interfaces2__rosidl_typesupport_fastrtps_c.dir/rosidl_typesupport_fastrtps_c/livox_ros_driver2/msg/detail/custom_point__type_support_c.cpp.o[0m
[12.914s] [ 40%] [32m[1mLinking CXX shared library liblivox_ros_driver2__rosidl_typesupport_cpp.so[0m
[13.034s] [ 40%] Built target livox_interfaces2__rosidl_typesupport_cpp
[13.066s] [ 42%] [32mBuilding CXX object CMakeFiles/livox_interfaces2__rosidl_typesupport_fastrtps_c.dir/rosidl_typesupport_fastrtps_c/livox_ros_driver2/msg/detail/custom_msg__type_support_c.cpp.o[0m
[13.610s] [35m[1mScanning dependencies of target livox_interfaces2__rosidl_typesupport_introspection_c[0m
[13.644s] [ 43%] [32mBuilding C object CMakeFiles/livox_interfaces2__rosidl_typesupport_introspection_c.dir/rosidl_typesupport_introspection_c/livox_ros_driver2/msg/detail/custom_point__type_support.c.o[0m
[13.727s] [ 45%] [32mBuilding C object CMakeFiles/livox_interfaces2__rosidl_typesupport_introspection_c.dir/rosidl_typesupport_introspection_c/livox_ros_driver2/msg/detail/custom_msg__type_support.c.o[0m
[13.827s] [35m[1mScanning dependencies of target livox_ros_driver2[0m
[13.837s] [ 47%] [32m[1mLinking C shared library liblivox_ros_driver2__rosidl_typesupport_introspection_c.so[0m
[13.849s] [ 49%] [32m[1mLinking CXX shared library liblivox_ros_driver2__rosidl_typesupport_fastrtps_cpp.so[0m
[13.945s] [ 49%] Built target livox_interfaces2__rosidl_typesupport_introspection_c
[14.009s] [ 49%] Built target livox_interfaces2__rosidl_typesupport_fastrtps_cpp
[14.095s] [ 50%] [32m[1mLinking CXX shared library liblivox_ros_driver2__rosidl_typesupport_fastrtps_c.so[0m
[14.198s] [ 52%] [32mBuilding CXX object CMakeFiles/livox_ros_driver2.dir/src/lddc.cpp.o[0m
[14.199s] [ 54%] [32mBuilding CXX object CMakeFiles/livox_ros_driver2.dir/src/livox_ros_driver2.cpp.o[0m
[14.214s] [ 56%] [32mBuilding CXX object CMakeFiles/livox_ros_driver2.dir/src/driver_node.cpp.o[0m
[14.277s] [ 57%] [32m[1mLinking CXX shared library liblivox_ros_driver2__rosidl_typesupport_introspection_cpp.so[0m
[14.297s] [ 57%] Built target livox_interfaces2__rosidl_typesupport_fastrtps_c
[14.333s] [ 59%] [32mBuilding CXX object CMakeFiles/livox_ros_driver2.dir/src/lds.cpp.o[0m
[14.466s] [ 59%] Built target livox_interfaces2__rosidl_typesupport_introspection_cpp
[14.491s] [35m[1mScanning dependencies of target livox_interfaces2[0m
[14.516s] [ 59%] Built target livox_interfaces2
[14.540s] [35m[1mScanning dependencies of target livox_interfaces2__py[0m
[14.566s] [ 61%] [34m[1mGenerating Python code for ROS interfaces[0m
[16.302s] [ 61%] Built target livox_interfaces2__py
[16.362s] [35m[1mScanning dependencies of target livox_interfaces2__rosidl_generator_py[0m
[16.484s] [ 63%] [32mBuilding C object CMakeFiles/livox_interfaces2__rosidl_generator_py.dir/rosidl_generator_py/livox_ros_driver2/msg/_custom_point_s.c.o[0m
[16.547s] [ 64%] [32mBuilding CXX object CMakeFiles/livox_ros_driver2.dir/src/lds_lidar.cpp.o[0m
[16.768s] [ 66%] [32mBuilding C object CMakeFiles/livox_interfaces2__rosidl_generator_py.dir/rosidl_generator_py/livox_ros_driver2/msg/_custom_msg_s.c.o[0m
[17.037s] [ 68%] [32m[1mLinking C shared library rosidl_generator_py/livox_ros_driver2/liblivox_interfaces2__rosidl_generator_py.so[0m
[17.143s] [ 68%] Built target livox_interfaces2__rosidl_generator_py
[17.171s] [ 70%] [32mBuilding CXX object CMakeFiles/livox_ros_driver2.dir/src/comm/comm.cpp.o[0m
[18.721s] [ 71%] [32mBuilding CXX object CMakeFiles/livox_ros_driver2.dir/src/comm/ldq.cpp.o[0m
[19.237s] [ 73%] [32mBuilding CXX object CMakeFiles/livox_ros_driver2.dir/src/comm/semaphore.cpp.o[0m
[20.244s] [ 75%] [32m[1mLinking CXX executable livox_ros_driver2_node[0m
[20.308s] [35m[1mScanning dependencies of target livox_ros_driver2__rosidl_typesupport_c__pyext[0m
[20.332s] [ 77%] [32mBuilding CXX object CMakeFiles/livox_ros_driver2.dir/src/comm/lidar_imu_data_queue.cpp.o[0m
[20.381s] [ 78%] [32mBuilding C object CMakeFiles/livox_ros_driver2__rosidl_typesupport_c__pyext.dir/rosidl_generator_py/livox_ros_driver2/_livox_ros_driver2_s.ep.rosidl_typesupport_c.c.o[0m
[20.634s] [ 78%] Built target livox_ros_driver2_node
[20.638s] [ 80%] [32m[1mLinking C shared library rosidl_generator_py/livox_ros_driver2/livox_ros_driver2_s__rosidl_typesupport_c.cpython-38-aarch64-linux-gnu.so[0m
[20.663s] [35m[1mScanning dependencies of target livox_ros_driver2__rosidl_typesupport_introspection_c__pyext[0m
[20.723s] [ 82%] [32mBuilding C object CMakeFiles/livox_ros_driver2__rosidl_typesupport_introspection_c__pyext.dir/rosidl_generator_py/livox_ros_driver2/_livox_ros_driver2_s.ep.rosidl_typesupport_introspection_c.c.o[0m
[20.727s] [ 82%] Built target livox_ros_driver2__rosidl_typesupport_c__pyext
[20.755s] [35m[1mScanning dependencies of target livox_ros_driver2__rosidl_typesupport_fastrtps_c__pyext[0m
[20.819s] [ 84%] [32mBuilding C object CMakeFiles/livox_ros_driver2__rosidl_typesupport_fastrtps_c__pyext.dir/rosidl_generator_py/livox_ros_driver2/_livox_ros_driver2_s.ep.rosidl_typesupport_fastrtps_c.c.o[0m
[20.937s] [ 85%] [32m[1mLinking C shared library rosidl_generator_py/livox_ros_driver2/livox_ros_driver2_s__rosidl_typesupport_introspection_c.cpython-38-aarch64-linux-gnu.so[0m
[21.025s] [ 85%] Built target livox_ros_driver2__rosidl_typesupport_introspection_c__pyext
[21.047s] [ 87%] [32mBuilding CXX object CMakeFiles/livox_ros_driver2.dir/src/comm/cache_index.cpp.o[0m
[21.095s] [ 89%] [32m[1mLinking C shared library rosidl_generator_py/livox_ros_driver2/livox_ros_driver2_s__rosidl_typesupport_fastrtps_c.cpython-38-aarch64-linux-gnu.so[0m
[21.216s] [ 89%] Built target livox_ros_driver2__rosidl_typesupport_fastrtps_c__pyext
[21.243s] [ 91%] [32mBuilding CXX object CMakeFiles/livox_ros_driver2.dir/src/comm/pub_handler.cpp.o[0m
[21.641s] [ 92%] [32mBuilding CXX object CMakeFiles/livox_ros_driver2.dir/src/parse_cfg_file/parse_cfg_file.cpp.o[0m
[22.800s] [ 94%] [32mBuilding CXX object CMakeFiles/livox_ros_driver2.dir/src/parse_cfg_file/parse_livox_lidar_cfg.cpp.o[0m
[24.111s] [ 96%] [32mBuilding CXX object CMakeFiles/livox_ros_driver2.dir/src/call_back/lidar_common_callback.cpp.o[0m
[24.721s] [ 98%] [32mBuilding CXX object CMakeFiles/livox_ros_driver2.dir/src/call_back/livox_lidar_callback.cpp.o[0m
[41.013s] [100%] [32m[1mLinking CXX shared library liblivox_ros_driver2.so[0m
[43.211s] [100%] Built target livox_ros_driver2
[43.243s] Invoked command in '/home/spacer/sensor_ws/build/livox_ros_driver2' returned '0': CMAKE_PREFIX_PATH=/opt/ros/humble /usr/bin/cmake --build /home/spacer/sensor_ws/build/livox_ros_driver2 -- -j6 -l6
[43.454s] Invoking command in '/home/spacer/sensor_ws/build/livox_ros_driver2': CMAKE_PREFIX_PATH=/opt/ros/humble /usr/bin/cmake --install /home/spacer/sensor_ws/build/livox_ros_driver2
[43.475s] -- Install configuration: ""
[43.475s] -- Installing: /home/spacer/sensor_ws/install/livox_ros_driver2/share/ament_index/resource_index/rosidl_interfaces/livox_ros_driver2
[43.475s] -- Installing: /home/spacer/sensor_ws/install/livox_ros_driver2/include/livox_ros_driver2/livox_ros_driver2
[43.476s] -- Installing: /home/spacer/sensor_ws/install/livox_ros_driver2/include/livox_ros_driver2/livox_ros_driver2/msg
[43.476s] -- Installing: /home/spacer/sensor_ws/install/livox_ros_driver2/include/livox_ros_driver2/livox_ros_driver2/msg/custom_point.h
[43.476s] -- Installing: /home/spacer/sensor_ws/install/livox_ros_driver2/include/livox_ros_driver2/livox_ros_driver2/msg/custom_msg.h
[43.476s] -- Installing: /home/spacer/sensor_ws/install/livox_ros_driver2/include/livox_ros_driver2/livox_ros_driver2/msg/detail
[43.477s] -- Installing: /home/spacer/sensor_ws/install/livox_ros_driver2/include/livox_ros_driver2/livox_ros_driver2/msg/detail/custom_msg__type_support.h
[43.477s] -- Installing: /home/spacer/sensor_ws/install/livox_ros_driver2/include/livox_ros_driver2/livox_ros_driver2/msg/detail/custom_msg__functions.c
[43.477s] -- Installing: /home/spacer/sensor_ws/install/livox_ros_driver2/include/livox_ros_driver2/livox_ros_driver2/msg/detail/custom_point__struct.h
[43.477s] -- Installing: /home/spacer/sensor_ws/install/livox_ros_driver2/include/livox_ros_driver2/livox_ros_driver2/msg/detail/custom_point__functions.c
[43.477s] -- Installing: /home/spacer/sensor_ws/install/livox_ros_driver2/include/livox_ros_driver2/livox_ros_driver2/msg/detail/custom_msg__functions.h
[43.477s] -- Installing: /home/spacer/sensor_ws/install/livox_ros_driver2/include/livox_ros_driver2/livox_ros_driver2/msg/detail/custom_msg__struct.h
[43.477s] -- Installing: /home/spacer/sensor_ws/install/livox_ros_driver2/include/livox_ros_driver2/livox_ros_driver2/msg/detail/custom_point__type_support.h
[43.478s] -- Installing: /home/spacer/sensor_ws/install/livox_ros_driver2/include/livox_ros_driver2/livox_ros_driver2/msg/detail/custom_point__functions.h
[43.478s] -- Installing: /home/spacer/sensor_ws/install/livox_ros_driver2/include/livox_ros_driver2/livox_ros_driver2/msg/rosidl_generator_c__visibility_control.h
[43.478s] -- Installing: /home/spacer/sensor_ws/install/livox_ros_driver2/share/livox_ros_driver2/environment/library_path.sh
[43.478s] -- Installing: /home/spacer/sensor_ws/install/livox_ros_driver2/share/livox_ros_driver2/environment/library_path.dsv
[43.479s] -- Installing: /home/spacer/sensor_ws/install/livox_ros_driver2/lib/liblivox_ros_driver2__rosidl_generator_c.so
[43.479s] -- Set runtime path of "/home/spacer/sensor_ws/install/livox_ros_driver2/lib/liblivox_ros_driver2__rosidl_generator_c.so" to ""
[43.480s] -- Up-to-date: /home/spacer/sensor_ws/install/livox_ros_driver2/include/livox_ros_driver2/livox_ros_driver2
[43.480s] -- Up-to-date: /home/spacer/sensor_ws/install/livox_ros_driver2/include/livox_ros_driver2/livox_ros_driver2/msg
[43.480s] -- Installing: /home/spacer/sensor_ws/install/livox_ros_driver2/include/livox_ros_driver2/livox_ros_driver2/msg/rosidl_typesupport_fastrtps_c__visibility_control.h
[43.480s] -- Up-to-date: /home/spacer/sensor_ws/install/livox_ros_driver2/include/livox_ros_driver2/livox_ros_driver2/msg/detail
[43.480s] -- Installing: /home/spacer/sensor_ws/install/livox_ros_driver2/include/livox_ros_driver2/livox_ros_driver2/msg/detail/custom_msg__rosidl_typesupport_fastrtps_c.h
[43.481s] -- Installing: /home/spacer/sensor_ws/install/livox_ros_driver2/include/livox_ros_driver2/livox_ros_driver2/msg/detail/custom_point__rosidl_typesupport_fastrtps_c.h
[43.481s] -- Installing: /home/spacer/sensor_ws/install/livox_ros_driver2/lib/liblivox_ros_driver2__rosidl_typesupport_fastrtps_c.so
[43.481s] -- Set runtime path of "/home/spacer/sensor_ws/install/livox_ros_driver2/lib/liblivox_ros_driver2__rosidl_typesupport_fastrtps_c.so" to ""
[43.482s] -- Up-to-date: /home/spacer/sensor_ws/install/livox_ros_driver2/include/livox_ros_driver2/livox_ros_driver2
[43.482s] -- Up-to-date: /home/spacer/sensor_ws/install/livox_ros_driver2/include/livox_ros_driver2/livox_ros_driver2/msg
[43.482s] -- Installing: /home/spacer/sensor_ws/install/livox_ros_driver2/include/livox_ros_driver2/livox_ros_driver2/msg/rosidl_typesupport_introspection_c__visibility_control.h
[43.482s] -- Up-to-date: /home/spacer/sensor_ws/install/livox_ros_driver2/include/livox_ros_driver2/livox_ros_driver2/msg/detail
[43.483s] -- Installing: /home/spacer/sensor_ws/install/livox_ros_driver2/include/livox_ros_driver2/livox_ros_driver2/msg/detail/custom_point__type_support.c
[43.483s] -- Installing: /home/spacer/sensor_ws/install/livox_ros_driver2/include/livox_ros_driver2/livox_ros_driver2/msg/detail/custom_msg__type_support.c
[43.483s] -- Installing: /home/spacer/sensor_ws/install/livox_ros_driver2/include/livox_ros_driver2/livox_ros_driver2/msg/detail/custom_msg__rosidl_typesupport_introspection_c.h
[43.483s] -- Installing: /home/spacer/sensor_ws/install/livox_ros_driver2/include/livox_ros_driver2/livox_ros_driver2/msg/detail/custom_point__rosidl_typesupport_introspection_c.h
[43.483s] -- Installing: /home/spacer/sensor_ws/install/livox_ros_driver2/lib/liblivox_ros_driver2__rosidl_typesupport_introspection_c.so
[43.484s] -- Set runtime path of "/home/spacer/sensor_ws/install/livox_ros_driver2/lib/liblivox_ros_driver2__rosidl_typesupport_introspection_c.so" to ""
[43.484s] -- Installing: /home/spacer/sensor_ws/install/livox_ros_driver2/lib/liblivox_ros_driver2__rosidl_typesupport_c.so
[43.485s] -- Set runtime path of "/home/spacer/sensor_ws/install/livox_ros_driver2/lib/liblivox_ros_driver2__rosidl_typesupport_c.so" to ""
[43.485s] -- Up-to-date: /home/spacer/sensor_ws/install/livox_ros_driver2/include/livox_ros_driver2/livox_ros_driver2
[43.485s] -- Up-to-date: /home/spacer/sensor_ws/install/livox_ros_driver2/include/livox_ros_driver2/livox_ros_driver2/msg
[43.485s] -- Installing: /home/spacer/sensor_ws/install/livox_ros_driver2/include/livox_ros_driver2/livox_ros_driver2/msg/custom_point.hpp
[43.485s] -- Installing: /home/spacer/sensor_ws/install/livox_ros_driver2/include/livox_ros_driver2/livox_ros_driver2/msg/custom_msg.hpp
[43.486s] -- Up-to-date: /home/spacer/sensor_ws/install/livox_ros_driver2/include/livox_ros_driver2/livox_ros_driver2/msg/detail
[43.486s] -- Installing: /home/spacer/sensor_ws/install/livox_ros_driver2/include/livox_ros_driver2/livox_ros_driver2/msg/detail/custom_point__traits.hpp
[43.486s] -- Installing: /home/spacer/sensor_ws/install/livox_ros_driver2/include/livox_ros_driver2/livox_ros_driver2/msg/detail/custom_msg__traits.hpp
[43.487s] -- Installing: /home/spacer/sensor_ws/install/livox_ros_driver2/include/livox_ros_driver2/livox_ros_driver2/msg/detail/custom_msg__builder.hpp
[43.487s] -- Installing: /home/spacer/sensor_ws/install/livox_ros_driver2/include/livox_ros_driver2/livox_ros_driver2/msg/detail/custom_point__builder.hpp
[43.487s] -- Installing: /home/spacer/sensor_ws/install/livox_ros_driver2/include/livox_ros_driver2/livox_ros_driver2/msg/detail/custom_point__struct.hpp
[43.487s] -- Installing: /home/spacer/sensor_ws/install/livox_ros_driver2/include/livox_ros_driver2/livox_ros_driver2/msg/detail/custom_msg__struct.hpp
[43.488s] -- Up-to-date: /home/spacer/sensor_ws/install/livox_ros_driver2/include/livox_ros_driver2/livox_ros_driver2
[43.488s] -- Up-to-date: /home/spacer/sensor_ws/install/livox_ros_driver2/include/livox_ros_driver2/livox_ros_driver2/msg
[43.488s] -- Installing: /home/spacer/sensor_ws/install/livox_ros_driver2/include/livox_ros_driver2/livox_ros_driver2/msg/rosidl_typesupport_fastrtps_cpp__visibility_control.h
[43.488s] -- Up-to-date: /home/spacer/sensor_ws/install/livox_ros_driver2/include/livox_ros_driver2/livox_ros_driver2/msg/detail
[43.488s] -- Installing: /home/spacer/sensor_ws/install/livox_ros_driver2/include/livox_ros_driver2/livox_ros_driver2/msg/detail/custom_msg__rosidl_typesupport_fastrtps_cpp.hpp
[43.488s] -- Installing: /home/spacer/sensor_ws/install/livox_ros_driver2/include/livox_ros_driver2/livox_ros_driver2/msg/detail/custom_point__rosidl_typesupport_fastrtps_cpp.hpp
[43.488s] -- Installing: /home/spacer/sensor_ws/install/livox_ros_driver2/include/livox_ros_driver2/livox_ros_driver2/msg/detail/dds_fastrtps
[43.489s] -- Installing: /home/spacer/sensor_ws/install/livox_ros_driver2/lib/liblivox_ros_driver2__rosidl_typesupport_fastrtps_cpp.so
[43.489s] -- Set runtime path of "/home/spacer/sensor_ws/install/livox_ros_driver2/lib/liblivox_ros_driver2__rosidl_typesupport_fastrtps_cpp.so" to ""
[43.489s] -- Up-to-date: /home/spacer/sensor_ws/install/livox_ros_driver2/include/livox_ros_driver2/livox_ros_driver2
[43.489s] -- Up-to-date: /home/spacer/sensor_ws/install/livox_ros_driver2/include/livox_ros_driver2/livox_ros_driver2/msg
[43.489s] -- Up-to-date: /home/spacer/sensor_ws/install/livox_ros_driver2/include/livox_ros_driver2/livox_ros_driver2/msg/detail
[43.489s] -- Installing: /home/spacer/sensor_ws/install/livox_ros_driver2/include/livox_ros_driver2/livox_ros_driver2/msg/detail/custom_msg__type_support.cpp
[43.490s] -- Installing: /home/spacer/sensor_ws/install/livox_ros_driver2/include/livox_ros_driver2/livox_ros_driver2/msg/detail/custom_point__type_support.cpp
[43.490s] -- Installing: /home/spacer/sensor_ws/install/livox_ros_driver2/include/livox_ros_driver2/livox_ros_driver2/msg/detail/custom_point__rosidl_typesupport_introspection_cpp.hpp
[43.490s] -- Installing: /home/spacer/sensor_ws/install/livox_ros_driver2/include/livox_ros_driver2/livox_ros_driver2/msg/detail/custom_msg__rosidl_typesupport_introspection_cpp.hpp
[43.490s] -- Installing: /home/spacer/sensor_ws/install/livox_ros_driver2/lib/liblivox_ros_driver2__rosidl_typesupport_introspection_cpp.so
[43.491s] -- Set runtime path of "/home/spacer/sensor_ws/install/livox_ros_driver2/lib/liblivox_ros_driver2__rosidl_typesupport_introspection_cpp.so" to ""
[43.491s] -- Installing: /home/spacer/sensor_ws/install/livox_ros_driver2/lib/liblivox_ros_driver2__rosidl_typesupport_cpp.so
[43.492s] -- Set runtime path of "/home/spacer/sensor_ws/install/livox_ros_driver2/lib/liblivox_ros_driver2__rosidl_typesupport_cpp.so" to ""
[43.492s] -- Installing: /home/spacer/sensor_ws/install/livox_ros_driver2/share/livox_ros_driver2/environment/pythonpath.sh
[43.492s] -- Installing: /home/spacer/sensor_ws/install/livox_ros_driver2/share/livox_ros_driver2/environment/pythonpath.dsv
[43.492s] -- Installing: /home/spacer/sensor_ws/install/livox_ros_driver2/lib/python3.9/site-packages/livox_ros_driver2-1.0.0-py3.9.egg-info
[43.493s] -- Installing: /home/spacer/sensor_ws/install/livox_ros_driver2/lib/python3.9/site-packages/livox_ros_driver2-1.0.0-py3.9.egg-info/PKG-INFO
[43.493s] -- Installing: /home/spacer/sensor_ws/install/livox_ros_driver2/lib/python3.9/site-packages/livox_ros_driver2-1.0.0-py3.9.egg-info/SOURCES.txt
[43.494s] -- Installing: /home/spacer/sensor_ws/install/livox_ros_driver2/lib/python3.9/site-packages/livox_ros_driver2-1.0.0-py3.9.egg-info/top_level.txt
[43.494s] -- Installing: /home/spacer/sensor_ws/install/livox_ros_driver2/lib/python3.9/site-packages/livox_ros_driver2-1.0.0-py3.9.egg-info/dependency_links.txt
[43.494s] -- Installing: /home/spacer/sensor_ws/install/livox_ros_driver2/lib/python3.9/site-packages/livox_ros_driver2
[43.494s] -- Installing: /home/spacer/sensor_ws/install/livox_ros_driver2/lib/python3.9/site-packages/livox_ros_driver2/_livox_ros_driver2_s.ep.rosidl_typesupport_introspection_c.c
[43.495s] -- Installing: /home/spacer/sensor_ws/install/livox_ros_driver2/lib/python3.9/site-packages/livox_ros_driver2/_livox_ros_driver2_s.ep.rosidl_typesupport_c.c
[43.495s] -- Installing: /home/spacer/sensor_ws/install/livox_ros_driver2/lib/python3.9/site-packages/livox_ros_driver2/_livox_ros_driver2_s.ep.rosidl_typesupport_fastrtps_c.c
[43.495s] -- Installing: /home/spacer/sensor_ws/install/livox_ros_driver2/lib/python3.9/site-packages/livox_ros_driver2/msg
[43.495s] -- Installing: /home/spacer/sensor_ws/install/livox_ros_driver2/lib/python3.9/site-packages/livox_ros_driver2/msg/_custom_msg.py
[43.495s] -- Installing: /home/spacer/sensor_ws/install/livox_ros_driver2/lib/python3.9/site-packages/livox_ros_driver2/msg/_custom_msg_s.c
[43.496s] -- Installing: /home/spacer/sensor_ws/install/livox_ros_driver2/lib/python3.9/site-packages/livox_ros_driver2/msg/_custom_point_s.c
[43.496s] -- Installing: /home/spacer/sensor_ws/install/livox_ros_driver2/lib/python3.9/site-packages/livox_ros_driver2/msg/__init__.py
[43.496s] -- Installing: /home/spacer/sensor_ws/install/livox_ros_driver2/lib/python3.9/site-packages/livox_ros_driver2/msg/_custom_point.py
[43.496s] -- Installing: /home/spacer/sensor_ws/install/livox_ros_driver2/lib/python3.9/site-packages/livox_ros_driver2/livox_ros_driver2_s__rosidl_typesupport_fastrtps_c.cpython-38-aarch64-linux-gnu.so
[43.496s] -- Installing: /home/spacer/sensor_ws/install/livox_ros_driver2/lib/python3.9/site-packages/livox_ros_driver2/livox_ros_driver2_s__rosidl_typesupport_c.cpython-38-aarch64-linux-gnu.so
[43.497s] -- Installing: /home/spacer/sensor_ws/install/livox_ros_driver2/lib/python3.9/site-packages/livox_ros_driver2/__init__.py
[43.497s] -- Installing: /home/spacer/sensor_ws/install/livox_ros_driver2/lib/python3.9/site-packages/livox_ros_driver2/livox_ros_driver2_s__rosidl_typesupport_introspection_c.cpython-38-aarch64-linux-gnu.so
[43.497s] -- Installing: /home/spacer/sensor_ws/install/livox_ros_driver2/lib/python3.9/site-packages/livox_ros_driver2/liblivox_interfaces2__rosidl_generator_py.so
[43.574s] Listing '/home/spacer/sensor_ws/install/livox_ros_driver2/lib/python3.9/site-packages/livox_ros_driver2'...
[43.574s] Compiling '/home/spacer/sensor_ws/install/livox_ros_driver2/lib/python3.9/site-packages/livox_ros_driver2/__init__.py'...
[43.574s] Listing '/home/spacer/sensor_ws/install/livox_ros_driver2/lib/python3.9/site-packages/livox_ros_driver2/msg'...
[43.575s] Compiling '/home/spacer/sensor_ws/install/livox_ros_driver2/lib/python3.9/site-packages/livox_ros_driver2/msg/__init__.py'...
[43.575s] Compiling '/home/spacer/sensor_ws/install/livox_ros_driver2/lib/python3.9/site-packages/livox_ros_driver2/msg/_custom_msg.py'...
[43.575s] Compiling '/home/spacer/sensor_ws/install/livox_ros_driver2/lib/python3.9/site-packages/livox_ros_driver2/msg/_custom_point.py'...
[43.588s] -- Installing: /home/spacer/sensor_ws/install/livox_ros_driver2/lib/python3.9/site-packages/livox_ros_driver2/livox_ros_driver2_s__rosidl_typesupport_fastrtps_c.cpython-38-aarch64-linux-gnu.so
[43.589s] -- Set runtime path of "/home/spacer/sensor_ws/install/livox_ros_driver2/lib/python3.9/site-packages/livox_ros_driver2/livox_ros_driver2_s__rosidl_typesupport_fastrtps_c.cpython-38-aarch64-linux-gnu.so" to ""
[43.590s] -- Installing: /home/spacer/sensor_ws/install/livox_ros_driver2/lib/python3.9/site-packages/livox_ros_driver2/livox_ros_driver2_s__rosidl_typesupport_introspection_c.cpython-38-aarch64-linux-gnu.so
[43.590s] -- Set runtime path of "/home/spacer/sensor_ws/install/livox_ros_driver2/lib/python3.9/site-packages/livox_ros_driver2/livox_ros_driver2_s__rosidl_typesupport_introspection_c.cpython-38-aarch64-linux-gnu.so" to ""
[43.591s] -- Installing: /home/spacer/sensor_ws/install/livox_ros_driver2/lib/python3.9/site-packages/livox_ros_driver2/livox_ros_driver2_s__rosidl_typesupport_c.cpython-38-aarch64-linux-gnu.so
[43.592s] -- Set runtime path of "/home/spacer/sensor_ws/install/livox_ros_driver2/lib/python3.9/site-packages/livox_ros_driver2/livox_ros_driver2_s__rosidl_typesupport_c.cpython-38-aarch64-linux-gnu.so" to ""
[43.592s] -- Installing: /home/spacer/sensor_ws/install/livox_ros_driver2/lib/liblivox_interfaces2__rosidl_generator_py.so
[43.593s] -- Set runtime path of "/home/spacer/sensor_ws/install/livox_ros_driver2/lib/liblivox_interfaces2__rosidl_generator_py.so" to ""
[43.593s] -- Installing: /home/spacer/sensor_ws/install/livox_ros_driver2/share/livox_ros_driver2/msg/CustomPoint.idl
[43.594s] -- Installing: /home/spacer/sensor_ws/install/livox_ros_driver2/share/livox_ros_driver2/msg/CustomMsg.idl
[43.594s] -- Installing: /home/spacer/sensor_ws/install/livox_ros_driver2/share/livox_ros_driver2/msg/CustomPoint.msg
[43.594s] -- Installing: /home/spacer/sensor_ws/install/livox_ros_driver2/share/livox_ros_driver2/msg/CustomMsg.msg
[43.594s] -- Installing: /home/spacer/sensor_ws/install/livox_ros_driver2/lib/livox_ros_driver2/livox_ros_driver2_node
[43.595s] -- Set runtime path of "/home/spacer/sensor_ws/install/livox_ros_driver2/lib/livox_ros_driver2/livox_ros_driver2_node" to ""
[43.596s] -- Installing: /home/spacer/sensor_ws/install/livox_ros_driver2/lib/liblivox_ros_driver2.so
[43.602s] -- Set runtime path of "/home/spacer/sensor_ws/install/livox_ros_driver2/lib/liblivox_ros_driver2.so" to ""
[43.602s] -- Installing: /home/spacer/sensor_ws/install/livox_ros_driver2/share/livox_ros_driver2/config
[43.603s] -- Installing: /home/spacer/sensor_ws/install/livox_ros_driver2/share/livox_ros_driver2/config/mixed_HAP_MID360_config.json
[43.603s] -- Installing: /home/spacer/sensor_ws/install/livox_ros_driver2/share/livox_ros_driver2/config/display_point_cloud_ROS2.rviz
[43.603s] -- Installing: /home/spacer/sensor_ws/install/livox_ros_driver2/share/livox_ros_driver2/config/display_point_cloud_ROS1.rviz
[43.603s] -- Installing: /home/spacer/sensor_ws/install/livox_ros_driver2/share/livox_ros_driver2/config/HAP_config.json
[43.604s] -- Installing: /home/spacer/sensor_ws/install/livox_ros_driver2/share/livox_ros_driver2/config/MID360_config.json
[43.604s] -- Installing: /home/spacer/sensor_ws/install/livox_ros_driver2/share/livox_ros_driver2/launch_ROS2
[43.604s] -- Installing: /home/spacer/sensor_ws/install/livox_ros_driver2/share/livox_ros_driver2/launch_ROS2/msg_MID360_launch.py
[43.605s] -- Installing: /home/spacer/sensor_ws/install/livox_ros_driver2/share/livox_ros_driver2/launch_ROS2/msg_HAP_launch.py
[43.605s] -- Installing: /home/spacer/sensor_ws/install/livox_ros_driver2/share/livox_ros_driver2/launch_ROS2/rviz_mixed.py
[43.605s] -- Installing: /home/spacer/sensor_ws/install/livox_ros_driver2/share/livox_ros_driver2/launch_ROS2/rviz_HAP_launch.py
[43.605s] -- Installing: /home/spacer/sensor_ws/install/livox_ros_driver2/share/livox_ros_driver2/launch_ROS2/rviz_MID360_launch.py
[43.606s] -- Installing: /home/spacer/sensor_ws/install/livox_ros_driver2/share/ament_index/resource_index/package_run_dependencies/livox_ros_driver2
[43.606s] -- Installing: /home/spacer/sensor_ws/install/livox_ros_driver2/share/ament_index/resource_index/parent_prefix_path/livox_ros_driver2
[43.607s] -- Installing: /home/spacer/sensor_ws/install/livox_ros_driver2/share/livox_ros_driver2/environment/ament_prefix_path.sh
[43.607s] -- Installing: /home/spacer/sensor_ws/install/livox_ros_driver2/share/livox_ros_driver2/environment/ament_prefix_path.dsv
[43.607s] -- Installing: /home/spacer/sensor_ws/install/livox_ros_driver2/share/livox_ros_driver2/environment/path.sh
[43.607s] -- Installing: /home/spacer/sensor_ws/install/livox_ros_driver2/share/livox_ros_driver2/environment/path.dsv
[43.608s] -- Installing: /home/spacer/sensor_ws/install/livox_ros_driver2/share/livox_ros_driver2/local_setup.bash
[43.608s] -- Installing: /home/spacer/sensor_ws/install/livox_ros_driver2/share/livox_ros_driver2/local_setup.sh
[43.608s] -- Installing: /home/spacer/sensor_ws/install/livox_ros_driver2/share/livox_ros_driver2/local_setup.zsh
[43.608s] -- Installing: /home/spacer/sensor_ws/install/livox_ros_driver2/share/livox_ros_driver2/local_setup.dsv
[43.609s] -- Installing: /home/spacer/sensor_ws/install/livox_ros_driver2/share/livox_ros_driver2/package.dsv
[43.609s] -- Installing: /home/spacer/sensor_ws/install/livox_ros_driver2/share/ament_index/resource_index/packages/livox_ros_driver2
[43.610s] -- Installing: /home/spacer/sensor_ws/install/livox_ros_driver2/share/livox_ros_driver2/cmake/export_livox_interfaces2__rosidl_generator_cExport.cmake
[43.611s] -- Installing: /home/spacer/sensor_ws/install/livox_ros_driver2/share/livox_ros_driver2/cmake/export_livox_interfaces2__rosidl_generator_cExport-noconfig.cmake
[43.611s] -- Installing: /home/spacer/sensor_ws/install/livox_ros_driver2/share/livox_ros_driver2/cmake/export_livox_interfaces2__rosidl_typesupport_fastrtps_cExport.cmake
[43.612s] -- Installing: /home/spacer/sensor_ws/install/livox_ros_driver2/share/livox_ros_driver2/cmake/export_livox_interfaces2__rosidl_typesupport_fastrtps_cExport-noconfig.cmake
[43.612s] -- Installing: /home/spacer/sensor_ws/install/livox_ros_driver2/share/livox_ros_driver2/cmake/livox_interfaces2__rosidl_typesupport_introspection_cExport.cmake
[43.613s] -- Installing: /home/spacer/sensor_ws/install/livox_ros_driver2/share/livox_ros_driver2/cmake/livox_interfaces2__rosidl_typesupport_introspection_cExport-noconfig.cmake
[43.613s] -- Installing: /home/spacer/sensor_ws/install/livox_ros_driver2/share/livox_ros_driver2/cmake/livox_interfaces2__rosidl_typesupport_cExport.cmake
[43.613s] -- Installing: /home/spacer/sensor_ws/install/livox_ros_driver2/share/livox_ros_driver2/cmake/livox_interfaces2__rosidl_typesupport_cExport-noconfig.cmake
[43.614s] -- Installing: /home/spacer/sensor_ws/install/livox_ros_driver2/share/livox_ros_driver2/cmake/export_livox_interfaces2__rosidl_generator_cppExport.cmake
[43.614s] -- Installing: /home/spacer/sensor_ws/install/livox_ros_driver2/share/livox_ros_driver2/cmake/export_livox_interfaces2__rosidl_typesupport_fastrtps_cppExport.cmake
[43.614s] -- Installing: /home/spacer/sensor_ws/install/livox_ros_driver2/share/livox_ros_driver2/cmake/export_livox_interfaces2__rosidl_typesupport_fastrtps_cppExport-noconfig.cmake
[43.615s] -- Installing: /home/spacer/sensor_ws/install/livox_ros_driver2/share/livox_ros_driver2/cmake/livox_interfaces2__rosidl_typesupport_introspection_cppExport.cmake
[43.615s] -- Installing: /home/spacer/sensor_ws/install/livox_ros_driver2/share/livox_ros_driver2/cmake/livox_interfaces2__rosidl_typesupport_introspection_cppExport-noconfig.cmake
[43.615s] -- Installing: /home/spacer/sensor_ws/install/livox_ros_driver2/share/livox_ros_driver2/cmake/livox_interfaces2__rosidl_typesupport_cppExport.cmake
[43.616s] -- Installing: /home/spacer/sensor_ws/install/livox_ros_driver2/share/livox_ros_driver2/cmake/livox_interfaces2__rosidl_typesupport_cppExport-noconfig.cmake
[43.616s] -- Installing: /home/spacer/sensor_ws/install/livox_ros_driver2/share/livox_ros_driver2/cmake/export_livox_interfaces2__rosidl_generator_pyExport.cmake
[43.617s] -- Installing: /home/spacer/sensor_ws/install/livox_ros_driver2/share/livox_ros_driver2/cmake/export_livox_interfaces2__rosidl_generator_pyExport-noconfig.cmake
[43.617s] -- Installing: /home/spacer/sensor_ws/install/livox_ros_driver2/share/ament_index/resource_index/rclcpp_components/livox_ros_driver2
[43.617s] -- Installing: /home/spacer/sensor_ws/install/livox_ros_driver2/share/livox_ros_driver2/cmake/rosidl_cmake-extras.cmake
[43.618s] -- Installing: /home/spacer/sensor_ws/install/livox_ros_driver2/share/livox_ros_driver2/cmake/ament_cmake_export_dependencies-extras.cmake
[43.618s] -- Installing: /home/spacer/sensor_ws/install/livox_ros_driver2/share/livox_ros_driver2/cmake/ament_cmake_export_include_directories-extras.cmake
[43.618s] -- Installing: /home/spacer/sensor_ws/install/livox_ros_driver2/share/livox_ros_driver2/cmake/ament_cmake_export_libraries-extras.cmake
[43.619s] -- Installing: /home/spacer/sensor_ws/install/livox_ros_driver2/share/livox_ros_driver2/cmake/ament_cmake_export_targets-extras.cmake
[43.619s] -- Installing: /home/spacer/sensor_ws/install/livox_ros_driver2/share/livox_ros_driver2/cmake/rosidl_cmake_export_typesupport_targets-extras.cmake
[43.619s] -- Installing: /home/spacer/sensor_ws/install/livox_ros_driver2/share/livox_ros_driver2/cmake/rosidl_cmake_export_typesupport_libraries-extras.cmake
[43.619s] -- Installing: /home/spacer/sensor_ws/install/livox_ros_driver2/share/livox_ros_driver2/cmake/livox_ros_driver2Config.cmake
[43.620s] -- Installing: /home/spacer/sensor_ws/install/livox_ros_driver2/share/livox_ros_driver2/cmake/livox_ros_driver2Config-version.cmake
[43.620s] -- Installing: /home/spacer/sensor_ws/install/livox_ros_driver2/share/livox_ros_driver2/package.xml
[43.624s] Invoked command in '/home/spacer/sensor_ws/build/livox_ros_driver2' returned '0': CMAKE_PREFIX_PATH=/opt/ros/humble /usr/bin/cmake --install /home/spacer/sensor_ws/build/livox_ros_driver2
