[3.062s] Invoking command in '/home/spacer/leo_ws/build/leo_description': CMAKE_PREFIX_PATH=${CMAKE_PREFIX_PATH}:/opt/ros/foxy /usr/bin/cmake /home/spacer/leo_ws/src/leo_common-ros2/leo_description -DCMAKE_INSTALL_PREFIX=/home/spacer/leo_ws/install/leo_description
[3.180s] -- The C compiler identification is GNU 9.4.0
[3.279s] -- The CXX compiler identification is GNU 9.4.0
[3.288s] -- Check for working C compiler: /usr/bin/cc
[3.426s] -- Check for working C compiler: /usr/bin/cc -- works
[3.428s] -- Detecting C compiler ABI info
[3.564s] -- Detecting C compiler ABI info - done
[3.583s] -- Detecting C compile features
[3.584s] -- Detecting C compile features - done
[3.589s] -- Check for working CXX compiler: /usr/bin/c++
[3.746s] -- Check for working CXX compiler: /usr/bin/c++ -- works
[3.748s] -- Detecting CXX compiler ABI info
[3.907s] -- Detecting CXX compiler ABI info - done
[3.927s] -- Detecting CXX compile features
[3.928s] -- Detecting CXX compile features - done
[3.932s] -- Found ament_cmake: 0.9.12 (/opt/ros/foxy/share/ament_cmake/cmake)
[3.984s] -- Found PythonInterp: /usr/bin/python3 (found suitable version "3.8.10", minimum required is "3") 
[3.984s] -- Using PYTHON_EXECUTABLE: /usr/bin/python3
[4.408s] -- Found ament_lint_auto: 0.9.8 (/opt/ros/foxy/share/ament_lint_auto/cmake)
[4.542s] -- Added test 'lint_cmake' to check CMake code style
[4.543s] -- Added test 'xmllint' to check XML markup files
[4.547s] -- Configuring done
[4.551s] -- Generating done
[4.553s] -- Build files have been written to: /home/spacer/leo_ws/build/leo_description
[4.561s] Invoked command in '/home/spacer/leo_ws/build/leo_description' returned '0': CMAKE_PREFIX_PATH=${CMAKE_PREFIX_PATH}:/opt/ros/foxy /usr/bin/cmake /home/spacer/leo_ws/src/leo_common-ros2/leo_description -DCMAKE_INSTALL_PREFIX=/home/spacer/leo_ws/install/leo_description
[4.566s] Invoking command in '/home/spacer/leo_ws/build/leo_description': CMAKE_PREFIX_PATH=${CMAKE_PREFIX_PATH}:/opt/ros/foxy /usr/bin/cmake --build /home/spacer/leo_ws/build/leo_description -- -j6 -l6
[4.649s] Invoked command in '/home/spacer/leo_ws/build/leo_description' returned '0': CMAKE_PREFIX_PATH=${CMAKE_PREFIX_PATH}:/opt/ros/foxy /usr/bin/cmake --build /home/spacer/leo_ws/build/leo_description -- -j6 -l6
[4.723s] Invoking command in '/home/spacer/leo_ws/build/leo_description': CMAKE_PREFIX_PATH=${CMAKE_PREFIX_PATH}:/opt/ros/foxy /usr/bin/cmake --install /home/spacer/leo_ws/build/leo_description
[4.743s] -- Install configuration: ""
[4.744s] -- Installing: /home/spacer/leo_ws/install/leo_description/share/leo_description/launch
[4.744s] -- Installing: /home/spacer/leo_ws/install/leo_description/share/leo_description/launch/state_publisher.launch.xml
[4.744s] -- Installing: /home/spacer/leo_ws/install/leo_description/share/leo_description/models
[4.744s] -- Installing: /home/spacer/leo_ws/install/leo_description/share/leo_description/models/Mecanum_wheel_outline.stl
[4.745s] -- Installing: /home/spacer/leo_ws/install/leo_description/share/leo_description/models/WheelB.dae
[4.750s] -- Installing: /home/spacer/leo_ws/install/leo_description/share/leo_description/models/Rocker.dae
[4.756s] -- Installing: /home/spacer/leo_ws/install/leo_description/share/leo_description/models/Wheel_outline.stl
[4.757s] -- Installing: /home/spacer/leo_ws/install/leo_description/share/leo_description/models/Antenna.dae
[4.757s] -- Installing: /home/spacer/leo_ws/install/leo_description/share/leo_description/models/Rocker_outline.stl
[4.757s] -- Installing: /home/spacer/leo_ws/install/leo_description/share/leo_description/models/Chassis_outline.stl
[4.758s] -- Installing: /home/spacer/leo_ws/install/leo_description/share/leo_description/models/WheelMecanumA.dae
[4.772s] -- Installing: /home/spacer/leo_ws/install/leo_description/share/leo_description/models/WheelMecanumB.dae
[4.782s] -- Installing: /home/spacer/leo_ws/install/leo_description/share/leo_description/models/Chassis.dae
[4.804s] -- Installing: /home/spacer/leo_ws/install/leo_description/share/leo_description/models/WheelA.dae
[4.809s] -- Installing: /home/spacer/leo_ws/install/leo_description/share/leo_description/urdf
[4.809s] -- Installing: /home/spacer/leo_ws/install/leo_description/share/leo_description/urdf/leo.urdf.xacro
[4.810s] -- Installing: /home/spacer/leo_ws/install/leo_description/share/leo_description/urdf/macros_2.xacro
[4.811s] -- Installing: /home/spacer/leo_ws/install/leo_description/share/leo_description/urdf/macros.xacro
[4.811s] -- Installing: /home/spacer/leo_ws/install/leo_description/share/leo_description/urdf/leo_sim.urdf.xacro
[4.812s] -- Installing: /home/spacer/leo_ws/install/leo_description/share/leo_description/environment/gz_sim_resource_path.dsv
[4.813s] -- Installing: /home/spacer/leo_ws/install/leo_description/share/ament_index/resource_index/package_run_dependencies/leo_description
[4.814s] -- Installing: /home/spacer/leo_ws/install/leo_description/share/ament_index/resource_index/parent_prefix_path/leo_description
[4.814s] -- Installing: /home/spacer/leo_ws/install/leo_description/share/leo_description/environment/ament_prefix_path.sh
[4.815s] -- Installing: /home/spacer/leo_ws/install/leo_description/share/leo_description/environment/ament_prefix_path.dsv
[4.816s] -- Installing: /home/spacer/leo_ws/install/leo_description/share/leo_description/environment/path.sh
[4.816s] -- Installing: /home/spacer/leo_ws/install/leo_description/share/leo_description/environment/path.dsv
[4.817s] -- Installing: /home/spacer/leo_ws/install/leo_description/share/leo_description/local_setup.bash
[4.817s] -- Installing: /home/spacer/leo_ws/install/leo_description/share/leo_description/local_setup.sh
[4.818s] -- Installing: /home/spacer/leo_ws/install/leo_description/share/leo_description/local_setup.zsh
[4.818s] -- Installing: /home/spacer/leo_ws/install/leo_description/share/leo_description/local_setup.dsv
[4.819s] -- Installing: /home/spacer/leo_ws/install/leo_description/share/leo_description/package.dsv
[4.819s] -- Installing: /home/spacer/leo_ws/install/leo_description/share/ament_index/resource_index/packages/leo_description
[4.819s] -- Installing: /home/spacer/leo_ws/install/leo_description/share/leo_description/cmake/leo_descriptionConfig.cmake
[4.819s] -- Installing: /home/spacer/leo_ws/install/leo_description/share/leo_description/cmake/leo_descriptionConfig-version.cmake
[4.820s] -- Installing: /home/spacer/leo_ws/install/leo_description/share/leo_description/package.xml
[5.369s] Invoked command in '/home/spacer/leo_ws/build/leo_description' returned '0': CMAKE_PREFIX_PATH=${CMAKE_PREFIX_PATH}:/opt/ros/foxy /usr/bin/cmake --install /home/spacer/leo_ws/build/leo_description
