[1.539s] Invoking command in '/home/spacer/sensor_ws/build/livox_ros_driver2': CMAKE_PREFIX_PATH=${CMAKE_PREFIX_PATH}:/opt/ros/foxy /usr/bin/cmake /home/spacer/sensor_ws/src/livox_ros_driver2 -DCMAKE_INSTALL_PREFIX=/home/spacer/sensor_ws/install/livox_ros_driver2
[1.703s] -- The C compiler identification is GNU 9.4.0
[1.814s] -- The CXX compiler identification is GNU 9.4.0
[1.827s] -- Check for working C compiler: /usr/bin/cc
[1.976s] -- Check for working C compiler: /usr/bin/cc -- works
[1.978s] -- Detecting C compiler ABI info
[2.133s] -- Detecting C compiler ABI info - done
[2.168s] -- Detecting C compile features
[2.169s] -- Detecting C compile features - done
[2.175s] -- Check for working CXX compiler: /usr/bin/c++
[2.338s] -- Check for working CXX compiler: /usr/bin/c++ -- works
[2.342s] -- Detecting CXX compiler ABI info
[2.516s] -- Detecting CXX compiler ABI info - done
[2.552s] -- Detecting CXX compile features
[2.553s] -- Detecting CXX compile features - done
[2.556s] -- livox_ros_driver2 version: 1.0.0
[2.561s] -- Found ament_cmake_auto: 0.9.12 (/opt/ros/foxy/share/ament_cmake_auto/cmake)
[2.621s] -- Found PythonInterp: /usr/bin/python3 (found suitable version "3.8.10", minimum required is "3") 
[2.621s] -- Using PYTHON_EXECUTABLE: /usr/bin/python3
[3.184s] -- Using all available rosidl_typesupport_c: rosidl_typesupport_fastrtps_c;rosidl_typesupport_introspection_c
[3.202s] -- Found rosidl_adapter: 1.3.1 (/opt/ros/foxy/share/rosidl_adapter/cmake)
[3.420s] -- Found OpenSSL: /usr/lib/aarch64-linux-gnu/libcrypto.so (found version "1.1.1f")  
[3.476s] -- Found FastRTPS: /opt/ros/foxy/include  
[3.638s] -- Using all available rosidl_typesupport_cpp: rosidl_typesupport_fastrtps_cpp;rosidl_typesupport_introspection_cpp
[3.821s] -- Found rmw_implementation_cmake: 1.0.4 (/opt/ros/foxy/share/rmw_implementation_cmake/cmake)
[3.824s] -- Using RMW implementation 'rmw_fastrtps_cpp' as default
[3.826s] -- Looking for pthread.h
[3.980s] -- Looking for pthread.h - found
[3.981s] -- Performing Test CMAKE_HAVE_LIBC_PTHREAD
[4.140s] -- Performing Test CMAKE_HAVE_LIBC_PTHREAD - Failed
[4.140s] -- Looking for pthread_create in pthreads
[4.280s] -- Looking for pthread_create in pthreads - not found
[4.280s] -- Looking for pthread_create in pthread
[4.429s] -- Looking for pthread_create in pthread - found
[4.431s] -- Found Threads: TRUE  
[5.485s] -- Checking for module 'eigen3'
[5.519s] --   Found eigen3, version 3.3.7
[5.606s] -- Found Eigen: /usr/include/eigen3 (Required is at least version "3.1") 
[5.606s] -- Eigen found (include: /usr/include/eigen3, version: 3.3.7)
[5.702s] -- Found Boost: /usr/include (found suitable version "1.71.0", minimum required is "1.55.0") found components: system filesystem date_time iostreams regex 
[5.735s] -- Checking for module 'flann'
[5.767s] --   Found flann, version 1.9.1
[5.862s] -- Found FLANN: /usr/lib/aarch64-linux-gnu/libflann_cpp.so  
[5.974s] -- The imported target "vtkParseOGLExt" references the file
[5.975s]    "/usr/bin/vtkParseOGLExt-7.1"
[5.975s] but this file does not exist.  Possible reasons include:
[5.975s] * The file was deleted, renamed, or moved to another location.
[5.976s] * An install or uninstall procedure did not complete successfully.
[5.976s] * The installation package was faulty and contained
[5.976s]    "/usr/lib/cmake/vtk-7.1/VTKTargets.cmake"
[5.976s] but not all the files it references.
[5.977s] 
[5.977s] -- The imported target "vtkRenderingPythonTkWidgets" references the file
[5.977s]    "/usr/lib/aarch64-linux-gnu/libvtkRenderingPythonTkWidgets.so"
[5.977s] but this file does not exist.  Possible reasons include:
[5.978s] * The file was deleted, renamed, or moved to another location.
[5.978s] * An install or uninstall procedure did not complete successfully.
[5.978s] * The installation package was faulty and contained
[5.978s]    "/usr/lib/cmake/vtk-7.1/VTKTargets.cmake"
[5.979s] but not all the files it references.
[5.979s] 
[5.979s] -- The imported target "vtk" references the file
[5.980s]    "/usr/bin/vtk"
[5.980s] but this file does not exist.  Possible reasons include:
[5.980s] * The file was deleted, renamed, or moved to another location.
[5.980s] * An install or uninstall procedure did not complete successfully.
[5.981s] * The installation package was faulty and contained
[5.981s]    "/usr/lib/cmake/vtk-7.1/VTKTargets.cmake"
[5.981s] but not all the files it references.
[5.981s] 
[5.982s] -- The imported target "pvtk" references the file
[5.982s]    "/usr/bin/pvtk"
[5.982s] but this file does not exist.  Possible reasons include:
[5.982s] * The file was deleted, renamed, or moved to another location.
[5.983s] * An install or uninstall procedure did not complete successfully.
[5.983s] * The installation package was faulty and contained
[5.983s]    "/usr/lib/cmake/vtk-7.1/VTKTargets.cmake"
[5.983s] but not all the files it references.
[5.983s] 
[6.028s] -- Checking for module 'libusb-1.0'
[6.064s] --   Found libusb-1.0, version 1.0.23
[6.155s] -- Found USB_10: /usr/lib/aarch64-linux-gnu/libusb-1.0.so  
[6.285s] -- Found OpenNI: /usr/lib/libOpenNI.so  
[6.285s] -- OpenNI found (include: /usr/include/ni, lib: /usr/lib/libOpenNI.so)
[6.423s] -- Found OpenNI2: /usr/lib/libOpenNI2.so  
[6.424s] -- OpenNI2 found (include: /usr/include/openni2, lib: /usr/lib/libOpenNI2.so)
[6.424s] ** WARNING ** io features related to pcap will be disabled
[6.425s] ** WARNING ** io features related to png will be disabled
[6.450s] -- Found libusb-1.0: /usr/include  
[6.451s] ** WARNING ** io features related to libusb-1.0 will be disabled
[6.464s] -- OpenNI found (include: /usr/include/ni, lib: /usr/lib/libOpenNI.so)
[6.476s] -- OpenNI2 found (include: /usr/include/openni2, lib: /usr/lib/libOpenNI2.so)
[6.530s] -- Found Qhull: optimized;/usr/lib/aarch64-linux-gnu/libqhull.so;debug;/usr/lib/aarch64-linux-gnu/libqhull.so  
[6.531s] -- QHULL found (include: /usr/include, lib: optimized;/usr/lib/aarch64-linux-gnu/libqhull.so;debug;/usr/lib/aarch64-linux-gnu/libqhull.so)
[6.545s] -- OpenNI found (include: /usr/include/ni, lib: /usr/lib/libOpenNI.so)
[6.568s] -- looking for PCL_COMMON
[6.571s] -- Found PCL_COMMON: /usr/lib/aarch64-linux-gnu/libpcl_common.so  
[6.572s] -- looking for PCL_KDTREE
[6.574s] -- Found PCL_KDTREE: /usr/lib/aarch64-linux-gnu/libpcl_kdtree.so  
[6.575s] -- looking for PCL_OCTREE
[6.577s] -- Found PCL_OCTREE: /usr/lib/aarch64-linux-gnu/libpcl_octree.so  
[6.577s] -- looking for PCL_SEARCH
[6.579s] -- Found PCL_SEARCH: /usr/lib/aarch64-linux-gnu/libpcl_search.so  
[6.580s] -- looking for PCL_SAMPLE_CONSENSUS
[6.581s] -- Found PCL_SAMPLE_CONSENSUS: /usr/lib/aarch64-linux-gnu/libpcl_sample_consensus.so  
[6.582s] -- looking for PCL_FILTERS
[6.584s] -- Found PCL_FILTERS: /usr/lib/aarch64-linux-gnu/libpcl_filters.so  
[6.585s] -- looking for PCL_2D
[6.585s] -- Found PCL_2D: /usr/include/pcl-1.10  
[6.586s] -- looking for PCL_GEOMETRY
[6.587s] -- Found PCL_GEOMETRY: /usr/include/pcl-1.10  
[6.587s] -- looking for PCL_IO
[6.589s] -- Found PCL_IO: /usr/lib/aarch64-linux-gnu/libpcl_io.so  
[6.590s] -- looking for PCL_FEATURES
[6.592s] -- Found PCL_FEATURES: /usr/lib/aarch64-linux-gnu/libpcl_features.so  
[6.593s] -- looking for PCL_ML
[6.595s] -- Found PCL_ML: /usr/lib/aarch64-linux-gnu/libpcl_ml.so  
[6.595s] -- looking for PCL_SEGMENTATION
[6.597s] -- Found PCL_SEGMENTATION: /usr/lib/aarch64-linux-gnu/libpcl_segmentation.so  
[6.598s] -- looking for PCL_VISUALIZATION
[6.600s] -- Found PCL_VISUALIZATION: /usr/lib/aarch64-linux-gnu/libpcl_visualization.so  
[6.601s] -- looking for PCL_SURFACE
[6.603s] -- Found PCL_SURFACE: /usr/lib/aarch64-linux-gnu/libpcl_surface.so  
[6.604s] -- looking for PCL_REGISTRATION
[6.606s] -- Found PCL_REGISTRATION: /usr/lib/aarch64-linux-gnu/libpcl_registration.so  
[6.606s] -- looking for PCL_KEYPOINTS
[6.609s] -- Found PCL_KEYPOINTS: /usr/lib/aarch64-linux-gnu/libpcl_keypoints.so  
[6.610s] -- looking for PCL_TRACKING
[6.612s] -- Found PCL_TRACKING: /usr/lib/aarch64-linux-gnu/libpcl_tracking.so  
[6.612s] -- looking for PCL_RECOGNITION
[6.614s] -- Found PCL_RECOGNITION: /usr/lib/aarch64-linux-gnu/libpcl_recognition.so  
[6.615s] -- looking for PCL_STEREO
[6.617s] -- Found PCL_STEREO: /usr/lib/aarch64-linux-gnu/libpcl_stereo.so  
[6.618s] -- looking for PCL_APPS
[6.620s] -- Found PCL_APPS: /usr/lib/aarch64-linux-gnu/libpcl_apps.so  
[6.621s] -- looking for PCL_IN_HAND_SCANNER
[6.622s] -- Found PCL_IN_HAND_SCANNER: /usr/include/pcl-1.10  
[6.622s] -- looking for PCL_POINT_CLOUD_EDITOR
[6.624s] -- Found PCL_POINT_CLOUD_EDITOR: /usr/include/pcl-1.10  
[6.624s] -- looking for PCL_OUTOFCORE
[6.626s] -- Found PCL_OUTOFCORE: /usr/lib/aarch64-linux-gnu/libpcl_outofcore.so  
[6.627s] -- looking for PCL_PEOPLE
[6.629s] -- Found PCL_PEOPLE: /usr/lib/aarch64-linux-gnu/libpcl_people.so  
[6.631s] -- Found PCL: pcl_common;pcl_kdtree;pcl_octree;pcl_search;pcl_sample_consensus;pcl_filters;pcl_io;pcl_features;pcl_ml;pcl_segmentation;pcl_visualization;pcl_surface;pcl_registration;pcl_keypoints;pcl_tracking;pcl_recognition;pcl_stereo;pcl_apps;pcl_outofcore;pcl_people;/usr/lib/aarch64-linux-gnu/libboost_system.so;/usr/lib/aarch64-linux-gnu/libboost_filesystem.so;/usr/lib/aarch64-linux-gnu/libboost_date_time.so;/usr/lib/aarch64-linux-gnu/libboost_iostreams.so;/usr/lib/aarch64-linux-gnu/libboost_regex.so;optimized;/usr/lib/aarch64-linux-gnu/libqhull.so;debug;/usr/lib/aarch64-linux-gnu/libqhull.so;/usr/lib/libOpenNI.so;/usr/lib/libOpenNI2.so;vtkChartsCore;vtkCommonColor;vtkCommonCore;vtksys;vtkCommonDataModel;vtkCommonMath;vtkCommonMisc;vtkCommonSystem;vtkCommonTransforms;vtkCommonExecutionModel;vtkFiltersGeneral;vtkCommonComputationalGeometry;vtkFiltersCore;vtkInfovisCore;vtkFiltersExtraction;vtkFiltersStatistics;vtkImagingFourier;vtkImagingCore;vtkalglib;vtkRenderingContext2D;vtkRenderingCore;vtkFiltersGeometry;vtkFiltersSources;vtkRenderingFreeType;/usr/lib/aarch64-linux-gnu/libfreetype.so;/usr/lib/aarch64-linux-gnu/libz.so;vtkFiltersModeling;vtkImagingSources;vtkInteractionStyle;vtkInteractionWidgets;vtkFiltersHybrid;vtkImagingColor;vtkImagingGeneral;vtkImagingHybrid;vtkIOImage;vtkDICOMParser;vtkmetaio;/usr/lib/aarch64-linux-gnu/libjpeg.so;/usr/lib/aarch64-linux-gnu/libpng.so;/usr/lib/aarch64-linux-gnu/libtiff.so;vtkRenderingAnnotation;vtkRenderingVolume;vtkIOXML;vtkIOCore;vtkIOXMLParser;/usr/lib/aarch64-linux-gnu/libexpat.so;vtkIOGeometry;vtkIOLegacy;vtkIOPLY;vtkRenderingLOD;vtkViewsContext2D;vtkViewsCore;vtkRenderingContextOpenGL2;vtkRenderingOpenGL2;FLANN::FLANN  
[6.641s] -- Found PkgConfig: /usr/bin/pkg-config (found version "0.29.1") 
[6.644s] -- Checking for module 'apr-1'
[6.651s] --   No package 'apr-1' found
[6.700s] -- Found PythonInterp: /usr/bin/python3 (found version "3.8.10") 
[6.914s] -- Found ament_cmake_ros: 0.9.2 (/opt/ros/foxy/share/ament_cmake_ros/cmake)
[7.271s] -- Using all available rosidl_typesupport_c: rosidl_typesupport_fastrtps_c;rosidl_typesupport_introspection_c
[7.386s] -- Using all available rosidl_typesupport_cpp: rosidl_typesupport_fastrtps_cpp;rosidl_typesupport_introspection_cpp
[7.439s] -- Found PythonInterp: /usr/bin/python3 (found suitable version "3.8.10", minimum required is "3.5") 
[7.443s] -- Found python_cmake_module: 0.8.1 (/opt/ros/foxy/share/python_cmake_module/cmake)
[7.501s] -- Found PythonLibs: /usr/lib/aarch64-linux-gnu/libpython3.8.so (found suitable version "3.8.10", minimum required is "3.5") 
[7.501s] -- Using PYTHON_EXECUTABLE: /usr/bin/python3
[7.501s] -- Using PYTHON_INCLUDE_DIRS: /usr/include/python3.8
[7.501s] -- Using PYTHON_LIBRARIES: /usr/lib/aarch64-linux-gnu/libpython3.8.so
[7.545s] -- Found PythonExtra: .so  
[7.786s] -- Found ament_lint_auto: 0.9.8 (/opt/ros/foxy/share/ament_lint_auto/cmake)
[7.840s] -- Added test 'copyright' to check source files copyright and LICENSE
[7.855s] -- Added test 'cppcheck' to perform static code analysis on C / C++ code
[7.861s] -- Configured cppcheck include dirs: /home/spacer/sensor_ws/src/livox_ros_driver2/3rdparty;/home/spacer/sensor_ws/src/livox_ros_driver2/src
[7.861s] -- Configured cppcheck exclude dirs and/or files: 
[7.872s] -- Added test 'cpplint' to check C / C++ code against the Google style
[7.872s] -- Configured cpplint exclude dirs and/or files: 
[7.875s] -- Added test 'flake8' to check Python code syntax and style conventions
[7.878s] -- Added test 'lint_cmake' to check CMake code style
[7.881s] -- Added test 'pep257' to check Python code against some of the style conventions in PEP 257
[7.892s] -- Added test 'uncrustify' to check C / C++ code style
[7.892s] -- Configured uncrustify additional arguments: 
[7.894s] -- Added test 'xmllint' to check XML markup files
[7.909s] -- Configuring done
[8.130s] -- Generating done
[8.139s] -- Build files have been written to: /home/spacer/sensor_ws/build/livox_ros_driver2
[8.188s] Invoked command in '/home/spacer/sensor_ws/build/livox_ros_driver2' returned '0': CMAKE_PREFIX_PATH=${CMAKE_PREFIX_PATH}:/opt/ros/foxy /usr/bin/cmake /home/spacer/sensor_ws/src/livox_ros_driver2 -DCMAKE_INSTALL_PREFIX=/home/spacer/sensor_ws/install/livox_ros_driver2
[8.196s] Invoking command in '/home/spacer/sensor_ws/build/livox_ros_driver2': CMAKE_PREFIX_PATH=${CMAKE_PREFIX_PATH}:/opt/ros/foxy /usr/bin/cmake --build /home/spacer/sensor_ws/build/livox_ros_driver2 -- -j6 -l6
[8.298s] [35m[1mScanning dependencies of target livox_ros_driver2_node[0m
[8.410s] [  1%] [32mBuilding CXX object CMakeFiles/livox_ros_driver2_node.dir/rclcpp_components/node_main_livox_ros_driver2_node.cpp.o[0m
[13.578s] [  3%] [32m[1mLinking CXX executable livox_ros_driver2_node[0m
[13.838s] [  3%] Built target livox_ros_driver2_node
[13.863s] [  5%] [34m[1mGenerating C code for ROS interfaces[0m
[14.816s] [35m[1mScanning dependencies of target livox_interfaces2__rosidl_generator_c[0m
[14.845s] [  7%] [32mBuilding C object CMakeFiles/livox_interfaces2__rosidl_generator_c.dir/rosidl_generator_c/livox_ros_driver2/msg/detail/custom_point__functions.c.o[0m
[14.950s] [  8%] [32mBuilding C object CMakeFiles/livox_interfaces2__rosidl_generator_c.dir/rosidl_generator_c/livox_ros_driver2/msg/detail/custom_msg__functions.c.o[0m
[15.056s] [ 10%] [32m[1mLinking C shared library liblivox_ros_driver2__rosidl_generator_c.so[0m
[15.130s] [ 10%] Built target livox_interfaces2__rosidl_generator_c
[15.155s] [35m[1mScanning dependencies of target livox_interfaces2__cpp[0m
[15.181s] [ 12%] [34m[1mGenerating C++ code for ROS interfaces[0m
[16.129s] [ 12%] Built target livox_interfaces2__cpp
[16.153s] [ 14%] [34m[1mGenerating C introspection for ROS interfaces[0m
[16.960s] [35m[1mScanning dependencies of target livox_interfaces2__rosidl_typesupport_introspection_c[0m
[16.990s] [ 15%] [32mBuilding C object CMakeFiles/livox_interfaces2__rosidl_typesupport_introspection_c.dir/rosidl_typesupport_introspection_c/livox_ros_driver2/msg/detail/custom_point__type_support.c.o[0m
[17.062s] [ 17%] [32mBuilding C object CMakeFiles/livox_interfaces2__rosidl_typesupport_introspection_c.dir/rosidl_typesupport_introspection_c/livox_ros_driver2/msg/detail/custom_msg__type_support.c.o[0m
[17.144s] [ 19%] [32m[1mLinking C shared library liblivox_ros_driver2__rosidl_typesupport_introspection_c.so[0m
[17.211s] [ 19%] Built target livox_interfaces2__rosidl_typesupport_introspection_c
[17.235s] [ 21%] [34m[1mGenerating C++ type support for eProsima Fast-RTPS[0m
[18.051s] [35m[1mScanning dependencies of target livox_interfaces2__rosidl_typesupport_fastrtps_cpp[0m
[18.086s] [ 22%] [32mBuilding CXX object CMakeFiles/livox_interfaces2__rosidl_typesupport_fastrtps_cpp.dir/rosidl_typesupport_fastrtps_cpp/livox_ros_driver2/msg/detail/dds_fastrtps/custom_point__type_support.cpp.o[0m
[19.008s] [ 24%] [32mBuilding CXX object CMakeFiles/livox_interfaces2__rosidl_typesupport_fastrtps_cpp.dir/rosidl_typesupport_fastrtps_cpp/livox_ros_driver2/msg/detail/dds_fastrtps/custom_msg__type_support.cpp.o[0m
[20.011s] [ 26%] [32m[1mLinking CXX shared library liblivox_ros_driver2__rosidl_typesupport_fastrtps_cpp.so[0m
[20.177s] [ 26%] Built target livox_interfaces2__rosidl_typesupport_fastrtps_cpp
[20.200s] [ 28%] [34m[1mGenerating C++ introspection for ROS interfaces[0m
[20.972s] [35m[1mScanning dependencies of target livox_interfaces2__rosidl_typesupport_introspection_cpp[0m
[21.001s] [ 29%] [32mBuilding CXX object CMakeFiles/livox_interfaces2__rosidl_typesupport_introspection_cpp.dir/rosidl_typesupport_introspection_cpp/livox_ros_driver2/msg/detail/custom_point__type_support.cpp.o[0m
[21.608s] [ 31%] [32mBuilding CXX object CMakeFiles/livox_interfaces2__rosidl_typesupport_introspection_cpp.dir/rosidl_typesupport_introspection_cpp/livox_ros_driver2/msg/detail/custom_msg__type_support.cpp.o[0m
[22.359s] [ 33%] [32m[1mLinking CXX shared library liblivox_ros_driver2__rosidl_typesupport_introspection_cpp.so[0m
[22.498s] [ 33%] Built target livox_interfaces2__rosidl_typesupport_introspection_cpp
[22.522s] [ 35%] [34m[1mGenerating C type support for eProsima Fast-RTPS[0m
[23.323s] [35m[1mScanning dependencies of target livox_interfaces2__rosidl_typesupport_fastrtps_c[0m
[23.357s] [ 36%] [32mBuilding CXX object CMakeFiles/livox_interfaces2__rosidl_typesupport_fastrtps_c.dir/rosidl_typesupport_fastrtps_c/livox_ros_driver2/msg/detail/custom_point__type_support_c.cpp.o[0m
[24.117s] [ 38%] [32mBuilding CXX object CMakeFiles/livox_interfaces2__rosidl_typesupport_fastrtps_c.dir/rosidl_typesupport_fastrtps_c/livox_ros_driver2/msg/detail/custom_msg__type_support_c.cpp.o[0m
[24.880s] [ 40%] [32m[1mLinking CXX shared library liblivox_ros_driver2__rosidl_typesupport_fastrtps_c.so[0m
[25.060s] [ 40%] Built target livox_interfaces2__rosidl_typesupport_fastrtps_c
[25.083s] [ 42%] [34m[1mGenerating C++ type support dispatch for ROS interfaces[0m
[25.781s] [35m[1mScanning dependencies of target livox_interfaces2__rosidl_typesupport_cpp[0m
[25.811s] [ 43%] [32mBuilding CXX object CMakeFiles/livox_interfaces2__rosidl_typesupport_cpp.dir/rosidl_typesupport_cpp/livox_ros_driver2/msg/custom_point__type_support.cpp.o[0m
[26.408s] [ 45%] [32mBuilding CXX object CMakeFiles/livox_interfaces2__rosidl_typesupport_cpp.dir/rosidl_typesupport_cpp/livox_ros_driver2/msg/custom_msg__type_support.cpp.o[0m
[27.005s] [ 47%] [32m[1mLinking CXX shared library liblivox_ros_driver2__rosidl_typesupport_cpp.so[0m
[27.088s] [ 47%] Built target livox_interfaces2__rosidl_typesupport_cpp
[27.112s] [ 49%] [34m[1mGenerating C type support dispatch for ROS interfaces[0m
[27.810s] [35m[1mScanning dependencies of target livox_interfaces2__rosidl_typesupport_c[0m
[27.838s] [ 50%] [32mBuilding CXX object CMakeFiles/livox_interfaces2__rosidl_typesupport_c.dir/rosidl_typesupport_c/livox_ros_driver2/msg/custom_point__type_support.cpp.o[0m
[27.907s] [ 52%] [32mBuilding CXX object CMakeFiles/livox_interfaces2__rosidl_typesupport_c.dir/rosidl_typesupport_c/livox_ros_driver2/msg/custom_msg__type_support.cpp.o[0m
[27.979s] [ 54%] [32m[1mLinking CXX shared library liblivox_ros_driver2__rosidl_typesupport_c.so[0m
[28.059s] [ 54%] Built target livox_interfaces2__rosidl_typesupport_c
[28.082s] [35m[1mScanning dependencies of target livox_interfaces2[0m
[28.106s] [ 54%] Built target livox_interfaces2
[28.130s] [35m[1mScanning dependencies of target livox_ros_driver2[0m
[28.376s] [ 56%] [32mBuilding CXX object CMakeFiles/livox_ros_driver2.dir/src/livox_ros_driver2.cpp.o[0m
[41.412s] [ 57%] [32mBuilding CXX object CMakeFiles/livox_ros_driver2.dir/src/lds_lidar.cpp.o[0m
[42.437s] [ 59%] [32mBuilding CXX object CMakeFiles/livox_ros_driver2.dir/src/lds.cpp.o[0m
[43.017s] [ 61%] [32mBuilding CXX object CMakeFiles/livox_ros_driver2.dir/src/driver_node.cpp.o[0m
[43.869s] [ 63%] [32mBuilding CXX object CMakeFiles/livox_ros_driver2.dir/src/comm/comm.cpp.o[0m
[43.875s] [ 64%] [32mBuilding CXX object CMakeFiles/livox_ros_driver2.dir/src/comm/ldq.cpp.o[0m
[44.931s] [ 66%] [32mBuilding CXX object CMakeFiles/livox_ros_driver2.dir/src/comm/semaphore.cpp.o[0m
[45.115s] [ 68%] [32mBuilding CXX object CMakeFiles/livox_ros_driver2.dir/src/lddc.cpp.o[0m
[45.355s] [ 70%] [32mBuilding CXX object CMakeFiles/livox_ros_driver2.dir/src/comm/lidar_imu_data_queue.cpp.o[0m
[56.366s] [ 71%] [32mBuilding CXX object CMakeFiles/livox_ros_driver2.dir/src/parse_cfg_file/parse_cfg_file.cpp.o[0m
[57.419s] [ 73%] [32mBuilding CXX object CMakeFiles/livox_ros_driver2.dir/src/comm/pub_handler.cpp.o[0m
[58.091s] [ 75%] [32mBuilding CXX object CMakeFiles/livox_ros_driver2.dir/src/comm/cache_index.cpp.o[0m
[59.095s] [ 77%] [32mBuilding CXX object CMakeFiles/livox_ros_driver2.dir/src/parse_cfg_file/parse_livox_lidar_cfg.cpp.o[0m
[60.166s] [ 78%] [32mBuilding CXX object CMakeFiles/livox_ros_driver2.dir/src/call_back/livox_lidar_callback.cpp.o[0m
[60.173s] [ 80%] [32mBuilding CXX object CMakeFiles/livox_ros_driver2.dir/src/call_back/lidar_common_callback.cpp.o[0m
[66.483s] [ 82%] [32m[1mLinking CXX shared library liblivox_ros_driver2.so[0m
[68.394s] [ 82%] Built target livox_ros_driver2
[68.417s] [35m[1mScanning dependencies of target livox_interfaces2__py[0m
[68.444s] [ 84%] [34m[1mGenerating Python code for ROS interfaces[0m
[70.127s] [ 84%] Built target livox_interfaces2__py
[70.151s] [35m[1mScanning dependencies of target livox_interfaces2__python[0m
[70.206s] [ 85%] [32mBuilding C object CMakeFiles/livox_interfaces2__python.dir/rosidl_generator_py/livox_ros_driver2/msg/_custom_point_s.c.o[0m
[70.395s] [ 87%] [32mBuilding C object CMakeFiles/livox_interfaces2__python.dir/rosidl_generator_py/livox_ros_driver2/msg/_custom_msg_s.c.o[0m
[70.598s] [ 89%] [32m[1mLinking C shared library rosidl_generator_py/livox_ros_driver2/liblivox_interfaces2__python.so[0m
[70.687s] [ 89%] Built target livox_interfaces2__python
[70.710s] [35m[1mScanning dependencies of target livox_ros_driver2__rosidl_typesupport_c__pyext[0m
[70.749s] [ 91%] [32mBuilding C object CMakeFiles/livox_ros_driver2__rosidl_typesupport_c__pyext.dir/rosidl_generator_py/livox_ros_driver2/_livox_ros_driver2_s.ep.rosidl_typesupport_c.c.o[0m
[70.918s] [ 92%] [32m[1mLinking C shared library rosidl_generator_py/livox_ros_driver2/livox_ros_driver2_s__rosidl_typesupport_c.cpython-38-aarch64-linux-gnu.so[0m
[70.996s] [ 92%] Built target livox_ros_driver2__rosidl_typesupport_c__pyext
[71.019s] [35m[1mScanning dependencies of target livox_ros_driver2__rosidl_typesupport_fastrtps_c__pyext[0m
[71.019s] [35m[1mScanning dependencies of target livox_ros_driver2__rosidl_typesupport_introspection_c__pyext[0m
[71.057s] [ 96%] [32mBuilding C object CMakeFiles/livox_ros_driver2__rosidl_typesupport_fastrtps_c__pyext.dir/rosidl_generator_py/livox_ros_driver2/_livox_ros_driver2_s.ep.rosidl_typesupport_fastrtps_c.c.o[0m
[71.057s] [ 96%] [32mBuilding C object CMakeFiles/livox_ros_driver2__rosidl_typesupport_introspection_c__pyext.dir/rosidl_generator_py/livox_ros_driver2/_livox_ros_driver2_s.ep.rosidl_typesupport_introspection_c.c.o[0m
[71.235s] [100%] [32m[1mLinking CXX shared library rosidl_generator_py/livox_ros_driver2/livox_ros_driver2_s__rosidl_typesupport_fastrtps_c.cpython-38-aarch64-linux-gnu.so[0m
[71.235s] [100%] [32m[1mLinking C shared library rosidl_generator_py/livox_ros_driver2/livox_ros_driver2_s__rosidl_typesupport_introspection_c.cpython-38-aarch64-linux-gnu.so[0m
[71.314s] [100%] Built target livox_ros_driver2__rosidl_typesupport_introspection_c__pyext
[71.366s] [100%] Built target livox_ros_driver2__rosidl_typesupport_fastrtps_c__pyext
[71.396s] Invoked command in '/home/spacer/sensor_ws/build/livox_ros_driver2' returned '0': CMAKE_PREFIX_PATH=${CMAKE_PREFIX_PATH}:/opt/ros/foxy /usr/bin/cmake --build /home/spacer/sensor_ws/build/livox_ros_driver2 -- -j6 -l6
[71.626s] Invoking command in '/home/spacer/sensor_ws/build/livox_ros_driver2': CMAKE_PREFIX_PATH=${CMAKE_PREFIX_PATH}:/opt/ros/foxy /usr/bin/cmake --install /home/spacer/sensor_ws/build/livox_ros_driver2
[71.646s] -- Install configuration: ""
[71.647s] -- Installing: /home/spacer/sensor_ws/install/livox_ros_driver2/share/ament_index/resource_index/rosidl_interfaces/livox_ros_driver2
[71.647s] -- Installing: /home/spacer/sensor_ws/install/livox_ros_driver2/include/livox_ros_driver2
[71.648s] -- Installing: /home/spacer/sensor_ws/install/livox_ros_driver2/include/livox_ros_driver2/msg
[71.648s] -- Installing: /home/spacer/sensor_ws/install/livox_ros_driver2/include/livox_ros_driver2/msg/custom_point.h
[71.649s] -- Installing: /home/spacer/sensor_ws/install/livox_ros_driver2/include/livox_ros_driver2/msg/custom_msg.h
[71.649s] -- Installing: /home/spacer/sensor_ws/install/livox_ros_driver2/include/livox_ros_driver2/msg/detail
[71.649s] -- Installing: /home/spacer/sensor_ws/install/livox_ros_driver2/include/livox_ros_driver2/msg/detail/custom_msg__type_support.h
[71.650s] -- Installing: /home/spacer/sensor_ws/install/livox_ros_driver2/include/livox_ros_driver2/msg/detail/custom_msg__functions.c
[71.650s] -- Installing: /home/spacer/sensor_ws/install/livox_ros_driver2/include/livox_ros_driver2/msg/detail/custom_point__struct.h
[71.650s] -- Installing: /home/spacer/sensor_ws/install/livox_ros_driver2/include/livox_ros_driver2/msg/detail/custom_point__functions.c
[71.650s] -- Installing: /home/spacer/sensor_ws/install/livox_ros_driver2/include/livox_ros_driver2/msg/detail/custom_msg__functions.h
[71.651s] -- Installing: /home/spacer/sensor_ws/install/livox_ros_driver2/include/livox_ros_driver2/msg/detail/custom_msg__struct.h
[71.651s] -- Installing: /home/spacer/sensor_ws/install/livox_ros_driver2/include/livox_ros_driver2/msg/detail/custom_point__type_support.h
[71.651s] -- Installing: /home/spacer/sensor_ws/install/livox_ros_driver2/include/livox_ros_driver2/msg/detail/custom_point__functions.h
[71.652s] -- Installing: /home/spacer/sensor_ws/install/livox_ros_driver2/include/livox_ros_driver2/msg/rosidl_generator_c__visibility_control.h
[71.652s] -- Installing: /home/spacer/sensor_ws/install/livox_ros_driver2/share/livox_ros_driver2/environment/library_path.sh
[71.652s] -- Installing: /home/spacer/sensor_ws/install/livox_ros_driver2/share/livox_ros_driver2/environment/library_path.dsv
[71.653s] -- Installing: /home/spacer/sensor_ws/install/livox_ros_driver2/lib/liblivox_ros_driver2__rosidl_generator_c.so
[71.653s] -- Set runtime path of "/home/spacer/sensor_ws/install/livox_ros_driver2/lib/liblivox_ros_driver2__rosidl_generator_c.so" to ""
[71.653s] -- Up-to-date: /home/spacer/sensor_ws/install/livox_ros_driver2/include/livox_ros_driver2
[71.653s] -- Up-to-date: /home/spacer/sensor_ws/install/livox_ros_driver2/include/livox_ros_driver2/msg
[71.654s] -- Installing: /home/spacer/sensor_ws/install/livox_ros_driver2/include/livox_ros_driver2/msg/rosidl_typesupport_fastrtps_c__visibility_control.h
[71.654s] -- Up-to-date: /home/spacer/sensor_ws/install/livox_ros_driver2/include/livox_ros_driver2/msg/detail
[71.655s] -- Installing: /home/spacer/sensor_ws/install/livox_ros_driver2/include/livox_ros_driver2/msg/detail/custom_msg__rosidl_typesupport_fastrtps_c.h
[71.655s] -- Installing: /home/spacer/sensor_ws/install/livox_ros_driver2/include/livox_ros_driver2/msg/detail/custom_point__rosidl_typesupport_fastrtps_c.h
[71.655s] -- Installing: /home/spacer/sensor_ws/install/livox_ros_driver2/lib/liblivox_ros_driver2__rosidl_typesupport_fastrtps_c.so
[71.655s] -- Set runtime path of "/home/spacer/sensor_ws/install/livox_ros_driver2/lib/liblivox_ros_driver2__rosidl_typesupport_fastrtps_c.so" to ""
[71.656s] -- Up-to-date: /home/spacer/sensor_ws/install/livox_ros_driver2/include/livox_ros_driver2
[71.656s] -- Up-to-date: /home/spacer/sensor_ws/install/livox_ros_driver2/include/livox_ros_driver2/msg
[71.657s] -- Installing: /home/spacer/sensor_ws/install/livox_ros_driver2/include/livox_ros_driver2/msg/rosidl_typesupport_fastrtps_cpp__visibility_control.h
[71.657s] -- Up-to-date: /home/spacer/sensor_ws/install/livox_ros_driver2/include/livox_ros_driver2/msg/detail
[71.657s] -- Installing: /home/spacer/sensor_ws/install/livox_ros_driver2/include/livox_ros_driver2/msg/detail/custom_msg__rosidl_typesupport_fastrtps_cpp.hpp
[71.657s] -- Installing: /home/spacer/sensor_ws/install/livox_ros_driver2/include/livox_ros_driver2/msg/detail/custom_point__rosidl_typesupport_fastrtps_cpp.hpp
[71.658s] -- Installing: /home/spacer/sensor_ws/install/livox_ros_driver2/include/livox_ros_driver2/msg/detail/dds_fastrtps
[71.658s] -- Installing: /home/spacer/sensor_ws/install/livox_ros_driver2/lib/liblivox_ros_driver2__rosidl_typesupport_fastrtps_cpp.so
[71.658s] -- Set runtime path of "/home/spacer/sensor_ws/install/livox_ros_driver2/lib/liblivox_ros_driver2__rosidl_typesupport_fastrtps_cpp.so" to ""
[71.659s] -- Up-to-date: /home/spacer/sensor_ws/install/livox_ros_driver2/include/livox_ros_driver2
[71.659s] -- Up-to-date: /home/spacer/sensor_ws/install/livox_ros_driver2/include/livox_ros_driver2/msg
[71.659s] -- Installing: /home/spacer/sensor_ws/install/livox_ros_driver2/include/livox_ros_driver2/msg/rosidl_typesupport_introspection_c__visibility_control.h
[71.660s] -- Up-to-date: /home/spacer/sensor_ws/install/livox_ros_driver2/include/livox_ros_driver2/msg/detail
[71.660s] -- Installing: /home/spacer/sensor_ws/install/livox_ros_driver2/include/livox_ros_driver2/msg/detail/custom_point__type_support.c
[71.660s] -- Installing: /home/spacer/sensor_ws/install/livox_ros_driver2/include/livox_ros_driver2/msg/detail/custom_msg__type_support.c
[71.661s] -- Installing: /home/spacer/sensor_ws/install/livox_ros_driver2/include/livox_ros_driver2/msg/detail/custom_msg__rosidl_typesupport_introspection_c.h
[71.661s] -- Installing: /home/spacer/sensor_ws/install/livox_ros_driver2/include/livox_ros_driver2/msg/detail/custom_point__rosidl_typesupport_introspection_c.h
[71.661s] -- Installing: /home/spacer/sensor_ws/install/livox_ros_driver2/lib/liblivox_ros_driver2__rosidl_typesupport_introspection_c.so
[71.662s] -- Set runtime path of "/home/spacer/sensor_ws/install/livox_ros_driver2/lib/liblivox_ros_driver2__rosidl_typesupport_introspection_c.so" to ""
[71.662s] -- Installing: /home/spacer/sensor_ws/install/livox_ros_driver2/lib/liblivox_ros_driver2__rosidl_typesupport_c.so
[71.662s] -- Set runtime path of "/home/spacer/sensor_ws/install/livox_ros_driver2/lib/liblivox_ros_driver2__rosidl_typesupport_c.so" to ""
[71.662s] -- Up-to-date: /home/spacer/sensor_ws/install/livox_ros_driver2/include/livox_ros_driver2
[71.663s] -- Up-to-date: /home/spacer/sensor_ws/install/livox_ros_driver2/include/livox_ros_driver2/msg
[71.663s] -- Installing: /home/spacer/sensor_ws/install/livox_ros_driver2/include/livox_ros_driver2/msg/rosidl_generator_cpp__visibility_control.hpp
[71.663s] -- Installing: /home/spacer/sensor_ws/install/livox_ros_driver2/include/livox_ros_driver2/msg/custom_point.hpp
[71.663s] -- Installing: /home/spacer/sensor_ws/install/livox_ros_driver2/include/livox_ros_driver2/msg/custom_msg.hpp
[71.664s] -- Up-to-date: /home/spacer/sensor_ws/install/livox_ros_driver2/include/livox_ros_driver2/msg/detail
[71.664s] -- Installing: /home/spacer/sensor_ws/install/livox_ros_driver2/include/livox_ros_driver2/msg/detail/custom_point__traits.hpp
[71.664s] -- Installing: /home/spacer/sensor_ws/install/livox_ros_driver2/include/livox_ros_driver2/msg/detail/custom_msg__type_support.hpp
[71.665s] -- Installing: /home/spacer/sensor_ws/install/livox_ros_driver2/include/livox_ros_driver2/msg/detail/custom_msg__traits.hpp
[71.665s] -- Installing: /home/spacer/sensor_ws/install/livox_ros_driver2/include/livox_ros_driver2/msg/detail/custom_msg__builder.hpp
[71.665s] -- Installing: /home/spacer/sensor_ws/install/livox_ros_driver2/include/livox_ros_driver2/msg/detail/custom_point__builder.hpp
[71.665s] -- Installing: /home/spacer/sensor_ws/install/livox_ros_driver2/include/livox_ros_driver2/msg/detail/custom_point__struct.hpp
[71.666s] -- Installing: /home/spacer/sensor_ws/install/livox_ros_driver2/include/livox_ros_driver2/msg/detail/custom_point__type_support.hpp
[71.666s] -- Installing: /home/spacer/sensor_ws/install/livox_ros_driver2/include/livox_ros_driver2/msg/detail/custom_msg__struct.hpp
[71.666s] -- Up-to-date: /home/spacer/sensor_ws/install/livox_ros_driver2/include/livox_ros_driver2
[71.666s] -- Up-to-date: /home/spacer/sensor_ws/install/livox_ros_driver2/include/livox_ros_driver2/msg
[71.667s] -- Up-to-date: /home/spacer/sensor_ws/install/livox_ros_driver2/include/livox_ros_driver2/msg/detail
[71.667s] -- Installing: /home/spacer/sensor_ws/install/livox_ros_driver2/include/livox_ros_driver2/msg/detail/custom_msg__type_support.cpp
[71.667s] -- Installing: /home/spacer/sensor_ws/install/livox_ros_driver2/include/livox_ros_driver2/msg/detail/custom_point__type_support.cpp
[71.667s] -- Installing: /home/spacer/sensor_ws/install/livox_ros_driver2/include/livox_ros_driver2/msg/detail/custom_point__rosidl_typesupport_introspection_cpp.hpp
[71.668s] -- Installing: /home/spacer/sensor_ws/install/livox_ros_driver2/include/livox_ros_driver2/msg/detail/custom_msg__rosidl_typesupport_introspection_cpp.hpp
[71.668s] -- Installing: /home/spacer/sensor_ws/install/livox_ros_driver2/lib/liblivox_ros_driver2__rosidl_typesupport_introspection_cpp.so
[71.668s] -- Set runtime path of "/home/spacer/sensor_ws/install/livox_ros_driver2/lib/liblivox_ros_driver2__rosidl_typesupport_introspection_cpp.so" to ""
[71.668s] -- Installing: /home/spacer/sensor_ws/install/livox_ros_driver2/lib/liblivox_ros_driver2__rosidl_typesupport_cpp.so
[71.668s] -- Set runtime path of "/home/spacer/sensor_ws/install/livox_ros_driver2/lib/liblivox_ros_driver2__rosidl_typesupport_cpp.so" to ""
[71.668s] -- Installing: /home/spacer/sensor_ws/install/livox_ros_driver2/share/livox_ros_driver2/environment/pythonpath.sh
[71.668s] -- Installing: /home/spacer/sensor_ws/install/livox_ros_driver2/share/livox_ros_driver2/environment/pythonpath.dsv
[71.668s] -- Installing: /home/spacer/sensor_ws/install/livox_ros_driver2/lib/python3.8/site-packages/livox_ros_driver2/__init__.py
[71.726s] Compiling '/home/spacer/sensor_ws/install/livox_ros_driver2/lib/python3.8/site-packages/livox_ros_driver2/__init__.py'...
[71.737s] -- Installing: /home/spacer/sensor_ws/install/livox_ros_driver2/lib/python3.8/site-packages/livox_ros_driver2/msg
[71.737s] -- Installing: /home/spacer/sensor_ws/install/livox_ros_driver2/lib/python3.8/site-packages/livox_ros_driver2/msg/_custom_msg.py
[71.737s] -- Installing: /home/spacer/sensor_ws/install/livox_ros_driver2/lib/python3.8/site-packages/livox_ros_driver2/msg/_custom_msg_s.c
[71.738s] -- Installing: /home/spacer/sensor_ws/install/livox_ros_driver2/lib/python3.8/site-packages/livox_ros_driver2/msg/_custom_point_s.c
[71.738s] -- Installing: /home/spacer/sensor_ws/install/livox_ros_driver2/lib/python3.8/site-packages/livox_ros_driver2/msg/__init__.py
[71.738s] -- Installing: /home/spacer/sensor_ws/install/livox_ros_driver2/lib/python3.8/site-packages/livox_ros_driver2/msg/_custom_point.py
[71.739s] -- Installing: /home/spacer/sensor_ws/install/livox_ros_driver2/lib/python3.8/site-packages/livox_ros_driver2/livox_ros_driver2_s__rosidl_typesupport_fastrtps_c.cpython-38-aarch64-linux-gnu.so
[71.740s] -- Set runtime path of "/home/spacer/sensor_ws/install/livox_ros_driver2/lib/python3.8/site-packages/livox_ros_driver2/livox_ros_driver2_s__rosidl_typesupport_fastrtps_c.cpython-38-aarch64-linux-gnu.so" to ""
[71.740s] -- Installing: /home/spacer/sensor_ws/install/livox_ros_driver2/lib/python3.8/site-packages/livox_ros_driver2/livox_ros_driver2_s__rosidl_typesupport_introspection_c.cpython-38-aarch64-linux-gnu.so
[71.741s] -- Set runtime path of "/home/spacer/sensor_ws/install/livox_ros_driver2/lib/python3.8/site-packages/livox_ros_driver2/livox_ros_driver2_s__rosidl_typesupport_introspection_c.cpython-38-aarch64-linux-gnu.so" to ""
[71.742s] -- Installing: /home/spacer/sensor_ws/install/livox_ros_driver2/lib/python3.8/site-packages/livox_ros_driver2/livox_ros_driver2_s__rosidl_typesupport_c.cpython-38-aarch64-linux-gnu.so
[71.743s] -- Set runtime path of "/home/spacer/sensor_ws/install/livox_ros_driver2/lib/python3.8/site-packages/livox_ros_driver2/livox_ros_driver2_s__rosidl_typesupport_c.cpython-38-aarch64-linux-gnu.so" to ""
[71.743s] -- Installing: /home/spacer/sensor_ws/install/livox_ros_driver2/lib/liblivox_interfaces2__python.so
[71.743s] -- Set runtime path of "/home/spacer/sensor_ws/install/livox_ros_driver2/lib/liblivox_interfaces2__python.so" to ""
[71.744s] -- Installing: /home/spacer/sensor_ws/install/livox_ros_driver2/share/livox_ros_driver2/msg/CustomPoint.idl
[71.744s] -- Installing: /home/spacer/sensor_ws/install/livox_ros_driver2/share/livox_ros_driver2/msg/CustomMsg.idl
[71.745s] -- Installing: /home/spacer/sensor_ws/install/livox_ros_driver2/share/livox_ros_driver2/msg/CustomPoint.msg
[71.745s] -- Installing: /home/spacer/sensor_ws/install/livox_ros_driver2/share/livox_ros_driver2/msg/CustomMsg.msg
[71.745s] -- Installing: /home/spacer/sensor_ws/install/livox_ros_driver2/lib/livox_ros_driver2/livox_ros_driver2_node
[71.746s] -- Set runtime path of "/home/spacer/sensor_ws/install/livox_ros_driver2/lib/livox_ros_driver2/livox_ros_driver2_node" to ""
[71.746s] -- Installing: /home/spacer/sensor_ws/install/livox_ros_driver2/lib/liblivox_ros_driver2.so
[71.752s] -- Set runtime path of "/home/spacer/sensor_ws/install/livox_ros_driver2/lib/liblivox_ros_driver2.so" to ""
[71.753s] -- Installing: /home/spacer/sensor_ws/install/livox_ros_driver2/share/livox_ros_driver2/config
[71.753s] -- Installing: /home/spacer/sensor_ws/install/livox_ros_driver2/share/livox_ros_driver2/config/mixed_HAP_MID360_config.json
[71.753s] -- Installing: /home/spacer/sensor_ws/install/livox_ros_driver2/share/livox_ros_driver2/config/display_point_cloud_ROS2.rviz
[71.753s] -- Installing: /home/spacer/sensor_ws/install/livox_ros_driver2/share/livox_ros_driver2/config/display_point_cloud_ROS1.rviz
[71.754s] -- Installing: /home/spacer/sensor_ws/install/livox_ros_driver2/share/livox_ros_driver2/config/HAP_config.json
[71.754s] -- Installing: /home/spacer/sensor_ws/install/livox_ros_driver2/share/livox_ros_driver2/config/MID360_config.json
[71.754s] -- Installing: /home/spacer/sensor_ws/install/livox_ros_driver2/share/livox_ros_driver2/launch_ROS2
[71.755s] -- Installing: /home/spacer/sensor_ws/install/livox_ros_driver2/share/livox_ros_driver2/launch_ROS2/msg_MID360_launch.py
[71.755s] -- Installing: /home/spacer/sensor_ws/install/livox_ros_driver2/share/livox_ros_driver2/launch_ROS2/msg_HAP_launch.py
[71.755s] -- Installing: /home/spacer/sensor_ws/install/livox_ros_driver2/share/livox_ros_driver2/launch_ROS2/rviz_mixed.py
[71.756s] -- Installing: /home/spacer/sensor_ws/install/livox_ros_driver2/share/livox_ros_driver2/launch_ROS2/rviz_HAP_launch.py
[71.756s] -- Installing: /home/spacer/sensor_ws/install/livox_ros_driver2/share/livox_ros_driver2/launch_ROS2/rviz_MID360_launch.py
[71.756s] -- Installing: /home/spacer/sensor_ws/install/livox_ros_driver2/share/ament_index/resource_index/package_run_dependencies/livox_ros_driver2
[71.757s] -- Installing: /home/spacer/sensor_ws/install/livox_ros_driver2/share/ament_index/resource_index/parent_prefix_path/livox_ros_driver2
[71.757s] -- Installing: /home/spacer/sensor_ws/install/livox_ros_driver2/share/livox_ros_driver2/environment/ament_prefix_path.sh
[71.757s] -- Installing: /home/spacer/sensor_ws/install/livox_ros_driver2/share/livox_ros_driver2/environment/ament_prefix_path.dsv
[71.758s] -- Installing: /home/spacer/sensor_ws/install/livox_ros_driver2/share/livox_ros_driver2/environment/path.sh
[71.758s] -- Installing: /home/spacer/sensor_ws/install/livox_ros_driver2/share/livox_ros_driver2/environment/path.dsv
[71.758s] -- Installing: /home/spacer/sensor_ws/install/livox_ros_driver2/share/livox_ros_driver2/local_setup.bash
[71.759s] -- Installing: /home/spacer/sensor_ws/install/livox_ros_driver2/share/livox_ros_driver2/local_setup.sh
[71.759s] -- Installing: /home/spacer/sensor_ws/install/livox_ros_driver2/share/livox_ros_driver2/local_setup.zsh
[71.759s] -- Installing: /home/spacer/sensor_ws/install/livox_ros_driver2/share/livox_ros_driver2/local_setup.dsv
[71.759s] -- Installing: /home/spacer/sensor_ws/install/livox_ros_driver2/share/livox_ros_driver2/package.dsv
[71.760s] -- Installing: /home/spacer/sensor_ws/install/livox_ros_driver2/share/ament_index/resource_index/packages/livox_ros_driver2
[71.760s] -- Installing: /home/spacer/sensor_ws/install/livox_ros_driver2/share/livox_ros_driver2/cmake/livox_interfaces2__rosidl_generator_cExport.cmake
[71.760s] -- Installing: /home/spacer/sensor_ws/install/livox_ros_driver2/share/livox_ros_driver2/cmake/livox_interfaces2__rosidl_generator_cExport-noconfig.cmake
[71.761s] -- Installing: /home/spacer/sensor_ws/install/livox_ros_driver2/share/livox_ros_driver2/cmake/livox_interfaces2__rosidl_typesupport_introspection_cExport.cmake
[71.761s] -- Installing: /home/spacer/sensor_ws/install/livox_ros_driver2/share/livox_ros_driver2/cmake/livox_interfaces2__rosidl_typesupport_introspection_cExport-noconfig.cmake
[71.761s] -- Installing: /home/spacer/sensor_ws/install/livox_ros_driver2/share/livox_ros_driver2/cmake/livox_interfaces2__rosidl_typesupport_cExport.cmake
[71.762s] -- Installing: /home/spacer/sensor_ws/install/livox_ros_driver2/share/livox_ros_driver2/cmake/livox_interfaces2__rosidl_typesupport_cExport-noconfig.cmake
[71.762s] -- Installing: /home/spacer/sensor_ws/install/livox_ros_driver2/share/livox_ros_driver2/cmake/livox_interfaces2__rosidl_generator_cppExport.cmake
[71.763s] -- Installing: /home/spacer/sensor_ws/install/livox_ros_driver2/share/livox_ros_driver2/cmake/livox_interfaces2__rosidl_typesupport_introspection_cppExport.cmake
[71.763s] -- Installing: /home/spacer/sensor_ws/install/livox_ros_driver2/share/livox_ros_driver2/cmake/livox_interfaces2__rosidl_typesupport_introspection_cppExport-noconfig.cmake
[71.763s] -- Installing: /home/spacer/sensor_ws/install/livox_ros_driver2/share/livox_ros_driver2/cmake/livox_interfaces2__rosidl_typesupport_cppExport.cmake
[71.764s] -- Installing: /home/spacer/sensor_ws/install/livox_ros_driver2/share/livox_ros_driver2/cmake/livox_interfaces2__rosidl_typesupport_cppExport-noconfig.cmake
[71.764s] -- Installing: /home/spacer/sensor_ws/install/livox_ros_driver2/share/ament_index/resource_index/rclcpp_components/livox_ros_driver2
[71.764s] -- Installing: /home/spacer/sensor_ws/install/livox_ros_driver2/share/livox_ros_driver2/cmake/rosidl_cmake-extras.cmake
[71.765s] -- Installing: /home/spacer/sensor_ws/install/livox_ros_driver2/share/livox_ros_driver2/cmake/ament_cmake_export_dependencies-extras.cmake
[71.765s] -- Installing: /home/spacer/sensor_ws/install/livox_ros_driver2/share/livox_ros_driver2/cmake/ament_cmake_export_libraries-extras.cmake
[71.765s] -- Installing: /home/spacer/sensor_ws/install/livox_ros_driver2/share/livox_ros_driver2/cmake/ament_cmake_export_targets-extras.cmake
[71.766s] -- Installing: /home/spacer/sensor_ws/install/livox_ros_driver2/share/livox_ros_driver2/cmake/ament_cmake_export_include_directories-extras.cmake
[71.766s] -- Installing: /home/spacer/sensor_ws/install/livox_ros_driver2/share/livox_ros_driver2/cmake/rosidl_cmake_export_typesupport_libraries-extras.cmake
[71.766s] -- Installing: /home/spacer/sensor_ws/install/livox_ros_driver2/share/livox_ros_driver2/cmake/rosidl_cmake_export_typesupport_targets-extras.cmake
[71.766s] -- Installing: /home/spacer/sensor_ws/install/livox_ros_driver2/share/livox_ros_driver2/cmake/livox_ros_driver2Config.cmake
[71.767s] -- Installing: /home/spacer/sensor_ws/install/livox_ros_driver2/share/livox_ros_driver2/cmake/livox_ros_driver2Config-version.cmake
[71.767s] -- Installing: /home/spacer/sensor_ws/install/livox_ros_driver2/share/livox_ros_driver2/package.xml
[71.773s] Invoked command in '/home/spacer/sensor_ws/build/livox_ros_driver2' returned '0': CMAKE_PREFIX_PATH=${CMAKE_PREFIX_PATH}:/opt/ros/foxy /usr/bin/cmake --install /home/spacer/sensor_ws/build/livox_ros_driver2
