-- The C compiler identification is GNU 9.4.0
-- The CXX compiler identification is GNU 9.4.0
-- Check for working C compiler: /usr/bin/cc
-- Check for working C compiler: /usr/bin/cc -- works
-- Detecting C compiler ABI info
-- Detecting C compiler ABI info - done
-- Detecting C compile features
-- Detecting C compile features - done
-- Check for working CXX compiler: /usr/bin/c++
-- Check for working CXX compiler: /usr/bin/c++ -- works
-- Detecting CXX compiler ABI info
-- Detecting CXX compiler ABI info - done
-- Detecting CXX compile features
-- Detecting CXX compile features - done
-- Found ament_cmake: 0.9.12 (/opt/ros/foxy/share/ament_cmake/cmake)
-- Found PythonInterp: /usr/bin/python3 (found suitable version "3.8.10", minimum required is "3") 
-- Using PYTHON_EXECUTABLE: /usr/bin/python3
-- Found ament_lint_auto: 0.9.8 (/opt/ros/foxy/share/ament_lint_auto/cmake)
-- Added test 'lint_cmake' to check CMake code style
-- Added test 'xmllint' to check XML markup files
-- Configuring done
-- Generating done
-- Build files have been written to: /home/spacer/leo_ws/build/leo_teleop
-- Install configuration: ""
-- Installing: /home/spacer/leo_ws/install/leo_teleop/share/leo_teleop/config
-- Installing: /home/spacer/leo_ws/install/leo_teleop/share/leo_teleop/config/joy_config.yaml
-- Installing: /home/spacer/leo_ws/install/leo_teleop/share/leo_teleop/launch
-- Installing: /home/spacer/leo_ws/install/leo_teleop/share/leo_teleop/launch/key_teleop.launch.xml
-- Installing: /home/spacer/leo_ws/install/leo_teleop/share/leo_teleop/launch/joy_teleop.launch.xml
-- Installing: /home/spacer/leo_ws/install/leo_teleop/share/ament_index/resource_index/package_run_dependencies/leo_teleop
-- Installing: /home/spacer/leo_ws/install/leo_teleop/share/ament_index/resource_index/parent_prefix_path/leo_teleop
-- Installing: /home/spacer/leo_ws/install/leo_teleop/share/leo_teleop/environment/ament_prefix_path.sh
-- Installing: /home/spacer/leo_ws/install/leo_teleop/share/leo_teleop/environment/ament_prefix_path.dsv
-- Installing: /home/spacer/leo_ws/install/leo_teleop/share/leo_teleop/environment/path.sh
-- Installing: /home/spacer/leo_ws/install/leo_teleop/share/leo_teleop/environment/path.dsv
-- Installing: /home/spacer/leo_ws/install/leo_teleop/share/leo_teleop/local_setup.bash
-- Installing: /home/spacer/leo_ws/install/leo_teleop/share/leo_teleop/local_setup.sh
-- Installing: /home/spacer/leo_ws/install/leo_teleop/share/leo_teleop/local_setup.zsh
-- Installing: /home/spacer/leo_ws/install/leo_teleop/share/leo_teleop/local_setup.dsv
-- Installing: /home/spacer/leo_ws/install/leo_teleop/share/leo_teleop/package.dsv
-- Installing: /home/spacer/leo_ws/install/leo_teleop/share/ament_index/resource_index/packages/leo_teleop
-- Installing: /home/spacer/leo_ws/install/leo_teleop/share/leo_teleop/cmake/leo_teleopConfig.cmake
-- Installing: /home/spacer/leo_ws/install/leo_teleop/share/leo_teleop/cmake/leo_teleopConfig-version.cmake
-- Installing: /home/spacer/leo_ws/install/leo_teleop/share/leo_teleop/package.xml
