[1.017s] Invoking command in '/home/spacer/leo_ws/build/leo': AMENT_PREFIX_PATH=/home/spacer/leo_ws/install/leo_teleop:/home/spacer/leo_ws/install/leo_msgs:/home/spacer/leo_ws/install/leo_description:${AMENT_PREFIX_PATH} CMAKE_PREFIX_PATH=/home/spacer/leo_ws/install/leo_teleop:/home/spacer/leo_ws/install/leo_msgs:/home/spacer/leo_ws/install/leo_description:/home/spacer/ros_ws/install/micro_ros_agent:/home/spacer/ros_ws/install/leo:/home/spacer/ros_ws/install/leo_teleop:/home/spacer/ros_ws/install/leo_msgs:/home/spacer/ros_ws/install/leo_description:/opt/ros/foxy LD_LIBRARY_PATH=/home/spacer/leo_ws/install/leo_msgs/lib:/home/spacer/ros_ws/install/micro_ros_agent/lib:/home/spacer/ros_ws/install/leo_msgs/lib:/opt/ros/foxy/opt/yaml_cpp_vendor/lib:/opt/ros/foxy/opt/rviz_ogre_vendor/lib:/opt/ros/foxy/lib/aarch64-linux-gnu:/opt/ros/foxy/lib:/usr/local/cuda-11.4/lib64 PYTHONPATH=/home/spacer/leo_ws/install/leo_msgs/lib/python3.8/site-packages:${PYTHONPATH} /usr/bin/cmake /home/spacer/leo_ws/src/leo_common-ros2/leo -DCMAKE_INSTALL_PREFIX=/home/spacer/leo_ws/install/leo
[1.141s] -- Found ament_cmake: 0.9.12 (/opt/ros/foxy/share/ament_cmake/cmake)
[1.217s] -- Found PythonInterp: /usr/bin/python3 (found suitable version "3.8.10", minimum required is "3") 
[1.217s] -- Using PYTHON_EXECUTABLE: /usr/bin/python3
[1.947s] -- Configuring done
[1.954s] -- Generating done
[1.960s] -- Build files have been written to: /home/spacer/leo_ws/build/leo
[1.972s] Invoked command in '/home/spacer/leo_ws/build/leo' returned '0': AMENT_PREFIX_PATH=/home/spacer/leo_ws/install/leo_teleop:/home/spacer/leo_ws/install/leo_msgs:/home/spacer/leo_ws/install/leo_description:${AMENT_PREFIX_PATH} CMAKE_PREFIX_PATH=/home/spacer/leo_ws/install/leo_teleop:/home/spacer/leo_ws/install/leo_msgs:/home/spacer/leo_ws/install/leo_description:/home/spacer/ros_ws/install/micro_ros_agent:/home/spacer/ros_ws/install/leo:/home/spacer/ros_ws/install/leo_teleop:/home/spacer/ros_ws/install/leo_msgs:/home/spacer/ros_ws/install/leo_description:/opt/ros/foxy LD_LIBRARY_PATH=/home/spacer/leo_ws/install/leo_msgs/lib:/home/spacer/ros_ws/install/micro_ros_agent/lib:/home/spacer/ros_ws/install/leo_msgs/lib:/opt/ros/foxy/opt/yaml_cpp_vendor/lib:/opt/ros/foxy/opt/rviz_ogre_vendor/lib:/opt/ros/foxy/lib/aarch64-linux-gnu:/opt/ros/foxy/lib:/usr/local/cuda-11.4/lib64 PYTHONPATH=/home/spacer/leo_ws/install/leo_msgs/lib/python3.8/site-packages:${PYTHONPATH} /usr/bin/cmake /home/spacer/leo_ws/src/leo_common-ros2/leo -DCMAKE_INSTALL_PREFIX=/home/spacer/leo_ws/install/leo
[1.979s] Invoking command in '/home/spacer/leo_ws/build/leo': AMENT_PREFIX_PATH=/home/spacer/leo_ws/install/leo_teleop:/home/spacer/leo_ws/install/leo_msgs:/home/spacer/leo_ws/install/leo_description:${AMENT_PREFIX_PATH} CMAKE_PREFIX_PATH=/home/spacer/leo_ws/install/leo_teleop:/home/spacer/leo_ws/install/leo_msgs:/home/spacer/leo_ws/install/leo_description:/home/spacer/ros_ws/install/micro_ros_agent:/home/spacer/ros_ws/install/leo:/home/spacer/ros_ws/install/leo_teleop:/home/spacer/ros_ws/install/leo_msgs:/home/spacer/ros_ws/install/leo_description:/opt/ros/foxy LD_LIBRARY_PATH=/home/spacer/leo_ws/install/leo_msgs/lib:/home/spacer/ros_ws/install/micro_ros_agent/lib:/home/spacer/ros_ws/install/leo_msgs/lib:/opt/ros/foxy/opt/yaml_cpp_vendor/lib:/opt/ros/foxy/opt/rviz_ogre_vendor/lib:/opt/ros/foxy/lib/aarch64-linux-gnu:/opt/ros/foxy/lib:/usr/local/cuda-11.4/lib64 PYTHONPATH=/home/spacer/leo_ws/install/leo_msgs/lib/python3.8/site-packages:${PYTHONPATH} /usr/bin/cmake --build /home/spacer/leo_ws/build/leo -- -j6 -l6
[2.191s] Invoked command in '/home/spacer/leo_ws/build/leo' returned '0': AMENT_PREFIX_PATH=/home/spacer/leo_ws/install/leo_teleop:/home/spacer/leo_ws/install/leo_msgs:/home/spacer/leo_ws/install/leo_description:${AMENT_PREFIX_PATH} CMAKE_PREFIX_PATH=/home/spacer/leo_ws/install/leo_teleop:/home/spacer/leo_ws/install/leo_msgs:/home/spacer/leo_ws/install/leo_description:/home/spacer/ros_ws/install/micro_ros_agent:/home/spacer/ros_ws/install/leo:/home/spacer/ros_ws/install/leo_teleop:/home/spacer/ros_ws/install/leo_msgs:/home/spacer/ros_ws/install/leo_description:/opt/ros/foxy LD_LIBRARY_PATH=/home/spacer/leo_ws/install/leo_msgs/lib:/home/spacer/ros_ws/install/micro_ros_agent/lib:/home/spacer/ros_ws/install/leo_msgs/lib:/opt/ros/foxy/opt/yaml_cpp_vendor/lib:/opt/ros/foxy/opt/rviz_ogre_vendor/lib:/opt/ros/foxy/lib/aarch64-linux-gnu:/opt/ros/foxy/lib:/usr/local/cuda-11.4/lib64 PYTHONPATH=/home/spacer/leo_ws/install/leo_msgs/lib/python3.8/site-packages:${PYTHONPATH} /usr/bin/cmake --build /home/spacer/leo_ws/build/leo -- -j6 -l6
[2.410s] Invoking command in '/home/spacer/leo_ws/build/leo': AMENT_PREFIX_PATH=/home/spacer/leo_ws/install/leo_teleop:/home/spacer/leo_ws/install/leo_msgs:/home/spacer/leo_ws/install/leo_description:${AMENT_PREFIX_PATH} CMAKE_PREFIX_PATH=/home/spacer/leo_ws/install/leo_teleop:/home/spacer/leo_ws/install/leo_msgs:/home/spacer/leo_ws/install/leo_description:/home/spacer/ros_ws/install/micro_ros_agent:/home/spacer/ros_ws/install/leo:/home/spacer/ros_ws/install/leo_teleop:/home/spacer/ros_ws/install/leo_msgs:/home/spacer/ros_ws/install/leo_description:/opt/ros/foxy LD_LIBRARY_PATH=/home/spacer/leo_ws/install/leo_msgs/lib:/home/spacer/ros_ws/install/micro_ros_agent/lib:/home/spacer/ros_ws/install/leo_msgs/lib:/opt/ros/foxy/opt/yaml_cpp_vendor/lib:/opt/ros/foxy/opt/rviz_ogre_vendor/lib:/opt/ros/foxy/lib/aarch64-linux-gnu:/opt/ros/foxy/lib:/usr/local/cuda-11.4/lib64 PYTHONPATH=/home/spacer/leo_ws/install/leo_msgs/lib/python3.8/site-packages:${PYTHONPATH} /usr/bin/cmake --install /home/spacer/leo_ws/build/leo
[2.452s] -- Install configuration: ""
[2.459s] -- Installing: /home/spacer/leo_ws/install/leo/share/ament_index/resource_index/package_run_dependencies/leo
[2.459s] -- Installing: /home/spacer/leo_ws/install/leo/share/ament_index/resource_index/parent_prefix_path/leo
[2.460s] -- Installing: /home/spacer/leo_ws/install/leo/share/leo/environment/ament_prefix_path.sh
[2.460s] -- Installing: /home/spacer/leo_ws/install/leo/share/leo/environment/ament_prefix_path.dsv
[2.461s] -- Installing: /home/spacer/leo_ws/install/leo/share/leo/environment/path.sh
[2.461s] -- Installing: /home/spacer/leo_ws/install/leo/share/leo/environment/path.dsv
[2.461s] -- Installing: /home/spacer/leo_ws/install/leo/share/leo/local_setup.bash
[2.461s] -- Installing: /home/spacer/leo_ws/install/leo/share/leo/local_setup.sh
[2.462s] -- Installing: /home/spacer/leo_ws/install/leo/share/leo/local_setup.zsh
[2.462s] -- Installing: /home/spacer/leo_ws/install/leo/share/leo/local_setup.dsv
[2.462s] -- Installing: /home/spacer/leo_ws/install/leo/share/leo/package.dsv
[2.463s] -- Installing: /home/spacer/leo_ws/install/leo/share/ament_index/resource_index/packages/leo
[2.463s] -- Installing: /home/spacer/leo_ws/install/leo/share/leo/cmake/leoConfig.cmake
[2.463s] -- Installing: /home/spacer/leo_ws/install/leo/share/leo/cmake/leoConfig-version.cmake
[2.463s] -- Installing: /home/spacer/leo_ws/install/leo/share/leo/package.xml
[2.469s] Invoked command in '/home/spacer/leo_ws/build/leo' returned '0': AMENT_PREFIX_PATH=/home/spacer/leo_ws/install/leo_teleop:/home/spacer/leo_ws/install/leo_msgs:/home/spacer/leo_ws/install/leo_description:${AMENT_PREFIX_PATH} CMAKE_PREFIX_PATH=/home/spacer/leo_ws/install/leo_teleop:/home/spacer/leo_ws/install/leo_msgs:/home/spacer/leo_ws/install/leo_description:/home/spacer/ros_ws/install/micro_ros_agent:/home/spacer/ros_ws/install/leo:/home/spacer/ros_ws/install/leo_teleop:/home/spacer/ros_ws/install/leo_msgs:/home/spacer/ros_ws/install/leo_description:/opt/ros/foxy LD_LIBRARY_PATH=/home/spacer/leo_ws/install/leo_msgs/lib:/home/spacer/ros_ws/install/micro_ros_agent/lib:/home/spacer/ros_ws/install/leo_msgs/lib:/opt/ros/foxy/opt/yaml_cpp_vendor/lib:/opt/ros/foxy/opt/rviz_ogre_vendor/lib:/opt/ros/foxy/lib/aarch64-linux-gnu:/opt/ros/foxy/lib:/usr/local/cuda-11.4/lib64 PYTHONPATH=/home/spacer/leo_ws/install/leo_msgs/lib/python3.8/site-packages:${PYTHONPATH} /usr/bin/cmake --install /home/spacer/leo_ws/build/leo
