[0.024s] Invoking command in '/home/spacer/sensor_ws/build/livox_ros_driver2': CMAKE_PREFIX_PATH=/opt/ros/humble /usr/bin/cmake /home/spacer/sensor_ws/src/livox_ros_driver2 -DROS_EDITION=ROS2 -DHUMBLE_ROS=humble -DCMAKE_INSTALL_PREFIX=/home/spacer/sensor_ws/install/livox_ros_driver2
[0.134s] -- The C compiler identification is GNU 9.4.0
[0.234s] -- The CXX compiler identification is GNU 9.4.0
[0.242s] -- Check for working C compiler: /usr/bin/cc
[0.376s] -- Check for working C compiler: /usr/bin/cc -- works
[0.378s] -- Detecting C compiler ABI info
[0.525s] -- Detecting C compiler ABI info - done
[0.559s] -- Detecting C compile features
[0.560s] -- Detecting C compile features - done
[0.566s] -- Check for working CXX compiler: /usr/bin/c++
[0.716s] -- Check for working CXX compiler: /usr/bin/c++ -- works
[0.718s] -- Detecting CXX compiler ABI info
[0.882s] -- Detecting CXX compiler ABI info - done
[0.916s] -- Detecting CXX compile features
[0.917s] -- Detecting CXX compile features - done
[0.920s] -- livox_ros_driver2 version: 1.0.0
[0.923s] -- Found ament_cmake_auto: 1.3.6 (/opt/ros/humble/share/ament_cmake_auto/cmake)
[1.211s] -- Found Python3: /usr/bin/python3.9 (found version "3.9.5") found components: Interpreter 
[1.601s] -- Using all available rosidl_typesupport_c: rosidl_typesupport_fastrtps_c;rosidl_typesupport_introspection_c
[1.615s] -- Found rosidl_adapter: 3.1.5 (/opt/ros/humble/share/rosidl_adapter/cmake)
[1.700s] -- Using all available rosidl_typesupport_cpp: rosidl_typesupport_fastrtps_cpp;rosidl_typesupport_introspection_cpp
[1.956s] -- Found rmw_implementation_cmake: 6.1.1 (/opt/ros/humble/share/rmw_implementation_cmake/cmake)
[1.961s] -- Found rmw_fastrtps_cpp: 6.2.5 (/opt/ros/humble/share/rmw_fastrtps_cpp/cmake)
[2.201s] -- Found OpenSSL: /usr/lib/aarch64-linux-gnu/libcrypto.so (found version "1.1.1f")  
[2.256s] -- Found FastRTPS: /opt/ros/humble/include  
[2.358s] -- Using RMW implementation 'rmw_fastrtps_cpp' as default
[2.377s] -- Looking for pthread.h
[2.516s] -- Looking for pthread.h - found
[2.516s] -- Performing Test CMAKE_HAVE_LIBC_PTHREAD
[2.666s] -- Performing Test CMAKE_HAVE_LIBC_PTHREAD - Failed
[2.667s] -- Looking for pthread_create in pthreads
[2.796s] -- Looking for pthread_create in pthreads - not found
[2.797s] -- Looking for pthread_create in pthread
[2.949s] -- Looking for pthread_create in pthread - found
[2.953s] -- Found Threads: TRUE  
[4.123s] -- Checking for module 'eigen3'
[4.155s] --   Found eigen3, version 3.3.7
[4.247s] -- Found Eigen: /usr/include/eigen3 (Required is at least version "3.1") 
[4.247s] -- Eigen found (include: /usr/include/eigen3, version: 3.3.7)
[4.325s] -- Found Boost: /usr/include (found suitable version "1.71.0", minimum required is "1.55.0") found components: system filesystem date_time iostreams regex 
[4.358s] -- Checking for module 'flann'
[4.395s] --   Found flann, version 1.9.1
[4.500s] -- Found FLANN: /usr/lib/aarch64-linux-gnu/libflann_cpp.so  
[4.607s] -- The imported target "vtkParseOGLExt" references the file
[4.607s]    "/usr/bin/vtkParseOGLExt-7.1"
[4.608s] but this file does not exist.  Possible reasons include:
[4.608s] * The file was deleted, renamed, or moved to another location.
[4.608s] * An install or uninstall procedure did not complete successfully.
[4.609s] * The installation package was faulty and contained
[4.609s]    "/usr/lib/cmake/vtk-7.1/VTKTargets.cmake"
[4.609s] but not all the files it references.
[4.609s] 
[4.610s] -- The imported target "vtkRenderingPythonTkWidgets" references the file
[4.610s]    "/usr/lib/aarch64-linux-gnu/libvtkRenderingPythonTkWidgets.so"
[4.610s] but this file does not exist.  Possible reasons include:
[4.610s] * The file was deleted, renamed, or moved to another location.
[4.611s] * An install or uninstall procedure did not complete successfully.
[4.611s] * The installation package was faulty and contained
[4.611s]    "/usr/lib/cmake/vtk-7.1/VTKTargets.cmake"
[4.611s] but not all the files it references.
[4.612s] 
[4.612s] -- The imported target "vtk" references the file
[4.612s]    "/usr/bin/vtk"
[4.612s] but this file does not exist.  Possible reasons include:
[4.613s] * The file was deleted, renamed, or moved to another location.
[4.613s] * An install or uninstall procedure did not complete successfully.
[4.613s] * The installation package was faulty and contained
[4.613s]    "/usr/lib/cmake/vtk-7.1/VTKTargets.cmake"
[4.613s] but not all the files it references.
[4.614s] 
[4.614s] -- The imported target "pvtk" references the file
[4.614s]    "/usr/bin/pvtk"
[4.614s] but this file does not exist.  Possible reasons include:
[4.615s] * The file was deleted, renamed, or moved to another location.
[4.615s] * An install or uninstall procedure did not complete successfully.
[4.615s] * The installation package was faulty and contained
[4.615s]    "/usr/lib/cmake/vtk-7.1/VTKTargets.cmake"
[4.616s] but not all the files it references.
[4.616s] 
[4.650s] -- Checking for module 'libusb-1.0'
[4.685s] --   Found libusb-1.0, version 1.0.23
[4.782s] -- Found USB_10: /usr/lib/aarch64-linux-gnu/libusb-1.0.so  
[4.933s] -- Found OpenNI: /usr/lib/libOpenNI.so  
[4.933s] -- OpenNI found (include: /usr/include/ni, lib: /usr/lib/libOpenNI.so)
[5.087s] -- Found OpenNI2: /usr/lib/libOpenNI2.so  
[5.087s] -- OpenNI2 found (include: /usr/include/openni2, lib: /usr/lib/libOpenNI2.so)
[5.087s] ** WARNING ** io features related to pcap will be disabled
[5.088s] ** WARNING ** io features related to png will be disabled
[5.116s] -- Found libusb-1.0: /usr/include  
[5.117s] ** WARNING ** io features related to libusb-1.0 will be disabled
[5.128s] -- OpenNI found (include: /usr/include/ni, lib: /usr/lib/libOpenNI.so)
[5.141s] -- OpenNI2 found (include: /usr/include/openni2, lib: /usr/lib/libOpenNI2.so)
[5.188s] -- Found Qhull: optimized;/usr/lib/aarch64-linux-gnu/libqhull.so;debug;/usr/lib/aarch64-linux-gnu/libqhull.so  
[5.189s] -- QHULL found (include: /usr/include, lib: optimized;/usr/lib/aarch64-linux-gnu/libqhull.so;debug;/usr/lib/aarch64-linux-gnu/libqhull.so)
[5.202s] -- OpenNI found (include: /usr/include/ni, lib: /usr/lib/libOpenNI.so)
[5.224s] -- looking for PCL_COMMON
[5.227s] -- Found PCL_COMMON: /usr/lib/aarch64-linux-gnu/libpcl_common.so  
[5.227s] -- looking for PCL_KDTREE
[5.229s] -- Found PCL_KDTREE: /usr/lib/aarch64-linux-gnu/libpcl_kdtree.so  
[5.229s] -- looking for PCL_OCTREE
[5.231s] -- Found PCL_OCTREE: /usr/lib/aarch64-linux-gnu/libpcl_octree.so  
[5.231s] -- looking for PCL_SEARCH
[5.233s] -- Found PCL_SEARCH: /usr/lib/aarch64-linux-gnu/libpcl_search.so  
[5.234s] -- looking for PCL_SAMPLE_CONSENSUS
[5.235s] -- Found PCL_SAMPLE_CONSENSUS: /usr/lib/aarch64-linux-gnu/libpcl_sample_consensus.so  
[5.236s] -- looking for PCL_FILTERS
[5.237s] -- Found PCL_FILTERS: /usr/lib/aarch64-linux-gnu/libpcl_filters.so  
[5.238s] -- looking for PCL_2D
[5.238s] -- Found PCL_2D: /usr/include/pcl-1.10  
[5.239s] -- looking for PCL_GEOMETRY
[5.239s] -- Found PCL_GEOMETRY: /usr/include/pcl-1.10  
[5.240s] -- looking for PCL_IO
[5.241s] -- Found PCL_IO: /usr/lib/aarch64-linux-gnu/libpcl_io.so  
[5.242s] -- looking for PCL_FEATURES
[5.244s] -- Found PCL_FEATURES: /usr/lib/aarch64-linux-gnu/libpcl_features.so  
[5.245s] -- looking for PCL_ML
[5.246s] -- Found PCL_ML: /usr/lib/aarch64-linux-gnu/libpcl_ml.so  
[5.247s] -- looking for PCL_SEGMENTATION
[5.248s] -- Found PCL_SEGMENTATION: /usr/lib/aarch64-linux-gnu/libpcl_segmentation.so  
[5.249s] -- looking for PCL_VISUALIZATION
[5.251s] -- Found PCL_VISUALIZATION: /usr/lib/aarch64-linux-gnu/libpcl_visualization.so  
[5.252s] -- looking for PCL_SURFACE
[5.253s] -- Found PCL_SURFACE: /usr/lib/aarch64-linux-gnu/libpcl_surface.so  
[5.254s] -- looking for PCL_REGISTRATION
[5.256s] -- Found PCL_REGISTRATION: /usr/lib/aarch64-linux-gnu/libpcl_registration.so  
[5.256s] -- looking for PCL_KEYPOINTS
[5.258s] -- Found PCL_KEYPOINTS: /usr/lib/aarch64-linux-gnu/libpcl_keypoints.so  
[5.259s] -- looking for PCL_TRACKING
[5.260s] -- Found PCL_TRACKING: /usr/lib/aarch64-linux-gnu/libpcl_tracking.so  
[5.261s] -- looking for PCL_RECOGNITION
[5.263s] -- Found PCL_RECOGNITION: /usr/lib/aarch64-linux-gnu/libpcl_recognition.so  
[5.264s] -- looking for PCL_STEREO
[5.265s] -- Found PCL_STEREO: /usr/lib/aarch64-linux-gnu/libpcl_stereo.so  
[5.266s] -- looking for PCL_APPS
[5.267s] -- Found PCL_APPS: /usr/lib/aarch64-linux-gnu/libpcl_apps.so  
[5.269s] -- looking for PCL_IN_HAND_SCANNER
[5.269s] -- Found PCL_IN_HAND_SCANNER: /usr/include/pcl-1.10  
[5.270s] -- looking for PCL_POINT_CLOUD_EDITOR
[5.271s] -- Found PCL_POINT_CLOUD_EDITOR: /usr/include/pcl-1.10  
[5.271s] -- looking for PCL_OUTOFCORE
[5.273s] -- Found PCL_OUTOFCORE: /usr/lib/aarch64-linux-gnu/libpcl_outofcore.so  
[5.273s] -- looking for PCL_PEOPLE
[5.275s] -- Found PCL_PEOPLE: /usr/lib/aarch64-linux-gnu/libpcl_people.so  
[5.278s] -- Found PCL: pcl_common;pcl_kdtree;pcl_octree;pcl_search;pcl_sample_consensus;pcl_filters;pcl_io;pcl_features;pcl_ml;pcl_segmentation;pcl_visualization;pcl_surface;pcl_registration;pcl_keypoints;pcl_tracking;pcl_recognition;pcl_stereo;pcl_apps;pcl_outofcore;pcl_people;/usr/lib/aarch64-linux-gnu/libboost_system.so;/usr/lib/aarch64-linux-gnu/libboost_filesystem.so;/usr/lib/aarch64-linux-gnu/libboost_date_time.so;/usr/lib/aarch64-linux-gnu/libboost_iostreams.so;/usr/lib/aarch64-linux-gnu/libboost_regex.so;optimized;/usr/lib/aarch64-linux-gnu/libqhull.so;debug;/usr/lib/aarch64-linux-gnu/libqhull.so;/usr/lib/libOpenNI.so;/usr/lib/libOpenNI2.so;vtkChartsCore;vtkCommonColor;vtkCommonCore;vtksys;vtkCommonDataModel;vtkCommonMath;vtkCommonMisc;vtkCommonSystem;vtkCommonTransforms;vtkCommonExecutionModel;vtkFiltersGeneral;vtkCommonComputationalGeometry;vtkFiltersCore;vtkInfovisCore;vtkFiltersExtraction;vtkFiltersStatistics;vtkImagingFourier;vtkImagingCore;vtkalglib;vtkRenderingContext2D;vtkRenderingCore;vtkFiltersGeometry;vtkFiltersSources;vtkRenderingFreeType;/usr/lib/aarch64-linux-gnu/libfreetype.so;/usr/lib/aarch64-linux-gnu/libz.so;vtkFiltersModeling;vtkImagingSources;vtkInteractionStyle;vtkInteractionWidgets;vtkFiltersHybrid;vtkImagingColor;vtkImagingGeneral;vtkImagingHybrid;vtkIOImage;vtkDICOMParser;vtkmetaio;/usr/lib/aarch64-linux-gnu/libjpeg.so;/usr/lib/aarch64-linux-gnu/libpng.so;/usr/lib/aarch64-linux-gnu/libtiff.so;vtkRenderingAnnotation;vtkRenderingVolume;vtkIOXML;vtkIOCore;vtkIOXMLParser;/usr/lib/aarch64-linux-gnu/libexpat.so;vtkIOGeometry;vtkIOLegacy;vtkIOPLY;vtkRenderingLOD;vtkViewsContext2D;vtkViewsCore;vtkRenderingContextOpenGL2;vtkRenderingOpenGL2;FLANN::FLANN  
[5.288s] -- Found PkgConfig: /usr/bin/pkg-config (found version "0.29.1") 
[5.290s] -- Checking for module 'apr-1'
[5.297s] --   No package 'apr-1' found
[6.103s] -- Found ament_cmake_ros: 0.10.0 (/opt/ros/humble/share/ament_cmake_ros/cmake)
[7.047s] -- Using all available rosidl_typesupport_c: rosidl_typesupport_fastrtps_c;rosidl_typesupport_introspection_c
[8.213s] -- Using all available rosidl_typesupport_cpp: rosidl_typesupport_fastrtps_cpp;rosidl_typesupport_introspection_cpp
[8.264s] -- Found PythonInterp: /usr/bin/python3 (found suitable version "3.8.10", minimum required is "3.6") 
[8.269s] -- Found python_cmake_module: 0.10.0 (/opt/ros/humble/share/python_cmake_module/cmake)
[8.334s] -- Found PythonLibs: /usr/lib/aarch64-linux-gnu/libpython3.8.so (found suitable version "3.8.10", minimum required is "3.5") 
[8.334s] -- Using PYTHON_EXECUTABLE: /usr/bin/python3
[8.334s] -- Using PYTHON_INCLUDE_DIRS: /usr/include/python3.8
[8.334s] -- Using PYTHON_LIBRARIES: /usr/lib/aarch64-linux-gnu/libpython3.8.so
[8.377s] -- Found PythonExtra: .so  
[8.676s] -- Found ament_lint_auto: 0.12.9 (/opt/ros/humble/share/ament_lint_auto/cmake)
[8.717s] -- Added test 'copyright' to check source files copyright and LICENSE
[8.729s] -- Added test 'cppcheck' to perform static code analysis on C / C++ code
[8.734s] -- Configured cppcheck include dirs: /home/spacer/sensor_ws/src/livox_ros_driver2/3rdparty;/home/spacer/sensor_ws/src/livox_ros_driver2/src
[8.734s] -- Configured cppcheck exclude dirs and/or files: 
[8.745s] -- Added test 'cpplint' to check C / C++ code against the Google style
[8.746s] -- Configured cpplint exclude dirs and/or files: 
[8.748s] -- Added test 'flake8' to check Python code syntax and style conventions
[8.751s] -- Added test 'lint_cmake' to check CMake code style
[8.754s] -- Added test 'pep257' to check Python code against some of the docstring style conventions in PEP 257
[8.765s] -- Added test 'uncrustify' to check C / C++ code style
[8.765s] -- Configured uncrustify additional arguments: 
[8.767s] -- Added test 'xmllint' to check XML markup files
[8.782s] -- Configuring done
[8.967s] -- Generating done
[8.976s] -- Build files have been written to: /home/spacer/sensor_ws/build/livox_ros_driver2
[9.019s] Invoked command in '/home/spacer/sensor_ws/build/livox_ros_driver2' returned '0': CMAKE_PREFIX_PATH=/opt/ros/humble /usr/bin/cmake /home/spacer/sensor_ws/src/livox_ros_driver2 -DROS_EDITION=ROS2 -DHUMBLE_ROS=humble -DCMAKE_INSTALL_PREFIX=/home/spacer/sensor_ws/install/livox_ros_driver2
[9.028s] Invoking command in '/home/spacer/sensor_ws/build/livox_ros_driver2': CMAKE_PREFIX_PATH=/opt/ros/humble /usr/bin/cmake --build /home/spacer/sensor_ws/build/livox_ros_driver2 -- -j6 -l6
[9.121s] [  1%] [34m[1mGenerating C code for ROS interfaces[0m
[9.121s] [35m[1mScanning dependencies of target ament_cmake_python_copy_livox_ros_driver2[0m
[9.121s] [35m[1mScanning dependencies of target livox_interfaces2__cpp[0m
[9.122s] [35m[1mScanning dependencies of target livox_ros_driver2_node[0m
[9.151s] [  3%] [34m[1mGenerating C++ code for ROS interfaces[0m
[9.163s] [  3%] Built target ament_cmake_python_copy_livox_ros_driver2
[9.187s] [35m[1mScanning dependencies of target ament_cmake_python_build_livox_ros_driver2_egg[0m
[9.222s] [  5%] [32mBuilding CXX object CMakeFiles/livox_ros_driver2_node.dir/rclcpp_components/node_main_livox_ros_driver2_node.cpp.o[0m
[9.867s] running egg_info
[9.868s] creating livox_ros_driver2.egg-info
[9.868s] writing livox_ros_driver2.egg-info/PKG-INFO
[9.869s] writing dependency_links to livox_ros_driver2.egg-info/dependency_links.txt
[9.869s] writing top-level names to livox_ros_driver2.egg-info/top_level.txt
[9.879s] writing manifest file 'livox_ros_driver2.egg-info/SOURCES.txt'
[9.985s] reading manifest file 'livox_ros_driver2.egg-info/SOURCES.txt'
[9.986s] writing manifest file 'livox_ros_driver2.egg-info/SOURCES.txt'
[10.070s] [  5%] Built target ament_cmake_python_build_livox_ros_driver2_egg
[10.081s] [35m[1mScanning dependencies of target livox_interfaces2__rosidl_generator_c[0m
[10.105s] [  5%] Built target livox_interfaces2__cpp
[10.108s] [  8%] [32mBuilding C object CMakeFiles/livox_interfaces2__rosidl_generator_c.dir/rosidl_generator_c/livox_ros_driver2/msg/detail/custom_point__functions.c.o[0m
[10.109s] [  8%] [32mBuilding C object CMakeFiles/livox_interfaces2__rosidl_generator_c.dir/rosidl_generator_c/livox_ros_driver2/msg/detail/custom_msg__functions.c.o[0m
[10.128s] [ 10%] [34m[1mGenerating C++ introspection for ROS interfaces[0m
[10.134s] [ 14%] [34m[1mGenerating C++ type support dispatch for ROS interfaces[0m
[10.135s] [ 14%] [34m[1mGenerating C++ type support for eProsima Fast-RTPS[0m
[10.250s] [ 15%] [32m[1mLinking C shared library liblivox_ros_driver2__rosidl_generator_c.so[0m
[10.325s] [ 15%] Built target livox_interfaces2__rosidl_generator_c
[10.349s] [ 17%] [34m[1mGenerating C type support dispatch for ROS interfaces[0m
[10.366s] [ 19%] [34m[1mGenerating C type support for eProsima Fast-RTPS[0m
[11.072s] [35m[1mScanning dependencies of target livox_interfaces2__rosidl_typesupport_introspection_cpp[0m
[11.104s] [ 21%] [32mBuilding CXX object CMakeFiles/livox_interfaces2__rosidl_typesupport_introspection_cpp.dir/rosidl_typesupport_introspection_cpp/livox_ros_driver2/msg/detail/custom_point__type_support.cpp.o[0m
[11.170s] [35m[1mScanning dependencies of target livox_interfaces2__rosidl_typesupport_c[0m
[11.200s] [ 22%] [32mBuilding CXX object CMakeFiles/livox_interfaces2__rosidl_typesupport_c.dir/rosidl_typesupport_c/livox_ros_driver2/msg/custom_point__type_support.cpp.o[0m
[11.249s] [35m[1mScanning dependencies of target livox_interfaces2__rosidl_typesupport_cpp[0m
[11.278s] [ 24%] [32mBuilding CXX object CMakeFiles/livox_interfaces2__rosidl_typesupport_cpp.dir/rosidl_typesupport_cpp/livox_ros_driver2/msg/custom_point__type_support.cpp.o[0m
[11.317s] [ 26%] [32mBuilding CXX object CMakeFiles/livox_interfaces2__rosidl_typesupport_c.dir/rosidl_typesupport_c/livox_ros_driver2/msg/custom_msg__type_support.cpp.o[0m
[11.361s] [35m[1mScanning dependencies of target livox_interfaces2__rosidl_typesupport_fastrtps_cpp[0m
[11.404s] [ 28%] [32mBuilding CXX object CMakeFiles/livox_interfaces2__rosidl_typesupport_fastrtps_cpp.dir/rosidl_typesupport_fastrtps_cpp/livox_ros_driver2/msg/detail/dds_fastrtps/custom_point__type_support.cpp.o[0m
[11.421s] [ 29%] [32m[1mLinking CXX shared library liblivox_ros_driver2__rosidl_typesupport_c.so[0m
[11.464s] [35m[1mScanning dependencies of target livox_interfaces2__rosidl_typesupport_fastrtps_c[0m
[11.508s] [ 31%] [32mBuilding CXX object CMakeFiles/livox_interfaces2__rosidl_typesupport_fastrtps_c.dir/rosidl_typesupport_fastrtps_c/livox_ros_driver2/msg/detail/custom_point__type_support_c.cpp.o[0m
[11.535s] [ 31%] Built target livox_interfaces2__rosidl_typesupport_c
[11.569s] [ 33%] [32mBuilding CXX object CMakeFiles/livox_interfaces2__rosidl_typesupport_fastrtps_c.dir/rosidl_typesupport_fastrtps_c/livox_ros_driver2/msg/detail/custom_msg__type_support_c.cpp.o[0m
[11.973s] [ 35%] [32mBuilding CXX object CMakeFiles/livox_interfaces2__rosidl_typesupport_cpp.dir/rosidl_typesupport_cpp/livox_ros_driver2/msg/custom_msg__type_support.cpp.o[0m
[12.087s] [ 36%] [32mBuilding CXX object CMakeFiles/livox_interfaces2__rosidl_typesupport_introspection_cpp.dir/rosidl_typesupport_introspection_cpp/livox_ros_driver2/msg/detail/custom_msg__type_support.cpp.o[0m
[12.377s] [ 38%] [34m[1mGenerating C introspection for ROS interfaces[0m
[12.620s] [ 40%] [32m[1mLinking CXX shared library liblivox_ros_driver2__rosidl_typesupport_fastrtps_c.so[0m
[12.676s] [ 42%] [32m[1mLinking CXX shared library liblivox_ros_driver2__rosidl_typesupport_cpp.so[0m
[12.766s] [ 42%] Built target livox_interfaces2__rosidl_typesupport_cpp
[12.793s] [35m[1mScanning dependencies of target livox_ros_driver2[0m
[12.897s] [ 42%] Built target livox_interfaces2__rosidl_typesupport_fastrtps_c
[12.918s] [ 43%] [32mBuilding CXX object CMakeFiles/livox_interfaces2__rosidl_typesupport_fastrtps_cpp.dir/rosidl_typesupport_fastrtps_cpp/livox_ros_driver2/msg/detail/dds_fastrtps/custom_msg__type_support.cpp.o[0m
[13.207s] [ 45%] [32mBuilding CXX object CMakeFiles/livox_ros_driver2.dir/src/lddc.cpp.o[0m
[13.220s] [ 47%] [32mBuilding CXX object CMakeFiles/livox_ros_driver2.dir/src/livox_ros_driver2.cpp.o[0m
[13.309s] [ 49%] [32m[1mLinking CXX shared library liblivox_ros_driver2__rosidl_typesupport_introspection_cpp.so[0m
[13.433s] [35m[1mScanning dependencies of target livox_interfaces2__rosidl_typesupport_introspection_c[0m
[13.518s] [ 49%] Built target livox_interfaces2__rosidl_typesupport_introspection_cpp
[13.522s] [ 50%] [32mBuilding C object CMakeFiles/livox_interfaces2__rosidl_typesupport_introspection_c.dir/rosidl_typesupport_introspection_c/livox_ros_driver2/msg/detail/custom_point__type_support.c.o[0m
[13.544s] [ 52%] [32mBuilding CXX object CMakeFiles/livox_ros_driver2.dir/src/driver_node.cpp.o[0m
[13.680s] [ 54%] [32mBuilding C object CMakeFiles/livox_interfaces2__rosidl_typesupport_introspection_c.dir/rosidl_typesupport_introspection_c/livox_ros_driver2/msg/detail/custom_msg__type_support.c.o[0m
[13.791s] [ 56%] [32m[1mLinking C shared library liblivox_ros_driver2__rosidl_typesupport_introspection_c.so[0m
[13.883s] [ 56%] Built target livox_interfaces2__rosidl_typesupport_introspection_c
[13.904s] [ 57%] [32mBuilding CXX object CMakeFiles/livox_ros_driver2.dir/src/lds.cpp.o[0m
[14.078s] [ 59%] [32m[1mLinking CXX shared library liblivox_ros_driver2__rosidl_typesupport_fastrtps_cpp.so[0m
[14.284s] [ 59%] Built target livox_interfaces2__rosidl_typesupport_fastrtps_cpp
[14.307s] [ 61%] [32mBuilding CXX object CMakeFiles/livox_ros_driver2.dir/src/lds_lidar.cpp.o[0m
[15.750s] [ 63%] [32mBuilding CXX object CMakeFiles/livox_ros_driver2.dir/src/comm/comm.cpp.o[0m
[16.676s] [ 64%] [32mBuilding CXX object CMakeFiles/livox_ros_driver2.dir/src/comm/ldq.cpp.o[0m
[17.159s] [ 66%] [32mBuilding CXX object CMakeFiles/livox_ros_driver2.dir/src/comm/semaphore.cpp.o[0m
[17.975s] [ 68%] [32mBuilding CXX object CMakeFiles/livox_ros_driver2.dir/src/comm/lidar_imu_data_queue.cpp.o[0m
[18.790s] [ 70%] [32mBuilding CXX object CMakeFiles/livox_ros_driver2.dir/src/comm/cache_index.cpp.o[0m
[19.105s] [ 71%] [32mBuilding CXX object CMakeFiles/livox_ros_driver2.dir/src/comm/pub_handler.cpp.o[0m
[20.275s] [ 73%] [32m[1mLinking CXX executable livox_ros_driver2_node[0m
[20.821s] [ 75%] [32mBuilding CXX object CMakeFiles/livox_ros_driver2.dir/src/parse_cfg_file/parse_cfg_file.cpp.o[0m
[20.983s] [ 75%] Built target livox_ros_driver2_node
[21.023s] [ 77%] [32mBuilding CXX object CMakeFiles/livox_ros_driver2.dir/src/parse_cfg_file/parse_livox_lidar_cfg.cpp.o[0m
[22.387s] [ 78%] [32mBuilding CXX object CMakeFiles/livox_ros_driver2.dir/src/call_back/lidar_common_callback.cpp.o[0m
[23.108s] [ 80%] [32mBuilding CXX object CMakeFiles/livox_ros_driver2.dir/src/call_back/livox_lidar_callback.cpp.o[0m
[24.033s] [35m[1mScanning dependencies of target livox_interfaces2[0m
[24.064s] [ 80%] Built target livox_interfaces2
[24.094s] [35m[1mScanning dependencies of target livox_interfaces2__py[0m
[24.125s] [ 82%] [34m[1mGenerating Python code for ROS interfaces[0m
[25.671s] [ 82%] Built target livox_interfaces2__py
[25.695s] [35m[1mScanning dependencies of target livox_interfaces2__rosidl_generator_py[0m
[25.741s] [ 84%] [32mBuilding C object CMakeFiles/livox_interfaces2__rosidl_generator_py.dir/rosidl_generator_py/livox_ros_driver2/msg/_custom_point_s.c.o[0m
[25.757s] [ 85%] [32mBuilding C object CMakeFiles/livox_interfaces2__rosidl_generator_py.dir/rosidl_generator_py/livox_ros_driver2/msg/_custom_msg_s.c.o[0m
[26.045s] [ 87%] [32m[1mLinking C shared library rosidl_generator_py/livox_ros_driver2/liblivox_interfaces2__rosidl_generator_py.so[0m
[26.129s] [ 87%] Built target livox_interfaces2__rosidl_generator_py
[26.153s] [35m[1mScanning dependencies of target livox_ros_driver2__rosidl_typesupport_fastrtps_c__pyext[0m
[26.158s] [35m[1mScanning dependencies of target livox_ros_driver2__rosidl_typesupport_c__pyext[0m
[26.176s] [35m[1mScanning dependencies of target livox_ros_driver2__rosidl_typesupport_introspection_c__pyext[0m
[26.214s] [ 89%] [32mBuilding C object CMakeFiles/livox_ros_driver2__rosidl_typesupport_fastrtps_c__pyext.dir/rosidl_generator_py/livox_ros_driver2/_livox_ros_driver2_s.ep.rosidl_typesupport_fastrtps_c.c.o[0m
[26.236s] [ 91%] [32mBuilding C object CMakeFiles/livox_ros_driver2__rosidl_typesupport_c__pyext.dir/rosidl_generator_py/livox_ros_driver2/_livox_ros_driver2_s.ep.rosidl_typesupport_c.c.o[0m
[26.255s] [ 92%] [32mBuilding C object CMakeFiles/livox_ros_driver2__rosidl_typesupport_introspection_c__pyext.dir/rosidl_generator_py/livox_ros_driver2/_livox_ros_driver2_s.ep.rosidl_typesupport_introspection_c.c.o[0m
[26.455s] [ 94%] [32m[1mLinking C shared library rosidl_generator_py/livox_ros_driver2/livox_ros_driver2_s__rosidl_typesupport_introspection_c.cpython-38-aarch64-linux-gnu.so[0m
[26.520s] [ 96%] [32m[1mLinking C shared library rosidl_generator_py/livox_ros_driver2/livox_ros_driver2_s__rosidl_typesupport_c.cpython-38-aarch64-linux-gnu.so[0m
[26.569s] [ 96%] Built target livox_ros_driver2__rosidl_typesupport_introspection_c__pyext
[26.582s] [ 98%] [32m[1mLinking C shared library rosidl_generator_py/livox_ros_driver2/livox_ros_driver2_s__rosidl_typesupport_fastrtps_c.cpython-38-aarch64-linux-gnu.so[0m
[26.629s] [ 98%] Built target livox_ros_driver2__rosidl_typesupport_c__pyext
[26.678s] [ 98%] Built target livox_ros_driver2__rosidl_typesupport_fastrtps_c__pyext
[39.161s] [100%] [32m[1mLinking CXX shared library liblivox_ros_driver2.so[0m
[41.664s] [100%] Built target livox_ros_driver2
[41.693s] Invoked command in '/home/spacer/sensor_ws/build/livox_ros_driver2' returned '0': CMAKE_PREFIX_PATH=/opt/ros/humble /usr/bin/cmake --build /home/spacer/sensor_ws/build/livox_ros_driver2 -- -j6 -l6
[41.900s] Invoking command in '/home/spacer/sensor_ws/build/livox_ros_driver2': CMAKE_PREFIX_PATH=/opt/ros/humble /usr/bin/cmake --install /home/spacer/sensor_ws/build/livox_ros_driver2
[41.919s] -- Install configuration: ""
[41.919s] -- Installing: /home/spacer/sensor_ws/install/livox_ros_driver2/share/ament_index/resource_index/rosidl_interfaces/livox_ros_driver2
[41.920s] -- Installing: /home/spacer/sensor_ws/install/livox_ros_driver2/include/livox_ros_driver2/livox_ros_driver2
[41.920s] -- Installing: /home/spacer/sensor_ws/install/livox_ros_driver2/include/livox_ros_driver2/livox_ros_driver2/msg
[41.920s] -- Installing: /home/spacer/sensor_ws/install/livox_ros_driver2/include/livox_ros_driver2/livox_ros_driver2/msg/custom_point.h
[41.921s] -- Installing: /home/spacer/sensor_ws/install/livox_ros_driver2/include/livox_ros_driver2/livox_ros_driver2/msg/custom_msg.h
[41.921s] -- Installing: /home/spacer/sensor_ws/install/livox_ros_driver2/include/livox_ros_driver2/livox_ros_driver2/msg/detail
[41.921s] -- Installing: /home/spacer/sensor_ws/install/livox_ros_driver2/include/livox_ros_driver2/livox_ros_driver2/msg/detail/custom_msg__type_support.h
[41.921s] -- Installing: /home/spacer/sensor_ws/install/livox_ros_driver2/include/livox_ros_driver2/livox_ros_driver2/msg/detail/custom_msg__functions.c
[41.921s] -- Installing: /home/spacer/sensor_ws/install/livox_ros_driver2/include/livox_ros_driver2/livox_ros_driver2/msg/detail/custom_point__struct.h
[41.922s] -- Installing: /home/spacer/sensor_ws/install/livox_ros_driver2/include/livox_ros_driver2/livox_ros_driver2/msg/detail/custom_point__functions.c
[41.922s] -- Installing: /home/spacer/sensor_ws/install/livox_ros_driver2/include/livox_ros_driver2/livox_ros_driver2/msg/detail/custom_msg__functions.h
[41.922s] -- Installing: /home/spacer/sensor_ws/install/livox_ros_driver2/include/livox_ros_driver2/livox_ros_driver2/msg/detail/custom_msg__struct.h
[41.922s] -- Installing: /home/spacer/sensor_ws/install/livox_ros_driver2/include/livox_ros_driver2/livox_ros_driver2/msg/detail/custom_point__type_support.h
[41.923s] -- Installing: /home/spacer/sensor_ws/install/livox_ros_driver2/include/livox_ros_driver2/livox_ros_driver2/msg/detail/custom_point__functions.h
[41.923s] -- Installing: /home/spacer/sensor_ws/install/livox_ros_driver2/include/livox_ros_driver2/livox_ros_driver2/msg/rosidl_generator_c__visibility_control.h
[41.923s] -- Installing: /home/spacer/sensor_ws/install/livox_ros_driver2/share/livox_ros_driver2/environment/library_path.sh
[41.923s] -- Installing: /home/spacer/sensor_ws/install/livox_ros_driver2/share/livox_ros_driver2/environment/library_path.dsv
[41.923s] -- Installing: /home/spacer/sensor_ws/install/livox_ros_driver2/lib/liblivox_ros_driver2__rosidl_generator_c.so
[41.924s] -- Set runtime path of "/home/spacer/sensor_ws/install/livox_ros_driver2/lib/liblivox_ros_driver2__rosidl_generator_c.so" to ""
[41.924s] -- Up-to-date: /home/spacer/sensor_ws/install/livox_ros_driver2/include/livox_ros_driver2/livox_ros_driver2
[41.925s] -- Up-to-date: /home/spacer/sensor_ws/install/livox_ros_driver2/include/livox_ros_driver2/livox_ros_driver2/msg
[41.925s] -- Installing: /home/spacer/sensor_ws/install/livox_ros_driver2/include/livox_ros_driver2/livox_ros_driver2/msg/rosidl_typesupport_fastrtps_c__visibility_control.h
[41.925s] -- Up-to-date: /home/spacer/sensor_ws/install/livox_ros_driver2/include/livox_ros_driver2/livox_ros_driver2/msg/detail
[41.925s] -- Installing: /home/spacer/sensor_ws/install/livox_ros_driver2/include/livox_ros_driver2/livox_ros_driver2/msg/detail/custom_msg__rosidl_typesupport_fastrtps_c.h
[41.926s] -- Installing: /home/spacer/sensor_ws/install/livox_ros_driver2/include/livox_ros_driver2/livox_ros_driver2/msg/detail/custom_point__rosidl_typesupport_fastrtps_c.h
[41.926s] -- Installing: /home/spacer/sensor_ws/install/livox_ros_driver2/lib/liblivox_ros_driver2__rosidl_typesupport_fastrtps_c.so
[41.926s] -- Set runtime path of "/home/spacer/sensor_ws/install/livox_ros_driver2/lib/liblivox_ros_driver2__rosidl_typesupport_fastrtps_c.so" to ""
[41.926s] -- Up-to-date: /home/spacer/sensor_ws/install/livox_ros_driver2/include/livox_ros_driver2/livox_ros_driver2
[41.927s] -- Up-to-date: /home/spacer/sensor_ws/install/livox_ros_driver2/include/livox_ros_driver2/livox_ros_driver2/msg
[41.927s] -- Installing: /home/spacer/sensor_ws/install/livox_ros_driver2/include/livox_ros_driver2/livox_ros_driver2/msg/rosidl_typesupport_introspection_c__visibility_control.h
[41.927s] -- Up-to-date: /home/spacer/sensor_ws/install/livox_ros_driver2/include/livox_ros_driver2/livox_ros_driver2/msg/detail
[41.927s] -- Installing: /home/spacer/sensor_ws/install/livox_ros_driver2/include/livox_ros_driver2/livox_ros_driver2/msg/detail/custom_point__type_support.c
[41.927s] -- Installing: /home/spacer/sensor_ws/install/livox_ros_driver2/include/livox_ros_driver2/livox_ros_driver2/msg/detail/custom_msg__type_support.c
[41.927s] -- Installing: /home/spacer/sensor_ws/install/livox_ros_driver2/include/livox_ros_driver2/livox_ros_driver2/msg/detail/custom_msg__rosidl_typesupport_introspection_c.h
[41.928s] -- Installing: /home/spacer/sensor_ws/install/livox_ros_driver2/include/livox_ros_driver2/livox_ros_driver2/msg/detail/custom_point__rosidl_typesupport_introspection_c.h
[41.928s] -- Installing: /home/spacer/sensor_ws/install/livox_ros_driver2/lib/liblivox_ros_driver2__rosidl_typesupport_introspection_c.so
[41.928s] -- Set runtime path of "/home/spacer/sensor_ws/install/livox_ros_driver2/lib/liblivox_ros_driver2__rosidl_typesupport_introspection_c.so" to ""
[41.929s] -- Installing: /home/spacer/sensor_ws/install/livox_ros_driver2/lib/liblivox_ros_driver2__rosidl_typesupport_c.so
[41.929s] -- Set runtime path of "/home/spacer/sensor_ws/install/livox_ros_driver2/lib/liblivox_ros_driver2__rosidl_typesupport_c.so" to ""
[41.929s] -- Up-to-date: /home/spacer/sensor_ws/install/livox_ros_driver2/include/livox_ros_driver2/livox_ros_driver2
[41.930s] -- Up-to-date: /home/spacer/sensor_ws/install/livox_ros_driver2/include/livox_ros_driver2/livox_ros_driver2/msg
[41.930s] -- Installing: /home/spacer/sensor_ws/install/livox_ros_driver2/include/livox_ros_driver2/livox_ros_driver2/msg/custom_point.hpp
[41.930s] -- Installing: /home/spacer/sensor_ws/install/livox_ros_driver2/include/livox_ros_driver2/livox_ros_driver2/msg/custom_msg.hpp
[41.930s] -- Up-to-date: /home/spacer/sensor_ws/install/livox_ros_driver2/include/livox_ros_driver2/livox_ros_driver2/msg/detail
[41.930s] -- Installing: /home/spacer/sensor_ws/install/livox_ros_driver2/include/livox_ros_driver2/livox_ros_driver2/msg/detail/custom_point__traits.hpp
[41.930s] -- Installing: /home/spacer/sensor_ws/install/livox_ros_driver2/include/livox_ros_driver2/livox_ros_driver2/msg/detail/custom_msg__traits.hpp
[41.931s] -- Installing: /home/spacer/sensor_ws/install/livox_ros_driver2/include/livox_ros_driver2/livox_ros_driver2/msg/detail/custom_msg__builder.hpp
[41.931s] -- Installing: /home/spacer/sensor_ws/install/livox_ros_driver2/include/livox_ros_driver2/livox_ros_driver2/msg/detail/custom_point__builder.hpp
[41.931s] -- Installing: /home/spacer/sensor_ws/install/livox_ros_driver2/include/livox_ros_driver2/livox_ros_driver2/msg/detail/custom_point__struct.hpp
[41.931s] -- Installing: /home/spacer/sensor_ws/install/livox_ros_driver2/include/livox_ros_driver2/livox_ros_driver2/msg/detail/custom_msg__struct.hpp
[41.931s] -- Up-to-date: /home/spacer/sensor_ws/install/livox_ros_driver2/include/livox_ros_driver2/livox_ros_driver2
[41.932s] -- Up-to-date: /home/spacer/sensor_ws/install/livox_ros_driver2/include/livox_ros_driver2/livox_ros_driver2/msg
[41.932s] -- Installing: /home/spacer/sensor_ws/install/livox_ros_driver2/include/livox_ros_driver2/livox_ros_driver2/msg/rosidl_typesupport_fastrtps_cpp__visibility_control.h
[41.932s] -- Up-to-date: /home/spacer/sensor_ws/install/livox_ros_driver2/include/livox_ros_driver2/livox_ros_driver2/msg/detail
[41.932s] -- Installing: /home/spacer/sensor_ws/install/livox_ros_driver2/include/livox_ros_driver2/livox_ros_driver2/msg/detail/custom_msg__rosidl_typesupport_fastrtps_cpp.hpp
[41.932s] -- Installing: /home/spacer/sensor_ws/install/livox_ros_driver2/include/livox_ros_driver2/livox_ros_driver2/msg/detail/custom_point__rosidl_typesupport_fastrtps_cpp.hpp
[41.932s] -- Installing: /home/spacer/sensor_ws/install/livox_ros_driver2/include/livox_ros_driver2/livox_ros_driver2/msg/detail/dds_fastrtps
[41.933s] -- Installing: /home/spacer/sensor_ws/install/livox_ros_driver2/lib/liblivox_ros_driver2__rosidl_typesupport_fastrtps_cpp.so
[41.933s] -- Set runtime path of "/home/spacer/sensor_ws/install/livox_ros_driver2/lib/liblivox_ros_driver2__rosidl_typesupport_fastrtps_cpp.so" to ""
[41.933s] -- Up-to-date: /home/spacer/sensor_ws/install/livox_ros_driver2/include/livox_ros_driver2/livox_ros_driver2
[41.934s] -- Up-to-date: /home/spacer/sensor_ws/install/livox_ros_driver2/include/livox_ros_driver2/livox_ros_driver2/msg
[41.934s] -- Up-to-date: /home/spacer/sensor_ws/install/livox_ros_driver2/include/livox_ros_driver2/livox_ros_driver2/msg/detail
[41.934s] -- Installing: /home/spacer/sensor_ws/install/livox_ros_driver2/include/livox_ros_driver2/livox_ros_driver2/msg/detail/custom_msg__type_support.cpp
[41.934s] -- Installing: /home/spacer/sensor_ws/install/livox_ros_driver2/include/livox_ros_driver2/livox_ros_driver2/msg/detail/custom_point__type_support.cpp
[41.934s] -- Installing: /home/spacer/sensor_ws/install/livox_ros_driver2/include/livox_ros_driver2/livox_ros_driver2/msg/detail/custom_point__rosidl_typesupport_introspection_cpp.hpp
[41.934s] -- Installing: /home/spacer/sensor_ws/install/livox_ros_driver2/include/livox_ros_driver2/livox_ros_driver2/msg/detail/custom_msg__rosidl_typesupport_introspection_cpp.hpp
[41.935s] -- Installing: /home/spacer/sensor_ws/install/livox_ros_driver2/lib/liblivox_ros_driver2__rosidl_typesupport_introspection_cpp.so
[41.936s] -- Set runtime path of "/home/spacer/sensor_ws/install/livox_ros_driver2/lib/liblivox_ros_driver2__rosidl_typesupport_introspection_cpp.so" to ""
[41.936s] -- Installing: /home/spacer/sensor_ws/install/livox_ros_driver2/lib/liblivox_ros_driver2__rosidl_typesupport_cpp.so
[41.936s] -- Set runtime path of "/home/spacer/sensor_ws/install/livox_ros_driver2/lib/liblivox_ros_driver2__rosidl_typesupport_cpp.so" to ""
[41.936s] -- Installing: /home/spacer/sensor_ws/install/livox_ros_driver2/share/livox_ros_driver2/environment/pythonpath.sh
[41.937s] -- Installing: /home/spacer/sensor_ws/install/livox_ros_driver2/share/livox_ros_driver2/environment/pythonpath.dsv
[41.937s] -- Installing: /home/spacer/sensor_ws/install/livox_ros_driver2/lib/python3.9/site-packages/livox_ros_driver2-1.0.0-py3.9.egg-info
[41.937s] -- Installing: /home/spacer/sensor_ws/install/livox_ros_driver2/lib/python3.9/site-packages/livox_ros_driver2-1.0.0-py3.9.egg-info/PKG-INFO
[41.937s] -- Installing: /home/spacer/sensor_ws/install/livox_ros_driver2/lib/python3.9/site-packages/livox_ros_driver2-1.0.0-py3.9.egg-info/SOURCES.txt
[41.938s] -- Installing: /home/spacer/sensor_ws/install/livox_ros_driver2/lib/python3.9/site-packages/livox_ros_driver2-1.0.0-py3.9.egg-info/top_level.txt
[41.938s] -- Installing: /home/spacer/sensor_ws/install/livox_ros_driver2/lib/python3.9/site-packages/livox_ros_driver2-1.0.0-py3.9.egg-info/dependency_links.txt
[41.938s] -- Installing: /home/spacer/sensor_ws/install/livox_ros_driver2/lib/python3.9/site-packages/livox_ros_driver2
[41.938s] -- Installing: /home/spacer/sensor_ws/install/livox_ros_driver2/lib/python3.9/site-packages/livox_ros_driver2/_livox_ros_driver2_s.ep.rosidl_typesupport_introspection_c.c
[41.939s] -- Installing: /home/spacer/sensor_ws/install/livox_ros_driver2/lib/python3.9/site-packages/livox_ros_driver2/_livox_ros_driver2_s.ep.rosidl_typesupport_c.c
[41.939s] -- Installing: /home/spacer/sensor_ws/install/livox_ros_driver2/lib/python3.9/site-packages/livox_ros_driver2/_livox_ros_driver2_s.ep.rosidl_typesupport_fastrtps_c.c
[41.939s] -- Installing: /home/spacer/sensor_ws/install/livox_ros_driver2/lib/python3.9/site-packages/livox_ros_driver2/msg
[41.939s] -- Installing: /home/spacer/sensor_ws/install/livox_ros_driver2/lib/python3.9/site-packages/livox_ros_driver2/msg/_custom_msg.py
[41.939s] -- Installing: /home/spacer/sensor_ws/install/livox_ros_driver2/lib/python3.9/site-packages/livox_ros_driver2/msg/_custom_msg_s.c
[41.940s] -- Installing: /home/spacer/sensor_ws/install/livox_ros_driver2/lib/python3.9/site-packages/livox_ros_driver2/msg/_custom_point_s.c
[41.940s] -- Installing: /home/spacer/sensor_ws/install/livox_ros_driver2/lib/python3.9/site-packages/livox_ros_driver2/msg/__init__.py
[41.940s] -- Installing: /home/spacer/sensor_ws/install/livox_ros_driver2/lib/python3.9/site-packages/livox_ros_driver2/msg/_custom_point.py
[41.940s] -- Installing: /home/spacer/sensor_ws/install/livox_ros_driver2/lib/python3.9/site-packages/livox_ros_driver2/livox_ros_driver2_s__rosidl_typesupport_fastrtps_c.cpython-38-aarch64-linux-gnu.so
[41.940s] -- Installing: /home/spacer/sensor_ws/install/livox_ros_driver2/lib/python3.9/site-packages/livox_ros_driver2/livox_ros_driver2_s__rosidl_typesupport_c.cpython-38-aarch64-linux-gnu.so
[41.941s] -- Installing: /home/spacer/sensor_ws/install/livox_ros_driver2/lib/python3.9/site-packages/livox_ros_driver2/__init__.py
[41.941s] -- Installing: /home/spacer/sensor_ws/install/livox_ros_driver2/lib/python3.9/site-packages/livox_ros_driver2/livox_ros_driver2_s__rosidl_typesupport_introspection_c.cpython-38-aarch64-linux-gnu.so
[41.941s] -- Installing: /home/spacer/sensor_ws/install/livox_ros_driver2/lib/python3.9/site-packages/livox_ros_driver2/liblivox_interfaces2__rosidl_generator_py.so
[42.019s] Listing '/home/spacer/sensor_ws/install/livox_ros_driver2/lib/python3.9/site-packages/livox_ros_driver2'...
[42.019s] Compiling '/home/spacer/sensor_ws/install/livox_ros_driver2/lib/python3.9/site-packages/livox_ros_driver2/__init__.py'...
[42.019s] Listing '/home/spacer/sensor_ws/install/livox_ros_driver2/lib/python3.9/site-packages/livox_ros_driver2/msg'...
[42.019s] Compiling '/home/spacer/sensor_ws/install/livox_ros_driver2/lib/python3.9/site-packages/livox_ros_driver2/msg/__init__.py'...
[42.019s] Compiling '/home/spacer/sensor_ws/install/livox_ros_driver2/lib/python3.9/site-packages/livox_ros_driver2/msg/_custom_msg.py'...
[42.020s] Compiling '/home/spacer/sensor_ws/install/livox_ros_driver2/lib/python3.9/site-packages/livox_ros_driver2/msg/_custom_point.py'...
[42.033s] -- Installing: /home/spacer/sensor_ws/install/livox_ros_driver2/lib/python3.9/site-packages/livox_ros_driver2/livox_ros_driver2_s__rosidl_typesupport_fastrtps_c.cpython-38-aarch64-linux-gnu.so
[42.033s] -- Set runtime path of "/home/spacer/sensor_ws/install/livox_ros_driver2/lib/python3.9/site-packages/livox_ros_driver2/livox_ros_driver2_s__rosidl_typesupport_fastrtps_c.cpython-38-aarch64-linux-gnu.so" to ""
[42.034s] -- Installing: /home/spacer/sensor_ws/install/livox_ros_driver2/lib/python3.9/site-packages/livox_ros_driver2/livox_ros_driver2_s__rosidl_typesupport_introspection_c.cpython-38-aarch64-linux-gnu.so
[42.035s] -- Set runtime path of "/home/spacer/sensor_ws/install/livox_ros_driver2/lib/python3.9/site-packages/livox_ros_driver2/livox_ros_driver2_s__rosidl_typesupport_introspection_c.cpython-38-aarch64-linux-gnu.so" to ""
[42.036s] -- Installing: /home/spacer/sensor_ws/install/livox_ros_driver2/lib/python3.9/site-packages/livox_ros_driver2/livox_ros_driver2_s__rosidl_typesupport_c.cpython-38-aarch64-linux-gnu.so
[42.037s] -- Set runtime path of "/home/spacer/sensor_ws/install/livox_ros_driver2/lib/python3.9/site-packages/livox_ros_driver2/livox_ros_driver2_s__rosidl_typesupport_c.cpython-38-aarch64-linux-gnu.so" to ""
[42.037s] -- Installing: /home/spacer/sensor_ws/install/livox_ros_driver2/lib/liblivox_interfaces2__rosidl_generator_py.so
[42.038s] -- Set runtime path of "/home/spacer/sensor_ws/install/livox_ros_driver2/lib/liblivox_interfaces2__rosidl_generator_py.so" to ""
[42.038s] -- Installing: /home/spacer/sensor_ws/install/livox_ros_driver2/share/livox_ros_driver2/msg/CustomPoint.idl
[42.038s] -- Installing: /home/spacer/sensor_ws/install/livox_ros_driver2/share/livox_ros_driver2/msg/CustomMsg.idl
[42.038s] -- Installing: /home/spacer/sensor_ws/install/livox_ros_driver2/share/livox_ros_driver2/msg/CustomPoint.msg
[42.039s] -- Installing: /home/spacer/sensor_ws/install/livox_ros_driver2/share/livox_ros_driver2/msg/CustomMsg.msg
[42.039s] -- Installing: /home/spacer/sensor_ws/install/livox_ros_driver2/lib/livox_ros_driver2/livox_ros_driver2_node
[42.040s] -- Set runtime path of "/home/spacer/sensor_ws/install/livox_ros_driver2/lib/livox_ros_driver2/livox_ros_driver2_node" to ""
[42.040s] -- Installing: /home/spacer/sensor_ws/install/livox_ros_driver2/lib/liblivox_ros_driver2.so
[42.047s] -- Set runtime path of "/home/spacer/sensor_ws/install/livox_ros_driver2/lib/liblivox_ros_driver2.so" to ""
[42.047s] -- Installing: /home/spacer/sensor_ws/install/livox_ros_driver2/share/livox_ros_driver2/config
[42.047s] -- Installing: /home/spacer/sensor_ws/install/livox_ros_driver2/share/livox_ros_driver2/config/mixed_HAP_MID360_config.json
[42.047s] -- Installing: /home/spacer/sensor_ws/install/livox_ros_driver2/share/livox_ros_driver2/config/display_point_cloud_ROS2.rviz
[42.048s] -- Installing: /home/spacer/sensor_ws/install/livox_ros_driver2/share/livox_ros_driver2/config/display_point_cloud_ROS1.rviz
[42.048s] -- Installing: /home/spacer/sensor_ws/install/livox_ros_driver2/share/livox_ros_driver2/config/HAP_config.json
[42.048s] -- Installing: /home/spacer/sensor_ws/install/livox_ros_driver2/share/livox_ros_driver2/config/MID360_config.json
[42.048s] -- Installing: /home/spacer/sensor_ws/install/livox_ros_driver2/share/livox_ros_driver2/launch_ROS2
[42.048s] -- Installing: /home/spacer/sensor_ws/install/livox_ros_driver2/share/livox_ros_driver2/launch_ROS2/msg_MID360_launch.py
[42.048s] -- Installing: /home/spacer/sensor_ws/install/livox_ros_driver2/share/livox_ros_driver2/launch_ROS2/msg_HAP_launch.py
[42.049s] -- Installing: /home/spacer/sensor_ws/install/livox_ros_driver2/share/livox_ros_driver2/launch_ROS2/rviz_mixed.py
[42.049s] -- Installing: /home/spacer/sensor_ws/install/livox_ros_driver2/share/livox_ros_driver2/launch_ROS2/rviz_HAP_launch.py
[42.049s] -- Installing: /home/spacer/sensor_ws/install/livox_ros_driver2/share/livox_ros_driver2/launch_ROS2/rviz_MID360_launch.py
[42.049s] -- Installing: /home/spacer/sensor_ws/install/livox_ros_driver2/share/ament_index/resource_index/package_run_dependencies/livox_ros_driver2
[42.050s] -- Installing: /home/spacer/sensor_ws/install/livox_ros_driver2/share/ament_index/resource_index/parent_prefix_path/livox_ros_driver2
[42.050s] -- Installing: /home/spacer/sensor_ws/install/livox_ros_driver2/share/livox_ros_driver2/environment/ament_prefix_path.sh
[42.050s] -- Installing: /home/spacer/sensor_ws/install/livox_ros_driver2/share/livox_ros_driver2/environment/ament_prefix_path.dsv
[42.051s] -- Installing: /home/spacer/sensor_ws/install/livox_ros_driver2/share/livox_ros_driver2/environment/path.sh
[42.051s] -- Installing: /home/spacer/sensor_ws/install/livox_ros_driver2/share/livox_ros_driver2/environment/path.dsv
[42.051s] -- Installing: /home/spacer/sensor_ws/install/livox_ros_driver2/share/livox_ros_driver2/local_setup.bash
[42.052s] -- Installing: /home/spacer/sensor_ws/install/livox_ros_driver2/share/livox_ros_driver2/local_setup.sh
[42.052s] -- Installing: /home/spacer/sensor_ws/install/livox_ros_driver2/share/livox_ros_driver2/local_setup.zsh
[42.052s] -- Installing: /home/spacer/sensor_ws/install/livox_ros_driver2/share/livox_ros_driver2/local_setup.dsv
[42.052s] -- Installing: /home/spacer/sensor_ws/install/livox_ros_driver2/share/livox_ros_driver2/package.dsv
[42.053s] -- Installing: /home/spacer/sensor_ws/install/livox_ros_driver2/share/ament_index/resource_index/packages/livox_ros_driver2
[42.053s] -- Installing: /home/spacer/sensor_ws/install/livox_ros_driver2/share/livox_ros_driver2/cmake/export_livox_interfaces2__rosidl_generator_cExport.cmake
[42.053s] -- Installing: /home/spacer/sensor_ws/install/livox_ros_driver2/share/livox_ros_driver2/cmake/export_livox_interfaces2__rosidl_generator_cExport-noconfig.cmake
[42.054s] -- Installing: /home/spacer/sensor_ws/install/livox_ros_driver2/share/livox_ros_driver2/cmake/export_livox_interfaces2__rosidl_typesupport_fastrtps_cExport.cmake
[42.054s] -- Installing: /home/spacer/sensor_ws/install/livox_ros_driver2/share/livox_ros_driver2/cmake/export_livox_interfaces2__rosidl_typesupport_fastrtps_cExport-noconfig.cmake
[42.055s] -- Installing: /home/spacer/sensor_ws/install/livox_ros_driver2/share/livox_ros_driver2/cmake/livox_interfaces2__rosidl_typesupport_introspection_cExport.cmake
[42.055s] -- Installing: /home/spacer/sensor_ws/install/livox_ros_driver2/share/livox_ros_driver2/cmake/livox_interfaces2__rosidl_typesupport_introspection_cExport-noconfig.cmake
[42.055s] -- Installing: /home/spacer/sensor_ws/install/livox_ros_driver2/share/livox_ros_driver2/cmake/livox_interfaces2__rosidl_typesupport_cExport.cmake
[42.056s] -- Installing: /home/spacer/sensor_ws/install/livox_ros_driver2/share/livox_ros_driver2/cmake/livox_interfaces2__rosidl_typesupport_cExport-noconfig.cmake
[42.056s] -- Installing: /home/spacer/sensor_ws/install/livox_ros_driver2/share/livox_ros_driver2/cmake/export_livox_interfaces2__rosidl_generator_cppExport.cmake
[42.056s] -- Installing: /home/spacer/sensor_ws/install/livox_ros_driver2/share/livox_ros_driver2/cmake/export_livox_interfaces2__rosidl_typesupport_fastrtps_cppExport.cmake
[42.057s] -- Installing: /home/spacer/sensor_ws/install/livox_ros_driver2/share/livox_ros_driver2/cmake/export_livox_interfaces2__rosidl_typesupport_fastrtps_cppExport-noconfig.cmake
[42.057s] -- Installing: /home/spacer/sensor_ws/install/livox_ros_driver2/share/livox_ros_driver2/cmake/livox_interfaces2__rosidl_typesupport_introspection_cppExport.cmake
[42.057s] -- Installing: /home/spacer/sensor_ws/install/livox_ros_driver2/share/livox_ros_driver2/cmake/livox_interfaces2__rosidl_typesupport_introspection_cppExport-noconfig.cmake
[42.058s] -- Installing: /home/spacer/sensor_ws/install/livox_ros_driver2/share/livox_ros_driver2/cmake/livox_interfaces2__rosidl_typesupport_cppExport.cmake
[42.058s] -- Installing: /home/spacer/sensor_ws/install/livox_ros_driver2/share/livox_ros_driver2/cmake/livox_interfaces2__rosidl_typesupport_cppExport-noconfig.cmake
[42.059s] -- Installing: /home/spacer/sensor_ws/install/livox_ros_driver2/share/livox_ros_driver2/cmake/export_livox_interfaces2__rosidl_generator_pyExport.cmake
[42.059s] -- Installing: /home/spacer/sensor_ws/install/livox_ros_driver2/share/livox_ros_driver2/cmake/export_livox_interfaces2__rosidl_generator_pyExport-noconfig.cmake
[42.059s] -- Installing: /home/spacer/sensor_ws/install/livox_ros_driver2/share/ament_index/resource_index/rclcpp_components/livox_ros_driver2
[42.060s] -- Installing: /home/spacer/sensor_ws/install/livox_ros_driver2/share/livox_ros_driver2/cmake/rosidl_cmake-extras.cmake
[42.060s] -- Installing: /home/spacer/sensor_ws/install/livox_ros_driver2/share/livox_ros_driver2/cmake/ament_cmake_export_dependencies-extras.cmake
[42.060s] -- Installing: /home/spacer/sensor_ws/install/livox_ros_driver2/share/livox_ros_driver2/cmake/ament_cmake_export_include_directories-extras.cmake
[42.060s] -- Installing: /home/spacer/sensor_ws/install/livox_ros_driver2/share/livox_ros_driver2/cmake/ament_cmake_export_libraries-extras.cmake
[42.061s] -- Installing: /home/spacer/sensor_ws/install/livox_ros_driver2/share/livox_ros_driver2/cmake/ament_cmake_export_targets-extras.cmake
[42.061s] -- Installing: /home/spacer/sensor_ws/install/livox_ros_driver2/share/livox_ros_driver2/cmake/rosidl_cmake_export_typesupport_targets-extras.cmake
[42.062s] -- Installing: /home/spacer/sensor_ws/install/livox_ros_driver2/share/livox_ros_driver2/cmake/rosidl_cmake_export_typesupport_libraries-extras.cmake
[42.062s] -- Installing: /home/spacer/sensor_ws/install/livox_ros_driver2/share/livox_ros_driver2/cmake/livox_ros_driver2Config.cmake
[42.062s] -- Installing: /home/spacer/sensor_ws/install/livox_ros_driver2/share/livox_ros_driver2/cmake/livox_ros_driver2Config-version.cmake
[42.063s] -- Installing: /home/spacer/sensor_ws/install/livox_ros_driver2/share/livox_ros_driver2/package.xml
[42.069s] Invoked command in '/home/spacer/sensor_ws/build/livox_ros_driver2' returned '0': CMAKE_PREFIX_PATH=/opt/ros/humble /usr/bin/cmake --install /home/spacer/sensor_ws/build/livox_ros_driver2
