[0.553s] DEBUG:colcon:Command line arguments: ['/usr/bin/colcon', 'build']
[0.553s] DEBUG:colcon:Parsed command line arguments: Namespace(allow_overriding=[], ament_cmake_args=None, base_paths=['.'], build_base='build', catkin_cmake_args=None, catkin_skip_building_tests=False, cmake_args=None, cmake_clean_cache=False, cmake_clean_first=False, cmake_force_configure=False, cmake_target=None, cmake_target_skip_unavailable=False, continue_on_error=False, event_handlers=None, executor='parallel', ignore_user_meta=False, install_base='install', log_base=None, log_level=None, main=<bound method BuildVerb.main of <colcon_core.verb.build.BuildVerb object at 0xffffb84c0550>>, merge_install=False, metas=['./colcon.meta'], packages_above=None, packages_above_and_dependencies=None, packages_above_depth=None, packages_end=None, packages_ignore=None, packages_ignore_regex=None, packages_select=None, packages_select_build_failed=False, packages_select_by_dep=None, packages_select_regex=None, packages_select_test_failures=False, packages_skip=None, packages_skip_build_finished=False, packages_skip_by_dep=None, packages_skip_regex=None, packages_skip_test_passed=False, packages_skip_up_to=None, packages_start=None, packages_up_to=None, packages_up_to_regex=None, parallel_workers=6, paths=None, symlink_install=False, test_result_base=None, verb_extension=<colcon_core.verb.build.BuildVerb object at 0xffffb84c0550>, verb_name='build', verb_parser=<colcon_defaults.argument_parser.defaults.DefaultArgumentsDecorator object at 0xffffb835d1f0>)
[0.959s] Level 1:colcon.colcon_core.package_discovery:discover_packages(colcon_meta) check parameters
[0.960s] Level 1:colcon.colcon_core.package_discovery:discover_packages(recursive) check parameters
[0.960s] Level 1:colcon.colcon_core.package_discovery:discover_packages(ignore) check parameters
[0.960s] Level 1:colcon.colcon_core.package_discovery:discover_packages(path) check parameters
[0.960s] Level 1:colcon.colcon_core.package_discovery:discover_packages(colcon_meta) discover
[0.960s] Level 1:colcon.colcon_core.package_discovery:discover_packages(recursive) discover
[0.960s] INFO:colcon.colcon_core.package_discovery:Crawling recursively for packages in '/home/spacer/custom_messages'
[0.961s] Level 1:colcon.colcon_core.package_identification:_identify(.) by extensions ['ignore', 'ignore_ament_install']
[0.961s] Level 1:colcon.colcon_core.package_identification:_identify(.) by extension 'ignore'
[0.961s] Level 1:colcon.colcon_core.package_identification:_identify(.) by extension 'ignore_ament_install'
[0.962s] Level 1:colcon.colcon_core.package_identification:_identify(.) by extensions ['colcon_pkg']
[0.962s] Level 1:colcon.colcon_core.package_identification:_identify(.) by extension 'colcon_pkg'
[0.962s] Level 1:colcon.colcon_core.package_identification:_identify(.) by extensions ['colcon_meta']
[0.962s] Level 1:colcon.colcon_core.package_identification:_identify(.) by extension 'colcon_meta'
[0.962s] Level 1:colcon.colcon_core.package_identification:_identify(.) by extensions ['ros']
[0.962s] Level 1:colcon.colcon_core.package_identification:_identify(.) by extension 'ros'
[0.989s] Level 1:colcon.colcon_core.package_identification:_identify(.) by extensions ['cmake', 'python']
[0.989s] Level 1:colcon.colcon_core.package_identification:_identify(.) by extension 'cmake'
[0.989s] Level 1:colcon.colcon_core.package_identification:_identify(.) by extension 'python'
[0.989s] Level 1:colcon.colcon_core.package_identification:_identify(.) by extensions ['python_setup_py']
[0.989s] Level 1:colcon.colcon_core.package_identification:_identify(.) by extension 'python_setup_py'
[0.990s] Level 1:colcon.colcon_core.package_identification:_identify(build) by extensions ['ignore', 'ignore_ament_install']
[0.990s] Level 1:colcon.colcon_core.package_identification:_identify(build) by extension 'ignore'
[0.990s] Level 1:colcon.colcon_core.package_identification:_identify(build) ignored
[0.990s] Level 1:colcon.colcon_core.package_identification:_identify(install) by extensions ['ignore', 'ignore_ament_install']
[0.990s] Level 1:colcon.colcon_core.package_identification:_identify(install) by extension 'ignore'
[0.991s] Level 1:colcon.colcon_core.package_identification:_identify(install) ignored
[0.991s] Level 1:colcon.colcon_core.package_identification:_identify(log) by extensions ['ignore', 'ignore_ament_install']
[0.991s] Level 1:colcon.colcon_core.package_identification:_identify(log) by extension 'ignore'
[0.991s] Level 1:colcon.colcon_core.package_identification:_identify(log) ignored
[0.991s] Level 1:colcon.colcon_core.package_identification:_identify(src) by extensions ['ignore', 'ignore_ament_install']
[0.992s] Level 1:colcon.colcon_core.package_identification:_identify(src) by extension 'ignore'
[0.992s] Level 1:colcon.colcon_core.package_identification:_identify(src) by extension 'ignore_ament_install'
[0.992s] Level 1:colcon.colcon_core.package_identification:_identify(src) by extensions ['colcon_pkg']
[0.992s] Level 1:colcon.colcon_core.package_identification:_identify(src) by extension 'colcon_pkg'
[0.992s] Level 1:colcon.colcon_core.package_identification:_identify(src) by extensions ['colcon_meta']
[0.992s] Level 1:colcon.colcon_core.package_identification:_identify(src) by extension 'colcon_meta'
[0.992s] Level 1:colcon.colcon_core.package_identification:_identify(src) by extensions ['ros']
[0.992s] Level 1:colcon.colcon_core.package_identification:_identify(src) by extension 'ros'
[0.992s] Level 1:colcon.colcon_core.package_identification:_identify(src) by extensions ['cmake', 'python']
[0.993s] Level 1:colcon.colcon_core.package_identification:_identify(src) by extension 'cmake'
[0.993s] Level 1:colcon.colcon_core.package_identification:_identify(src) by extension 'python'
[0.993s] Level 1:colcon.colcon_core.package_identification:_identify(src) by extensions ['python_setup_py']
[0.993s] Level 1:colcon.colcon_core.package_identification:_identify(src) by extension 'python_setup_py'
[0.993s] Level 1:colcon.colcon_core.package_identification:_identify(src/docker_messages) by extensions ['ignore', 'ignore_ament_install']
[0.993s] Level 1:colcon.colcon_core.package_identification:_identify(src/docker_messages) by extension 'ignore'
[0.993s] Level 1:colcon.colcon_core.package_identification:_identify(src/docker_messages) by extension 'ignore_ament_install'
[0.994s] Level 1:colcon.colcon_core.package_identification:_identify(src/docker_messages) by extensions ['colcon_pkg']
[0.994s] Level 1:colcon.colcon_core.package_identification:_identify(src/docker_messages) by extension 'colcon_pkg'
[0.994s] Level 1:colcon.colcon_core.package_identification:_identify(src/docker_messages) by extensions ['colcon_meta']
[0.994s] Level 1:colcon.colcon_core.package_identification:_identify(src/docker_messages) by extension 'colcon_meta'
[0.994s] Level 1:colcon.colcon_core.package_identification:_identify(src/docker_messages) by extensions ['ros']
[0.994s] Level 1:colcon.colcon_core.package_identification:_identify(src/docker_messages) by extension 'ros'
[1.000s] DEBUG:colcon.colcon_core.package_identification:Package 'src/docker_messages' with type 'ros.ament_cmake' and name 'docker_messages'
[1.001s] Level 1:colcon.colcon_core.package_discovery:discover_packages(recursive) using defaults
[1.001s] Level 1:colcon.colcon_core.package_discovery:discover_packages(ignore) discover
[1.001s] Level 1:colcon.colcon_core.package_discovery:discover_packages(ignore) using defaults
[1.001s] Level 1:colcon.colcon_core.package_discovery:discover_packages(path) discover
[1.001s] Level 1:colcon.colcon_core.package_discovery:discover_packages(path) using defaults
[1.043s] Level 1:colcon.colcon_core.package_discovery:discover_packages(prefix_path) check parameters
[1.043s] Level 1:colcon.colcon_core.package_discovery:discover_packages(prefix_path) discover
[1.053s] DEBUG:colcon.colcon_installed_package_information.package_discovery:Found 363 installed packages in /opt/ros/humble
[1.085s] Level 1:colcon.colcon_core.package_discovery:discover_packages(prefix_path) using defaults
[1.285s] Level 5:colcon.colcon_core.verb:set package 'docker_messages' build argument 'cmake_args' from command line to 'None'
[1.285s] Level 5:colcon.colcon_core.verb:set package 'docker_messages' build argument 'cmake_target' from command line to 'None'
[1.285s] Level 5:colcon.colcon_core.verb:set package 'docker_messages' build argument 'cmake_target_skip_unavailable' from command line to 'False'
[1.285s] Level 5:colcon.colcon_core.verb:set package 'docker_messages' build argument 'cmake_clean_cache' from command line to 'False'
[1.285s] Level 5:colcon.colcon_core.verb:set package 'docker_messages' build argument 'cmake_clean_first' from command line to 'False'
[1.285s] Level 5:colcon.colcon_core.verb:set package 'docker_messages' build argument 'cmake_force_configure' from command line to 'False'
[1.285s] Level 5:colcon.colcon_core.verb:set package 'docker_messages' build argument 'ament_cmake_args' from command line to 'None'
[1.285s] Level 5:colcon.colcon_core.verb:set package 'docker_messages' build argument 'catkin_cmake_args' from command line to 'None'
[1.286s] Level 5:colcon.colcon_core.verb:set package 'docker_messages' build argument 'catkin_skip_building_tests' from command line to 'False'
[1.286s] DEBUG:colcon.colcon_core.verb:Building package 'docker_messages' with the following arguments: {'ament_cmake_args': None, 'build_base': '/home/spacer/custom_messages/build/docker_messages', 'catkin_cmake_args': None, 'catkin_skip_building_tests': False, 'cmake_args': None, 'cmake_clean_cache': False, 'cmake_clean_first': False, 'cmake_force_configure': False, 'cmake_target': None, 'cmake_target_skip_unavailable': False, 'install_base': '/home/spacer/custom_messages/install/docker_messages', 'merge_install': False, 'path': '/home/spacer/custom_messages/src/docker_messages', 'symlink_install': False, 'test_result_base': None}
[1.286s] INFO:colcon.colcon_core.executor:Executing jobs using 'parallel' executor
[1.288s] DEBUG:colcon.colcon_parallel_executor.executor.parallel:run_until_complete
[1.289s] INFO:colcon.colcon_ros.task.ament_cmake.build:Building ROS package in '/home/spacer/custom_messages/src/docker_messages' with build type 'ament_cmake'
[1.289s] INFO:colcon.colcon_cmake.task.cmake.build:Building CMake package in '/home/spacer/custom_messages/src/docker_messages'
[1.298s] INFO:colcon.colcon_core.plugin_system:Skipping extension 'colcon_core.shell.bat': Not used on non-Windows systems
[1.298s] INFO:colcon.colcon_core.shell:Skip shell extension 'powershell' for command environment: Not usable outside of PowerShell
[1.298s] DEBUG:colcon.colcon_core.shell:Skip shell extension 'dsv' for command environment
[1.317s] DEBUG:colcon.colcon_core.event_handler.log_command:Invoking command in '/home/spacer/custom_messages/build/docker_messages': CMAKE_PREFIX_PATH=/opt/ros/humble /usr/bin/cmake /home/spacer/custom_messages/src/docker_messages -DCMAKE_INSTALL_PREFIX=/home/spacer/custom_messages/install/docker_messages
[7.030s] DEBUG:colcon.colcon_core.event_handler.log_command:Invoked command in '/home/spacer/custom_messages/build/docker_messages' returned '0': CMAKE_PREFIX_PATH=/opt/ros/humble /usr/bin/cmake /home/spacer/custom_messages/src/docker_messages -DCMAKE_INSTALL_PREFIX=/home/spacer/custom_messages/install/docker_messages
[7.034s] DEBUG:colcon.colcon_core.event_handler.log_command:Invoking command in '/home/spacer/custom_messages/build/docker_messages': CMAKE_PREFIX_PATH=/opt/ros/humble /usr/bin/cmake --build /home/spacer/custom_messages/build/docker_messages -- -j6 -l6
[17.517s] DEBUG:colcon.colcon_core.event_handler.log_command:Invoked command in '/home/spacer/custom_messages/build/docker_messages' returned '0': CMAKE_PREFIX_PATH=/opt/ros/humble /usr/bin/cmake --build /home/spacer/custom_messages/build/docker_messages -- -j6 -l6
[17.683s] DEBUG:colcon.colcon_core.event_handler.log_command:Invoking command in '/home/spacer/custom_messages/build/docker_messages': CMAKE_PREFIX_PATH=/opt/ros/humble /usr/bin/cmake --install /home/spacer/custom_messages/build/docker_messages
[17.854s] Level 1:colcon.colcon_core.environment:create_environment_scripts_only(docker_messages)
[17.858s] DEBUG:colcon.colcon_core.event_handler.log_command:Invoked command in '/home/spacer/custom_messages/build/docker_messages' returned '0': CMAKE_PREFIX_PATH=/opt/ros/humble /usr/bin/cmake --install /home/spacer/custom_messages/build/docker_messages
[17.868s] Level 1:colcon.colcon_core.environment:checking '/home/spacer/custom_messages/install/docker_messages' for CMake module files
[17.869s] Level 1:colcon.colcon_core.environment:checking '/home/spacer/custom_messages/install/docker_messages' for CMake config files
[17.870s] Level 1:colcon.colcon_core.shell:create_environment_hook('docker_messages', 'cmake_prefix_path')
[17.871s] INFO:colcon.colcon_core.shell:Creating environment hook '/home/spacer/custom_messages/install/docker_messages/share/docker_messages/hook/cmake_prefix_path.ps1'
[17.873s] INFO:colcon.colcon_core.shell:Creating environment descriptor '/home/spacer/custom_messages/install/docker_messages/share/docker_messages/hook/cmake_prefix_path.dsv'
[17.874s] INFO:colcon.colcon_core.shell:Creating environment hook '/home/spacer/custom_messages/install/docker_messages/share/docker_messages/hook/cmake_prefix_path.sh'
[17.877s] Level 1:colcon.colcon_core.environment:checking '/home/spacer/custom_messages/install/docker_messages/lib'
[17.877s] Level 1:colcon.colcon_core.shell:create_environment_hook('docker_messages', 'ld_library_path_lib')
[17.878s] INFO:colcon.colcon_core.shell:Creating environment hook '/home/spacer/custom_messages/install/docker_messages/share/docker_messages/hook/ld_library_path_lib.ps1'
[17.879s] INFO:colcon.colcon_core.shell:Creating environment descriptor '/home/spacer/custom_messages/install/docker_messages/share/docker_messages/hook/ld_library_path_lib.dsv'
[17.880s] INFO:colcon.colcon_core.shell:Creating environment hook '/home/spacer/custom_messages/install/docker_messages/share/docker_messages/hook/ld_library_path_lib.sh'
[17.880s] Level 1:colcon.colcon_core.environment:checking '/home/spacer/custom_messages/install/docker_messages/bin'
[17.881s] Level 1:colcon.colcon_core.environment:checking '/home/spacer/custom_messages/install/docker_messages/lib/pkgconfig/docker_messages.pc'
[17.881s] Level 1:colcon.colcon_core.environment:checking '/home/spacer/custom_messages/install/docker_messages/lib/python3.8/site-packages'
[17.882s] Level 1:colcon.colcon_core.environment:checking '/home/spacer/custom_messages/install/docker_messages/bin'
[17.882s] INFO:colcon.colcon_core.shell:Creating package script '/home/spacer/custom_messages/install/docker_messages/share/docker_messages/package.ps1'
[17.884s] INFO:colcon.colcon_core.shell:Creating package descriptor '/home/spacer/custom_messages/install/docker_messages/share/docker_messages/package.dsv'
[17.886s] INFO:colcon.colcon_core.shell:Creating package script '/home/spacer/custom_messages/install/docker_messages/share/docker_messages/package.sh'
[17.888s] INFO:colcon.colcon_core.shell:Creating package script '/home/spacer/custom_messages/install/docker_messages/share/docker_messages/package.bash'
[17.890s] INFO:colcon.colcon_core.shell:Creating package script '/home/spacer/custom_messages/install/docker_messages/share/docker_messages/package.zsh'
[17.891s] Level 1:colcon.colcon_core.environment:create_file_with_runtime_dependencies(/home/spacer/custom_messages/install/docker_messages/share/colcon-core/packages/docker_messages)
[18.037s] Level 1:colcon.colcon_core.environment:create_environment_scripts_only(docker_messages)
[18.037s] Level 1:colcon.colcon_core.environment:checking '/home/spacer/custom_messages/install/docker_messages' for CMake module files
[18.039s] Level 1:colcon.colcon_core.environment:checking '/home/spacer/custom_messages/install/docker_messages' for CMake config files
[18.039s] Level 1:colcon.colcon_core.shell:create_environment_hook('docker_messages', 'cmake_prefix_path')
[18.040s] INFO:colcon.colcon_core.shell:Creating environment hook '/home/spacer/custom_messages/install/docker_messages/share/docker_messages/hook/cmake_prefix_path.ps1'
[18.041s] INFO:colcon.colcon_core.shell:Creating environment descriptor '/home/spacer/custom_messages/install/docker_messages/share/docker_messages/hook/cmake_prefix_path.dsv'
[18.042s] INFO:colcon.colcon_core.shell:Creating environment hook '/home/spacer/custom_messages/install/docker_messages/share/docker_messages/hook/cmake_prefix_path.sh'
[18.043s] Level 1:colcon.colcon_core.environment:checking '/home/spacer/custom_messages/install/docker_messages/lib'
[18.044s] Level 1:colcon.colcon_core.shell:create_environment_hook('docker_messages', 'ld_library_path_lib')
[18.044s] INFO:colcon.colcon_core.shell:Creating environment hook '/home/spacer/custom_messages/install/docker_messages/share/docker_messages/hook/ld_library_path_lib.ps1'
[18.046s] INFO:colcon.colcon_core.shell:Creating environment descriptor '/home/spacer/custom_messages/install/docker_messages/share/docker_messages/hook/ld_library_path_lib.dsv'
[18.046s] INFO:colcon.colcon_core.shell:Creating environment hook '/home/spacer/custom_messages/install/docker_messages/share/docker_messages/hook/ld_library_path_lib.sh'
[18.047s] Level 1:colcon.colcon_core.environment:checking '/home/spacer/custom_messages/install/docker_messages/bin'
[18.047s] Level 1:colcon.colcon_core.environment:checking '/home/spacer/custom_messages/install/docker_messages/lib/pkgconfig/docker_messages.pc'
[18.048s] Level 1:colcon.colcon_core.environment:checking '/home/spacer/custom_messages/install/docker_messages/lib/python3.8/site-packages'
[18.048s] Level 1:colcon.colcon_core.environment:checking '/home/spacer/custom_messages/install/docker_messages/bin'
[18.049s] INFO:colcon.colcon_core.shell:Creating package script '/home/spacer/custom_messages/install/docker_messages/share/docker_messages/package.ps1'
[18.051s] INFO:colcon.colcon_core.shell:Creating package descriptor '/home/spacer/custom_messages/install/docker_messages/share/docker_messages/package.dsv'
[18.052s] INFO:colcon.colcon_core.shell:Creating package script '/home/spacer/custom_messages/install/docker_messages/share/docker_messages/package.sh'
[18.053s] INFO:colcon.colcon_core.shell:Creating package script '/home/spacer/custom_messages/install/docker_messages/share/docker_messages/package.bash'
[18.054s] INFO:colcon.colcon_core.shell:Creating package script '/home/spacer/custom_messages/install/docker_messages/share/docker_messages/package.zsh'
[18.055s] Level 1:colcon.colcon_core.environment:create_file_with_runtime_dependencies(/home/spacer/custom_messages/install/docker_messages/share/colcon-core/packages/docker_messages)
[18.056s] DEBUG:colcon.colcon_parallel_executor.executor.parallel:closing loop
[18.058s] DEBUG:colcon.colcon_parallel_executor.executor.parallel:loop closed
[18.058s] DEBUG:colcon.colcon_parallel_executor.executor.parallel:run_until_complete finished with '0'
[18.058s] DEBUG:colcon.colcon_core.event_reactor:joining thread
[18.072s] INFO:colcon.colcon_core.plugin_system:Skipping extension 'colcon_notification.desktop_notification.terminal_notifier': Not used on non-Darwin systems
[18.073s] INFO:colcon.colcon_core.plugin_system:Skipping extension 'colcon_notification.desktop_notification.win32': Not used on non-Windows systems
[18.073s] INFO:colcon.colcon_notification.desktop_notification:Sending desktop notification using 'notify2'
[18.106s] DEBUG:colcon.colcon_notification.desktop_notification.notify2:Failed to initialize notify2: org.freedesktop.DBus.Error.Spawn.ChildExited: Process org.freedesktop.Notifications exited with status 1
[18.106s] DEBUG:colcon.colcon_core.event_reactor:joined thread
[18.107s] INFO:colcon.colcon_core.shell:Creating prefix script '/home/spacer/custom_messages/install/local_setup.ps1'
[18.111s] INFO:colcon.colcon_core.shell:Creating prefix util module '/home/spacer/custom_messages/install/_local_setup_util_ps1.py'
[18.115s] INFO:colcon.colcon_core.shell:Creating prefix chain script '/home/spacer/custom_messages/install/setup.ps1'
[18.118s] INFO:colcon.colcon_core.shell:Creating prefix script '/home/spacer/custom_messages/install/local_setup.sh'
[18.119s] INFO:colcon.colcon_core.shell:Creating prefix util module '/home/spacer/custom_messages/install/_local_setup_util_sh.py'
[18.120s] INFO:colcon.colcon_core.shell:Creating prefix chain script '/home/spacer/custom_messages/install/setup.sh'
[18.123s] INFO:colcon.colcon_core.shell:Creating prefix script '/home/spacer/custom_messages/install/local_setup.bash'
[18.124s] INFO:colcon.colcon_core.shell:Creating prefix chain script '/home/spacer/custom_messages/install/setup.bash'
[18.126s] INFO:colcon.colcon_core.shell:Creating prefix script '/home/spacer/custom_messages/install/local_setup.zsh'
[18.127s] INFO:colcon.colcon_core.shell:Creating prefix chain script '/home/spacer/custom_messages/install/setup.zsh'
