[0.023s] Invoking command in '/home/spacer/slam/slam_toolbox_config/odometry_ws/build/rf2o_laser_odometry': CMAKE_PREFIX_PATH=/opt/ros/humble /usr/bin/cmake /home/spacer/slam/slam_toolbox_config/odometry_ws/src -DCMAKE_INSTALL_PREFIX=/home/spacer/slam/slam_toolbox_config/odometry_ws/install/rf2o_laser_odometry
[0.069s] -- Found ament_cmake: 1.3.6 (/opt/ros/humble/share/ament_cmake/cmake)
[0.392s] -- Found Python3: /usr/bin/python3.9 (found version "3.9.5") found components: Interpreter 
[0.594s] -- Found rclcpp: 16.0.7 (/opt/ros/humble/share/rclcpp/cmake)
[0.690s] -- Found rosidl_generator_c: 3.1.5 (/opt/ros/humble/share/rosidl_generator_c/cmake)
[0.701s] -- Found rosidl_adapter: 3.1.5 (/opt/ros/humble/share/rosidl_adapter/cmake)
[0.722s] -- Found rosidl_generator_cpp: 3.1.5 (/opt/ros/humble/share/rosidl_generator_cpp/cmake)
[0.757s] -- Using all available rosidl_typesupport_c: rosidl_typesupport_fastrtps_c;rosidl_typesupport_introspection_c
[0.805s] -- Using all available rosidl_typesupport_cpp: rosidl_typesupport_fastrtps_cpp;rosidl_typesupport_introspection_cpp
[0.970s] -- Found rmw_implementation_cmake: 6.1.1 (/opt/ros/humble/share/rmw_implementation_cmake/cmake)
[0.976s] -- Found rmw_fastrtps_cpp: 6.2.5 (/opt/ros/humble/share/rmw_fastrtps_cpp/cmake)
[1.230s] -- Found OpenSSL: /usr/lib/aarch64-linux-gnu/libcrypto.so (found version "1.1.1f")  
[1.290s] -- Found FastRTPS: /opt/ros/humble/include  
[1.392s] -- Using RMW implementation 'rmw_fastrtps_cpp' as default
[1.415s] -- Looking for pthread.h
[1.560s] -- Looking for pthread.h - found
[1.561s] -- Performing Test CMAKE_HAVE_LIBC_PTHREAD
[1.712s] -- Performing Test CMAKE_HAVE_LIBC_PTHREAD - Failed
[1.712s] -- Looking for pthread_create in pthreads
[1.853s] -- Looking for pthread_create in pthreads - not found
[1.853s] -- Looking for pthread_create in pthread
[2.010s] -- Looking for pthread_create in pthread - found
[2.013s] -- Found Threads: TRUE  
[2.400s] -- Found geometry_msgs: 4.2.3 (/opt/ros/humble/share/geometry_msgs/cmake)
[2.505s] -- Found tf2_geometry_msgs: 0.25.5 (/opt/ros/humble/share/tf2_geometry_msgs/cmake)
[2.525s] -- Found eigen3_cmake_module: 0.1.1 (/opt/ros/humble/share/eigen3_cmake_module/cmake)
[2.528s] -- Found Eigen3: TRUE (found version "3.3.7") 
[2.528s] -- Ensuring Eigen3 include directory is part of orocos-kdl CMake target
[3.344s] -- Found sensor_msgs: 4.2.3 (/opt/ros/humble/share/sensor_msgs/cmake)
[3.533s] -- Found nav_msgs: 4.2.3 (/opt/ros/humble/share/nav_msgs/cmake)
[3.729s] -- Found Boost: /usr/lib/aarch64-linux-gnu/cmake/Boost-1.71.0/BoostConfig.cmake (found version "1.71.0")  
[3.955s] -- Configuring done
[3.999s] -- Generating done
[4.003s] -- Build files have been written to: /home/spacer/slam/slam_toolbox_config/odometry_ws/build/rf2o_laser_odometry
[4.027s] Invoked command in '/home/spacer/slam/slam_toolbox_config/odometry_ws/build/rf2o_laser_odometry' returned '0': CMAKE_PREFIX_PATH=/opt/ros/humble /usr/bin/cmake /home/spacer/slam/slam_toolbox_config/odometry_ws/src -DCMAKE_INSTALL_PREFIX=/home/spacer/slam/slam_toolbox_config/odometry_ws/install/rf2o_laser_odometry
[4.034s] Invoking command in '/home/spacer/slam/slam_toolbox_config/odometry_ws/build/rf2o_laser_odometry': CMAKE_PREFIX_PATH=/opt/ros/humble /usr/bin/cmake --build /home/spacer/slam/slam_toolbox_config/odometry_ws/build/rf2o_laser_odometry -- -j6 -l6
[4.126s] [35m[1mScanning dependencies of target rf2o_laser_odometry_node[0m
[4.126s] [35m[1mScanning dependencies of target rf2o_laser_odometry[0m
[4.386s] [ 20%] [32mBuilding CXX object CMakeFiles/rf2o_laser_odometry.dir/src/CLaserOdometry2D.cpp.o[0m
[4.442s] [ 60%] [32mBuilding CXX object CMakeFiles/rf2o_laser_odometry_node.dir/src/CLaserOdometry2DNode.cpp.o[0m
[4.442s] [ 60%] [32mBuilding CXX object CMakeFiles/rf2o_laser_odometry_node.dir/src/CLaserOdometry2D.cpp.o[0m
[5.157s] In file included from [01m[K/home/spacer/slam/slam_toolbox_config/odometry_ws/src/include/rf2o_laser_odometry/CLaserOdometry2DNode.h:9[m[K,
[5.158s]                  from [01m[K/home/spacer/slam/slam_toolbox_config/odometry_ws/src/src/CLaserOdometry2DNode.cpp:18[m[K:
[5.158s] [01m[K/opt/ros/humble/include/tf2_geometry_msgs/tf2_geometry_msgs/tf2_geometry_msgs.h:35:2:[m[K [01;35m[Kwarning: [m[K#warning This header is obsolete, please include tf2_geometry_msgs/tf2_geometry_msgs.hpp instead [[01;35m[K-Wcpp[m[K]
[5.158s]    35 | #[01;35m[Kwarning[m[K This header is obsolete, please include tf2_geometry_msgs/tf2_geometry_msgs.hpp instead
[5.158s]       |  [01;35m[K^~~~~~~[m[K
[48.758s] [ 80%] [32m[1mLinking CXX static library librf2o_laser_odometry.a[0m
[49.085s] [ 80%] Built target rf2o_laser_odometry
[49.421s] [100%] [32m[1mLinking CXX executable rf2o_laser_odometry_node[0m
[52.237s] [100%] Built target rf2o_laser_odometry_node
[52.262s] Invoked command in '/home/spacer/slam/slam_toolbox_config/odometry_ws/build/rf2o_laser_odometry' returned '0': CMAKE_PREFIX_PATH=/opt/ros/humble /usr/bin/cmake --build /home/spacer/slam/slam_toolbox_config/odometry_ws/build/rf2o_laser_odometry -- -j6 -l6
[52.346s] Invoking command in '/home/spacer/slam/slam_toolbox_config/odometry_ws/build/rf2o_laser_odometry': CMAKE_PREFIX_PATH=/opt/ros/humble /usr/bin/cmake --install /home/spacer/slam/slam_toolbox_config/odometry_ws/build/rf2o_laser_odometry
[52.364s] -- Install configuration: ""
[52.364s] -- Installing: /home/spacer/slam/slam_toolbox_config/odometry_ws/install/rf2o_laser_odometry/lib/rf2o_laser_odometry/rf2o_laser_odometry_node
[52.385s] -- Set runtime path of "/home/spacer/slam/slam_toolbox_config/odometry_ws/install/rf2o_laser_odometry/lib/rf2o_laser_odometry/rf2o_laser_odometry_node" to ""
[52.385s] -- Installing: /home/spacer/slam/slam_toolbox_config/odometry_ws/install/rf2o_laser_odometry/share/rf2o_laser_odometry/launch
[52.386s] -- Installing: /home/spacer/slam/slam_toolbox_config/odometry_ws/install/rf2o_laser_odometry/share/rf2o_laser_odometry/launch/rf2o_laser_odometry.launch.py
[52.386s] -- Installing: /home/spacer/slam/slam_toolbox_config/odometry_ws/install/rf2o_laser_odometry/share/ament_index/resource_index/package_run_dependencies/rf2o_laser_odometry
[52.387s] -- Installing: /home/spacer/slam/slam_toolbox_config/odometry_ws/install/rf2o_laser_odometry/share/ament_index/resource_index/parent_prefix_path/rf2o_laser_odometry
[52.387s] -- Installing: /home/spacer/slam/slam_toolbox_config/odometry_ws/install/rf2o_laser_odometry/share/rf2o_laser_odometry/environment/ament_prefix_path.sh
[52.387s] -- Installing: /home/spacer/slam/slam_toolbox_config/odometry_ws/install/rf2o_laser_odometry/share/rf2o_laser_odometry/environment/ament_prefix_path.dsv
[52.388s] -- Installing: /home/spacer/slam/slam_toolbox_config/odometry_ws/install/rf2o_laser_odometry/share/rf2o_laser_odometry/environment/path.sh
[52.388s] -- Installing: /home/spacer/slam/slam_toolbox_config/odometry_ws/install/rf2o_laser_odometry/share/rf2o_laser_odometry/environment/path.dsv
[52.389s] -- Installing: /home/spacer/slam/slam_toolbox_config/odometry_ws/install/rf2o_laser_odometry/share/rf2o_laser_odometry/local_setup.bash
[52.389s] -- Installing: /home/spacer/slam/slam_toolbox_config/odometry_ws/install/rf2o_laser_odometry/share/rf2o_laser_odometry/local_setup.sh
[52.389s] -- Installing: /home/spacer/slam/slam_toolbox_config/odometry_ws/install/rf2o_laser_odometry/share/rf2o_laser_odometry/local_setup.zsh
[52.390s] -- Installing: /home/spacer/slam/slam_toolbox_config/odometry_ws/install/rf2o_laser_odometry/share/rf2o_laser_odometry/local_setup.dsv
[52.390s] -- Installing: /home/spacer/slam/slam_toolbox_config/odometry_ws/install/rf2o_laser_odometry/share/rf2o_laser_odometry/package.dsv
[52.391s] -- Installing: /home/spacer/slam/slam_toolbox_config/odometry_ws/install/rf2o_laser_odometry/share/ament_index/resource_index/packages/rf2o_laser_odometry
[52.391s] -- Installing: /home/spacer/slam/slam_toolbox_config/odometry_ws/install/rf2o_laser_odometry/share/rf2o_laser_odometry/cmake/rf2o_laser_odometryConfig.cmake
[52.391s] -- Installing: /home/spacer/slam/slam_toolbox_config/odometry_ws/install/rf2o_laser_odometry/share/rf2o_laser_odometry/cmake/rf2o_laser_odometryConfig-version.cmake
[52.391s] -- Installing: /home/spacer/slam/slam_toolbox_config/odometry_ws/install/rf2o_laser_odometry/share/rf2o_laser_odometry/package.xml
[52.397s] Invoked command in '/home/spacer/slam/slam_toolbox_config/odometry_ws/build/rf2o_laser_odometry' returned '0': CMAKE_PREFIX_PATH=/opt/ros/humble /usr/bin/cmake --install /home/spacer/slam/slam_toolbox_config/odometry_ws/build/rf2o_laser_odometry
