[0.430s] DEBUG:colcon:Command line arguments: ['/usr/bin/colcon', 'build', '--packages-select', 'rtabmap_livox', '--symlink-install']
[0.430s] DEBUG:colcon:Parsed command line arguments: Namespace(allow_overriding=[], ament_cmake_args=None, base_paths=['.'], build_base='build', catkin_cmake_args=None, catkin_skip_building_tests=False, cmake_args=None, cmake_clean_cache=False, cmake_clean_first=False, cmake_force_configure=False, cmake_target=None, cmake_target_skip_unavailable=False, continue_on_error=False, event_handlers=None, executor='parallel', ignore_user_meta=False, install_base='install', log_base=None, log_level=None, main=<bound method BuildVerb.main of <colcon_core.verb.build.BuildVerb object at 0xffff98f014c0>>, merge_install=False, metas=['./colcon.meta'], packages_above=None, packages_above_and_dependencies=None, packages_above_depth=None, packages_end=None, packages_ignore=None, packages_ignore_regex=None, packages_select=['rtabmap_livox'], packages_select_build_failed=False, packages_select_by_dep=None, packages_select_regex=None, packages_select_test_failures=False, packages_skip=None, packages_skip_build_finished=False, packages_skip_by_dep=None, packages_skip_regex=None, packages_skip_test_passed=False, packages_skip_up_to=None, packages_start=None, packages_up_to=None, packages_up_to_regex=None, parallel_workers=6, paths=None, symlink_install=True, test_result_base=None, verb_extension=<colcon_core.verb.build.BuildVerb object at 0xffff98f014c0>, verb_name='build', verb_parser=<colcon_defaults.argument_parser.defaults.DefaultArgumentsDecorator object at 0xffff98d9f160>)
[0.808s] Level 1:colcon.colcon_core.package_discovery:discover_packages(colcon_meta) check parameters
[0.808s] Level 1:colcon.colcon_core.package_discovery:discover_packages(recursive) check parameters
[0.809s] Level 1:colcon.colcon_core.package_discovery:discover_packages(ignore) check parameters
[0.809s] Level 1:colcon.colcon_core.package_discovery:discover_packages(path) check parameters
[0.809s] Level 1:colcon.colcon_core.package_discovery:discover_packages(colcon_meta) discover
[0.809s] Level 1:colcon.colcon_core.package_discovery:discover_packages(recursive) discover
[0.809s] INFO:colcon.colcon_core.package_discovery:Crawling recursively for packages in '/home/spacer/leo_ws'
[0.809s] Level 1:colcon.colcon_core.package_identification:_identify(.) by extensions ['ignore', 'ignore_ament_install']
[0.809s] Level 1:colcon.colcon_core.package_identification:_identify(.) by extension 'ignore'
[0.810s] Level 1:colcon.colcon_core.package_identification:_identify(.) by extension 'ignore_ament_install'
[0.810s] Level 1:colcon.colcon_core.package_identification:_identify(.) by extensions ['colcon_pkg']
[0.810s] Level 1:colcon.colcon_core.package_identification:_identify(.) by extension 'colcon_pkg'
[0.810s] Level 1:colcon.colcon_core.package_identification:_identify(.) by extensions ['colcon_meta']
[0.810s] Level 1:colcon.colcon_core.package_identification:_identify(.) by extension 'colcon_meta'
[0.810s] Level 1:colcon.colcon_core.package_identification:_identify(.) by extensions ['ros']
[0.810s] Level 1:colcon.colcon_core.package_identification:_identify(.) by extension 'ros'
[0.833s] Level 1:colcon.colcon_core.package_identification:_identify(.) by extensions ['cmake', 'python']
[0.833s] Level 1:colcon.colcon_core.package_identification:_identify(.) by extension 'cmake'
[0.833s] Level 1:colcon.colcon_core.package_identification:_identify(.) by extension 'python'
[0.833s] Level 1:colcon.colcon_core.package_identification:_identify(.) by extensions ['python_setup_py']
[0.834s] Level 1:colcon.colcon_core.package_identification:_identify(.) by extension 'python_setup_py'
[0.834s] Level 1:colcon.colcon_core.package_identification:_identify(build) by extensions ['ignore', 'ignore_ament_install']
[0.834s] Level 1:colcon.colcon_core.package_identification:_identify(build) by extension 'ignore'
[0.834s] Level 1:colcon.colcon_core.package_identification:_identify(build) ignored
[0.835s] Level 1:colcon.colcon_core.package_identification:_identify(docker) by extensions ['ignore', 'ignore_ament_install']
[0.835s] Level 1:colcon.colcon_core.package_identification:_identify(docker) by extension 'ignore'
[0.835s] Level 1:colcon.colcon_core.package_identification:_identify(docker) by extension 'ignore_ament_install'
[0.835s] Level 1:colcon.colcon_core.package_identification:_identify(docker) by extensions ['colcon_pkg']
[0.835s] Level 1:colcon.colcon_core.package_identification:_identify(docker) by extension 'colcon_pkg'
[0.835s] Level 1:colcon.colcon_core.package_identification:_identify(docker) by extensions ['colcon_meta']
[0.835s] Level 1:colcon.colcon_core.package_identification:_identify(docker) by extension 'colcon_meta'
[0.835s] Level 1:colcon.colcon_core.package_identification:_identify(docker) by extensions ['ros']
[0.835s] Level 1:colcon.colcon_core.package_identification:_identify(docker) by extension 'ros'
[0.836s] Level 1:colcon.colcon_core.package_identification:_identify(docker) by extensions ['cmake', 'python']
[0.836s] Level 1:colcon.colcon_core.package_identification:_identify(docker) by extension 'cmake'
[0.836s] Level 1:colcon.colcon_core.package_identification:_identify(docker) by extension 'python'
[0.836s] Level 1:colcon.colcon_core.package_identification:_identify(docker) by extensions ['python_setup_py']
[0.836s] Level 1:colcon.colcon_core.package_identification:_identify(docker) by extension 'python_setup_py'
[0.836s] Level 1:colcon.colcon_core.package_identification:_identify(install) by extensions ['ignore', 'ignore_ament_install']
[0.836s] Level 1:colcon.colcon_core.package_identification:_identify(install) by extension 'ignore'
[0.836s] Level 1:colcon.colcon_core.package_identification:_identify(install) ignored
[0.837s] Level 1:colcon.colcon_core.package_identification:_identify(log) by extensions ['ignore', 'ignore_ament_install']
[0.837s] Level 1:colcon.colcon_core.package_identification:_identify(log) by extension 'ignore'
[0.837s] Level 1:colcon.colcon_core.package_identification:_identify(log) ignored
[0.837s] Level 1:colcon.colcon_core.package_identification:_identify(src) by extensions ['ignore', 'ignore_ament_install']
[0.837s] Level 1:colcon.colcon_core.package_identification:_identify(src) by extension 'ignore'
[0.837s] Level 1:colcon.colcon_core.package_identification:_identify(src) by extension 'ignore_ament_install'
[0.838s] Level 1:colcon.colcon_core.package_identification:_identify(src) by extensions ['colcon_pkg']
[0.838s] Level 1:colcon.colcon_core.package_identification:_identify(src) by extension 'colcon_pkg'
[0.838s] Level 1:colcon.colcon_core.package_identification:_identify(src) by extensions ['colcon_meta']
[0.838s] Level 1:colcon.colcon_core.package_identification:_identify(src) by extension 'colcon_meta'
[0.838s] Level 1:colcon.colcon_core.package_identification:_identify(src) by extensions ['ros']
[0.838s] Level 1:colcon.colcon_core.package_identification:_identify(src) by extension 'ros'
[0.838s] Level 1:colcon.colcon_core.package_identification:_identify(src) by extensions ['cmake', 'python']
[0.838s] Level 1:colcon.colcon_core.package_identification:_identify(src) by extension 'cmake'
[0.838s] Level 1:colcon.colcon_core.package_identification:_identify(src) by extension 'python'
[0.838s] Level 1:colcon.colcon_core.package_identification:_identify(src) by extensions ['python_setup_py']
[0.838s] Level 1:colcon.colcon_core.package_identification:_identify(src) by extension 'python_setup_py'
[0.839s] Level 1:colcon.colcon_core.package_identification:_identify(src/leo_common-ros2) by extensions ['ignore', 'ignore_ament_install']
[0.839s] Level 1:colcon.colcon_core.package_identification:_identify(src/leo_common-ros2) by extension 'ignore'
[0.839s] Level 1:colcon.colcon_core.package_identification:_identify(src/leo_common-ros2) by extension 'ignore_ament_install'
[0.839s] Level 1:colcon.colcon_core.package_identification:_identify(src/leo_common-ros2) by extensions ['colcon_pkg']
[0.839s] Level 1:colcon.colcon_core.package_identification:_identify(src/leo_common-ros2) by extension 'colcon_pkg'
[0.839s] Level 1:colcon.colcon_core.package_identification:_identify(src/leo_common-ros2) by extensions ['colcon_meta']
[0.840s] Level 1:colcon.colcon_core.package_identification:_identify(src/leo_common-ros2) by extension 'colcon_meta'
[0.840s] Level 1:colcon.colcon_core.package_identification:_identify(src/leo_common-ros2) by extensions ['ros']
[0.840s] Level 1:colcon.colcon_core.package_identification:_identify(src/leo_common-ros2) by extension 'ros'
[0.840s] Level 1:colcon.colcon_core.package_identification:_identify(src/leo_common-ros2) by extensions ['cmake', 'python']
[0.840s] Level 1:colcon.colcon_core.package_identification:_identify(src/leo_common-ros2) by extension 'cmake'
[0.840s] Level 1:colcon.colcon_core.package_identification:_identify(src/leo_common-ros2) by extension 'python'
[0.840s] Level 1:colcon.colcon_core.package_identification:_identify(src/leo_common-ros2) by extensions ['python_setup_py']
[0.840s] Level 1:colcon.colcon_core.package_identification:_identify(src/leo_common-ros2) by extension 'python_setup_py'
[0.841s] Level 1:colcon.colcon_core.package_identification:_identify(src/leo_common-ros2/leo) by extensions ['ignore', 'ignore_ament_install']
[0.841s] Level 1:colcon.colcon_core.package_identification:_identify(src/leo_common-ros2/leo) by extension 'ignore'
[0.841s] Level 1:colcon.colcon_core.package_identification:_identify(src/leo_common-ros2/leo) by extension 'ignore_ament_install'
[0.841s] Level 1:colcon.colcon_core.package_identification:_identify(src/leo_common-ros2/leo) by extensions ['colcon_pkg']
[0.841s] Level 1:colcon.colcon_core.package_identification:_identify(src/leo_common-ros2/leo) by extension 'colcon_pkg'
[0.841s] Level 1:colcon.colcon_core.package_identification:_identify(src/leo_common-ros2/leo) by extensions ['colcon_meta']
[0.841s] Level 1:colcon.colcon_core.package_identification:_identify(src/leo_common-ros2/leo) by extension 'colcon_meta'
[0.841s] Level 1:colcon.colcon_core.package_identification:_identify(src/leo_common-ros2/leo) by extensions ['ros']
[0.841s] Level 1:colcon.colcon_core.package_identification:_identify(src/leo_common-ros2/leo) by extension 'ros'
[0.847s] DEBUG:colcon.colcon_core.package_identification:Package 'src/leo_common-ros2/leo' with type 'ros.ament_cmake' and name 'leo'
[0.848s] Level 1:colcon.colcon_core.package_identification:_identify(src/leo_common-ros2/leo_description) by extensions ['ignore', 'ignore_ament_install']
[0.848s] Level 1:colcon.colcon_core.package_identification:_identify(src/leo_common-ros2/leo_description) by extension 'ignore'
[0.848s] Level 1:colcon.colcon_core.package_identification:_identify(src/leo_common-ros2/leo_description) by extension 'ignore_ament_install'
[0.848s] Level 1:colcon.colcon_core.package_identification:_identify(src/leo_common-ros2/leo_description) by extensions ['colcon_pkg']
[0.848s] Level 1:colcon.colcon_core.package_identification:_identify(src/leo_common-ros2/leo_description) by extension 'colcon_pkg'
[0.848s] Level 1:colcon.colcon_core.package_identification:_identify(src/leo_common-ros2/leo_description) by extensions ['colcon_meta']
[0.848s] Level 1:colcon.colcon_core.package_identification:_identify(src/leo_common-ros2/leo_description) by extension 'colcon_meta'
[0.849s] Level 1:colcon.colcon_core.package_identification:_identify(src/leo_common-ros2/leo_description) by extensions ['ros']
[0.849s] Level 1:colcon.colcon_core.package_identification:_identify(src/leo_common-ros2/leo_description) by extension 'ros'
[0.850s] DEBUG:colcon.colcon_core.package_identification:Package 'src/leo_common-ros2/leo_description' with type 'ros.ament_cmake' and name 'leo_description'
[0.850s] Level 1:colcon.colcon_core.package_identification:_identify(src/leo_common-ros2/leo_msgs) by extensions ['ignore', 'ignore_ament_install']
[0.850s] Level 1:colcon.colcon_core.package_identification:_identify(src/leo_common-ros2/leo_msgs) by extension 'ignore'
[0.851s] Level 1:colcon.colcon_core.package_identification:_identify(src/leo_common-ros2/leo_msgs) by extension 'ignore_ament_install'
[0.851s] Level 1:colcon.colcon_core.package_identification:_identify(src/leo_common-ros2/leo_msgs) by extensions ['colcon_pkg']
[0.851s] Level 1:colcon.colcon_core.package_identification:_identify(src/leo_common-ros2/leo_msgs) by extension 'colcon_pkg'
[0.851s] Level 1:colcon.colcon_core.package_identification:_identify(src/leo_common-ros2/leo_msgs) by extensions ['colcon_meta']
[0.851s] Level 1:colcon.colcon_core.package_identification:_identify(src/leo_common-ros2/leo_msgs) by extension 'colcon_meta'
[0.851s] Level 1:colcon.colcon_core.package_identification:_identify(src/leo_common-ros2/leo_msgs) by extensions ['ros']
[0.851s] Level 1:colcon.colcon_core.package_identification:_identify(src/leo_common-ros2/leo_msgs) by extension 'ros'
[0.853s] DEBUG:colcon.colcon_core.package_identification:Package 'src/leo_common-ros2/leo_msgs' with type 'ros.ament_cmake' and name 'leo_msgs'
[0.853s] Level 1:colcon.colcon_core.package_identification:_identify(src/leo_common-ros2/leo_teleop) by extensions ['ignore', 'ignore_ament_install']
[0.853s] Level 1:colcon.colcon_core.package_identification:_identify(src/leo_common-ros2/leo_teleop) by extension 'ignore'
[0.853s] Level 1:colcon.colcon_core.package_identification:_identify(src/leo_common-ros2/leo_teleop) by extension 'ignore_ament_install'
[0.853s] Level 1:colcon.colcon_core.package_identification:_identify(src/leo_common-ros2/leo_teleop) by extensions ['colcon_pkg']
[0.853s] Level 1:colcon.colcon_core.package_identification:_identify(src/leo_common-ros2/leo_teleop) by extension 'colcon_pkg'
[0.854s] Level 1:colcon.colcon_core.package_identification:_identify(src/leo_common-ros2/leo_teleop) by extensions ['colcon_meta']
[0.854s] Level 1:colcon.colcon_core.package_identification:_identify(src/leo_common-ros2/leo_teleop) by extension 'colcon_meta'
[0.854s] Level 1:colcon.colcon_core.package_identification:_identify(src/leo_common-ros2/leo_teleop) by extensions ['ros']
[0.854s] Level 1:colcon.colcon_core.package_identification:_identify(src/leo_common-ros2/leo_teleop) by extension 'ros'
[0.855s] DEBUG:colcon.colcon_core.package_identification:Package 'src/leo_common-ros2/leo_teleop' with type 'ros.ament_cmake' and name 'leo_teleop'
[0.855s] Level 1:colcon.colcon_core.package_identification:_identify(src/micro-ROS-Agent) by extensions ['ignore', 'ignore_ament_install']
[0.856s] Level 1:colcon.colcon_core.package_identification:_identify(src/micro-ROS-Agent) by extension 'ignore'
[0.856s] Level 1:colcon.colcon_core.package_identification:_identify(src/micro-ROS-Agent) by extension 'ignore_ament_install'
[0.856s] Level 1:colcon.colcon_core.package_identification:_identify(src/micro-ROS-Agent) by extensions ['colcon_pkg']
[0.856s] Level 1:colcon.colcon_core.package_identification:_identify(src/micro-ROS-Agent) by extension 'colcon_pkg'
[0.856s] Level 1:colcon.colcon_core.package_identification:_identify(src/micro-ROS-Agent) by extensions ['colcon_meta']
[0.856s] Level 1:colcon.colcon_core.package_identification:_identify(src/micro-ROS-Agent) by extension 'colcon_meta'
[0.856s] Level 1:colcon.colcon_core.package_identification:_identify(src/micro-ROS-Agent) by extensions ['ros']
[0.856s] Level 1:colcon.colcon_core.package_identification:_identify(src/micro-ROS-Agent) by extension 'ros'
[0.856s] Level 1:colcon.colcon_core.package_identification:_identify(src/micro-ROS-Agent) by extensions ['cmake', 'python']
[0.857s] Level 1:colcon.colcon_core.package_identification:_identify(src/micro-ROS-Agent) by extension 'cmake'
[0.857s] Level 1:colcon.colcon_core.package_identification:_identify(src/micro-ROS-Agent) by extension 'python'
[0.857s] Level 1:colcon.colcon_core.package_identification:_identify(src/micro-ROS-Agent) by extensions ['python_setup_py']
[0.857s] Level 1:colcon.colcon_core.package_identification:_identify(src/micro-ROS-Agent) by extension 'python_setup_py'
[0.858s] Level 1:colcon.colcon_core.package_identification:_identify(src/micro-ROS-Agent/micro_ros_agent) by extensions ['ignore', 'ignore_ament_install']
[0.858s] Level 1:colcon.colcon_core.package_identification:_identify(src/micro-ROS-Agent/micro_ros_agent) by extension 'ignore'
[0.858s] Level 1:colcon.colcon_core.package_identification:_identify(src/micro-ROS-Agent/micro_ros_agent) by extension 'ignore_ament_install'
[0.858s] Level 1:colcon.colcon_core.package_identification:_identify(src/micro-ROS-Agent/micro_ros_agent) by extensions ['colcon_pkg']
[0.858s] Level 1:colcon.colcon_core.package_identification:_identify(src/micro-ROS-Agent/micro_ros_agent) by extension 'colcon_pkg'
[0.858s] Level 1:colcon.colcon_core.package_identification:_identify(src/micro-ROS-Agent/micro_ros_agent) by extensions ['colcon_meta']
[0.858s] Level 1:colcon.colcon_core.package_identification:_identify(src/micro-ROS-Agent/micro_ros_agent) by extension 'colcon_meta'
[0.858s] Level 1:colcon.colcon_core.package_identification:_identify(src/micro-ROS-Agent/micro_ros_agent) by extensions ['ros']
[0.858s] Level 1:colcon.colcon_core.package_identification:_identify(src/micro-ROS-Agent/micro_ros_agent) by extension 'ros'
[0.860s] DEBUG:colcon.colcon_core.package_identification:Package 'src/micro-ROS-Agent/micro_ros_agent' with type 'ros.ament_cmake' and name 'micro_ros_agent'
[0.861s] Level 1:colcon.colcon_core.package_identification:_identify(src/micro-ROS-Agent/snap) by extensions ['ignore', 'ignore_ament_install']
[0.861s] Level 1:colcon.colcon_core.package_identification:_identify(src/micro-ROS-Agent/snap) by extension 'ignore'
[0.861s] Level 1:colcon.colcon_core.package_identification:_identify(src/micro-ROS-Agent/snap) by extension 'ignore_ament_install'
[0.861s] Level 1:colcon.colcon_core.package_identification:_identify(src/micro-ROS-Agent/snap) by extensions ['colcon_pkg']
[0.861s] Level 1:colcon.colcon_core.package_identification:_identify(src/micro-ROS-Agent/snap) by extension 'colcon_pkg'
[0.861s] Level 1:colcon.colcon_core.package_identification:_identify(src/micro-ROS-Agent/snap) by extensions ['colcon_meta']
[0.861s] Level 1:colcon.colcon_core.package_identification:_identify(src/micro-ROS-Agent/snap) by extension 'colcon_meta'
[0.861s] Level 1:colcon.colcon_core.package_identification:_identify(src/micro-ROS-Agent/snap) by extensions ['ros']
[0.861s] Level 1:colcon.colcon_core.package_identification:_identify(src/micro-ROS-Agent/snap) by extension 'ros'
[0.862s] Level 1:colcon.colcon_core.package_identification:_identify(src/micro-ROS-Agent/snap) by extensions ['cmake', 'python']
[0.862s] Level 1:colcon.colcon_core.package_identification:_identify(src/micro-ROS-Agent/snap) by extension 'cmake'
[0.862s] Level 1:colcon.colcon_core.package_identification:_identify(src/micro-ROS-Agent/snap) by extension 'python'
[0.862s] Level 1:colcon.colcon_core.package_identification:_identify(src/micro-ROS-Agent/snap) by extensions ['python_setup_py']
[0.862s] Level 1:colcon.colcon_core.package_identification:_identify(src/micro-ROS-Agent/snap) by extension 'python_setup_py'
[0.862s] Level 1:colcon.colcon_core.package_identification:_identify(src/micro-ROS-Agent/snap/hooks) by extensions ['ignore', 'ignore_ament_install']
[0.863s] Level 1:colcon.colcon_core.package_identification:_identify(src/micro-ROS-Agent/snap/hooks) by extension 'ignore'
[0.863s] Level 1:colcon.colcon_core.package_identification:_identify(src/micro-ROS-Agent/snap/hooks) by extension 'ignore_ament_install'
[0.863s] Level 1:colcon.colcon_core.package_identification:_identify(src/micro-ROS-Agent/snap/hooks) by extensions ['colcon_pkg']
[0.863s] Level 1:colcon.colcon_core.package_identification:_identify(src/micro-ROS-Agent/snap/hooks) by extension 'colcon_pkg'
[0.863s] Level 1:colcon.colcon_core.package_identification:_identify(src/micro-ROS-Agent/snap/hooks) by extensions ['colcon_meta']
[0.863s] Level 1:colcon.colcon_core.package_identification:_identify(src/micro-ROS-Agent/snap/hooks) by extension 'colcon_meta'
[0.863s] Level 1:colcon.colcon_core.package_identification:_identify(src/micro-ROS-Agent/snap/hooks) by extensions ['ros']
[0.863s] Level 1:colcon.colcon_core.package_identification:_identify(src/micro-ROS-Agent/snap/hooks) by extension 'ros'
[0.863s] Level 1:colcon.colcon_core.package_identification:_identify(src/micro-ROS-Agent/snap/hooks) by extensions ['cmake', 'python']
[0.864s] Level 1:colcon.colcon_core.package_identification:_identify(src/micro-ROS-Agent/snap/hooks) by extension 'cmake'
[0.864s] Level 1:colcon.colcon_core.package_identification:_identify(src/micro-ROS-Agent/snap/hooks) by extension 'python'
[0.864s] Level 1:colcon.colcon_core.package_identification:_identify(src/micro-ROS-Agent/snap/hooks) by extensions ['python_setup_py']
[0.864s] Level 1:colcon.colcon_core.package_identification:_identify(src/micro-ROS-Agent/snap/hooks) by extension 'python_setup_py'
[0.864s] Level 1:colcon.colcon_core.package_identification:_identify(src/micro-ROS-Agent/snap/local) by extensions ['ignore', 'ignore_ament_install']
[0.864s] Level 1:colcon.colcon_core.package_identification:_identify(src/micro-ROS-Agent/snap/local) by extension 'ignore'
[0.864s] Level 1:colcon.colcon_core.package_identification:_identify(src/micro-ROS-Agent/snap/local) by extension 'ignore_ament_install'
[0.865s] Level 1:colcon.colcon_core.package_identification:_identify(src/micro-ROS-Agent/snap/local) by extensions ['colcon_pkg']
[0.865s] Level 1:colcon.colcon_core.package_identification:_identify(src/micro-ROS-Agent/snap/local) by extension 'colcon_pkg'
[0.865s] Level 1:colcon.colcon_core.package_identification:_identify(src/micro-ROS-Agent/snap/local) by extensions ['colcon_meta']
[0.865s] Level 1:colcon.colcon_core.package_identification:_identify(src/micro-ROS-Agent/snap/local) by extension 'colcon_meta'
[0.865s] Level 1:colcon.colcon_core.package_identification:_identify(src/micro-ROS-Agent/snap/local) by extensions ['ros']
[0.865s] Level 1:colcon.colcon_core.package_identification:_identify(src/micro-ROS-Agent/snap/local) by extension 'ros'
[0.865s] Level 1:colcon.colcon_core.package_identification:_identify(src/micro-ROS-Agent/snap/local) by extensions ['cmake', 'python']
[0.865s] Level 1:colcon.colcon_core.package_identification:_identify(src/micro-ROS-Agent/snap/local) by extension 'cmake'
[0.865s] Level 1:colcon.colcon_core.package_identification:_identify(src/micro-ROS-Agent/snap/local) by extension 'python'
[0.865s] Level 1:colcon.colcon_core.package_identification:_identify(src/micro-ROS-Agent/snap/local) by extensions ['python_setup_py']
[0.865s] Level 1:colcon.colcon_core.package_identification:_identify(src/micro-ROS-Agent/snap/local) by extension 'python_setup_py'
[0.866s] Level 1:colcon.colcon_core.package_identification:_identify(src/rtabmap_livox) by extensions ['ignore', 'ignore_ament_install']
[0.866s] Level 1:colcon.colcon_core.package_identification:_identify(src/rtabmap_livox) by extension 'ignore'
[0.866s] Level 1:colcon.colcon_core.package_identification:_identify(src/rtabmap_livox) by extension 'ignore_ament_install'
[0.866s] Level 1:colcon.colcon_core.package_identification:_identify(src/rtabmap_livox) by extensions ['colcon_pkg']
[0.866s] Level 1:colcon.colcon_core.package_identification:_identify(src/rtabmap_livox) by extension 'colcon_pkg'
[0.866s] Level 1:colcon.colcon_core.package_identification:_identify(src/rtabmap_livox) by extensions ['colcon_meta']
[0.866s] Level 1:colcon.colcon_core.package_identification:_identify(src/rtabmap_livox) by extension 'colcon_meta'
[0.867s] Level 1:colcon.colcon_core.package_identification:_identify(src/rtabmap_livox) by extensions ['ros']
[0.867s] Level 1:colcon.colcon_core.package_identification:_identify(src/rtabmap_livox) by extension 'ros'
[0.868s] DEBUG:colcon.colcon_core.package_identification:Package 'src/rtabmap_livox' with type 'ros.ament_python' and name 'rtabmap_livox'
[0.868s] Level 1:colcon.colcon_core.package_discovery:discover_packages(recursive) using defaults
[0.868s] Level 1:colcon.colcon_core.package_discovery:discover_packages(ignore) discover
[0.868s] Level 1:colcon.colcon_core.package_discovery:discover_packages(ignore) using defaults
[0.868s] Level 1:colcon.colcon_core.package_discovery:discover_packages(path) discover
[0.868s] Level 1:colcon.colcon_core.package_discovery:discover_packages(path) using defaults
[0.934s] INFO:colcon.colcon_core.package_selection:Skipping not selected package 'leo_description' in 'src/leo_common-ros2/leo_description'
[0.934s] INFO:colcon.colcon_core.package_selection:Skipping not selected package 'leo_msgs' in 'src/leo_common-ros2/leo_msgs'
[0.934s] INFO:colcon.colcon_core.package_selection:Skipping not selected package 'leo_teleop' in 'src/leo_common-ros2/leo_teleop'
[0.935s] INFO:colcon.colcon_core.package_selection:Skipping not selected package 'micro_ros_agent' in 'src/micro-ROS-Agent/micro_ros_agent'
[0.935s] INFO:colcon.colcon_core.package_selection:Skipping not selected package 'leo' in 'src/leo_common-ros2/leo'
[0.936s] Level 1:colcon.colcon_core.package_discovery:discover_packages(prefix_path) check parameters
[0.936s] Level 1:colcon.colcon_core.package_discovery:discover_packages(prefix_path) discover
[0.942s] DEBUG:colcon.colcon_installed_package_information.package_discovery:Found 355 installed packages in /opt/ros/humble
[0.946s] Level 1:colcon.colcon_core.package_discovery:discover_packages(prefix_path) using defaults
[1.118s] Level 5:colcon.colcon_core.verb:set package 'rtabmap_livox' build argument 'cmake_args' from command line to 'None'
[1.118s] Level 5:colcon.colcon_core.verb:set package 'rtabmap_livox' build argument 'cmake_target' from command line to 'None'
[1.119s] Level 5:colcon.colcon_core.verb:set package 'rtabmap_livox' build argument 'cmake_target_skip_unavailable' from command line to 'False'
[1.119s] Level 5:colcon.colcon_core.verb:set package 'rtabmap_livox' build argument 'cmake_clean_cache' from command line to 'False'
[1.119s] Level 5:colcon.colcon_core.verb:set package 'rtabmap_livox' build argument 'cmake_clean_first' from command line to 'False'
[1.119s] Level 5:colcon.colcon_core.verb:set package 'rtabmap_livox' build argument 'cmake_force_configure' from command line to 'False'
[1.119s] Level 5:colcon.colcon_core.verb:set package 'rtabmap_livox' build argument 'ament_cmake_args' from command line to 'None'
[1.119s] Level 5:colcon.colcon_core.verb:set package 'rtabmap_livox' build argument 'catkin_cmake_args' from command line to 'None'
[1.119s] Level 5:colcon.colcon_core.verb:set package 'rtabmap_livox' build argument 'catkin_skip_building_tests' from command line to 'False'
[1.119s] DEBUG:colcon.colcon_core.verb:Building package 'rtabmap_livox' with the following arguments: {'ament_cmake_args': None, 'build_base': '/home/spacer/leo_ws/build/rtabmap_livox', 'catkin_cmake_args': None, 'catkin_skip_building_tests': False, 'cmake_args': None, 'cmake_clean_cache': False, 'cmake_clean_first': False, 'cmake_force_configure': False, 'cmake_target': None, 'cmake_target_skip_unavailable': False, 'install_base': '/home/spacer/leo_ws/install/rtabmap_livox', 'merge_install': False, 'path': '/home/spacer/leo_ws/src/rtabmap_livox', 'symlink_install': True, 'test_result_base': None}
[1.119s] INFO:colcon.colcon_core.executor:Executing jobs using 'parallel' executor
[1.122s] DEBUG:colcon.colcon_parallel_executor.executor.parallel:run_until_complete
[1.123s] INFO:colcon.colcon_ros.task.ament_python.build:Building ROS package in '/home/spacer/leo_ws/src/rtabmap_livox' with build type 'ament_python'
[1.123s] Level 1:colcon.colcon_core.shell:create_environment_hook('rtabmap_livox', 'ament_prefix_path')
[1.129s] INFO:colcon.colcon_core.plugin_system:Skipping extension 'colcon_core.shell.bat': Not used on non-Windows systems
[1.130s] INFO:colcon.colcon_core.shell:Creating environment hook '/home/spacer/leo_ws/install/rtabmap_livox/share/rtabmap_livox/hook/ament_prefix_path.ps1'
[1.131s] INFO:colcon.colcon_core.shell:Creating environment descriptor '/home/spacer/leo_ws/install/rtabmap_livox/share/rtabmap_livox/hook/ament_prefix_path.dsv'
[1.132s] INFO:colcon.colcon_core.shell:Creating environment hook '/home/spacer/leo_ws/install/rtabmap_livox/share/rtabmap_livox/hook/ament_prefix_path.sh'
[1.134s] INFO:colcon.colcon_core.shell:Skip shell extension 'powershell' for command environment: Not usable outside of PowerShell
[1.134s] DEBUG:colcon.colcon_core.shell:Skip shell extension 'dsv' for command environment
[1.795s] INFO:colcon.colcon_core.task.python.build:Building Python package in '/home/spacer/leo_ws/src/rtabmap_livox'
[1.796s] INFO:colcon.colcon_core.shell:Skip shell extension 'powershell' for command environment: Not usable outside of PowerShell
[1.796s] DEBUG:colcon.colcon_core.shell:Skip shell extension 'dsv' for command environment
[2.672s] DEBUG:colcon.colcon_core.event_handler.log_command:Invoking command in '/home/spacer/leo_ws/build/rtabmap_livox': PYTHONPATH=/home/spacer/leo_ws/build/rtabmap_livox/prefix_override:/home/spacer/leo_ws/install/rtabmap_livox/lib/python3.8/site-packages:${PYTHONPATH} /usr/bin/python3 -W ignore:setup.py install is deprecated setup.py develop --editable --build-directory /home/spacer/leo_ws/build/rtabmap_livox/build --no-deps symlink_data
[3.781s] Level 1:colcon.colcon_core.shell:create_environment_hook('rtabmap_livox', 'pythonpath_develop')
[3.783s] INFO:colcon.colcon_core.shell:Creating environment hook '/home/spacer/leo_ws/build/rtabmap_livox/share/rtabmap_livox/hook/pythonpath_develop.ps1'
[3.784s] DEBUG:colcon.colcon_core.event_handler.log_command:Invoked command in '/home/spacer/leo_ws/build/rtabmap_livox' returned '0': PYTHONPATH=/home/spacer/leo_ws/build/rtabmap_livox/prefix_override:/home/spacer/leo_ws/install/rtabmap_livox/lib/python3.8/site-packages:${PYTHONPATH} /usr/bin/python3 -W ignore:setup.py install is deprecated setup.py develop --editable --build-directory /home/spacer/leo_ws/build/rtabmap_livox/build --no-deps symlink_data
[3.786s] INFO:colcon.colcon_core.shell:Creating environment descriptor '/home/spacer/leo_ws/build/rtabmap_livox/share/rtabmap_livox/hook/pythonpath_develop.dsv'
[3.787s] INFO:colcon.colcon_core.shell:Creating environment hook '/home/spacer/leo_ws/build/rtabmap_livox/share/rtabmap_livox/hook/pythonpath_develop.sh'
[3.800s] Level 1:colcon.colcon_core.environment:checking '/home/spacer/leo_ws/install/rtabmap_livox' for CMake module files
[3.801s] Level 1:colcon.colcon_core.environment:checking '/home/spacer/leo_ws/install/rtabmap_livox' for CMake config files
[3.803s] Level 1:colcon.colcon_core.environment:checking '/home/spacer/leo_ws/install/rtabmap_livox/lib'
[3.804s] Level 1:colcon.colcon_core.environment:checking '/home/spacer/leo_ws/install/rtabmap_livox/bin'
[3.804s] Level 1:colcon.colcon_core.environment:checking '/home/spacer/leo_ws/install/rtabmap_livox/lib/pkgconfig/rtabmap_livox.pc'
[3.804s] Level 1:colcon.colcon_core.environment:checking '/home/spacer/leo_ws/install/rtabmap_livox/lib/python3.8/site-packages'
[3.804s] Level 1:colcon.colcon_core.shell:create_environment_hook('rtabmap_livox', 'pythonpath')
[3.805s] INFO:colcon.colcon_core.shell:Creating environment hook '/home/spacer/leo_ws/install/rtabmap_livox/share/rtabmap_livox/hook/pythonpath.ps1'
[3.806s] INFO:colcon.colcon_core.shell:Creating environment descriptor '/home/spacer/leo_ws/install/rtabmap_livox/share/rtabmap_livox/hook/pythonpath.dsv'
[3.806s] INFO:colcon.colcon_core.shell:Creating environment hook '/home/spacer/leo_ws/install/rtabmap_livox/share/rtabmap_livox/hook/pythonpath.sh'
[3.808s] Level 1:colcon.colcon_core.environment:checking '/home/spacer/leo_ws/install/rtabmap_livox/bin'
[3.808s] Level 1:colcon.colcon_core.environment:create_environment_scripts_only(rtabmap_livox)
[3.809s] INFO:colcon.colcon_core.shell:Creating package script '/home/spacer/leo_ws/install/rtabmap_livox/share/rtabmap_livox/package.ps1'
[3.812s] INFO:colcon.colcon_core.shell:Creating package descriptor '/home/spacer/leo_ws/install/rtabmap_livox/share/rtabmap_livox/package.dsv'
[3.814s] INFO:colcon.colcon_core.shell:Creating package script '/home/spacer/leo_ws/install/rtabmap_livox/share/rtabmap_livox/package.sh'
[3.817s] INFO:colcon.colcon_core.shell:Creating package script '/home/spacer/leo_ws/install/rtabmap_livox/share/rtabmap_livox/package.bash'
[3.819s] INFO:colcon.colcon_core.shell:Creating package script '/home/spacer/leo_ws/install/rtabmap_livox/share/rtabmap_livox/package.zsh'
[3.821s] Level 1:colcon.colcon_core.environment:create_file_with_runtime_dependencies(/home/spacer/leo_ws/install/rtabmap_livox/share/colcon-core/packages/rtabmap_livox)
[3.822s] DEBUG:colcon.colcon_parallel_executor.executor.parallel:closing loop
[3.823s] DEBUG:colcon.colcon_parallel_executor.executor.parallel:loop closed
[3.824s] DEBUG:colcon.colcon_parallel_executor.executor.parallel:run_until_complete finished with '0'
[3.824s] DEBUG:colcon.colcon_core.event_reactor:joining thread
[3.840s] INFO:colcon.colcon_core.plugin_system:Skipping extension 'colcon_notification.desktop_notification.terminal_notifier': Not used on non-Darwin systems
[3.840s] INFO:colcon.colcon_core.plugin_system:Skipping extension 'colcon_notification.desktop_notification.win32': Not used on non-Windows systems
[3.840s] INFO:colcon.colcon_notification.desktop_notification:Sending desktop notification using 'notify2'
[3.867s] DEBUG:colcon.colcon_notification.desktop_notification.notify2:Failed to initialize notify2: org.freedesktop.DBus.Error.Spawn.ChildExited: Process org.freedesktop.Notifications exited with status 1
[3.867s] DEBUG:colcon.colcon_core.event_reactor:joined thread
[3.868s] INFO:colcon.colcon_core.shell:Creating prefix script '/home/spacer/leo_ws/install/local_setup.ps1'
[3.872s] INFO:colcon.colcon_core.shell:Creating prefix util module '/home/spacer/leo_ws/install/_local_setup_util_ps1.py'
[3.876s] INFO:colcon.colcon_core.shell:Creating prefix chain script '/home/spacer/leo_ws/install/setup.ps1'
[3.880s] INFO:colcon.colcon_core.shell:Creating prefix script '/home/spacer/leo_ws/install/local_setup.sh'
[3.882s] INFO:colcon.colcon_core.shell:Creating prefix util module '/home/spacer/leo_ws/install/_local_setup_util_sh.py'
[3.884s] INFO:colcon.colcon_core.shell:Creating prefix chain script '/home/spacer/leo_ws/install/setup.sh'
[3.887s] INFO:colcon.colcon_core.shell:Creating prefix script '/home/spacer/leo_ws/install/local_setup.bash'
[3.889s] INFO:colcon.colcon_core.shell:Creating prefix chain script '/home/spacer/leo_ws/install/setup.bash'
[3.892s] INFO:colcon.colcon_core.shell:Creating prefix script '/home/spacer/leo_ws/install/local_setup.zsh'
[3.894s] INFO:colcon.colcon_core.shell:Creating prefix chain script '/home/spacer/leo_ws/install/setup.zsh'
