-- The C compiler identification is GNU 9.4.0
-- The CXX compiler identification is GNU 9.4.0
-- Check for working C compiler: /usr/bin/cc
-- Check for working C compiler: /usr/bin/cc -- works
-- Detecting C compiler ABI info
-- Detecting C compiler ABI info - done
-- Detecting C compile features
-- Detecting C compile features - done
-- Check for working CXX compiler: /usr/bin/c++
-- Check for working CXX compiler: /usr/bin/c++ -- works
-- Detecting CXX compiler ABI info
-- Detecting CXX compiler ABI info - done
-- Detecting CXX compile features
-- Detecting CXX compile features - done
-- Found ament_cmake: 0.9.12 (/opt/ros/foxy/share/ament_cmake/cmake)
-- Found PythonInterp: /usr/bin/python3 (found suitable version "3.8.10", minimum required is "3") 
-- Using PYTHON_EXECUTABLE: /usr/bin/python3
-- Found rosidl_default_generators: 1.0.1 (/opt/ros/foxy/share/rosidl_default_generators/cmake)
-- Using all available rosidl_typesupport_c: rosidl_typesupport_fastrtps_c;rosidl_typesupport_introspection_c
-- Found rosidl_adapter: 1.3.1 (/opt/ros/foxy/share/rosidl_adapter/cmake)
-- Found OpenSSL: /usr/lib/aarch64-linux-gnu/libcrypto.so (found version "1.1.1f")  
-- Found FastRTPS: /opt/ros/foxy/include  
-- Using all available rosidl_typesupport_cpp: rosidl_typesupport_fastrtps_cpp;rosidl_typesupport_introspection_cpp
-- Found builtin_interfaces: 1.0.0 (/opt/ros/foxy/share/builtin_interfaces/cmake)
-- Found PythonInterp: /usr/bin/python3 (found version "3.8.10") 
-- Found ament_cmake_ros: 0.9.2 (/opt/ros/foxy/share/ament_cmake_ros/cmake)
-- Using all available rosidl_typesupport_c: rosidl_typesupport_fastrtps_c;rosidl_typesupport_introspection_c
-- Using all available rosidl_typesupport_cpp: rosidl_typesupport_fastrtps_cpp;rosidl_typesupport_introspection_cpp
-- Found PythonInterp: /usr/bin/python3 (found suitable version "3.8.10", minimum required is "3.5") 
-- Found python_cmake_module: 0.8.1 (/opt/ros/foxy/share/python_cmake_module/cmake)
-- Found PythonLibs: /usr/lib/aarch64-linux-gnu/libpython3.8.so (found suitable version "3.8.10", minimum required is "3.5") 
-- Using PYTHON_EXECUTABLE: /usr/bin/python3
-- Using PYTHON_INCLUDE_DIRS: /usr/include/python3.8
-- Using PYTHON_LIBRARIES: /usr/lib/aarch64-linux-gnu/libpython3.8.so
-- Found PythonExtra: .so  
-- Found ament_lint_auto: 0.9.8 (/opt/ros/foxy/share/ament_lint_auto/cmake)
-- Added test 'lint_cmake' to check CMake code style
-- Added test 'xmllint' to check XML markup files
-- Configuring done
-- Generating done
-- Build files have been written to: /home/spacer/leo_ws/build/leo_msgs
[  1%] [34m[1mGenerating C code for ROS interfaces[0m
[35m[1mScanning dependencies of target leo_msgs__cpp[0m
[  3%] [34m[1mGenerating C++ code for ROS interfaces[0m
[  3%] Built target leo_msgs__cpp
[  4%] [34m[1mGenerating C++ type support dispatch for ROS interfaces[0m
[  6%] [34m[1mGenerating C++ type support for eProsima Fast-RTPS[0m
[  7%] [34m[1mGenerating C++ introspection for ROS interfaces[0m
[35m[1mScanning dependencies of target leo_msgs__rosidl_generator_c[0m
[ 12%] [32mBuilding C object CMakeFiles/leo_msgs__rosidl_generator_c.dir/rosidl_generator_c/leo_msgs/msg/detail/wheel_odom_mecanum__functions.c.o[0m
[ 12%] [32mBuilding C object CMakeFiles/leo_msgs__rosidl_generator_c.dir/rosidl_generator_c/leo_msgs/msg/detail/wheel_odom__functions.c.o[0m
[ 12%] [32mBuilding C object CMakeFiles/leo_msgs__rosidl_generator_c.dir/rosidl_generator_c/leo_msgs/msg/detail/imu__functions.c.o[0m
[ 14%] [32mBuilding C object CMakeFiles/leo_msgs__rosidl_generator_c.dir/rosidl_generator_c/leo_msgs/msg/detail/wheel_states__functions.c.o[0m
[ 15%] [32mBuilding C object CMakeFiles/leo_msgs__rosidl_generator_c.dir/rosidl_generator_c/leo_msgs/srv/detail/set_imu_calibration__functions.c.o[0m
[ 17%] [32m[1mLinking C shared library libleo_msgs__rosidl_generator_c.so[0m
[ 17%] Built target leo_msgs__rosidl_generator_c
[ 19%] [34m[1mGenerating C introspection for ROS interfaces[0m
[ 20%] [34m[1mGenerating C type support dispatch for ROS interfaces[0m
[35m[1mScanning dependencies of target leo_msgs__rosidl_typesupport_cpp[0m
[ 23%] [32mBuilding CXX object CMakeFiles/leo_msgs__rosidl_typesupport_cpp.dir/rosidl_typesupport_cpp/leo_msgs/msg/wheel_odom__type_support.cpp.o[0m
[ 23%] [32mBuilding CXX object CMakeFiles/leo_msgs__rosidl_typesupport_cpp.dir/rosidl_typesupport_cpp/leo_msgs/msg/imu__type_support.cpp.o[0m
[35m[1mScanning dependencies of target leo_msgs__rosidl_typesupport_introspection_cpp[0m
[35m[1mScanning dependencies of target leo_msgs__rosidl_typesupport_c[0m
[ 25%] [32mBuilding CXX object CMakeFiles/leo_msgs__rosidl_typesupport_introspection_cpp.dir/rosidl_typesupport_introspection_cpp/leo_msgs/msg/detail/imu__type_support.cpp.o[0m
[35m[1mScanning dependencies of target leo_msgs__rosidl_typesupport_fastrtps_cpp[0m
[ 26%] [32mBuilding CXX object CMakeFiles/leo_msgs__rosidl_typesupport_c.dir/rosidl_typesupport_c/leo_msgs/msg/imu__type_support.cpp.o[0m
[ 28%] [32mBuilding CXX object CMakeFiles/leo_msgs__rosidl_typesupport_fastrtps_cpp.dir/rosidl_typesupport_fastrtps_cpp/leo_msgs/msg/detail/dds_fastrtps/imu__type_support.cpp.o[0m
[ 30%] [32mBuilding CXX object CMakeFiles/leo_msgs__rosidl_typesupport_c.dir/rosidl_typesupport_c/leo_msgs/msg/wheel_odom__type_support.cpp.o[0m
[ 31%] [32mBuilding CXX object CMakeFiles/leo_msgs__rosidl_typesupport_c.dir/rosidl_typesupport_c/leo_msgs/msg/wheel_odom_mecanum__type_support.cpp.o[0m
[ 33%] [32mBuilding CXX object CMakeFiles/leo_msgs__rosidl_typesupport_c.dir/rosidl_typesupport_c/leo_msgs/msg/wheel_states__type_support.cpp.o[0m
[ 34%] [32mBuilding CXX object CMakeFiles/leo_msgs__rosidl_typesupport_cpp.dir/rosidl_typesupport_cpp/leo_msgs/msg/wheel_odom_mecanum__type_support.cpp.o[0m
[ 36%] [32mBuilding CXX object CMakeFiles/leo_msgs__rosidl_typesupport_cpp.dir/rosidl_typesupport_cpp/leo_msgs/msg/wheel_states__type_support.cpp.o[0m
[ 38%] [32mBuilding CXX object CMakeFiles/leo_msgs__rosidl_typesupport_c.dir/rosidl_typesupport_c/leo_msgs/srv/set_imu_calibration__type_support.cpp.o[0m
[ 39%] [32m[1mLinking CXX shared library libleo_msgs__rosidl_typesupport_c.so[0m
[35m[1mScanning dependencies of target leo_msgs__rosidl_typesupport_introspection_c[0m
[ 41%] [32mBuilding C object CMakeFiles/leo_msgs__rosidl_typesupport_introspection_c.dir/rosidl_typesupport_introspection_c/leo_msgs/msg/detail/imu__type_support.c.o[0m
[ 41%] Built target leo_msgs__rosidl_typesupport_c
[ 42%] [32mBuilding C object CMakeFiles/leo_msgs__rosidl_typesupport_introspection_c.dir/rosidl_typesupport_introspection_c/leo_msgs/msg/detail/wheel_odom__type_support.c.o[0m
[ 44%] [32mBuilding C object CMakeFiles/leo_msgs__rosidl_typesupport_introspection_c.dir/rosidl_typesupport_introspection_c/leo_msgs/msg/detail/wheel_odom_mecanum__type_support.c.o[0m
[ 46%] [32mBuilding C object CMakeFiles/leo_msgs__rosidl_typesupport_introspection_c.dir/rosidl_typesupport_introspection_c/leo_msgs/msg/detail/wheel_states__type_support.c.o[0m
[ 47%] [32mBuilding C object CMakeFiles/leo_msgs__rosidl_typesupport_introspection_c.dir/rosidl_typesupport_introspection_c/leo_msgs/srv/detail/set_imu_calibration__type_support.c.o[0m
[ 49%] [32mBuilding CXX object CMakeFiles/leo_msgs__rosidl_typesupport_fastrtps_cpp.dir/rosidl_typesupport_fastrtps_cpp/leo_msgs/msg/detail/dds_fastrtps/wheel_odom__type_support.cpp.o[0m
[ 50%] [32mBuilding CXX object CMakeFiles/leo_msgs__rosidl_typesupport_introspection_cpp.dir/rosidl_typesupport_introspection_cpp/leo_msgs/msg/detail/wheel_odom__type_support.cpp.o[0m
[ 52%] [32m[1mLinking C shared library libleo_msgs__rosidl_typesupport_introspection_c.so[0m
[ 52%] Built target leo_msgs__rosidl_typesupport_introspection_c
[ 53%] [32mBuilding CXX object CMakeFiles/leo_msgs__rosidl_typesupport_introspection_cpp.dir/rosidl_typesupport_introspection_cpp/leo_msgs/msg/detail/wheel_odom_mecanum__type_support.cpp.o[0m
[ 55%] [32mBuilding CXX object CMakeFiles/leo_msgs__rosidl_typesupport_cpp.dir/rosidl_typesupport_cpp/leo_msgs/srv/set_imu_calibration__type_support.cpp.o[0m
[ 57%] [32mBuilding CXX object CMakeFiles/leo_msgs__rosidl_typesupport_fastrtps_cpp.dir/rosidl_typesupport_fastrtps_cpp/leo_msgs/msg/detail/dds_fastrtps/wheel_odom_mecanum__type_support.cpp.o[0m
[ 58%] [32mBuilding CXX object CMakeFiles/leo_msgs__rosidl_typesupport_fastrtps_cpp.dir/rosidl_typesupport_fastrtps_cpp/leo_msgs/msg/detail/dds_fastrtps/wheel_states__type_support.cpp.o[0m
[ 60%] [32mBuilding CXX object CMakeFiles/leo_msgs__rosidl_typesupport_introspection_cpp.dir/rosidl_typesupport_introspection_cpp/leo_msgs/msg/detail/wheel_states__type_support.cpp.o[0m
[ 61%] [32mBuilding CXX object CMakeFiles/leo_msgs__rosidl_typesupport_introspection_cpp.dir/rosidl_typesupport_introspection_cpp/leo_msgs/srv/detail/set_imu_calibration__type_support.cpp.o[0m
[ 63%] [32mBuilding CXX object CMakeFiles/leo_msgs__rosidl_typesupport_fastrtps_cpp.dir/rosidl_typesupport_fastrtps_cpp/leo_msgs/srv/detail/dds_fastrtps/set_imu_calibration__type_support.cpp.o[0m
[ 65%] [32m[1mLinking CXX shared library libleo_msgs__rosidl_typesupport_cpp.so[0m
[ 65%] Built target leo_msgs__rosidl_typesupport_cpp
[ 66%] [32m[1mLinking CXX shared library libleo_msgs__rosidl_typesupport_introspection_cpp.so[0m
[ 66%] Built target leo_msgs__rosidl_typesupport_introspection_cpp
[ 68%] [32m[1mLinking CXX shared library libleo_msgs__rosidl_typesupport_fastrtps_cpp.so[0m
[ 68%] Built target leo_msgs__rosidl_typesupport_fastrtps_cpp
[ 69%] [34m[1mGenerating C type support for eProsima Fast-RTPS[0m
[35m[1mScanning dependencies of target leo_msgs__rosidl_typesupport_fastrtps_c[0m
[ 76%] [32mBuilding CXX object CMakeFiles/leo_msgs__rosidl_typesupport_fastrtps_c.dir/rosidl_typesupport_fastrtps_c/leo_msgs/msg/detail/wheel_odom_mecanum__type_support_c.cpp.o[0m
[ 76%] [32mBuilding CXX object CMakeFiles/leo_msgs__rosidl_typesupport_fastrtps_c.dir/rosidl_typesupport_fastrtps_c/leo_msgs/msg/detail/wheel_odom__type_support_c.cpp.o[0m
[ 76%] [32mBuilding CXX object CMakeFiles/leo_msgs__rosidl_typesupport_fastrtps_c.dir/rosidl_typesupport_fastrtps_c/leo_msgs/msg/detail/imu__type_support_c.cpp.o[0m
[ 76%] [32mBuilding CXX object CMakeFiles/leo_msgs__rosidl_typesupport_fastrtps_c.dir/rosidl_typesupport_fastrtps_c/leo_msgs/msg/detail/wheel_states__type_support_c.cpp.o[0m
[ 77%] [32mBuilding CXX object CMakeFiles/leo_msgs__rosidl_typesupport_fastrtps_c.dir/rosidl_typesupport_fastrtps_c/leo_msgs/srv/detail/set_imu_calibration__type_support_c.cpp.o[0m
[ 79%] [32m[1mLinking CXX shared library libleo_msgs__rosidl_typesupport_fastrtps_c.so[0m
[ 79%] Built target leo_msgs__rosidl_typesupport_fastrtps_c
[35m[1mScanning dependencies of target leo_msgs[0m
[ 79%] Built target leo_msgs
[35m[1mScanning dependencies of target leo_msgs__py[0m
[ 80%] [34m[1mGenerating Python code for ROS interfaces[0m
[ 80%] Built target leo_msgs__py
[35m[1mScanning dependencies of target leo_msgs__python[0m
[ 82%] [32mBuilding C object CMakeFiles/leo_msgs__python.dir/rosidl_generator_py/leo_msgs/msg/_imu_s.c.o[0m
[ 84%] [32mBuilding C object CMakeFiles/leo_msgs__python.dir/rosidl_generator_py/leo_msgs/msg/_wheel_odom_s.c.o[0m
[ 85%] [32mBuilding C object CMakeFiles/leo_msgs__python.dir/rosidl_generator_py/leo_msgs/msg/_wheel_odom_mecanum_s.c.o[0m
[ 87%] [32mBuilding C object CMakeFiles/leo_msgs__python.dir/rosidl_generator_py/leo_msgs/msg/_wheel_states_s.c.o[0m
[ 88%] [32mBuilding C object CMakeFiles/leo_msgs__python.dir/rosidl_generator_py/leo_msgs/srv/_set_imu_calibration_s.c.o[0m
[ 90%] [32m[1mLinking C shared library rosidl_generator_py/leo_msgs/libleo_msgs__python.so[0m
[ 90%] Built target leo_msgs__python
[35m[1mScanning dependencies of target leo_msgs__rosidl_typesupport_introspection_c__pyext[0m
[35m[1mScanning dependencies of target leo_msgs__rosidl_typesupport_c__pyext[0m
[35m[1mScanning dependencies of target leo_msgs__rosidl_typesupport_fastrtps_c__pyext[0m
[ 92%] [32mBuilding C object CMakeFiles/leo_msgs__rosidl_typesupport_fastrtps_c__pyext.dir/rosidl_generator_py/leo_msgs/_leo_msgs_s.ep.rosidl_typesupport_fastrtps_c.c.o[0m
[ 93%] [32mBuilding C object CMakeFiles/leo_msgs__rosidl_typesupport_c__pyext.dir/rosidl_generator_py/leo_msgs/_leo_msgs_s.ep.rosidl_typesupport_c.c.o[0m
[ 95%] [32mBuilding C object CMakeFiles/leo_msgs__rosidl_typesupport_introspection_c__pyext.dir/rosidl_generator_py/leo_msgs/_leo_msgs_s.ep.rosidl_typesupport_introspection_c.c.o[0m
[ 96%] [32m[1mLinking CXX shared library rosidl_generator_py/leo_msgs/leo_msgs_s__rosidl_typesupport_fastrtps_c.cpython-38-aarch64-linux-gnu.so[0m
[ 98%] [32m[1mLinking C shared library rosidl_generator_py/leo_msgs/leo_msgs_s__rosidl_typesupport_introspection_c.cpython-38-aarch64-linux-gnu.so[0m
[100%] [32m[1mLinking C shared library rosidl_generator_py/leo_msgs/leo_msgs_s__rosidl_typesupport_c.cpython-38-aarch64-linux-gnu.so[0m
[100%] Built target leo_msgs__rosidl_typesupport_fastrtps_c__pyext
[100%] Built target leo_msgs__rosidl_typesupport_introspection_c__pyext
[100%] Built target leo_msgs__rosidl_typesupport_c__pyext
-- Install configuration: ""
-- Installing: /home/spacer/leo_ws/install/leo_msgs/share/ament_index/resource_index/rosidl_interfaces/leo_msgs
-- Installing: /home/spacer/leo_ws/install/leo_msgs/include/leo_msgs
-- Installing: /home/spacer/leo_ws/install/leo_msgs/include/leo_msgs/srv
-- Installing: /home/spacer/leo_ws/install/leo_msgs/include/leo_msgs/srv/set_imu_calibration.h
-- Installing: /home/spacer/leo_ws/install/leo_msgs/include/leo_msgs/srv/detail
-- Installing: /home/spacer/leo_ws/install/leo_msgs/include/leo_msgs/srv/detail/set_imu_calibration__struct.h
-- Installing: /home/spacer/leo_ws/install/leo_msgs/include/leo_msgs/srv/detail/set_imu_calibration__type_support.h
-- Installing: /home/spacer/leo_ws/install/leo_msgs/include/leo_msgs/srv/detail/set_imu_calibration__functions.c
-- Installing: /home/spacer/leo_ws/install/leo_msgs/include/leo_msgs/srv/detail/set_imu_calibration__functions.h
-- Installing: /home/spacer/leo_ws/install/leo_msgs/include/leo_msgs/msg
-- Installing: /home/spacer/leo_ws/install/leo_msgs/include/leo_msgs/msg/wheel_odom.h
-- Installing: /home/spacer/leo_ws/install/leo_msgs/include/leo_msgs/msg/imu.h
-- Installing: /home/spacer/leo_ws/install/leo_msgs/include/leo_msgs/msg/wheel_odom_mecanum.h
-- Installing: /home/spacer/leo_ws/install/leo_msgs/include/leo_msgs/msg/detail
-- Installing: /home/spacer/leo_ws/install/leo_msgs/include/leo_msgs/msg/detail/wheel_states__struct.h
-- Installing: /home/spacer/leo_ws/install/leo_msgs/include/leo_msgs/msg/detail/imu__type_support.h
-- Installing: /home/spacer/leo_ws/install/leo_msgs/include/leo_msgs/msg/detail/imu__struct.h
-- Installing: /home/spacer/leo_ws/install/leo_msgs/include/leo_msgs/msg/detail/wheel_odom_mecanum__functions.c
-- Installing: /home/spacer/leo_ws/install/leo_msgs/include/leo_msgs/msg/detail/imu__functions.c
-- Installing: /home/spacer/leo_ws/install/leo_msgs/include/leo_msgs/msg/detail/wheel_odom__type_support.h
-- Installing: /home/spacer/leo_ws/install/leo_msgs/include/leo_msgs/msg/detail/wheel_odom_mecanum__type_support.h
-- Installing: /home/spacer/leo_ws/install/leo_msgs/include/leo_msgs/msg/detail/wheel_odom__struct.h
-- Installing: /home/spacer/leo_ws/install/leo_msgs/include/leo_msgs/msg/detail/imu__functions.h
-- Installing: /home/spacer/leo_ws/install/leo_msgs/include/leo_msgs/msg/detail/wheel_states__functions.h
-- Installing: /home/spacer/leo_ws/install/leo_msgs/include/leo_msgs/msg/detail/wheel_odom_mecanum__functions.h
-- Installing: /home/spacer/leo_ws/install/leo_msgs/include/leo_msgs/msg/detail/wheel_odom__functions.c
-- Installing: /home/spacer/leo_ws/install/leo_msgs/include/leo_msgs/msg/detail/wheel_odom__functions.h
-- Installing: /home/spacer/leo_ws/install/leo_msgs/include/leo_msgs/msg/detail/wheel_states__functions.c
-- Installing: /home/spacer/leo_ws/install/leo_msgs/include/leo_msgs/msg/detail/wheel_odom_mecanum__struct.h
-- Installing: /home/spacer/leo_ws/install/leo_msgs/include/leo_msgs/msg/detail/wheel_states__type_support.h
-- Installing: /home/spacer/leo_ws/install/leo_msgs/include/leo_msgs/msg/wheel_states.h
-- Installing: /home/spacer/leo_ws/install/leo_msgs/include/leo_msgs/msg/rosidl_generator_c__visibility_control.h
-- Installing: /home/spacer/leo_ws/install/leo_msgs/share/leo_msgs/environment/library_path.sh
-- Installing: /home/spacer/leo_ws/install/leo_msgs/share/leo_msgs/environment/library_path.dsv
-- Installing: /home/spacer/leo_ws/install/leo_msgs/lib/libleo_msgs__rosidl_generator_c.so
-- Set runtime path of "/home/spacer/leo_ws/install/leo_msgs/lib/libleo_msgs__rosidl_generator_c.so" to ""
-- Up-to-date: /home/spacer/leo_ws/install/leo_msgs/include/leo_msgs
-- Up-to-date: /home/spacer/leo_ws/install/leo_msgs/include/leo_msgs/srv
-- Up-to-date: /home/spacer/leo_ws/install/leo_msgs/include/leo_msgs/srv/detail
-- Installing: /home/spacer/leo_ws/install/leo_msgs/include/leo_msgs/srv/detail/set_imu_calibration__rosidl_typesupport_fastrtps_c.h
-- Up-to-date: /home/spacer/leo_ws/install/leo_msgs/include/leo_msgs/msg
-- Installing: /home/spacer/leo_ws/install/leo_msgs/include/leo_msgs/msg/rosidl_typesupport_fastrtps_c__visibility_control.h
-- Up-to-date: /home/spacer/leo_ws/install/leo_msgs/include/leo_msgs/msg/detail
-- Installing: /home/spacer/leo_ws/install/leo_msgs/include/leo_msgs/msg/detail/wheel_odom_mecanum__rosidl_typesupport_fastrtps_c.h
-- Installing: /home/spacer/leo_ws/install/leo_msgs/include/leo_msgs/msg/detail/wheel_states__rosidl_typesupport_fastrtps_c.h
-- Installing: /home/spacer/leo_ws/install/leo_msgs/include/leo_msgs/msg/detail/imu__rosidl_typesupport_fastrtps_c.h
-- Installing: /home/spacer/leo_ws/install/leo_msgs/include/leo_msgs/msg/detail/wheel_odom__rosidl_typesupport_fastrtps_c.h
-- Installing: /home/spacer/leo_ws/install/leo_msgs/lib/libleo_msgs__rosidl_typesupport_fastrtps_c.so
-- Set runtime path of "/home/spacer/leo_ws/install/leo_msgs/lib/libleo_msgs__rosidl_typesupport_fastrtps_c.so" to ""
-- Up-to-date: /home/spacer/leo_ws/install/leo_msgs/include/leo_msgs
-- Up-to-date: /home/spacer/leo_ws/install/leo_msgs/include/leo_msgs/srv
-- Up-to-date: /home/spacer/leo_ws/install/leo_msgs/include/leo_msgs/srv/detail
-- Installing: /home/spacer/leo_ws/install/leo_msgs/include/leo_msgs/srv/detail/set_imu_calibration__rosidl_typesupport_fastrtps_cpp.hpp
-- Installing: /home/spacer/leo_ws/install/leo_msgs/include/leo_msgs/srv/detail/dds_fastrtps
-- Up-to-date: /home/spacer/leo_ws/install/leo_msgs/include/leo_msgs/msg
-- Installing: /home/spacer/leo_ws/install/leo_msgs/include/leo_msgs/msg/rosidl_typesupport_fastrtps_cpp__visibility_control.h
-- Up-to-date: /home/spacer/leo_ws/install/leo_msgs/include/leo_msgs/msg/detail
-- Installing: /home/spacer/leo_ws/install/leo_msgs/include/leo_msgs/msg/detail/imu__rosidl_typesupport_fastrtps_cpp.hpp
-- Installing: /home/spacer/leo_ws/install/leo_msgs/include/leo_msgs/msg/detail/wheel_odom__rosidl_typesupport_fastrtps_cpp.hpp
-- Installing: /home/spacer/leo_ws/install/leo_msgs/include/leo_msgs/msg/detail/wheel_odom_mecanum__rosidl_typesupport_fastrtps_cpp.hpp
-- Installing: /home/spacer/leo_ws/install/leo_msgs/include/leo_msgs/msg/detail/wheel_states__rosidl_typesupport_fastrtps_cpp.hpp
-- Installing: /home/spacer/leo_ws/install/leo_msgs/include/leo_msgs/msg/detail/dds_fastrtps
-- Installing: /home/spacer/leo_ws/install/leo_msgs/lib/libleo_msgs__rosidl_typesupport_fastrtps_cpp.so
-- Set runtime path of "/home/spacer/leo_ws/install/leo_msgs/lib/libleo_msgs__rosidl_typesupport_fastrtps_cpp.so" to ""
-- Up-to-date: /home/spacer/leo_ws/install/leo_msgs/include/leo_msgs
-- Up-to-date: /home/spacer/leo_ws/install/leo_msgs/include/leo_msgs/srv
-- Up-to-date: /home/spacer/leo_ws/install/leo_msgs/include/leo_msgs/srv/detail
-- Installing: /home/spacer/leo_ws/install/leo_msgs/include/leo_msgs/srv/detail/set_imu_calibration__type_support.c
-- Installing: /home/spacer/leo_ws/install/leo_msgs/include/leo_msgs/srv/detail/set_imu_calibration__rosidl_typesupport_introspection_c.h
-- Up-to-date: /home/spacer/leo_ws/install/leo_msgs/include/leo_msgs/msg
-- Installing: /home/spacer/leo_ws/install/leo_msgs/include/leo_msgs/msg/rosidl_typesupport_introspection_c__visibility_control.h
-- Up-to-date: /home/spacer/leo_ws/install/leo_msgs/include/leo_msgs/msg/detail
-- Installing: /home/spacer/leo_ws/install/leo_msgs/include/leo_msgs/msg/detail/wheel_states__rosidl_typesupport_introspection_c.h
-- Installing: /home/spacer/leo_ws/install/leo_msgs/include/leo_msgs/msg/detail/wheel_odom__rosidl_typesupport_introspection_c.h
-- Installing: /home/spacer/leo_ws/install/leo_msgs/include/leo_msgs/msg/detail/wheel_odom_mecanum__rosidl_typesupport_introspection_c.h
-- Installing: /home/spacer/leo_ws/install/leo_msgs/include/leo_msgs/msg/detail/wheel_odom__type_support.c
-- Installing: /home/spacer/leo_ws/install/leo_msgs/include/leo_msgs/msg/detail/wheel_states__type_support.c
-- Installing: /home/spacer/leo_ws/install/leo_msgs/include/leo_msgs/msg/detail/imu__type_support.c
-- Installing: /home/spacer/leo_ws/install/leo_msgs/include/leo_msgs/msg/detail/imu__rosidl_typesupport_introspection_c.h
-- Installing: /home/spacer/leo_ws/install/leo_msgs/include/leo_msgs/msg/detail/wheel_odom_mecanum__type_support.c
-- Installing: /home/spacer/leo_ws/install/leo_msgs/lib/libleo_msgs__rosidl_typesupport_introspection_c.so
-- Set runtime path of "/home/spacer/leo_ws/install/leo_msgs/lib/libleo_msgs__rosidl_typesupport_introspection_c.so" to ""
-- Installing: /home/spacer/leo_ws/install/leo_msgs/lib/libleo_msgs__rosidl_typesupport_c.so
-- Set runtime path of "/home/spacer/leo_ws/install/leo_msgs/lib/libleo_msgs__rosidl_typesupport_c.so" to ""
-- Up-to-date: /home/spacer/leo_ws/install/leo_msgs/include/leo_msgs
-- Up-to-date: /home/spacer/leo_ws/install/leo_msgs/include/leo_msgs/srv
-- Up-to-date: /home/spacer/leo_ws/install/leo_msgs/include/leo_msgs/srv/detail
-- Installing: /home/spacer/leo_ws/install/leo_msgs/include/leo_msgs/srv/detail/set_imu_calibration__traits.hpp
-- Installing: /home/spacer/leo_ws/install/leo_msgs/include/leo_msgs/srv/detail/set_imu_calibration__struct.hpp
-- Installing: /home/spacer/leo_ws/install/leo_msgs/include/leo_msgs/srv/detail/set_imu_calibration__builder.hpp
-- Installing: /home/spacer/leo_ws/install/leo_msgs/include/leo_msgs/srv/detail/set_imu_calibration__type_support.hpp
-- Installing: /home/spacer/leo_ws/install/leo_msgs/include/leo_msgs/srv/set_imu_calibration.hpp
-- Up-to-date: /home/spacer/leo_ws/install/leo_msgs/include/leo_msgs/msg
-- Installing: /home/spacer/leo_ws/install/leo_msgs/include/leo_msgs/msg/wheel_odom.hpp
-- Installing: /home/spacer/leo_ws/install/leo_msgs/include/leo_msgs/msg/wheel_states.hpp
-- Installing: /home/spacer/leo_ws/install/leo_msgs/include/leo_msgs/msg/wheel_odom_mecanum.hpp
-- Installing: /home/spacer/leo_ws/install/leo_msgs/include/leo_msgs/msg/rosidl_generator_cpp__visibility_control.hpp
-- Installing: /home/spacer/leo_ws/install/leo_msgs/include/leo_msgs/msg/imu.hpp
-- Up-to-date: /home/spacer/leo_ws/install/leo_msgs/include/leo_msgs/msg/detail
-- Installing: /home/spacer/leo_ws/install/leo_msgs/include/leo_msgs/msg/detail/wheel_odom_mecanum__traits.hpp
-- Installing: /home/spacer/leo_ws/install/leo_msgs/include/leo_msgs/msg/detail/wheel_odom__struct.hpp
-- Installing: /home/spacer/leo_ws/install/leo_msgs/include/leo_msgs/msg/detail/imu__type_support.hpp
-- Installing: /home/spacer/leo_ws/install/leo_msgs/include/leo_msgs/msg/detail/wheel_states__builder.hpp
-- Installing: /home/spacer/leo_ws/install/leo_msgs/include/leo_msgs/msg/detail/imu__struct.hpp
-- Installing: /home/spacer/leo_ws/install/leo_msgs/include/leo_msgs/msg/detail/wheel_odom__builder.hpp
-- Installing: /home/spacer/leo_ws/install/leo_msgs/include/leo_msgs/msg/detail/imu__traits.hpp
-- Installing: /home/spacer/leo_ws/install/leo_msgs/include/leo_msgs/msg/detail/wheel_odom_mecanum__builder.hpp
-- Installing: /home/spacer/leo_ws/install/leo_msgs/include/leo_msgs/msg/detail/wheel_odom__traits.hpp
-- Installing: /home/spacer/leo_ws/install/leo_msgs/include/leo_msgs/msg/detail/wheel_odom_mecanum__struct.hpp
-- Installing: /home/spacer/leo_ws/install/leo_msgs/include/leo_msgs/msg/detail/wheel_states__traits.hpp
-- Installing: /home/spacer/leo_ws/install/leo_msgs/include/leo_msgs/msg/detail/wheel_odom_mecanum__type_support.hpp
-- Installing: /home/spacer/leo_ws/install/leo_msgs/include/leo_msgs/msg/detail/wheel_states__struct.hpp
-- Installing: /home/spacer/leo_ws/install/leo_msgs/include/leo_msgs/msg/detail/wheel_odom__type_support.hpp
-- Installing: /home/spacer/leo_ws/install/leo_msgs/include/leo_msgs/msg/detail/wheel_states__type_support.hpp
-- Installing: /home/spacer/leo_ws/install/leo_msgs/include/leo_msgs/msg/detail/imu__builder.hpp
-- Up-to-date: /home/spacer/leo_ws/install/leo_msgs/include/leo_msgs
-- Up-to-date: /home/spacer/leo_ws/install/leo_msgs/include/leo_msgs/srv
-- Up-to-date: /home/spacer/leo_ws/install/leo_msgs/include/leo_msgs/srv/detail
-- Installing: /home/spacer/leo_ws/install/leo_msgs/include/leo_msgs/srv/detail/set_imu_calibration__type_support.cpp
-- Installing: /home/spacer/leo_ws/install/leo_msgs/include/leo_msgs/srv/detail/set_imu_calibration__rosidl_typesupport_introspection_cpp.hpp
-- Up-to-date: /home/spacer/leo_ws/install/leo_msgs/include/leo_msgs/msg
-- Up-to-date: /home/spacer/leo_ws/install/leo_msgs/include/leo_msgs/msg/detail
-- Installing: /home/spacer/leo_ws/install/leo_msgs/include/leo_msgs/msg/detail/wheel_odom_mecanum__type_support.cpp
-- Installing: /home/spacer/leo_ws/install/leo_msgs/include/leo_msgs/msg/detail/wheel_states__type_support.cpp
-- Installing: /home/spacer/leo_ws/install/leo_msgs/include/leo_msgs/msg/detail/wheel_states__rosidl_typesupport_introspection_cpp.hpp
-- Installing: /home/spacer/leo_ws/install/leo_msgs/include/leo_msgs/msg/detail/imu__type_support.cpp
-- Installing: /home/spacer/leo_ws/install/leo_msgs/include/leo_msgs/msg/detail/wheel_odom__type_support.cpp
-- Installing: /home/spacer/leo_ws/install/leo_msgs/include/leo_msgs/msg/detail/wheel_odom__rosidl_typesupport_introspection_cpp.hpp
-- Installing: /home/spacer/leo_ws/install/leo_msgs/include/leo_msgs/msg/detail/wheel_odom_mecanum__rosidl_typesupport_introspection_cpp.hpp
-- Installing: /home/spacer/leo_ws/install/leo_msgs/include/leo_msgs/msg/detail/imu__rosidl_typesupport_introspection_cpp.hpp
-- Installing: /home/spacer/leo_ws/install/leo_msgs/lib/libleo_msgs__rosidl_typesupport_introspection_cpp.so
-- Set runtime path of "/home/spacer/leo_ws/install/leo_msgs/lib/libleo_msgs__rosidl_typesupport_introspection_cpp.so" to ""
-- Installing: /home/spacer/leo_ws/install/leo_msgs/lib/libleo_msgs__rosidl_typesupport_cpp.so
-- Set runtime path of "/home/spacer/leo_ws/install/leo_msgs/lib/libleo_msgs__rosidl_typesupport_cpp.so" to ""
-- Installing: /home/spacer/leo_ws/install/leo_msgs/share/leo_msgs/environment/pythonpath.sh
-- Installing: /home/spacer/leo_ws/install/leo_msgs/share/leo_msgs/environment/pythonpath.dsv
-- Installing: /home/spacer/leo_ws/install/leo_msgs/lib/python3.8/site-packages/leo_msgs/__init__.py
Compiling '/home/spacer/leo_ws/install/leo_msgs/lib/python3.8/site-packages/leo_msgs/__init__.py'...
-- Installing: /home/spacer/leo_ws/install/leo_msgs/lib/python3.8/site-packages/leo_msgs/msg
-- Installing: /home/spacer/leo_ws/install/leo_msgs/lib/python3.8/site-packages/leo_msgs/msg/_wheel_odom_mecanum_s.c
-- Installing: /home/spacer/leo_ws/install/leo_msgs/lib/python3.8/site-packages/leo_msgs/msg/_wheel_states_s.c
-- Installing: /home/spacer/leo_ws/install/leo_msgs/lib/python3.8/site-packages/leo_msgs/msg/_imu.py
-- Installing: /home/spacer/leo_ws/install/leo_msgs/lib/python3.8/site-packages/leo_msgs/msg/_wheel_odom.py
-- Installing: /home/spacer/leo_ws/install/leo_msgs/lib/python3.8/site-packages/leo_msgs/msg/_imu_s.c
-- Installing: /home/spacer/leo_ws/install/leo_msgs/lib/python3.8/site-packages/leo_msgs/msg/_wheel_odom_s.c
-- Installing: /home/spacer/leo_ws/install/leo_msgs/lib/python3.8/site-packages/leo_msgs/msg/__init__.py
-- Installing: /home/spacer/leo_ws/install/leo_msgs/lib/python3.8/site-packages/leo_msgs/msg/_wheel_odom_mecanum.py
-- Installing: /home/spacer/leo_ws/install/leo_msgs/lib/python3.8/site-packages/leo_msgs/msg/_wheel_states.py
-- Installing: /home/spacer/leo_ws/install/leo_msgs/lib/python3.8/site-packages/leo_msgs/srv
-- Installing: /home/spacer/leo_ws/install/leo_msgs/lib/python3.8/site-packages/leo_msgs/srv/_set_imu_calibration.py
-- Installing: /home/spacer/leo_ws/install/leo_msgs/lib/python3.8/site-packages/leo_msgs/srv/_set_imu_calibration_s.c
-- Installing: /home/spacer/leo_ws/install/leo_msgs/lib/python3.8/site-packages/leo_msgs/srv/__init__.py
-- Installing: /home/spacer/leo_ws/install/leo_msgs/lib/python3.8/site-packages/leo_msgs/leo_msgs_s__rosidl_typesupport_fastrtps_c.cpython-38-aarch64-linux-gnu.so
-- Set runtime path of "/home/spacer/leo_ws/install/leo_msgs/lib/python3.8/site-packages/leo_msgs/leo_msgs_s__rosidl_typesupport_fastrtps_c.cpython-38-aarch64-linux-gnu.so" to ""
-- Installing: /home/spacer/leo_ws/install/leo_msgs/lib/python3.8/site-packages/leo_msgs/leo_msgs_s__rosidl_typesupport_introspection_c.cpython-38-aarch64-linux-gnu.so
-- Set runtime path of "/home/spacer/leo_ws/install/leo_msgs/lib/python3.8/site-packages/leo_msgs/leo_msgs_s__rosidl_typesupport_introspection_c.cpython-38-aarch64-linux-gnu.so" to ""
-- Installing: /home/spacer/leo_ws/install/leo_msgs/lib/python3.8/site-packages/leo_msgs/leo_msgs_s__rosidl_typesupport_c.cpython-38-aarch64-linux-gnu.so
-- Set runtime path of "/home/spacer/leo_ws/install/leo_msgs/lib/python3.8/site-packages/leo_msgs/leo_msgs_s__rosidl_typesupport_c.cpython-38-aarch64-linux-gnu.so" to ""
-- Installing: /home/spacer/leo_ws/install/leo_msgs/lib/libleo_msgs__python.so
-- Set runtime path of "/home/spacer/leo_ws/install/leo_msgs/lib/libleo_msgs__python.so" to ""
-- Installing: /home/spacer/leo_ws/install/leo_msgs/share/leo_msgs/msg/Imu.idl
-- Installing: /home/spacer/leo_ws/install/leo_msgs/share/leo_msgs/msg/WheelOdom.idl
-- Installing: /home/spacer/leo_ws/install/leo_msgs/share/leo_msgs/msg/WheelOdomMecanum.idl
-- Installing: /home/spacer/leo_ws/install/leo_msgs/share/leo_msgs/msg/WheelStates.idl
-- Installing: /home/spacer/leo_ws/install/leo_msgs/share/leo_msgs/srv/SetImuCalibration.idl
-- Installing: /home/spacer/leo_ws/install/leo_msgs/share/leo_msgs/msg/Imu.msg
-- Installing: /home/spacer/leo_ws/install/leo_msgs/share/leo_msgs/msg/WheelOdom.msg
-- Installing: /home/spacer/leo_ws/install/leo_msgs/share/leo_msgs/msg/WheelOdomMecanum.msg
-- Installing: /home/spacer/leo_ws/install/leo_msgs/share/leo_msgs/msg/WheelStates.msg
-- Installing: /home/spacer/leo_ws/install/leo_msgs/share/leo_msgs/srv/SetImuCalibration.srv
-- Installing: /home/spacer/leo_ws/install/leo_msgs/share/leo_msgs/srv/SetImuCalibration_Request.msg
-- Installing: /home/spacer/leo_ws/install/leo_msgs/share/leo_msgs/srv/SetImuCalibration_Response.msg
-- Installing: /home/spacer/leo_ws/install/leo_msgs/share/ament_index/resource_index/package_run_dependencies/leo_msgs
-- Installing: /home/spacer/leo_ws/install/leo_msgs/share/ament_index/resource_index/parent_prefix_path/leo_msgs
-- Installing: /home/spacer/leo_ws/install/leo_msgs/share/leo_msgs/environment/ament_prefix_path.sh
-- Installing: /home/spacer/leo_ws/install/leo_msgs/share/leo_msgs/environment/ament_prefix_path.dsv
-- Installing: /home/spacer/leo_ws/install/leo_msgs/share/leo_msgs/environment/path.sh
-- Installing: /home/spacer/leo_ws/install/leo_msgs/share/leo_msgs/environment/path.dsv
-- Installing: /home/spacer/leo_ws/install/leo_msgs/share/leo_msgs/local_setup.bash
-- Installing: /home/spacer/leo_ws/install/leo_msgs/share/leo_msgs/local_setup.sh
-- Installing: /home/spacer/leo_ws/install/leo_msgs/share/leo_msgs/local_setup.zsh
-- Installing: /home/spacer/leo_ws/install/leo_msgs/share/leo_msgs/local_setup.dsv
-- Installing: /home/spacer/leo_ws/install/leo_msgs/share/leo_msgs/package.dsv
-- Installing: /home/spacer/leo_ws/install/leo_msgs/share/ament_index/resource_index/packages/leo_msgs
-- Installing: /home/spacer/leo_ws/install/leo_msgs/share/leo_msgs/cmake/leo_msgs__rosidl_generator_cExport.cmake
-- Installing: /home/spacer/leo_ws/install/leo_msgs/share/leo_msgs/cmake/leo_msgs__rosidl_generator_cExport-noconfig.cmake
-- Installing: /home/spacer/leo_ws/install/leo_msgs/share/leo_msgs/cmake/leo_msgs__rosidl_typesupport_introspection_cExport.cmake
-- Installing: /home/spacer/leo_ws/install/leo_msgs/share/leo_msgs/cmake/leo_msgs__rosidl_typesupport_introspection_cExport-noconfig.cmake
-- Installing: /home/spacer/leo_ws/install/leo_msgs/share/leo_msgs/cmake/leo_msgs__rosidl_typesupport_cExport.cmake
-- Installing: /home/spacer/leo_ws/install/leo_msgs/share/leo_msgs/cmake/leo_msgs__rosidl_typesupport_cExport-noconfig.cmake
-- Installing: /home/spacer/leo_ws/install/leo_msgs/share/leo_msgs/cmake/leo_msgs__rosidl_generator_cppExport.cmake
-- Installing: /home/spacer/leo_ws/install/leo_msgs/share/leo_msgs/cmake/leo_msgs__rosidl_typesupport_introspection_cppExport.cmake
-- Installing: /home/spacer/leo_ws/install/leo_msgs/share/leo_msgs/cmake/leo_msgs__rosidl_typesupport_introspection_cppExport-noconfig.cmake
-- Installing: /home/spacer/leo_ws/install/leo_msgs/share/leo_msgs/cmake/leo_msgs__rosidl_typesupport_cppExport.cmake
-- Installing: /home/spacer/leo_ws/install/leo_msgs/share/leo_msgs/cmake/leo_msgs__rosidl_typesupport_cppExport-noconfig.cmake
-- Installing: /home/spacer/leo_ws/install/leo_msgs/share/leo_msgs/cmake/rosidl_cmake-extras.cmake
-- Installing: /home/spacer/leo_ws/install/leo_msgs/share/leo_msgs/cmake/ament_cmake_export_dependencies-extras.cmake
-- Installing: /home/spacer/leo_ws/install/leo_msgs/share/leo_msgs/cmake/ament_cmake_export_libraries-extras.cmake
-- Installing: /home/spacer/leo_ws/install/leo_msgs/share/leo_msgs/cmake/ament_cmake_export_targets-extras.cmake
-- Installing: /home/spacer/leo_ws/install/leo_msgs/share/leo_msgs/cmake/ament_cmake_export_include_directories-extras.cmake
-- Installing: /home/spacer/leo_ws/install/leo_msgs/share/leo_msgs/cmake/rosidl_cmake_export_typesupport_libraries-extras.cmake
-- Installing: /home/spacer/leo_ws/install/leo_msgs/share/leo_msgs/cmake/rosidl_cmake_export_typesupport_targets-extras.cmake
-- Installing: /home/spacer/leo_ws/install/leo_msgs/share/leo_msgs/cmake/leo_msgsConfig.cmake
-- Installing: /home/spacer/leo_ws/install/leo_msgs/share/leo_msgs/cmake/leo_msgsConfig-version.cmake
-- Installing: /home/spacer/leo_ws/install/leo_msgs/share/leo_msgs/package.xml
