[2.313s] Invoking command in '/home/spacer/leo_ws/build/leo_msgs': CMAKE_PREFIX_PATH=${CMAKE_PREFIX_PATH}:/opt/ros/foxy /usr/bin/cmake /home/spacer/leo_ws/src/leo_common-ros2/leo_msgs -DCMAKE_INSTALL_PREFIX=/home/spacer/leo_ws/install/leo_msgs
[2.421s] -- The C compiler identification is GNU 9.4.0
[2.522s] -- The CXX compiler identification is GNU 9.4.0
[2.531s] -- Check for working C compiler: /usr/bin/cc
[2.669s] -- Check for working C compiler: /usr/bin/cc -- works
[2.671s] -- Detecting C compiler ABI info
[2.809s] -- Detecting C compiler ABI info - done
[2.829s] -- Detecting C compile features
[2.830s] -- Detecting C compile features - done
[2.834s] -- Check for working CXX compiler: /usr/bin/c++
[2.991s] -- Check for working CXX compiler: /usr/bin/c++ -- works
[2.993s] -- Detecting CXX compiler ABI info
[3.145s] -- Detecting CXX compiler ABI info - done
[3.164s] -- Detecting CXX compile features
[3.165s] -- Detecting CXX compile features - done
[3.169s] -- Found ament_cmake: 0.9.12 (/opt/ros/foxy/share/ament_cmake/cmake)
[3.220s] -- Found PythonInterp: /usr/bin/python3 (found suitable version "3.8.10", minimum required is "3") 
[3.221s] -- Using PYTHON_EXECUTABLE: /usr/bin/python3
[3.644s] -- Found rosidl_default_generators: 1.0.1 (/opt/ros/foxy/share/rosidl_default_generators/cmake)
[3.651s] -- Using all available rosidl_typesupport_c: rosidl_typesupport_fastrtps_c;rosidl_typesupport_introspection_c
[3.665s] -- Found rosidl_adapter: 1.3.1 (/opt/ros/foxy/share/rosidl_adapter/cmake)
[3.877s] -- Found OpenSSL: /usr/lib/aarch64-linux-gnu/libcrypto.so (found version "1.1.1f")  
[3.937s] -- Found FastRTPS: /opt/ros/foxy/include  
[4.096s] -- Using all available rosidl_typesupport_cpp: rosidl_typesupport_fastrtps_cpp;rosidl_typesupport_introspection_cpp
[4.147s] -- Found builtin_interfaces: 1.0.0 (/opt/ros/foxy/share/builtin_interfaces/cmake)
[4.214s] -- Found PythonInterp: /usr/bin/python3 (found version "3.8.10") 
[4.508s] -- Found ament_cmake_ros: 0.9.2 (/opt/ros/foxy/share/ament_cmake_ros/cmake)
[4.722s] -- Using all available rosidl_typesupport_c: rosidl_typesupport_fastrtps_c;rosidl_typesupport_introspection_c
[4.748s] -- Using all available rosidl_typesupport_cpp: rosidl_typesupport_fastrtps_cpp;rosidl_typesupport_introspection_cpp
[4.799s] -- Found PythonInterp: /usr/bin/python3 (found suitable version "3.8.10", minimum required is "3.5") 
[4.802s] -- Found python_cmake_module: 0.8.1 (/opt/ros/foxy/share/python_cmake_module/cmake)
[4.861s] -- Found PythonLibs: /usr/lib/aarch64-linux-gnu/libpython3.8.so (found suitable version "3.8.10", minimum required is "3.5") 
[4.861s] -- Using PYTHON_EXECUTABLE: /usr/bin/python3
[4.862s] -- Using PYTHON_INCLUDE_DIRS: /usr/include/python3.8
[4.862s] -- Using PYTHON_LIBRARIES: /usr/lib/aarch64-linux-gnu/libpython3.8.so
[4.905s] -- Found PythonExtra: .so  
[4.994s] -- Found ament_lint_auto: 0.9.8 (/opt/ros/foxy/share/ament_lint_auto/cmake)
[5.012s] -- Added test 'lint_cmake' to check CMake code style
[5.013s] -- Added test 'xmllint' to check XML markup files
[5.023s] -- Configuring done
[5.105s] -- Generating done
[5.111s] -- Build files have been written to: /home/spacer/leo_ws/build/leo_msgs
[5.968s] Invoked command in '/home/spacer/leo_ws/build/leo_msgs' returned '0': CMAKE_PREFIX_PATH=${CMAKE_PREFIX_PATH}:/opt/ros/foxy /usr/bin/cmake /home/spacer/leo_ws/src/leo_common-ros2/leo_msgs -DCMAKE_INSTALL_PREFIX=/home/spacer/leo_ws/install/leo_msgs
[5.970s] Invoking command in '/home/spacer/leo_ws/build/leo_msgs': CMAKE_PREFIX_PATH=${CMAKE_PREFIX_PATH}:/opt/ros/foxy /usr/bin/cmake --build /home/spacer/leo_ws/build/leo_msgs -- -j6 -l6
[6.056s] [  1%] [34m[1mGenerating C code for ROS interfaces[0m
[6.057s] [35m[1mScanning dependencies of target leo_msgs__cpp[0m
[6.079s] [  3%] [34m[1mGenerating C++ code for ROS interfaces[0m
[7.110s] [  3%] Built target leo_msgs__cpp
[7.134s] [  4%] [34m[1mGenerating C++ type support dispatch for ROS interfaces[0m
[7.149s] [  6%] [34m[1mGenerating C++ type support for eProsima Fast-RTPS[0m
[7.186s] [  7%] [34m[1mGenerating C++ introspection for ROS interfaces[0m
[7.209s] [35m[1mScanning dependencies of target leo_msgs__rosidl_generator_c[0m
[7.239s] [ 12%] [32mBuilding C object CMakeFiles/leo_msgs__rosidl_generator_c.dir/rosidl_generator_c/leo_msgs/msg/detail/wheel_odom_mecanum__functions.c.o[0m
[7.239s] [ 12%] [32mBuilding C object CMakeFiles/leo_msgs__rosidl_generator_c.dir/rosidl_generator_c/leo_msgs/msg/detail/wheel_odom__functions.c.o[0m
[7.240s] [ 12%] [32mBuilding C object CMakeFiles/leo_msgs__rosidl_generator_c.dir/rosidl_generator_c/leo_msgs/msg/detail/imu__functions.c.o[0m
[7.347s] [ 14%] [32mBuilding C object CMakeFiles/leo_msgs__rosidl_generator_c.dir/rosidl_generator_c/leo_msgs/msg/detail/wheel_states__functions.c.o[0m
[7.359s] [ 15%] [32mBuilding C object CMakeFiles/leo_msgs__rosidl_generator_c.dir/rosidl_generator_c/leo_msgs/srv/detail/set_imu_calibration__functions.c.o[0m
[7.480s] [ 17%] [32m[1mLinking C shared library libleo_msgs__rosidl_generator_c.so[0m
[7.559s] [ 17%] Built target leo_msgs__rosidl_generator_c
[7.583s] [ 19%] [34m[1mGenerating C introspection for ROS interfaces[0m
[7.583s] [ 20%] [34m[1mGenerating C type support dispatch for ROS interfaces[0m
[7.904s] [35m[1mScanning dependencies of target leo_msgs__rosidl_typesupport_cpp[0m
[7.936s] [ 23%] [32mBuilding CXX object CMakeFiles/leo_msgs__rosidl_typesupport_cpp.dir/rosidl_typesupport_cpp/leo_msgs/msg/wheel_odom__type_support.cpp.o[0m
[7.936s] [ 23%] [32mBuilding CXX object CMakeFiles/leo_msgs__rosidl_typesupport_cpp.dir/rosidl_typesupport_cpp/leo_msgs/msg/imu__type_support.cpp.o[0m
[8.342s] [35m[1mScanning dependencies of target leo_msgs__rosidl_typesupport_introspection_cpp[0m
[8.393s] [35m[1mScanning dependencies of target leo_msgs__rosidl_typesupport_c[0m
[8.404s] [ 25%] [32mBuilding CXX object CMakeFiles/leo_msgs__rosidl_typesupport_introspection_cpp.dir/rosidl_typesupport_introspection_cpp/leo_msgs/msg/detail/imu__type_support.cpp.o[0m
[8.423s] [35m[1mScanning dependencies of target leo_msgs__rosidl_typesupport_fastrtps_cpp[0m
[8.425s] [ 26%] [32mBuilding CXX object CMakeFiles/leo_msgs__rosidl_typesupport_c.dir/rosidl_typesupport_c/leo_msgs/msg/imu__type_support.cpp.o[0m
[8.464s] [ 28%] [32mBuilding CXX object CMakeFiles/leo_msgs__rosidl_typesupport_fastrtps_cpp.dir/rosidl_typesupport_fastrtps_cpp/leo_msgs/msg/detail/dds_fastrtps/imu__type_support.cpp.o[0m
[8.541s] [ 30%] [32mBuilding CXX object CMakeFiles/leo_msgs__rosidl_typesupport_c.dir/rosidl_typesupport_c/leo_msgs/msg/wheel_odom__type_support.cpp.o[0m
[8.600s] [ 31%] [32mBuilding CXX object CMakeFiles/leo_msgs__rosidl_typesupport_c.dir/rosidl_typesupport_c/leo_msgs/msg/wheel_odom_mecanum__type_support.cpp.o[0m
[8.615s] [ 33%] [32mBuilding CXX object CMakeFiles/leo_msgs__rosidl_typesupport_c.dir/rosidl_typesupport_c/leo_msgs/msg/wheel_states__type_support.cpp.o[0m
[8.639s] [ 34%] [32mBuilding CXX object CMakeFiles/leo_msgs__rosidl_typesupport_cpp.dir/rosidl_typesupport_cpp/leo_msgs/msg/wheel_odom_mecanum__type_support.cpp.o[0m
[8.680s] [ 36%] [32mBuilding CXX object CMakeFiles/leo_msgs__rosidl_typesupport_cpp.dir/rosidl_typesupport_cpp/leo_msgs/msg/wheel_states__type_support.cpp.o[0m
[8.699s] [ 38%] [32mBuilding CXX object CMakeFiles/leo_msgs__rosidl_typesupport_c.dir/rosidl_typesupport_c/leo_msgs/srv/set_imu_calibration__type_support.cpp.o[0m
[8.769s] [ 39%] [32m[1mLinking CXX shared library libleo_msgs__rosidl_typesupport_c.so[0m
[8.777s] [35m[1mScanning dependencies of target leo_msgs__rosidl_typesupport_introspection_c[0m
[8.810s] [ 41%] [32mBuilding C object CMakeFiles/leo_msgs__rosidl_typesupport_introspection_c.dir/rosidl_typesupport_introspection_c/leo_msgs/msg/detail/imu__type_support.c.o[0m
[8.854s] [ 41%] Built target leo_msgs__rosidl_typesupport_c
[8.877s] [ 42%] [32mBuilding C object CMakeFiles/leo_msgs__rosidl_typesupport_introspection_c.dir/rosidl_typesupport_introspection_c/leo_msgs/msg/detail/wheel_odom__type_support.c.o[0m
[8.887s] [ 44%] [32mBuilding C object CMakeFiles/leo_msgs__rosidl_typesupport_introspection_c.dir/rosidl_typesupport_introspection_c/leo_msgs/msg/detail/wheel_odom_mecanum__type_support.c.o[0m
[8.951s] [ 46%] [32mBuilding C object CMakeFiles/leo_msgs__rosidl_typesupport_introspection_c.dir/rosidl_typesupport_introspection_c/leo_msgs/msg/detail/wheel_states__type_support.c.o[0m
[8.963s] [ 47%] [32mBuilding C object CMakeFiles/leo_msgs__rosidl_typesupport_introspection_c.dir/rosidl_typesupport_introspection_c/leo_msgs/srv/detail/set_imu_calibration__type_support.c.o[0m
[9.025s] [ 49%] [32mBuilding CXX object CMakeFiles/leo_msgs__rosidl_typesupport_fastrtps_cpp.dir/rosidl_typesupport_fastrtps_cpp/leo_msgs/msg/detail/dds_fastrtps/wheel_odom__type_support.cpp.o[0m
[9.043s] [ 50%] [32mBuilding CXX object CMakeFiles/leo_msgs__rosidl_typesupport_introspection_cpp.dir/rosidl_typesupport_introspection_cpp/leo_msgs/msg/detail/wheel_odom__type_support.cpp.o[0m
[9.052s] [ 52%] [32m[1mLinking C shared library libleo_msgs__rosidl_typesupport_introspection_c.so[0m
[9.124s] [ 52%] Built target leo_msgs__rosidl_typesupport_introspection_c
[9.147s] [ 53%] [32mBuilding CXX object CMakeFiles/leo_msgs__rosidl_typesupport_introspection_cpp.dir/rosidl_typesupport_introspection_cpp/leo_msgs/msg/detail/wheel_odom_mecanum__type_support.cpp.o[0m
[9.338s] [ 55%] [32mBuilding CXX object CMakeFiles/leo_msgs__rosidl_typesupport_cpp.dir/rosidl_typesupport_cpp/leo_msgs/srv/set_imu_calibration__type_support.cpp.o[0m
[9.384s] [ 57%] [32mBuilding CXX object CMakeFiles/leo_msgs__rosidl_typesupport_fastrtps_cpp.dir/rosidl_typesupport_fastrtps_cpp/leo_msgs/msg/detail/dds_fastrtps/wheel_odom_mecanum__type_support.cpp.o[0m
[9.526s] [ 58%] [32mBuilding CXX object CMakeFiles/leo_msgs__rosidl_typesupport_fastrtps_cpp.dir/rosidl_typesupport_fastrtps_cpp/leo_msgs/msg/detail/dds_fastrtps/wheel_states__type_support.cpp.o[0m
[9.728s] [ 60%] [32mBuilding CXX object CMakeFiles/leo_msgs__rosidl_typesupport_introspection_cpp.dir/rosidl_typesupport_introspection_cpp/leo_msgs/msg/detail/wheel_states__type_support.cpp.o[0m
[9.849s] [ 61%] [32mBuilding CXX object CMakeFiles/leo_msgs__rosidl_typesupport_introspection_cpp.dir/rosidl_typesupport_introspection_cpp/leo_msgs/srv/detail/set_imu_calibration__type_support.cpp.o[0m
[9.968s] [ 63%] [32mBuilding CXX object CMakeFiles/leo_msgs__rosidl_typesupport_fastrtps_cpp.dir/rosidl_typesupport_fastrtps_cpp/leo_msgs/srv/detail/dds_fastrtps/set_imu_calibration__type_support.cpp.o[0m
[10.013s] [ 65%] [32m[1mLinking CXX shared library libleo_msgs__rosidl_typesupport_cpp.so[0m
[10.174s] [ 65%] Built target leo_msgs__rosidl_typesupport_cpp
[10.568s] [ 66%] [32m[1mLinking CXX shared library libleo_msgs__rosidl_typesupport_introspection_cpp.so[0m
[10.710s] [ 66%] Built target leo_msgs__rosidl_typesupport_introspection_cpp
[10.902s] [ 68%] [32m[1mLinking CXX shared library libleo_msgs__rosidl_typesupport_fastrtps_cpp.so[0m
[11.068s] [ 68%] Built target leo_msgs__rosidl_typesupport_fastrtps_cpp
[11.090s] [ 69%] [34m[1mGenerating C type support for eProsima Fast-RTPS[0m
[12.000s] [35m[1mScanning dependencies of target leo_msgs__rosidl_typesupport_fastrtps_c[0m
[12.040s] [ 76%] [32mBuilding CXX object CMakeFiles/leo_msgs__rosidl_typesupport_fastrtps_c.dir/rosidl_typesupport_fastrtps_c/leo_msgs/msg/detail/wheel_odom_mecanum__type_support_c.cpp.o[0m
[12.041s] [ 76%] [32mBuilding CXX object CMakeFiles/leo_msgs__rosidl_typesupport_fastrtps_c.dir/rosidl_typesupport_fastrtps_c/leo_msgs/msg/detail/wheel_odom__type_support_c.cpp.o[0m
[12.041s] [ 76%] [32mBuilding CXX object CMakeFiles/leo_msgs__rosidl_typesupport_fastrtps_c.dir/rosidl_typesupport_fastrtps_c/leo_msgs/msg/detail/imu__type_support_c.cpp.o[0m
[12.041s] [ 76%] [32mBuilding CXX object CMakeFiles/leo_msgs__rosidl_typesupport_fastrtps_c.dir/rosidl_typesupport_fastrtps_c/leo_msgs/msg/detail/wheel_states__type_support_c.cpp.o[0m
[12.048s] [ 77%] [32mBuilding CXX object CMakeFiles/leo_msgs__rosidl_typesupport_fastrtps_c.dir/rosidl_typesupport_fastrtps_c/leo_msgs/srv/detail/set_imu_calibration__type_support_c.cpp.o[0m
[13.262s] [ 79%] [32m[1mLinking CXX shared library libleo_msgs__rosidl_typesupport_fastrtps_c.so[0m
[13.614s] [ 79%] Built target leo_msgs__rosidl_typesupport_fastrtps_c
[13.687s] [35m[1mScanning dependencies of target leo_msgs[0m
[13.762s] [ 79%] Built target leo_msgs
[13.853s] [35m[1mScanning dependencies of target leo_msgs__py[0m
[13.931s] [ 80%] [34m[1mGenerating Python code for ROS interfaces[0m
[16.658s] [ 80%] Built target leo_msgs__py
[16.736s] [35m[1mScanning dependencies of target leo_msgs__python[0m
[16.873s] [ 82%] [32mBuilding C object CMakeFiles/leo_msgs__python.dir/rosidl_generator_py/leo_msgs/msg/_imu_s.c.o[0m
[16.879s] [ 84%] [32mBuilding C object CMakeFiles/leo_msgs__python.dir/rosidl_generator_py/leo_msgs/msg/_wheel_odom_s.c.o[0m
[16.904s] [ 85%] [32mBuilding C object CMakeFiles/leo_msgs__python.dir/rosidl_generator_py/leo_msgs/msg/_wheel_odom_mecanum_s.c.o[0m
[16.904s] [ 87%] [32mBuilding C object CMakeFiles/leo_msgs__python.dir/rosidl_generator_py/leo_msgs/msg/_wheel_states_s.c.o[0m
[16.907s] [ 88%] [32mBuilding C object CMakeFiles/leo_msgs__python.dir/rosidl_generator_py/leo_msgs/srv/_set_imu_calibration_s.c.o[0m
[17.390s] [ 90%] [32m[1mLinking C shared library rosidl_generator_py/leo_msgs/libleo_msgs__python.so[0m
[17.571s] [ 90%] Built target leo_msgs__python
[17.643s] [35m[1mScanning dependencies of target leo_msgs__rosidl_typesupport_introspection_c__pyext[0m
[17.660s] [35m[1mScanning dependencies of target leo_msgs__rosidl_typesupport_c__pyext[0m
[17.661s] [35m[1mScanning dependencies of target leo_msgs__rosidl_typesupport_fastrtps_c__pyext[0m
[17.754s] [ 92%] [32mBuilding C object CMakeFiles/leo_msgs__rosidl_typesupport_fastrtps_c__pyext.dir/rosidl_generator_py/leo_msgs/_leo_msgs_s.ep.rosidl_typesupport_fastrtps_c.c.o[0m
[17.761s] [ 93%] [32mBuilding C object CMakeFiles/leo_msgs__rosidl_typesupport_c__pyext.dir/rosidl_generator_py/leo_msgs/_leo_msgs_s.ep.rosidl_typesupport_c.c.o[0m
[17.777s] [ 95%] [32mBuilding C object CMakeFiles/leo_msgs__rosidl_typesupport_introspection_c__pyext.dir/rosidl_generator_py/leo_msgs/_leo_msgs_s.ep.rosidl_typesupport_introspection_c.c.o[0m
[18.159s] [ 96%] [32m[1mLinking CXX shared library rosidl_generator_py/leo_msgs/leo_msgs_s__rosidl_typesupport_fastrtps_c.cpython-38-aarch64-linux-gnu.so[0m
[18.183s] [ 98%] [32m[1mLinking C shared library rosidl_generator_py/leo_msgs/leo_msgs_s__rosidl_typesupport_introspection_c.cpython-38-aarch64-linux-gnu.so[0m
[18.188s] [100%] [32m[1mLinking C shared library rosidl_generator_py/leo_msgs/leo_msgs_s__rosidl_typesupport_c.cpython-38-aarch64-linux-gnu.so[0m
[18.344s] [100%] Built target leo_msgs__rosidl_typesupport_fastrtps_c__pyext
[18.364s] [100%] Built target leo_msgs__rosidl_typesupport_introspection_c__pyext
[18.365s] [100%] Built target leo_msgs__rosidl_typesupport_c__pyext
[18.394s] Invoked command in '/home/spacer/leo_ws/build/leo_msgs' returned '0': CMAKE_PREFIX_PATH=${CMAKE_PREFIX_PATH}:/opt/ros/foxy /usr/bin/cmake --build /home/spacer/leo_ws/build/leo_msgs -- -j6 -l6
[19.870s] Invoking command in '/home/spacer/leo_ws/build/leo_msgs': CMAKE_PREFIX_PATH=${CMAKE_PREFIX_PATH}:/opt/ros/foxy /usr/bin/cmake --install /home/spacer/leo_ws/build/leo_msgs
[19.919s] -- Install configuration: ""
[19.932s] -- Installing: /home/spacer/leo_ws/install/leo_msgs/share/ament_index/resource_index/rosidl_interfaces/leo_msgs
[19.933s] -- Installing: /home/spacer/leo_ws/install/leo_msgs/include/leo_msgs
[19.933s] -- Installing: /home/spacer/leo_ws/install/leo_msgs/include/leo_msgs/srv
[19.933s] -- Installing: /home/spacer/leo_ws/install/leo_msgs/include/leo_msgs/srv/set_imu_calibration.h
[19.934s] -- Installing: /home/spacer/leo_ws/install/leo_msgs/include/leo_msgs/srv/detail
[19.934s] -- Installing: /home/spacer/leo_ws/install/leo_msgs/include/leo_msgs/srv/detail/set_imu_calibration__struct.h
[19.934s] -- Installing: /home/spacer/leo_ws/install/leo_msgs/include/leo_msgs/srv/detail/set_imu_calibration__type_support.h
[19.935s] -- Installing: /home/spacer/leo_ws/install/leo_msgs/include/leo_msgs/srv/detail/set_imu_calibration__functions.c
[19.935s] -- Installing: /home/spacer/leo_ws/install/leo_msgs/include/leo_msgs/srv/detail/set_imu_calibration__functions.h
[19.935s] -- Installing: /home/spacer/leo_ws/install/leo_msgs/include/leo_msgs/msg
[19.935s] -- Installing: /home/spacer/leo_ws/install/leo_msgs/include/leo_msgs/msg/wheel_odom.h
[19.936s] -- Installing: /home/spacer/leo_ws/install/leo_msgs/include/leo_msgs/msg/imu.h
[19.936s] -- Installing: /home/spacer/leo_ws/install/leo_msgs/include/leo_msgs/msg/wheel_odom_mecanum.h
[19.936s] -- Installing: /home/spacer/leo_ws/install/leo_msgs/include/leo_msgs/msg/detail
[19.936s] -- Installing: /home/spacer/leo_ws/install/leo_msgs/include/leo_msgs/msg/detail/wheel_states__struct.h
[19.937s] -- Installing: /home/spacer/leo_ws/install/leo_msgs/include/leo_msgs/msg/detail/imu__type_support.h
[19.938s] -- Installing: /home/spacer/leo_ws/install/leo_msgs/include/leo_msgs/msg/detail/imu__struct.h
[19.938s] -- Installing: /home/spacer/leo_ws/install/leo_msgs/include/leo_msgs/msg/detail/wheel_odom_mecanum__functions.c
[19.938s] -- Installing: /home/spacer/leo_ws/install/leo_msgs/include/leo_msgs/msg/detail/imu__functions.c
[19.939s] -- Installing: /home/spacer/leo_ws/install/leo_msgs/include/leo_msgs/msg/detail/wheel_odom__type_support.h
[19.939s] -- Installing: /home/spacer/leo_ws/install/leo_msgs/include/leo_msgs/msg/detail/wheel_odom_mecanum__type_support.h
[19.939s] -- Installing: /home/spacer/leo_ws/install/leo_msgs/include/leo_msgs/msg/detail/wheel_odom__struct.h
[19.939s] -- Installing: /home/spacer/leo_ws/install/leo_msgs/include/leo_msgs/msg/detail/imu__functions.h
[19.939s] -- Installing: /home/spacer/leo_ws/install/leo_msgs/include/leo_msgs/msg/detail/wheel_states__functions.h
[19.940s] -- Installing: /home/spacer/leo_ws/install/leo_msgs/include/leo_msgs/msg/detail/wheel_odom_mecanum__functions.h
[19.940s] -- Installing: /home/spacer/leo_ws/install/leo_msgs/include/leo_msgs/msg/detail/wheel_odom__functions.c
[19.940s] -- Installing: /home/spacer/leo_ws/install/leo_msgs/include/leo_msgs/msg/detail/wheel_odom__functions.h
[19.940s] -- Installing: /home/spacer/leo_ws/install/leo_msgs/include/leo_msgs/msg/detail/wheel_states__functions.c
[19.940s] -- Installing: /home/spacer/leo_ws/install/leo_msgs/include/leo_msgs/msg/detail/wheel_odom_mecanum__struct.h
[19.943s] -- Installing: /home/spacer/leo_ws/install/leo_msgs/include/leo_msgs/msg/detail/wheel_states__type_support.h
[19.944s] -- Installing: /home/spacer/leo_ws/install/leo_msgs/include/leo_msgs/msg/wheel_states.h
[19.944s] -- Installing: /home/spacer/leo_ws/install/leo_msgs/include/leo_msgs/msg/rosidl_generator_c__visibility_control.h
[19.944s] -- Installing: /home/spacer/leo_ws/install/leo_msgs/share/leo_msgs/environment/library_path.sh
[19.944s] -- Installing: /home/spacer/leo_ws/install/leo_msgs/share/leo_msgs/environment/library_path.dsv
[19.944s] -- Installing: /home/spacer/leo_ws/install/leo_msgs/lib/libleo_msgs__rosidl_generator_c.so
[19.944s] -- Set runtime path of "/home/spacer/leo_ws/install/leo_msgs/lib/libleo_msgs__rosidl_generator_c.so" to ""
[19.945s] -- Up-to-date: /home/spacer/leo_ws/install/leo_msgs/include/leo_msgs
[19.945s] -- Up-to-date: /home/spacer/leo_ws/install/leo_msgs/include/leo_msgs/srv
[19.945s] -- Up-to-date: /home/spacer/leo_ws/install/leo_msgs/include/leo_msgs/srv/detail
[19.945s] -- Installing: /home/spacer/leo_ws/install/leo_msgs/include/leo_msgs/srv/detail/set_imu_calibration__rosidl_typesupport_fastrtps_c.h
[19.945s] -- Up-to-date: /home/spacer/leo_ws/install/leo_msgs/include/leo_msgs/msg
[19.945s] -- Installing: /home/spacer/leo_ws/install/leo_msgs/include/leo_msgs/msg/rosidl_typesupport_fastrtps_c__visibility_control.h
[19.952s] -- Up-to-date: /home/spacer/leo_ws/install/leo_msgs/include/leo_msgs/msg/detail
[19.953s] -- Installing: /home/spacer/leo_ws/install/leo_msgs/include/leo_msgs/msg/detail/wheel_odom_mecanum__rosidl_typesupport_fastrtps_c.h
[19.953s] -- Installing: /home/spacer/leo_ws/install/leo_msgs/include/leo_msgs/msg/detail/wheel_states__rosidl_typesupport_fastrtps_c.h
[19.954s] -- Installing: /home/spacer/leo_ws/install/leo_msgs/include/leo_msgs/msg/detail/imu__rosidl_typesupport_fastrtps_c.h
[19.954s] -- Installing: /home/spacer/leo_ws/install/leo_msgs/include/leo_msgs/msg/detail/wheel_odom__rosidl_typesupport_fastrtps_c.h
[19.954s] -- Installing: /home/spacer/leo_ws/install/leo_msgs/lib/libleo_msgs__rosidl_typesupport_fastrtps_c.so
[19.954s] -- Set runtime path of "/home/spacer/leo_ws/install/leo_msgs/lib/libleo_msgs__rosidl_typesupport_fastrtps_c.so" to ""
[19.955s] -- Up-to-date: /home/spacer/leo_ws/install/leo_msgs/include/leo_msgs
[19.955s] -- Up-to-date: /home/spacer/leo_ws/install/leo_msgs/include/leo_msgs/srv
[19.955s] -- Up-to-date: /home/spacer/leo_ws/install/leo_msgs/include/leo_msgs/srv/detail
[19.956s] -- Installing: /home/spacer/leo_ws/install/leo_msgs/include/leo_msgs/srv/detail/set_imu_calibration__rosidl_typesupport_fastrtps_cpp.hpp
[19.956s] -- Installing: /home/spacer/leo_ws/install/leo_msgs/include/leo_msgs/srv/detail/dds_fastrtps
[19.956s] -- Up-to-date: /home/spacer/leo_ws/install/leo_msgs/include/leo_msgs/msg
[19.956s] -- Installing: /home/spacer/leo_ws/install/leo_msgs/include/leo_msgs/msg/rosidl_typesupport_fastrtps_cpp__visibility_control.h
[19.957s] -- Up-to-date: /home/spacer/leo_ws/install/leo_msgs/include/leo_msgs/msg/detail
[19.957s] -- Installing: /home/spacer/leo_ws/install/leo_msgs/include/leo_msgs/msg/detail/imu__rosidl_typesupport_fastrtps_cpp.hpp
[19.957s] -- Installing: /home/spacer/leo_ws/install/leo_msgs/include/leo_msgs/msg/detail/wheel_odom__rosidl_typesupport_fastrtps_cpp.hpp
[19.957s] -- Installing: /home/spacer/leo_ws/install/leo_msgs/include/leo_msgs/msg/detail/wheel_odom_mecanum__rosidl_typesupport_fastrtps_cpp.hpp
[19.957s] -- Installing: /home/spacer/leo_ws/install/leo_msgs/include/leo_msgs/msg/detail/wheel_states__rosidl_typesupport_fastrtps_cpp.hpp
[19.957s] -- Installing: /home/spacer/leo_ws/install/leo_msgs/include/leo_msgs/msg/detail/dds_fastrtps
[19.958s] -- Installing: /home/spacer/leo_ws/install/leo_msgs/lib/libleo_msgs__rosidl_typesupport_fastrtps_cpp.so
[19.958s] -- Set runtime path of "/home/spacer/leo_ws/install/leo_msgs/lib/libleo_msgs__rosidl_typesupport_fastrtps_cpp.so" to ""
[19.958s] -- Up-to-date: /home/spacer/leo_ws/install/leo_msgs/include/leo_msgs
[19.958s] -- Up-to-date: /home/spacer/leo_ws/install/leo_msgs/include/leo_msgs/srv
[19.959s] -- Up-to-date: /home/spacer/leo_ws/install/leo_msgs/include/leo_msgs/srv/detail
[19.959s] -- Installing: /home/spacer/leo_ws/install/leo_msgs/include/leo_msgs/srv/detail/set_imu_calibration__type_support.c
[19.959s] -- Installing: /home/spacer/leo_ws/install/leo_msgs/include/leo_msgs/srv/detail/set_imu_calibration__rosidl_typesupport_introspection_c.h
[19.960s] -- Up-to-date: /home/spacer/leo_ws/install/leo_msgs/include/leo_msgs/msg
[19.960s] -- Installing: /home/spacer/leo_ws/install/leo_msgs/include/leo_msgs/msg/rosidl_typesupport_introspection_c__visibility_control.h
[19.960s] -- Up-to-date: /home/spacer/leo_ws/install/leo_msgs/include/leo_msgs/msg/detail
[19.961s] -- Installing: /home/spacer/leo_ws/install/leo_msgs/include/leo_msgs/msg/detail/wheel_states__rosidl_typesupport_introspection_c.h
[19.961s] -- Installing: /home/spacer/leo_ws/install/leo_msgs/include/leo_msgs/msg/detail/wheel_odom__rosidl_typesupport_introspection_c.h
[19.961s] -- Installing: /home/spacer/leo_ws/install/leo_msgs/include/leo_msgs/msg/detail/wheel_odom_mecanum__rosidl_typesupport_introspection_c.h
[19.964s] -- Installing: /home/spacer/leo_ws/install/leo_msgs/include/leo_msgs/msg/detail/wheel_odom__type_support.c
[19.964s] -- Installing: /home/spacer/leo_ws/install/leo_msgs/include/leo_msgs/msg/detail/wheel_states__type_support.c
[19.964s] -- Installing: /home/spacer/leo_ws/install/leo_msgs/include/leo_msgs/msg/detail/imu__type_support.c
[19.964s] -- Installing: /home/spacer/leo_ws/install/leo_msgs/include/leo_msgs/msg/detail/imu__rosidl_typesupport_introspection_c.h
[19.964s] -- Installing: /home/spacer/leo_ws/install/leo_msgs/include/leo_msgs/msg/detail/wheel_odom_mecanum__type_support.c
[19.964s] -- Installing: /home/spacer/leo_ws/install/leo_msgs/lib/libleo_msgs__rosidl_typesupport_introspection_c.so
[19.972s] -- Set runtime path of "/home/spacer/leo_ws/install/leo_msgs/lib/libleo_msgs__rosidl_typesupport_introspection_c.so" to ""
[19.974s] -- Installing: /home/spacer/leo_ws/install/leo_msgs/lib/libleo_msgs__rosidl_typesupport_c.so
[19.974s] -- Set runtime path of "/home/spacer/leo_ws/install/leo_msgs/lib/libleo_msgs__rosidl_typesupport_c.so" to ""
[19.975s] -- Up-to-date: /home/spacer/leo_ws/install/leo_msgs/include/leo_msgs
[19.975s] -- Up-to-date: /home/spacer/leo_ws/install/leo_msgs/include/leo_msgs/srv
[19.975s] -- Up-to-date: /home/spacer/leo_ws/install/leo_msgs/include/leo_msgs/srv/detail
[19.976s] -- Installing: /home/spacer/leo_ws/install/leo_msgs/include/leo_msgs/srv/detail/set_imu_calibration__traits.hpp
[19.976s] -- Installing: /home/spacer/leo_ws/install/leo_msgs/include/leo_msgs/srv/detail/set_imu_calibration__struct.hpp
[19.976s] -- Installing: /home/spacer/leo_ws/install/leo_msgs/include/leo_msgs/srv/detail/set_imu_calibration__builder.hpp
[19.977s] -- Installing: /home/spacer/leo_ws/install/leo_msgs/include/leo_msgs/srv/detail/set_imu_calibration__type_support.hpp
[19.977s] -- Installing: /home/spacer/leo_ws/install/leo_msgs/include/leo_msgs/srv/set_imu_calibration.hpp
[19.977s] -- Up-to-date: /home/spacer/leo_ws/install/leo_msgs/include/leo_msgs/msg
[19.977s] -- Installing: /home/spacer/leo_ws/install/leo_msgs/include/leo_msgs/msg/wheel_odom.hpp
[19.978s] -- Installing: /home/spacer/leo_ws/install/leo_msgs/include/leo_msgs/msg/wheel_states.hpp
[19.978s] -- Installing: /home/spacer/leo_ws/install/leo_msgs/include/leo_msgs/msg/wheel_odom_mecanum.hpp
[19.978s] -- Installing: /home/spacer/leo_ws/install/leo_msgs/include/leo_msgs/msg/rosidl_generator_cpp__visibility_control.hpp
[19.978s] -- Installing: /home/spacer/leo_ws/install/leo_msgs/include/leo_msgs/msg/imu.hpp
[19.979s] -- Up-to-date: /home/spacer/leo_ws/install/leo_msgs/include/leo_msgs/msg/detail
[19.979s] -- Installing: /home/spacer/leo_ws/install/leo_msgs/include/leo_msgs/msg/detail/wheel_odom_mecanum__traits.hpp
[19.979s] -- Installing: /home/spacer/leo_ws/install/leo_msgs/include/leo_msgs/msg/detail/wheel_odom__struct.hpp
[19.979s] -- Installing: /home/spacer/leo_ws/install/leo_msgs/include/leo_msgs/msg/detail/imu__type_support.hpp
[19.980s] -- Installing: /home/spacer/leo_ws/install/leo_msgs/include/leo_msgs/msg/detail/wheel_states__builder.hpp
[19.980s] -- Installing: /home/spacer/leo_ws/install/leo_msgs/include/leo_msgs/msg/detail/imu__struct.hpp
[19.980s] -- Installing: /home/spacer/leo_ws/install/leo_msgs/include/leo_msgs/msg/detail/wheel_odom__builder.hpp
[19.980s] -- Installing: /home/spacer/leo_ws/install/leo_msgs/include/leo_msgs/msg/detail/imu__traits.hpp
[19.981s] -- Installing: /home/spacer/leo_ws/install/leo_msgs/include/leo_msgs/msg/detail/wheel_odom_mecanum__builder.hpp
[19.984s] -- Installing: /home/spacer/leo_ws/install/leo_msgs/include/leo_msgs/msg/detail/wheel_odom__traits.hpp
[19.984s] -- Installing: /home/spacer/leo_ws/install/leo_msgs/include/leo_msgs/msg/detail/wheel_odom_mecanum__struct.hpp
[19.984s] -- Installing: /home/spacer/leo_ws/install/leo_msgs/include/leo_msgs/msg/detail/wheel_states__traits.hpp
[19.984s] -- Installing: /home/spacer/leo_ws/install/leo_msgs/include/leo_msgs/msg/detail/wheel_odom_mecanum__type_support.hpp
[19.985s] -- Installing: /home/spacer/leo_ws/install/leo_msgs/include/leo_msgs/msg/detail/wheel_states__struct.hpp
[19.985s] -- Installing: /home/spacer/leo_ws/install/leo_msgs/include/leo_msgs/msg/detail/wheel_odom__type_support.hpp
[19.985s] -- Installing: /home/spacer/leo_ws/install/leo_msgs/include/leo_msgs/msg/detail/wheel_states__type_support.hpp
[19.985s] -- Installing: /home/spacer/leo_ws/install/leo_msgs/include/leo_msgs/msg/detail/imu__builder.hpp
[19.985s] -- Up-to-date: /home/spacer/leo_ws/install/leo_msgs/include/leo_msgs
[19.985s] -- Up-to-date: /home/spacer/leo_ws/install/leo_msgs/include/leo_msgs/srv
[19.985s] -- Up-to-date: /home/spacer/leo_ws/install/leo_msgs/include/leo_msgs/srv/detail
[19.985s] -- Installing: /home/spacer/leo_ws/install/leo_msgs/include/leo_msgs/srv/detail/set_imu_calibration__type_support.cpp
[19.986s] -- Installing: /home/spacer/leo_ws/install/leo_msgs/include/leo_msgs/srv/detail/set_imu_calibration__rosidl_typesupport_introspection_cpp.hpp
[19.986s] -- Up-to-date: /home/spacer/leo_ws/install/leo_msgs/include/leo_msgs/msg
[19.986s] -- Up-to-date: /home/spacer/leo_ws/install/leo_msgs/include/leo_msgs/msg/detail
[19.986s] -- Installing: /home/spacer/leo_ws/install/leo_msgs/include/leo_msgs/msg/detail/wheel_odom_mecanum__type_support.cpp
[19.986s] -- Installing: /home/spacer/leo_ws/install/leo_msgs/include/leo_msgs/msg/detail/wheel_states__type_support.cpp
[19.986s] -- Installing: /home/spacer/leo_ws/install/leo_msgs/include/leo_msgs/msg/detail/wheel_states__rosidl_typesupport_introspection_cpp.hpp
[19.986s] -- Installing: /home/spacer/leo_ws/install/leo_msgs/include/leo_msgs/msg/detail/imu__type_support.cpp
[19.986s] -- Installing: /home/spacer/leo_ws/install/leo_msgs/include/leo_msgs/msg/detail/wheel_odom__type_support.cpp
[19.987s] -- Installing: /home/spacer/leo_ws/install/leo_msgs/include/leo_msgs/msg/detail/wheel_odom__rosidl_typesupport_introspection_cpp.hpp
[19.987s] -- Installing: /home/spacer/leo_ws/install/leo_msgs/include/leo_msgs/msg/detail/wheel_odom_mecanum__rosidl_typesupport_introspection_cpp.hpp
[19.987s] -- Installing: /home/spacer/leo_ws/install/leo_msgs/include/leo_msgs/msg/detail/imu__rosidl_typesupport_introspection_cpp.hpp
[19.987s] -- Installing: /home/spacer/leo_ws/install/leo_msgs/lib/libleo_msgs__rosidl_typesupport_introspection_cpp.so
[19.987s] -- Set runtime path of "/home/spacer/leo_ws/install/leo_msgs/lib/libleo_msgs__rosidl_typesupport_introspection_cpp.so" to ""
[19.987s] -- Installing: /home/spacer/leo_ws/install/leo_msgs/lib/libleo_msgs__rosidl_typesupport_cpp.so
[19.998s] -- Set runtime path of "/home/spacer/leo_ws/install/leo_msgs/lib/libleo_msgs__rosidl_typesupport_cpp.so" to ""
[19.998s] -- Installing: /home/spacer/leo_ws/install/leo_msgs/share/leo_msgs/environment/pythonpath.sh
[19.998s] -- Installing: /home/spacer/leo_ws/install/leo_msgs/share/leo_msgs/environment/pythonpath.dsv
[19.998s] -- Installing: /home/spacer/leo_ws/install/leo_msgs/lib/python3.8/site-packages/leo_msgs/__init__.py
[20.160s] Compiling '/home/spacer/leo_ws/install/leo_msgs/lib/python3.8/site-packages/leo_msgs/__init__.py'...
[20.186s] -- Installing: /home/spacer/leo_ws/install/leo_msgs/lib/python3.8/site-packages/leo_msgs/msg
[20.187s] -- Installing: /home/spacer/leo_ws/install/leo_msgs/lib/python3.8/site-packages/leo_msgs/msg/_wheel_odom_mecanum_s.c
[20.187s] -- Installing: /home/spacer/leo_ws/install/leo_msgs/lib/python3.8/site-packages/leo_msgs/msg/_wheel_states_s.c
[20.188s] -- Installing: /home/spacer/leo_ws/install/leo_msgs/lib/python3.8/site-packages/leo_msgs/msg/_imu.py
[20.188s] -- Installing: /home/spacer/leo_ws/install/leo_msgs/lib/python3.8/site-packages/leo_msgs/msg/_wheel_odom.py
[20.188s] -- Installing: /home/spacer/leo_ws/install/leo_msgs/lib/python3.8/site-packages/leo_msgs/msg/_imu_s.c
[20.189s] -- Installing: /home/spacer/leo_ws/install/leo_msgs/lib/python3.8/site-packages/leo_msgs/msg/_wheel_odom_s.c
[20.189s] -- Installing: /home/spacer/leo_ws/install/leo_msgs/lib/python3.8/site-packages/leo_msgs/msg/__init__.py
[20.189s] -- Installing: /home/spacer/leo_ws/install/leo_msgs/lib/python3.8/site-packages/leo_msgs/msg/_wheel_odom_mecanum.py
[20.189s] -- Installing: /home/spacer/leo_ws/install/leo_msgs/lib/python3.8/site-packages/leo_msgs/msg/_wheel_states.py
[20.189s] -- Installing: /home/spacer/leo_ws/install/leo_msgs/lib/python3.8/site-packages/leo_msgs/srv
[20.190s] -- Installing: /home/spacer/leo_ws/install/leo_msgs/lib/python3.8/site-packages/leo_msgs/srv/_set_imu_calibration.py
[20.190s] -- Installing: /home/spacer/leo_ws/install/leo_msgs/lib/python3.8/site-packages/leo_msgs/srv/_set_imu_calibration_s.c
[20.190s] -- Installing: /home/spacer/leo_ws/install/leo_msgs/lib/python3.8/site-packages/leo_msgs/srv/__init__.py
[20.190s] -- Installing: /home/spacer/leo_ws/install/leo_msgs/lib/python3.8/site-packages/leo_msgs/leo_msgs_s__rosidl_typesupport_fastrtps_c.cpython-38-aarch64-linux-gnu.so
[20.191s] -- Set runtime path of "/home/spacer/leo_ws/install/leo_msgs/lib/python3.8/site-packages/leo_msgs/leo_msgs_s__rosidl_typesupport_fastrtps_c.cpython-38-aarch64-linux-gnu.so" to ""
[20.191s] -- Installing: /home/spacer/leo_ws/install/leo_msgs/lib/python3.8/site-packages/leo_msgs/leo_msgs_s__rosidl_typesupport_introspection_c.cpython-38-aarch64-linux-gnu.so
[20.192s] -- Set runtime path of "/home/spacer/leo_ws/install/leo_msgs/lib/python3.8/site-packages/leo_msgs/leo_msgs_s__rosidl_typesupport_introspection_c.cpython-38-aarch64-linux-gnu.so" to ""
[20.192s] -- Installing: /home/spacer/leo_ws/install/leo_msgs/lib/python3.8/site-packages/leo_msgs/leo_msgs_s__rosidl_typesupport_c.cpython-38-aarch64-linux-gnu.so
[20.194s] -- Set runtime path of "/home/spacer/leo_ws/install/leo_msgs/lib/python3.8/site-packages/leo_msgs/leo_msgs_s__rosidl_typesupport_c.cpython-38-aarch64-linux-gnu.so" to ""
[20.194s] -- Installing: /home/spacer/leo_ws/install/leo_msgs/lib/libleo_msgs__python.so
[20.194s] -- Set runtime path of "/home/spacer/leo_ws/install/leo_msgs/lib/libleo_msgs__python.so" to ""
[20.194s] -- Installing: /home/spacer/leo_ws/install/leo_msgs/share/leo_msgs/msg/Imu.idl
[20.195s] -- Installing: /home/spacer/leo_ws/install/leo_msgs/share/leo_msgs/msg/WheelOdom.idl
[20.195s] -- Installing: /home/spacer/leo_ws/install/leo_msgs/share/leo_msgs/msg/WheelOdomMecanum.idl
[20.195s] -- Installing: /home/spacer/leo_ws/install/leo_msgs/share/leo_msgs/msg/WheelStates.idl
[20.196s] -- Installing: /home/spacer/leo_ws/install/leo_msgs/share/leo_msgs/srv/SetImuCalibration.idl
[20.199s] -- Installing: /home/spacer/leo_ws/install/leo_msgs/share/leo_msgs/msg/Imu.msg
[20.199s] -- Installing: /home/spacer/leo_ws/install/leo_msgs/share/leo_msgs/msg/WheelOdom.msg
[20.200s] -- Installing: /home/spacer/leo_ws/install/leo_msgs/share/leo_msgs/msg/WheelOdomMecanum.msg
[20.200s] -- Installing: /home/spacer/leo_ws/install/leo_msgs/share/leo_msgs/msg/WheelStates.msg
[20.200s] -- Installing: /home/spacer/leo_ws/install/leo_msgs/share/leo_msgs/srv/SetImuCalibration.srv
[20.201s] -- Installing: /home/spacer/leo_ws/install/leo_msgs/share/leo_msgs/srv/SetImuCalibration_Request.msg
[20.201s] -- Installing: /home/spacer/leo_ws/install/leo_msgs/share/leo_msgs/srv/SetImuCalibration_Response.msg
[20.201s] -- Installing: /home/spacer/leo_ws/install/leo_msgs/share/ament_index/resource_index/package_run_dependencies/leo_msgs
[20.201s] -- Installing: /home/spacer/leo_ws/install/leo_msgs/share/ament_index/resource_index/parent_prefix_path/leo_msgs
[20.202s] -- Installing: /home/spacer/leo_ws/install/leo_msgs/share/leo_msgs/environment/ament_prefix_path.sh
[20.202s] -- Installing: /home/spacer/leo_ws/install/leo_msgs/share/leo_msgs/environment/ament_prefix_path.dsv
[20.202s] -- Installing: /home/spacer/leo_ws/install/leo_msgs/share/leo_msgs/environment/path.sh
[20.203s] -- Installing: /home/spacer/leo_ws/install/leo_msgs/share/leo_msgs/environment/path.dsv
[20.203s] -- Installing: /home/spacer/leo_ws/install/leo_msgs/share/leo_msgs/local_setup.bash
[20.203s] -- Installing: /home/spacer/leo_ws/install/leo_msgs/share/leo_msgs/local_setup.sh
[20.204s] -- Installing: /home/spacer/leo_ws/install/leo_msgs/share/leo_msgs/local_setup.zsh
[20.204s] -- Installing: /home/spacer/leo_ws/install/leo_msgs/share/leo_msgs/local_setup.dsv
[20.204s] -- Installing: /home/spacer/leo_ws/install/leo_msgs/share/leo_msgs/package.dsv
[20.205s] -- Installing: /home/spacer/leo_ws/install/leo_msgs/share/ament_index/resource_index/packages/leo_msgs
[20.206s] -- Installing: /home/spacer/leo_ws/install/leo_msgs/share/leo_msgs/cmake/leo_msgs__rosidl_generator_cExport.cmake
[20.207s] -- Installing: /home/spacer/leo_ws/install/leo_msgs/share/leo_msgs/cmake/leo_msgs__rosidl_generator_cExport-noconfig.cmake
[20.208s] -- Installing: /home/spacer/leo_ws/install/leo_msgs/share/leo_msgs/cmake/leo_msgs__rosidl_typesupport_introspection_cExport.cmake
[20.208s] -- Installing: /home/spacer/leo_ws/install/leo_msgs/share/leo_msgs/cmake/leo_msgs__rosidl_typesupport_introspection_cExport-noconfig.cmake
[20.209s] -- Installing: /home/spacer/leo_ws/install/leo_msgs/share/leo_msgs/cmake/leo_msgs__rosidl_typesupport_cExport.cmake
[20.210s] -- Installing: /home/spacer/leo_ws/install/leo_msgs/share/leo_msgs/cmake/leo_msgs__rosidl_typesupport_cExport-noconfig.cmake
[20.211s] -- Installing: /home/spacer/leo_ws/install/leo_msgs/share/leo_msgs/cmake/leo_msgs__rosidl_generator_cppExport.cmake
[20.212s] -- Installing: /home/spacer/leo_ws/install/leo_msgs/share/leo_msgs/cmake/leo_msgs__rosidl_typesupport_introspection_cppExport.cmake
[20.212s] -- Installing: /home/spacer/leo_ws/install/leo_msgs/share/leo_msgs/cmake/leo_msgs__rosidl_typesupport_introspection_cppExport-noconfig.cmake
[20.214s] -- Installing: /home/spacer/leo_ws/install/leo_msgs/share/leo_msgs/cmake/leo_msgs__rosidl_typesupport_cppExport.cmake
[20.214s] -- Installing: /home/spacer/leo_ws/install/leo_msgs/share/leo_msgs/cmake/leo_msgs__rosidl_typesupport_cppExport-noconfig.cmake
[20.215s] -- Installing: /home/spacer/leo_ws/install/leo_msgs/share/leo_msgs/cmake/rosidl_cmake-extras.cmake
[20.216s] -- Installing: /home/spacer/leo_ws/install/leo_msgs/share/leo_msgs/cmake/ament_cmake_export_dependencies-extras.cmake
[20.216s] -- Installing: /home/spacer/leo_ws/install/leo_msgs/share/leo_msgs/cmake/ament_cmake_export_libraries-extras.cmake
[20.217s] -- Installing: /home/spacer/leo_ws/install/leo_msgs/share/leo_msgs/cmake/ament_cmake_export_targets-extras.cmake
[20.218s] -- Installing: /home/spacer/leo_ws/install/leo_msgs/share/leo_msgs/cmake/ament_cmake_export_include_directories-extras.cmake
[20.219s] -- Installing: /home/spacer/leo_ws/install/leo_msgs/share/leo_msgs/cmake/rosidl_cmake_export_typesupport_libraries-extras.cmake
[20.219s] -- Installing: /home/spacer/leo_ws/install/leo_msgs/share/leo_msgs/cmake/rosidl_cmake_export_typesupport_targets-extras.cmake
[20.220s] -- Installing: /home/spacer/leo_ws/install/leo_msgs/share/leo_msgs/cmake/leo_msgsConfig.cmake
[20.221s] -- Installing: /home/spacer/leo_ws/install/leo_msgs/share/leo_msgs/cmake/leo_msgsConfig-version.cmake
[20.221s] -- Installing: /home/spacer/leo_ws/install/leo_msgs/share/leo_msgs/package.xml
[20.241s] Invoked command in '/home/spacer/leo_ws/build/leo_msgs' returned '0': CMAKE_PREFIX_PATH=${CMAKE_PREFIX_PATH}:/opt/ros/foxy /usr/bin/cmake --install /home/spacer/leo_ws/build/leo_msgs
