[0.034s] Invoking command in '/home/spacer/slam/build/fast_lio': CMAKE_PREFIX_PATH=${CMAKE_PREFIX_PATH}:/opt/ros/humble /usr/bin/cmake --build /home/spacer/slam/build/fast_lio -- -j6 -l6
[0.153s] [  5%] Built target fast_lio__cpp
[0.153s] [ 11%] Built target fast_lio__rosidl_generator_c
[0.174s] [ 11%] Built target ament_cmake_python_symlink_fast_lio
[0.200s] [ 28%] Built target fast_lio__rosidl_typesupport_introspection_c
[0.201s] [ 28%] Built target fast_lio__rosidl_typesupport_cpp
[0.216s] [ 37%] Built target fast_lio__rosidl_typesupport_fastrtps_cpp
[0.221s] [ 45%] Built target fast_lio__rosidl_typesupport_introspection_cpp
[0.221s] [ 54%] Built target fast_lio__rosidl_typesupport_c
[0.230s] [ 62%] Built target fast_lio__rosidl_typesupport_fastrtps_c
[0.275s] [ 62%] Built target fast_lio
[0.314s] [ 74%] Built target fastlio_mapping
[0.321s] [ 77%] Built target fast_lio__py
[0.378s] [ 82%] Built target fast_lio__rosidl_generator_py
[0.434s] [100%] Built target fast_lio__rosidl_typesupport_fastrtps_c__pyext
[0.435s] [100%] Built target fast_lio__rosidl_typesupport_c__pyext
[0.436s] [100%] Built target fast_lio__rosidl_typesupport_introspection_c__pyext
[1.082s] running egg_info
[1.083s] writing fast_lio.egg-info/PKG-INFO
[1.084s] writing dependency_links to fast_lio.egg-info/dependency_links.txt
[1.084s] writing top-level names to fast_lio.egg-info/top_level.txt
[1.220s] reading manifest file 'fast_lio.egg-info/SOURCES.txt'
[1.222s] writing manifest file 'fast_lio.egg-info/SOURCES.txt'
[1.305s] [100%] Built target ament_cmake_python_build_fast_lio_egg
[1.335s] Invoked command in '/home/spacer/slam/build/fast_lio' returned '0': CMAKE_PREFIX_PATH=${CMAKE_PREFIX_PATH}:/opt/ros/humble /usr/bin/cmake --build /home/spacer/slam/build/fast_lio -- -j6 -l6
[1.484s] Invoking command in '/home/spacer/slam/build/fast_lio': CMAKE_PREFIX_PATH=${CMAKE_PREFIX_PATH}:/opt/ros/humble /usr/bin/cmake --install /home/spacer/slam/build/fast_lio
[1.504s] -- Install configuration: "Release"
[1.504s] -- Execute custom install script
[1.505s] -- Up-to-date symlink: /home/spacer/slam/install/fast_lio/share/ament_index/resource_index/rosidl_interfaces/fast_lio
[1.506s] -- Up-to-date symlink: /home/spacer/slam/install/fast_lio/include/fast_lio/fast_lio/msg/detail/pose6_d__functions.h
[1.506s] -- Up-to-date symlink: /home/spacer/slam/install/fast_lio/include/fast_lio/fast_lio/msg/detail/pose6_d__struct.h
[1.507s] -- Up-to-date symlink: /home/spacer/slam/install/fast_lio/include/fast_lio/fast_lio/msg/detail/pose6_d__type_support.h
[1.507s] -- Up-to-date symlink: /home/spacer/slam/install/fast_lio/include/fast_lio/fast_lio/msg/pose6_d.h
[1.507s] -- Up-to-date symlink: /home/spacer/slam/install/fast_lio/include/fast_lio/fast_lio/msg/rosidl_generator_c__visibility_control.h
[1.508s] -- Up-to-date symlink: /home/spacer/slam/install/fast_lio/share/fast_lio/environment/library_path.sh
[1.508s] -- Up-to-date symlink: /home/spacer/slam/install/fast_lio/share/fast_lio/environment/library_path.dsv
[1.509s] -- Up-to-date symlink: /home/spacer/slam/install/fast_lio/include/fast_lio/fast_lio/msg/detail/pose6_d__rosidl_typesupport_fastrtps_c.h
[1.510s] -- Up-to-date symlink: /home/spacer/slam/install/fast_lio/include/fast_lio/fast_lio/msg/rosidl_typesupport_fastrtps_c__visibility_control.h
[1.511s] -- Up-to-date symlink: /home/spacer/slam/install/fast_lio/include/fast_lio/fast_lio/msg/detail/pose6_d__builder.hpp
[1.511s] -- Up-to-date symlink: /home/spacer/slam/install/fast_lio/include/fast_lio/fast_lio/msg/detail/pose6_d__struct.hpp
[1.512s] -- Up-to-date symlink: /home/spacer/slam/install/fast_lio/include/fast_lio/fast_lio/msg/detail/pose6_d__traits.hpp
[1.512s] -- Up-to-date symlink: /home/spacer/slam/install/fast_lio/include/fast_lio/fast_lio/msg/pose6_d.hpp
[1.513s] -- Up-to-date symlink: /home/spacer/slam/install/fast_lio/include/fast_lio/fast_lio/msg/detail/pose6_d__rosidl_typesupport_fastrtps_cpp.hpp
[1.513s] -- Up-to-date symlink: /home/spacer/slam/install/fast_lio/include/fast_lio/fast_lio/msg/rosidl_typesupport_fastrtps_cpp__visibility_control.h
[1.514s] -- Up-to-date symlink: /home/spacer/slam/install/fast_lio/include/fast_lio/fast_lio/msg/detail/pose6_d__rosidl_typesupport_introspection_c.h
[1.514s] -- Up-to-date symlink: /home/spacer/slam/install/fast_lio/include/fast_lio/fast_lio/msg/rosidl_typesupport_introspection_c__visibility_control.h
[1.515s] -- Up-to-date symlink: /home/spacer/slam/install/fast_lio/include/fast_lio/fast_lio/msg/detail/pose6_d__rosidl_typesupport_introspection_cpp.hpp
[1.516s] -- Up-to-date symlink: /home/spacer/slam/install/fast_lio/share/fast_lio/environment/pythonpath.sh
[1.516s] -- Up-to-date symlink: /home/spacer/slam/install/fast_lio/share/fast_lio/environment/pythonpath.dsv
[1.517s] -- Up-to-date symlink: /home/spacer/slam/install/fast_lio/lib/python3.9/site-packages/fast_lio-0.0.0-py3.9.egg-info/PKG-INFO
[1.517s] -- Up-to-date symlink: /home/spacer/slam/install/fast_lio/lib/python3.9/site-packages/fast_lio-0.0.0-py3.9.egg-info/SOURCES.txt
[1.518s] -- Up-to-date symlink: /home/spacer/slam/install/fast_lio/lib/python3.9/site-packages/fast_lio-0.0.0-py3.9.egg-info/dependency_links.txt
[1.518s] -- Up-to-date symlink: /home/spacer/slam/install/fast_lio/lib/python3.9/site-packages/fast_lio-0.0.0-py3.9.egg-info/top_level.txt
[1.519s] -- Up-to-date symlink: /home/spacer/slam/install/fast_lio/lib/python3.9/site-packages/fast_lio/__init__.py
[1.520s] -- Up-to-date symlink: /home/spacer/slam/install/fast_lio/lib/python3.9/site-packages/fast_lio/_fast_lio_s.ep.rosidl_typesupport_c.c
[1.520s] -- Up-to-date symlink: /home/spacer/slam/install/fast_lio/lib/python3.9/site-packages/fast_lio/_fast_lio_s.ep.rosidl_typesupport_fastrtps_c.c
[1.520s] -- Up-to-date symlink: /home/spacer/slam/install/fast_lio/lib/python3.9/site-packages/fast_lio/_fast_lio_s.ep.rosidl_typesupport_introspection_c.c
[1.521s] -- Up-to-date symlink: /home/spacer/slam/install/fast_lio/lib/python3.9/site-packages/fast_lio/fast_lio_s__rosidl_typesupport_c.cpython-38-aarch64-linux-gnu.so
[1.521s] -- Up-to-date symlink: /home/spacer/slam/install/fast_lio/lib/python3.9/site-packages/fast_lio/fast_lio_s__rosidl_typesupport_fastrtps_c.cpython-38-aarch64-linux-gnu.so
[1.521s] -- Up-to-date symlink: /home/spacer/slam/install/fast_lio/lib/python3.9/site-packages/fast_lio/fast_lio_s__rosidl_typesupport_introspection_c.cpython-38-aarch64-linux-gnu.so
[1.521s] -- Up-to-date symlink: /home/spacer/slam/install/fast_lio/lib/python3.9/site-packages/fast_lio/libfast_lio__rosidl_generator_py.so
[1.522s] -- Up-to-date symlink: /home/spacer/slam/install/fast_lio/lib/python3.9/site-packages/fast_lio/msg/__init__.py
[1.522s] -- Up-to-date symlink: /home/spacer/slam/install/fast_lio/lib/python3.9/site-packages/fast_lio/msg/_pose6_d.py
[1.522s] -- Up-to-date symlink: /home/spacer/slam/install/fast_lio/lib/python3.9/site-packages/fast_lio/msg/_pose6_d_s.c
[1.523s] -- Up-to-date symlink: /home/spacer/slam/install/fast_lio/lib/python3.9/site-packages/fast_lio/fast_lio_s__rosidl_typesupport_fastrtps_c.cpython-38-aarch64-linux-gnu.so
[1.524s] -- Up-to-date symlink: /home/spacer/slam/install/fast_lio/lib/python3.9/site-packages/fast_lio/fast_lio_s__rosidl_typesupport_introspection_c.cpython-38-aarch64-linux-gnu.so
[1.524s] -- Up-to-date symlink: /home/spacer/slam/install/fast_lio/lib/python3.9/site-packages/fast_lio/fast_lio_s__rosidl_typesupport_c.cpython-38-aarch64-linux-gnu.so
[1.525s] -- Up-to-date symlink: /home/spacer/slam/install/fast_lio/share/fast_lio/msg/Pose6D.idl
[1.525s] -- Up-to-date symlink: /home/spacer/slam/install/fast_lio/share/fast_lio/msg/Pose6D.msg
[1.526s] -- Up-to-date symlink: /home/spacer/slam/install/fast_lio/lib/fast_lio/fastlio_mapping
[1.527s] -- Up-to-date symlink: /home/spacer/slam/install/fast_lio/share/fast_lio/config/avia.yaml
[1.527s] -- Up-to-date symlink: /home/spacer/slam/install/fast_lio/share/fast_lio/config/horizon.yaml
[1.527s] -- Up-to-date symlink: /home/spacer/slam/install/fast_lio/share/fast_lio/config/mid360.yaml
[1.528s] -- Up-to-date symlink: /home/spacer/slam/install/fast_lio/share/fast_lio/config/ouster64.yaml
[1.528s] -- Up-to-date symlink: /home/spacer/slam/install/fast_lio/share/fast_lio/config/velodyne.yaml
[1.529s] -- Up-to-date symlink: /home/spacer/slam/install/fast_lio/share/fast_lio/launch/gdb_debug_example.launch
[1.529s] -- Up-to-date symlink: /home/spacer/slam/install/fast_lio/share/fast_lio/launch/mapping.launch.py
[1.530s] -- Up-to-date symlink: /home/spacer/slam/install/fast_lio/share/fast_lio/rviz/fastlio.rviz
[1.530s] -- Up-to-date symlink: /home/spacer/slam/install/fast_lio/share/ament_index/resource_index/package_run_dependencies/fast_lio
[1.531s] -- Up-to-date symlink: /home/spacer/slam/install/fast_lio/share/ament_index/resource_index/parent_prefix_path/fast_lio
[1.531s] -- Up-to-date symlink: /home/spacer/slam/install/fast_lio/share/fast_lio/environment/ament_prefix_path.sh
[1.532s] -- Up-to-date symlink: /home/spacer/slam/install/fast_lio/share/fast_lio/environment/ament_prefix_path.dsv
[1.532s] -- Up-to-date symlink: /home/spacer/slam/install/fast_lio/share/fast_lio/environment/path.sh
[1.533s] -- Up-to-date symlink: /home/spacer/slam/install/fast_lio/share/fast_lio/environment/path.dsv
[1.533s] -- Up-to-date symlink: /home/spacer/slam/install/fast_lio/share/fast_lio/local_setup.bash
[1.533s] -- Up-to-date symlink: /home/spacer/slam/install/fast_lio/share/fast_lio/local_setup.sh
[1.534s] -- Up-to-date symlink: /home/spacer/slam/install/fast_lio/share/fast_lio/local_setup.zsh
[1.534s] -- Up-to-date symlink: /home/spacer/slam/install/fast_lio/share/fast_lio/local_setup.dsv
[1.535s] -- Symlinking: /home/spacer/slam/install/fast_lio/share/fast_lio/package.dsv
[1.556s] -- Up-to-date symlink: /home/spacer/slam/install/fast_lio/share/ament_index/resource_index/packages/fast_lio
[1.556s] -- Up-to-date symlink: /home/spacer/slam/install/fast_lio/share/fast_lio/cmake/rosidl_cmake-extras.cmake
[1.557s] -- Up-to-date symlink: /home/spacer/slam/install/fast_lio/share/fast_lio/cmake/ament_cmake_export_include_directories-extras.cmake
[1.557s] -- Up-to-date symlink: /home/spacer/slam/install/fast_lio/share/fast_lio/cmake/ament_cmake_export_libraries-extras.cmake
[1.557s] -- Up-to-date symlink: /home/spacer/slam/install/fast_lio/share/fast_lio/cmake/ament_cmake_export_targets-extras.cmake
[1.558s] -- Up-to-date symlink: /home/spacer/slam/install/fast_lio/share/fast_lio/cmake/rosidl_cmake_export_typesupport_targets-extras.cmake
[1.558s] -- Up-to-date symlink: /home/spacer/slam/install/fast_lio/share/fast_lio/cmake/ament_cmake_export_dependencies-extras.cmake
[1.559s] -- Up-to-date symlink: /home/spacer/slam/install/fast_lio/share/fast_lio/cmake/rosidl_cmake_export_typesupport_libraries-extras.cmake
[1.559s] -- Up-to-date symlink: /home/spacer/slam/install/fast_lio/share/fast_lio/cmake/fast_lioConfig.cmake
[1.560s] -- Up-to-date symlink: /home/spacer/slam/install/fast_lio/share/fast_lio/cmake/fast_lioConfig-version.cmake
[1.560s] -- Up-to-date symlink: /home/spacer/slam/install/fast_lio/share/fast_lio/package.xml
[1.560s] -- Up-to-date: /home/spacer/slam/install/fast_lio/lib/libfast_lio__rosidl_generator_c.so
[1.561s] -- Up-to-date: /home/spacer/slam/install/fast_lio/lib/libfast_lio__rosidl_typesupport_fastrtps_c.so
[1.561s] -- Up-to-date: /home/spacer/slam/install/fast_lio/lib/libfast_lio__rosidl_typesupport_fastrtps_cpp.so
[1.562s] -- Up-to-date: /home/spacer/slam/install/fast_lio/lib/libfast_lio__rosidl_typesupport_introspection_c.so
[1.562s] -- Up-to-date: /home/spacer/slam/install/fast_lio/lib/libfast_lio__rosidl_typesupport_c.so
[1.563s] -- Up-to-date: /home/spacer/slam/install/fast_lio/lib/libfast_lio__rosidl_typesupport_introspection_cpp.so
[1.564s] -- Up-to-date: /home/spacer/slam/install/fast_lio/lib/libfast_lio__rosidl_typesupport_cpp.so
[1.657s] Listing '/home/spacer/slam/install/fast_lio/lib/python3.9/site-packages/fast_lio'...
[1.657s] Listing '/home/spacer/slam/install/fast_lio/lib/python3.9/site-packages/fast_lio/msg'...
[1.673s] -- Up-to-date: /home/spacer/slam/install/fast_lio/lib/libfast_lio__rosidl_generator_py.so
[1.673s] -- Up-to-date: /home/spacer/slam/install/fast_lio/share/fast_lio/cmake/export_fast_lio__rosidl_generator_cExport.cmake
[1.673s] -- Up-to-date: /home/spacer/slam/install/fast_lio/share/fast_lio/cmake/export_fast_lio__rosidl_generator_cExport-release.cmake
[1.674s] -- Up-to-date: /home/spacer/slam/install/fast_lio/share/fast_lio/cmake/export_fast_lio__rosidl_typesupport_fastrtps_cExport.cmake
[1.674s] -- Up-to-date: /home/spacer/slam/install/fast_lio/share/fast_lio/cmake/export_fast_lio__rosidl_typesupport_fastrtps_cExport-release.cmake
[1.674s] -- Up-to-date: /home/spacer/slam/install/fast_lio/share/fast_lio/cmake/export_fast_lio__rosidl_generator_cppExport.cmake
[1.674s] -- Up-to-date: /home/spacer/slam/install/fast_lio/share/fast_lio/cmake/export_fast_lio__rosidl_typesupport_fastrtps_cppExport.cmake
[1.675s] -- Up-to-date: /home/spacer/slam/install/fast_lio/share/fast_lio/cmake/export_fast_lio__rosidl_typesupport_fastrtps_cppExport-release.cmake
[1.675s] -- Up-to-date: /home/spacer/slam/install/fast_lio/share/fast_lio/cmake/fast_lio__rosidl_typesupport_introspection_cExport.cmake
[1.675s] -- Up-to-date: /home/spacer/slam/install/fast_lio/share/fast_lio/cmake/fast_lio__rosidl_typesupport_introspection_cExport-release.cmake
[1.676s] -- Up-to-date: /home/spacer/slam/install/fast_lio/share/fast_lio/cmake/fast_lio__rosidl_typesupport_cExport.cmake
[1.676s] -- Up-to-date: /home/spacer/slam/install/fast_lio/share/fast_lio/cmake/fast_lio__rosidl_typesupport_cExport-release.cmake
[1.676s] -- Up-to-date: /home/spacer/slam/install/fast_lio/share/fast_lio/cmake/fast_lio__rosidl_typesupport_introspection_cppExport.cmake
[1.677s] -- Up-to-date: /home/spacer/slam/install/fast_lio/share/fast_lio/cmake/fast_lio__rosidl_typesupport_introspection_cppExport-release.cmake
[1.677s] -- Up-to-date: /home/spacer/slam/install/fast_lio/share/fast_lio/cmake/fast_lio__rosidl_typesupport_cppExport.cmake
[1.677s] -- Up-to-date: /home/spacer/slam/install/fast_lio/share/fast_lio/cmake/fast_lio__rosidl_typesupport_cppExport-release.cmake
[1.678s] -- Up-to-date: /home/spacer/slam/install/fast_lio/share/fast_lio/cmake/export_fast_lio__rosidl_generator_pyExport.cmake
[1.678s] -- Up-to-date: /home/spacer/slam/install/fast_lio/share/fast_lio/cmake/export_fast_lio__rosidl_generator_pyExport-release.cmake
[1.683s] Invoked command in '/home/spacer/slam/build/fast_lio' returned '0': CMAKE_PREFIX_PATH=${CMAKE_PREFIX_PATH}:/opt/ros/humble /usr/bin/cmake --install /home/spacer/slam/build/fast_lio
