[0.424s] DEBUG:colcon:Command line arguments: ['/usr/bin/colcon', 'build', '--cmake-args', '-DROS_EDITION=ROS2', '-DHUMBLE_ROS=humble']
[0.425s] DEBUG:colcon:Parsed command line arguments: Namespace(allow_overriding=[], ament_cmake_args=None, base_paths=['.'], build_base='build', catkin_cmake_args=None, catkin_skip_building_tests=False, cmake_args=['-DROS_EDITION=ROS2', '-DHUMBLE_ROS=humble'], cmake_clean_cache=False, cmake_clean_first=False, cmake_force_configure=False, cmake_target=None, cmake_target_skip_unavailable=False, continue_on_error=False, event_handlers=None, executor='parallel', ignore_user_meta=False, install_base='install', log_base=None, log_level=None, main=<bound method BuildVerb.main of <colcon_core.verb.build.BuildVerb object at 0xffff84e244f0>>, merge_install=False, metas=['./colcon.meta'], packages_above=None, packages_above_and_dependencies=None, packages_above_depth=None, packages_end=None, packages_ignore=None, packages_ignore_regex=None, packages_select=None, packages_select_build_failed=False, packages_select_by_dep=None, packages_select_regex=None, packages_select_test_failures=False, packages_skip=None, packages_skip_build_finished=False, packages_skip_by_dep=None, packages_skip_regex=None, packages_skip_test_passed=False, packages_skip_up_to=None, packages_start=None, packages_up_to=None, packages_up_to_regex=None, parallel_workers=6, paths=None, symlink_install=False, test_result_base=None, verb_extension=<colcon_core.verb.build.BuildVerb object at 0xffff84e244f0>, verb_name='build', verb_parser=<colcon_defaults.argument_parser.defaults.DefaultArgumentsDecorator object at 0xffff84cb3dc0>)
[0.785s] Level 1:colcon.colcon_core.package_discovery:discover_packages(colcon_meta) check parameters
[0.785s] Level 1:colcon.colcon_core.package_discovery:discover_packages(recursive) check parameters
[0.785s] Level 1:colcon.colcon_core.package_discovery:discover_packages(ignore) check parameters
[0.785s] Level 1:colcon.colcon_core.package_discovery:discover_packages(path) check parameters
[0.786s] Level 1:colcon.colcon_core.package_discovery:discover_packages(colcon_meta) discover
[0.786s] Level 1:colcon.colcon_core.package_discovery:discover_packages(recursive) discover
[0.786s] INFO:colcon.colcon_core.package_discovery:Crawling recursively for packages in '/home/spacer/sensor_ws'
[0.786s] Level 1:colcon.colcon_core.package_identification:_identify(.) by extensions ['ignore', 'ignore_ament_install']
[0.786s] Level 1:colcon.colcon_core.package_identification:_identify(.) by extension 'ignore'
[0.786s] Level 1:colcon.colcon_core.package_identification:_identify(.) by extension 'ignore_ament_install'
[0.787s] Level 1:colcon.colcon_core.package_identification:_identify(.) by extensions ['colcon_pkg']
[0.787s] Level 1:colcon.colcon_core.package_identification:_identify(.) by extension 'colcon_pkg'
[0.787s] Level 1:colcon.colcon_core.package_identification:_identify(.) by extensions ['colcon_meta']
[0.787s] Level 1:colcon.colcon_core.package_identification:_identify(.) by extension 'colcon_meta'
[0.787s] Level 1:colcon.colcon_core.package_identification:_identify(.) by extensions ['ros']
[0.787s] Level 1:colcon.colcon_core.package_identification:_identify(.) by extension 'ros'
[0.810s] Level 1:colcon.colcon_core.package_identification:_identify(.) by extensions ['cmake', 'python']
[0.810s] Level 1:colcon.colcon_core.package_identification:_identify(.) by extension 'cmake'
[0.810s] Level 1:colcon.colcon_core.package_identification:_identify(.) by extension 'python'
[0.810s] Level 1:colcon.colcon_core.package_identification:_identify(.) by extensions ['python_setup_py']
[0.811s] Level 1:colcon.colcon_core.package_identification:_identify(.) by extension 'python_setup_py'
[0.811s] Level 1:colcon.colcon_core.package_identification:_identify(build) by extensions ['ignore', 'ignore_ament_install']
[0.811s] Level 1:colcon.colcon_core.package_identification:_identify(build) by extension 'ignore'
[0.811s] Level 1:colcon.colcon_core.package_identification:_identify(build) ignored
[0.811s] Level 1:colcon.colcon_core.package_identification:_identify(install) by extensions ['ignore', 'ignore_ament_install']
[0.812s] Level 1:colcon.colcon_core.package_identification:_identify(install) by extension 'ignore'
[0.812s] Level 1:colcon.colcon_core.package_identification:_identify(install) ignored
[0.812s] Level 1:colcon.colcon_core.package_identification:_identify(log) by extensions ['ignore', 'ignore_ament_install']
[0.812s] Level 1:colcon.colcon_core.package_identification:_identify(log) by extension 'ignore'
[0.812s] Level 1:colcon.colcon_core.package_identification:_identify(log) ignored
[0.813s] Level 1:colcon.colcon_core.package_identification:_identify(src) by extensions ['ignore', 'ignore_ament_install']
[0.813s] Level 1:colcon.colcon_core.package_identification:_identify(src) by extension 'ignore'
[0.813s] Level 1:colcon.colcon_core.package_identification:_identify(src) by extension 'ignore_ament_install'
[0.813s] Level 1:colcon.colcon_core.package_identification:_identify(src) by extensions ['colcon_pkg']
[0.813s] Level 1:colcon.colcon_core.package_identification:_identify(src) by extension 'colcon_pkg'
[0.813s] Level 1:colcon.colcon_core.package_identification:_identify(src) by extensions ['colcon_meta']
[0.813s] Level 1:colcon.colcon_core.package_identification:_identify(src) by extension 'colcon_meta'
[0.813s] Level 1:colcon.colcon_core.package_identification:_identify(src) by extensions ['ros']
[0.813s] Level 1:colcon.colcon_core.package_identification:_identify(src) by extension 'ros'
[0.814s] Level 1:colcon.colcon_core.package_identification:_identify(src) by extensions ['cmake', 'python']
[0.814s] Level 1:colcon.colcon_core.package_identification:_identify(src) by extension 'cmake'
[0.814s] Level 1:colcon.colcon_core.package_identification:_identify(src) by extension 'python'
[0.814s] Level 1:colcon.colcon_core.package_identification:_identify(src) by extensions ['python_setup_py']
[0.814s] Level 1:colcon.colcon_core.package_identification:_identify(src) by extension 'python_setup_py'
[0.814s] Level 1:colcon.colcon_core.package_identification:_identify(src/livox_ros_driver2) by extensions ['ignore', 'ignore_ament_install']
[0.814s] Level 1:colcon.colcon_core.package_identification:_identify(src/livox_ros_driver2) by extension 'ignore'
[0.814s] Level 1:colcon.colcon_core.package_identification:_identify(src/livox_ros_driver2) by extension 'ignore_ament_install'
[0.814s] Level 1:colcon.colcon_core.package_identification:_identify(src/livox_ros_driver2) by extensions ['colcon_pkg']
[0.815s] Level 1:colcon.colcon_core.package_identification:_identify(src/livox_ros_driver2) by extension 'colcon_pkg'
[0.815s] Level 1:colcon.colcon_core.package_identification:_identify(src/livox_ros_driver2) by extensions ['colcon_meta']
[0.815s] Level 1:colcon.colcon_core.package_identification:_identify(src/livox_ros_driver2) by extension 'colcon_meta'
[0.815s] Level 1:colcon.colcon_core.package_identification:_identify(src/livox_ros_driver2) by extensions ['ros']
[0.815s] Level 1:colcon.colcon_core.package_identification:_identify(src/livox_ros_driver2) by extension 'ros'
[0.822s] DEBUG:colcon.colcon_core.package_identification:Package 'src/livox_ros_driver2' with type 'ros.ament_cmake' and name 'livox_ros_driver2'
[0.822s] Level 1:colcon.colcon_core.package_discovery:discover_packages(recursive) using defaults
[0.822s] Level 1:colcon.colcon_core.package_discovery:discover_packages(ignore) discover
[0.822s] Level 1:colcon.colcon_core.package_discovery:discover_packages(ignore) using defaults
[0.822s] Level 1:colcon.colcon_core.package_discovery:discover_packages(path) discover
[0.822s] Level 1:colcon.colcon_core.package_discovery:discover_packages(path) using defaults
[0.856s] Level 1:colcon.colcon_core.package_discovery:discover_packages(prefix_path) check parameters
[0.856s] Level 1:colcon.colcon_core.package_discovery:discover_packages(prefix_path) discover
[0.861s] DEBUG:colcon.colcon_installed_package_information.package_discovery:Found 315 installed packages in /opt/ros/humble
[0.891s] Level 1:colcon.colcon_core.package_discovery:discover_packages(prefix_path) using defaults
[1.041s] Level 5:colcon.colcon_core.verb:set package 'livox_ros_driver2' build argument 'cmake_args' from command line to '['-DROS_EDITION=ROS2', '-DHUMBLE_ROS=humble']'
[1.041s] Level 5:colcon.colcon_core.verb:set package 'livox_ros_driver2' build argument 'cmake_target' from command line to 'None'
[1.042s] Level 5:colcon.colcon_core.verb:set package 'livox_ros_driver2' build argument 'cmake_target_skip_unavailable' from command line to 'False'
[1.042s] Level 5:colcon.colcon_core.verb:set package 'livox_ros_driver2' build argument 'cmake_clean_cache' from command line to 'False'
[1.042s] Level 5:colcon.colcon_core.verb:set package 'livox_ros_driver2' build argument 'cmake_clean_first' from command line to 'False'
[1.042s] Level 5:colcon.colcon_core.verb:set package 'livox_ros_driver2' build argument 'cmake_force_configure' from command line to 'False'
[1.042s] Level 5:colcon.colcon_core.verb:set package 'livox_ros_driver2' build argument 'ament_cmake_args' from command line to 'None'
[1.042s] Level 5:colcon.colcon_core.verb:set package 'livox_ros_driver2' build argument 'catkin_cmake_args' from command line to 'None'
[1.042s] Level 5:colcon.colcon_core.verb:set package 'livox_ros_driver2' build argument 'catkin_skip_building_tests' from command line to 'False'
[1.042s] DEBUG:colcon.colcon_core.verb:Building package 'livox_ros_driver2' with the following arguments: {'ament_cmake_args': None, 'build_base': '/home/spacer/sensor_ws/build/livox_ros_driver2', 'catkin_cmake_args': None, 'catkin_skip_building_tests': False, 'cmake_args': ['-DROS_EDITION=ROS2', '-DHUMBLE_ROS=humble'], 'cmake_clean_cache': False, 'cmake_clean_first': False, 'cmake_force_configure': False, 'cmake_target': None, 'cmake_target_skip_unavailable': False, 'install_base': '/home/spacer/sensor_ws/install/livox_ros_driver2', 'merge_install': False, 'path': '/home/spacer/sensor_ws/src/livox_ros_driver2', 'symlink_install': False, 'test_result_base': None}
[1.042s] INFO:colcon.colcon_core.executor:Executing jobs using 'parallel' executor
[1.045s] DEBUG:colcon.colcon_parallel_executor.executor.parallel:run_until_complete
[1.045s] INFO:colcon.colcon_ros.task.ament_cmake.build:Building ROS package in '/home/spacer/sensor_ws/src/livox_ros_driver2' with build type 'ament_cmake'
[1.046s] INFO:colcon.colcon_cmake.task.cmake.build:Building CMake package in '/home/spacer/sensor_ws/src/livox_ros_driver2'
[1.050s] INFO:colcon.colcon_core.plugin_system:Skipping extension 'colcon_core.shell.bat': Not used on non-Windows systems
[1.050s] INFO:colcon.colcon_core.shell:Skip shell extension 'powershell' for command environment: Not usable outside of PowerShell
[1.050s] DEBUG:colcon.colcon_core.shell:Skip shell extension 'dsv' for command environment
[1.069s] DEBUG:colcon.colcon_core.event_handler.log_command:Invoking command in '/home/spacer/sensor_ws/build/livox_ros_driver2': CMAKE_PREFIX_PATH=/opt/ros/humble /usr/bin/cmake /home/spacer/sensor_ws/src/livox_ros_driver2 -DROS_EDITION=ROS2 -DHUMBLE_ROS=humble -DCMAKE_INSTALL_PREFIX=/home/spacer/sensor_ws/install/livox_ros_driver2
[10.606s] DEBUG:colcon.colcon_core.event_handler.log_command:Invoked command in '/home/spacer/sensor_ws/build/livox_ros_driver2' returned '0': CMAKE_PREFIX_PATH=/opt/ros/humble /usr/bin/cmake /home/spacer/sensor_ws/src/livox_ros_driver2 -DROS_EDITION=ROS2 -DHUMBLE_ROS=humble -DCMAKE_INSTALL_PREFIX=/home/spacer/sensor_ws/install/livox_ros_driver2
[10.615s] DEBUG:colcon.colcon_core.event_handler.log_command:Invoking command in '/home/spacer/sensor_ws/build/livox_ros_driver2': CMAKE_PREFIX_PATH=/opt/ros/humble /usr/bin/cmake --build /home/spacer/sensor_ws/build/livox_ros_driver2 -- -j6 -l6
[44.289s] DEBUG:colcon.colcon_core.event_handler.log_command:Invoked command in '/home/spacer/sensor_ws/build/livox_ros_driver2' returned '0': CMAKE_PREFIX_PATH=/opt/ros/humble /usr/bin/cmake --build /home/spacer/sensor_ws/build/livox_ros_driver2 -- -j6 -l6
[44.501s] DEBUG:colcon.colcon_core.event_handler.log_command:Invoking command in '/home/spacer/sensor_ws/build/livox_ros_driver2': CMAKE_PREFIX_PATH=/opt/ros/humble /usr/bin/cmake --install /home/spacer/sensor_ws/build/livox_ros_driver2
[44.668s] Level 1:colcon.colcon_core.environment:create_environment_scripts_only(livox_ros_driver2)
[44.670s] DEBUG:colcon.colcon_core.event_handler.log_command:Invoked command in '/home/spacer/sensor_ws/build/livox_ros_driver2' returned '0': CMAKE_PREFIX_PATH=/opt/ros/humble /usr/bin/cmake --install /home/spacer/sensor_ws/build/livox_ros_driver2
[44.679s] Level 1:colcon.colcon_core.environment:checking '/home/spacer/sensor_ws/install/livox_ros_driver2' for CMake module files
[44.682s] Level 1:colcon.colcon_core.environment:checking '/home/spacer/sensor_ws/install/livox_ros_driver2' for CMake config files
[44.683s] Level 1:colcon.colcon_core.shell:create_environment_hook('livox_ros_driver2', 'cmake_prefix_path')
[44.684s] INFO:colcon.colcon_core.shell:Creating environment hook '/home/spacer/sensor_ws/install/livox_ros_driver2/share/livox_ros_driver2/hook/cmake_prefix_path.ps1'
[44.686s] INFO:colcon.colcon_core.shell:Creating environment descriptor '/home/spacer/sensor_ws/install/livox_ros_driver2/share/livox_ros_driver2/hook/cmake_prefix_path.dsv'
[44.688s] INFO:colcon.colcon_core.shell:Creating environment hook '/home/spacer/sensor_ws/install/livox_ros_driver2/share/livox_ros_driver2/hook/cmake_prefix_path.sh'
[44.691s] Level 1:colcon.colcon_core.environment:checking '/home/spacer/sensor_ws/install/livox_ros_driver2/lib'
[44.692s] Level 1:colcon.colcon_core.shell:create_environment_hook('livox_ros_driver2', 'ld_library_path_lib')
[44.693s] INFO:colcon.colcon_core.shell:Creating environment hook '/home/spacer/sensor_ws/install/livox_ros_driver2/share/livox_ros_driver2/hook/ld_library_path_lib.ps1'
[44.694s] INFO:colcon.colcon_core.shell:Creating environment descriptor '/home/spacer/sensor_ws/install/livox_ros_driver2/share/livox_ros_driver2/hook/ld_library_path_lib.dsv'
[44.695s] INFO:colcon.colcon_core.shell:Creating environment hook '/home/spacer/sensor_ws/install/livox_ros_driver2/share/livox_ros_driver2/hook/ld_library_path_lib.sh'
[44.696s] Level 1:colcon.colcon_core.environment:checking '/home/spacer/sensor_ws/install/livox_ros_driver2/bin'
[44.697s] Level 1:colcon.colcon_core.environment:checking '/home/spacer/sensor_ws/install/livox_ros_driver2/lib/pkgconfig/livox_ros_driver2.pc'
[44.697s] Level 1:colcon.colcon_core.environment:checking '/home/spacer/sensor_ws/install/livox_ros_driver2/lib/python3.8/site-packages'
[44.698s] Level 1:colcon.colcon_core.environment:checking '/home/spacer/sensor_ws/install/livox_ros_driver2/bin'
[44.699s] INFO:colcon.colcon_core.shell:Creating package script '/home/spacer/sensor_ws/install/livox_ros_driver2/share/livox_ros_driver2/package.ps1'
[44.702s] INFO:colcon.colcon_core.shell:Creating package descriptor '/home/spacer/sensor_ws/install/livox_ros_driver2/share/livox_ros_driver2/package.dsv'
[44.704s] INFO:colcon.colcon_core.shell:Creating package script '/home/spacer/sensor_ws/install/livox_ros_driver2/share/livox_ros_driver2/package.sh'
[44.706s] INFO:colcon.colcon_core.shell:Creating package script '/home/spacer/sensor_ws/install/livox_ros_driver2/share/livox_ros_driver2/package.bash'
[44.708s] INFO:colcon.colcon_core.shell:Creating package script '/home/spacer/sensor_ws/install/livox_ros_driver2/share/livox_ros_driver2/package.zsh'
[44.709s] Level 1:colcon.colcon_core.environment:create_file_with_runtime_dependencies(/home/spacer/sensor_ws/install/livox_ros_driver2/share/colcon-core/packages/livox_ros_driver2)
[44.890s] Level 1:colcon.colcon_core.environment:create_environment_scripts_only(livox_ros_driver2)
[44.891s] Level 1:colcon.colcon_core.environment:checking '/home/spacer/sensor_ws/install/livox_ros_driver2' for CMake module files
[44.894s] Level 1:colcon.colcon_core.environment:checking '/home/spacer/sensor_ws/install/livox_ros_driver2' for CMake config files
[44.895s] Level 1:colcon.colcon_core.shell:create_environment_hook('livox_ros_driver2', 'cmake_prefix_path')
[44.895s] INFO:colcon.colcon_core.shell:Creating environment hook '/home/spacer/sensor_ws/install/livox_ros_driver2/share/livox_ros_driver2/hook/cmake_prefix_path.ps1'
[44.897s] INFO:colcon.colcon_core.shell:Creating environment descriptor '/home/spacer/sensor_ws/install/livox_ros_driver2/share/livox_ros_driver2/hook/cmake_prefix_path.dsv'
[44.899s] INFO:colcon.colcon_core.shell:Creating environment hook '/home/spacer/sensor_ws/install/livox_ros_driver2/share/livox_ros_driver2/hook/cmake_prefix_path.sh'
[44.901s] Level 1:colcon.colcon_core.environment:checking '/home/spacer/sensor_ws/install/livox_ros_driver2/lib'
[44.901s] Level 1:colcon.colcon_core.shell:create_environment_hook('livox_ros_driver2', 'ld_library_path_lib')
[44.902s] INFO:colcon.colcon_core.shell:Creating environment hook '/home/spacer/sensor_ws/install/livox_ros_driver2/share/livox_ros_driver2/hook/ld_library_path_lib.ps1'
[44.903s] INFO:colcon.colcon_core.shell:Creating environment descriptor '/home/spacer/sensor_ws/install/livox_ros_driver2/share/livox_ros_driver2/hook/ld_library_path_lib.dsv'
[44.904s] INFO:colcon.colcon_core.shell:Creating environment hook '/home/spacer/sensor_ws/install/livox_ros_driver2/share/livox_ros_driver2/hook/ld_library_path_lib.sh'
[44.905s] Level 1:colcon.colcon_core.environment:checking '/home/spacer/sensor_ws/install/livox_ros_driver2/bin'
[44.905s] Level 1:colcon.colcon_core.environment:checking '/home/spacer/sensor_ws/install/livox_ros_driver2/lib/pkgconfig/livox_ros_driver2.pc'
[44.906s] Level 1:colcon.colcon_core.environment:checking '/home/spacer/sensor_ws/install/livox_ros_driver2/lib/python3.8/site-packages'
[44.907s] Level 1:colcon.colcon_core.environment:checking '/home/spacer/sensor_ws/install/livox_ros_driver2/bin'
[44.908s] INFO:colcon.colcon_core.shell:Creating package script '/home/spacer/sensor_ws/install/livox_ros_driver2/share/livox_ros_driver2/package.ps1'
[44.909s] INFO:colcon.colcon_core.shell:Creating package descriptor '/home/spacer/sensor_ws/install/livox_ros_driver2/share/livox_ros_driver2/package.dsv'
[44.911s] INFO:colcon.colcon_core.shell:Creating package script '/home/spacer/sensor_ws/install/livox_ros_driver2/share/livox_ros_driver2/package.sh'
[44.912s] INFO:colcon.colcon_core.shell:Creating package script '/home/spacer/sensor_ws/install/livox_ros_driver2/share/livox_ros_driver2/package.bash'
[44.913s] INFO:colcon.colcon_core.shell:Creating package script '/home/spacer/sensor_ws/install/livox_ros_driver2/share/livox_ros_driver2/package.zsh'
[44.914s] Level 1:colcon.colcon_core.environment:create_file_with_runtime_dependencies(/home/spacer/sensor_ws/install/livox_ros_driver2/share/colcon-core/packages/livox_ros_driver2)
[44.915s] DEBUG:colcon.colcon_parallel_executor.executor.parallel:closing loop
[44.916s] DEBUG:colcon.colcon_parallel_executor.executor.parallel:loop closed
[44.916s] DEBUG:colcon.colcon_parallel_executor.executor.parallel:run_until_complete finished with '0'
[44.917s] DEBUG:colcon.colcon_core.event_reactor:joining thread
[44.938s] INFO:colcon.colcon_core.plugin_system:Skipping extension 'colcon_notification.desktop_notification.terminal_notifier': Not used on non-Darwin systems
[44.938s] INFO:colcon.colcon_core.plugin_system:Skipping extension 'colcon_notification.desktop_notification.win32': Not used on non-Windows systems
[44.938s] INFO:colcon.colcon_notification.desktop_notification:Sending desktop notification using 'notify2'
[44.964s] DEBUG:colcon.colcon_notification.desktop_notification.notify2:Failed to initialize notify2: org.freedesktop.DBus.Error.Spawn.ChildExited: Process org.freedesktop.Notifications exited with status 1
[44.964s] DEBUG:colcon.colcon_core.event_reactor:joined thread
[44.965s] INFO:colcon.colcon_core.shell:Creating prefix script '/home/spacer/sensor_ws/install/local_setup.ps1'
[44.967s] INFO:colcon.colcon_core.shell:Creating prefix util module '/home/spacer/sensor_ws/install/_local_setup_util_ps1.py'
[44.970s] INFO:colcon.colcon_core.shell:Creating prefix chain script '/home/spacer/sensor_ws/install/setup.ps1'
[44.973s] INFO:colcon.colcon_core.shell:Creating prefix script '/home/spacer/sensor_ws/install/local_setup.sh'
[44.974s] INFO:colcon.colcon_core.shell:Creating prefix util module '/home/spacer/sensor_ws/install/_local_setup_util_sh.py'
[44.975s] INFO:colcon.colcon_core.shell:Creating prefix chain script '/home/spacer/sensor_ws/install/setup.sh'
[44.978s] INFO:colcon.colcon_core.shell:Creating prefix script '/home/spacer/sensor_ws/install/local_setup.bash'
[44.979s] INFO:colcon.colcon_core.shell:Creating prefix chain script '/home/spacer/sensor_ws/install/setup.bash'
[44.981s] INFO:colcon.colcon_core.shell:Creating prefix script '/home/spacer/sensor_ws/install/local_setup.zsh'
[44.982s] INFO:colcon.colcon_core.shell:Creating prefix chain script '/home/spacer/sensor_ws/install/setup.zsh'
