[0.024s] Invoking command in '/home/spacer/slam/build/fast_lio': CMAKE_PREFIX_PATH=${CMAKE_PREFIX_PATH}:/opt/ros/humble /usr/bin/cmake /home/spacer/slam/src/FAST_LIO -DAMENT_CMAKE_SYMLINK_INSTALL=1 -DCMAKE_INSTALL_PREFIX=/home/spacer/slam/install/fast_lio
[0.135s] -- The C compiler identification is GNU 9.4.0
[0.231s] -- The CXX compiler identification is GNU 9.4.0
[0.238s] -- Check for working C compiler: /usr/bin/cc
[0.377s] -- Check for working C compiler: /usr/bin/cc -- works
[0.379s] -- Detecting C compiler ABI info
[0.531s] -- Detecting C compiler ABI info - done
[0.563s] -- Detecting C compile features
[0.564s] -- Detecting C compile features - done
[0.569s] -- Check for working CXX compiler: /usr/bin/c++
[0.718s] -- Check for working CXX compiler: /usr/bin/c++ -- works
[0.722s] -- Detecting CXX compiler ABI info
[0.881s] -- Detecting CXX compiler ABI info - done
[0.917s] -- Detecting CXX compile features
[0.918s] -- Detecting CXX compile features - done
[0.920s] Current CPU archtecture: aarch64
[1.696s] -- Found PythonLibs: /usr/lib/aarch64-linux-gnu/libpython3.8.so (found version "3.8.10") 
[1.699s] -- Found ament_cmake: 1.3.6 (/opt/ros/humble/share/ament_cmake/cmake)
[1.991s] -- Found Python3: /usr/bin/python3.9 (found version "3.9.5") found components: Interpreter 
[2.118s] -- Override CMake install command with custom implementation using symlinks instead of copying resources
[2.188s] -- Found rclcpp: 16.0.7 (/opt/ros/humble/share/rclcpp/cmake)
[2.264s] -- Found rosidl_generator_c: 3.1.5 (/opt/ros/humble/share/rosidl_generator_c/cmake)
[2.274s] -- Found rosidl_adapter: 3.1.5 (/opt/ros/humble/share/rosidl_adapter/cmake)
[2.292s] -- Found rosidl_generator_cpp: 3.1.5 (/opt/ros/humble/share/rosidl_generator_cpp/cmake)
[2.323s] -- Using all available rosidl_typesupport_c: rosidl_typesupport_fastrtps_c;rosidl_typesupport_introspection_c
[2.368s] -- Using all available rosidl_typesupport_cpp: rosidl_typesupport_fastrtps_cpp;rosidl_typesupport_introspection_cpp
[2.526s] -- Found rmw_implementation_cmake: 6.1.1 (/opt/ros/humble/share/rmw_implementation_cmake/cmake)
[2.531s] -- Found rmw_fastrtps_cpp: 6.2.5 (/opt/ros/humble/share/rmw_fastrtps_cpp/cmake)
[2.777s] -- Found OpenSSL: /usr/lib/aarch64-linux-gnu/libcrypto.so (found version "1.1.1f")  
[2.831s] -- Found FastRTPS: /opt/ros/humble/include  
[2.931s] -- Using RMW implementation 'rmw_fastrtps_cpp' as default
[2.951s] -- Looking for pthread.h
[3.092s] -- Looking for pthread.h - found
[3.092s] -- Performing Test CMAKE_HAVE_LIBC_PTHREAD
[3.243s] -- Performing Test CMAKE_HAVE_LIBC_PTHREAD - Success
[3.247s] -- Found Threads: TRUE  
[3.714s] -- Found rclcpp_components: 16.0.7 (/opt/ros/humble/share/rclcpp_components/cmake)
[3.891s] -- Found geometry_msgs: 4.2.3 (/opt/ros/humble/share/geometry_msgs/cmake)
[4.021s] -- Found nav_msgs: 4.2.3 (/opt/ros/humble/share/nav_msgs/cmake)
[4.256s] -- Found sensor_msgs: 4.2.3 (/opt/ros/humble/share/sensor_msgs/cmake)
[4.488s] -- Found std_srvs: 4.2.3 (/opt/ros/humble/share/std_srvs/cmake)
[4.541s] -- Found visualization_msgs: 4.2.3 (/opt/ros/humble/share/visualization_msgs/cmake)
[4.868s] -- Found pcl_ros: 2.4.0 (/opt/ros/humble/share/pcl_ros/cmake)
[5.570s] -- Found eigen3_cmake_module: 0.1.1 (/opt/ros/humble/share/eigen3_cmake_module/cmake)
[5.573s] -- Found Eigen3: TRUE (found version "3.3.7") 
[5.573s] -- Ensuring Eigen3 include directory is part of orocos-kdl CMake target
[6.425s] -- Checking for module 'eigen3'
[6.463s] --   Found eigen3, version 3.3.7
[6.560s] -- Found Eigen: /usr/include/eigen3 (Required is at least version "3.1") 
[6.560s] -- Eigen found (include: /usr/include/eigen3, version: 3.3.7)
[6.694s] -- Checking for module 'flann'
[6.732s] --   Found flann, version 1.9.1
[6.844s] -- Found FLANN: /usr/lib/aarch64-linux-gnu/libflann_cpp.so  
[6.952s] -- The imported target "vtkParseOGLExt" references the file
[6.953s]    "/usr/bin/vtkParseOGLExt-7.1"
[6.953s] but this file does not exist.  Possible reasons include:
[6.953s] * The file was deleted, renamed, or moved to another location.
[6.953s] * An install or uninstall procedure did not complete successfully.
[6.953s] * The installation package was faulty and contained
[6.954s]    "/usr/lib/cmake/vtk-7.1/VTKTargets.cmake"
[6.954s] but not all the files it references.
[6.954s] 
[6.954s] -- The imported target "vtkRenderingPythonTkWidgets" references the file
[6.954s]    "/usr/lib/aarch64-linux-gnu/libvtkRenderingPythonTkWidgets.so"
[6.955s] but this file does not exist.  Possible reasons include:
[6.955s] * The file was deleted, renamed, or moved to another location.
[6.955s] * An install or uninstall procedure did not complete successfully.
[6.955s] * The installation package was faulty and contained
[6.955s]    "/usr/lib/cmake/vtk-7.1/VTKTargets.cmake"
[6.956s] but not all the files it references.
[6.956s] 
[6.956s] -- The imported target "vtk" references the file
[6.956s]    "/usr/bin/vtk"
[6.956s] but this file does not exist.  Possible reasons include:
[6.957s] * The file was deleted, renamed, or moved to another location.
[6.957s] * An install or uninstall procedure did not complete successfully.
[6.957s] * The installation package was faulty and contained
[6.957s]    "/usr/lib/cmake/vtk-7.1/VTKTargets.cmake"
[6.957s] but not all the files it references.
[6.957s] 
[6.957s] -- The imported target "pvtk" references the file
[6.958s]    "/usr/bin/pvtk"
[6.958s] but this file does not exist.  Possible reasons include:
[6.958s] * The file was deleted, renamed, or moved to another location.
[6.958s] * An install or uninstall procedure did not complete successfully.
[6.958s] * The installation package was faulty and contained
[6.958s]    "/usr/lib/cmake/vtk-7.1/VTKTargets.cmake"
[6.958s] but not all the files it references.
[6.959s] 
[6.995s] -- Checking for module 'libusb-1.0'
[7.030s] --   Found libusb-1.0, version 1.0.23
[7.136s] -- Found USB_10: /usr/lib/aarch64-linux-gnu/libusb-1.0.so  
[7.296s] -- OpenNI found (include: /usr/include/ni, lib: /usr/lib/libOpenNI.so)
[7.463s] -- OpenNI2 found (include: /usr/include/openni2, lib: /usr/lib/libOpenNI2.so)
[7.496s] -- Found libusb-1.0: /usr/include  
[7.508s] -- OpenNI found (include: /usr/include/ni, lib: /usr/lib/libOpenNI.so)
[7.520s] -- OpenNI2 found (include: /usr/include/openni2, lib: /usr/lib/libOpenNI2.so)
[7.568s] -- Found Qhull: optimized;/usr/lib/aarch64-linux-gnu/libqhull.so;debug;/usr/lib/aarch64-linux-gnu/libqhull.so  
[7.569s] -- QHULL found (include: /usr/include, lib: optimized;/usr/lib/aarch64-linux-gnu/libqhull.so;debug;/usr/lib/aarch64-linux-gnu/libqhull.so)
[7.581s] -- OpenNI found (include: /usr/include/ni, lib: /usr/lib/libOpenNI.so)
[7.606s] -- Found PCL_COMMON: /usr/lib/aarch64-linux-gnu/libpcl_common.so  
[7.608s] -- Found PCL_KDTREE: /usr/lib/aarch64-linux-gnu/libpcl_kdtree.so  
[7.611s] -- Found PCL_OCTREE: /usr/lib/aarch64-linux-gnu/libpcl_octree.so  
[7.613s] -- Found PCL_SEARCH: /usr/lib/aarch64-linux-gnu/libpcl_search.so  
[7.615s] -- Found PCL_SAMPLE_CONSENSUS: /usr/lib/aarch64-linux-gnu/libpcl_sample_consensus.so  
[7.617s] -- Found PCL_FILTERS: /usr/lib/aarch64-linux-gnu/libpcl_filters.so  
[7.618s] -- Found PCL_2D: /usr/include/pcl-1.10  
[7.619s] -- Found PCL_GEOMETRY: /usr/include/pcl-1.10  
[7.621s] -- Found PCL_IO: /usr/lib/aarch64-linux-gnu/libpcl_io.so  
[7.624s] -- Found PCL_FEATURES: /usr/lib/aarch64-linux-gnu/libpcl_features.so  
[7.626s] -- Found PCL_ML: /usr/lib/aarch64-linux-gnu/libpcl_ml.so  
[7.628s] -- Found PCL_SEGMENTATION: /usr/lib/aarch64-linux-gnu/libpcl_segmentation.so  
[7.631s] -- Found PCL_VISUALIZATION: /usr/lib/aarch64-linux-gnu/libpcl_visualization.so  
[7.633s] -- Found PCL_SURFACE: /usr/lib/aarch64-linux-gnu/libpcl_surface.so  
[7.636s] -- Found PCL_REGISTRATION: /usr/lib/aarch64-linux-gnu/libpcl_registration.so  
[7.638s] -- Found PCL_KEYPOINTS: /usr/lib/aarch64-linux-gnu/libpcl_keypoints.so  
[7.641s] -- Found PCL_TRACKING: /usr/lib/aarch64-linux-gnu/libpcl_tracking.so  
[7.643s] -- Found PCL_RECOGNITION: /usr/lib/aarch64-linux-gnu/libpcl_recognition.so  
[7.646s] -- Found PCL_STEREO: /usr/lib/aarch64-linux-gnu/libpcl_stereo.so  
[7.648s] -- Found PCL_APPS: /usr/lib/aarch64-linux-gnu/libpcl_apps.so  
[7.650s] -- Found PCL_IN_HAND_SCANNER: /usr/include/pcl-1.10  
[7.651s] -- Found PCL_POINT_CLOUD_EDITOR: /usr/include/pcl-1.10  
[7.653s] -- Found PCL_OUTOFCORE: /usr/lib/aarch64-linux-gnu/libpcl_outofcore.so  
[7.656s] -- Found PCL_PEOPLE: /usr/lib/aarch64-linux-gnu/libpcl_people.so  
[7.692s] -- Found livox_ros_driver2: 1.0.0 (/home/spacer/sensor_ws/install/livox_ros_driver2/share/livox_ros_driver2/cmake)
[8.084s] -- Found rosidl_default_generators: 1.2.0 (/opt/ros/humble/share/rosidl_default_generators/cmake)
[8.106s] CMake Warning (dev) at CMakeLists.txt:81 (find_package):
[8.107s]   Policy CMP0074 is not set: find_package uses <PackageName>_ROOT variables.
[8.107s]   Run "cmake --help-policy CMP0074" for policy details.  Use the cmake_policy
[8.107s]   command to set the policy and suppress this warning.
[8.108s] 
[8.108s]   CMake variable PCL_ROOT is set to:
[8.108s] 
[8.108s]     /usr
[8.109s] 
[8.109s]   For compatibility, CMake is ignoring the variable.
[8.109s] This warning is for project developers.  Use -Wno-dev to suppress it.
[8.109s] 
[8.118s] Eigen:/usr/include/eigen3
[8.119s] -- PCL: /usr/include/pcl-1.10
[9.000s] -- Found ament_cmake_ros: 0.10.0 (/opt/ros/humble/share/ament_cmake_ros/cmake)
[10.383s] -- Using all available rosidl_typesupport_c: rosidl_typesupport_fastrtps_c;rosidl_typesupport_introspection_c
[10.925s] -- Using all available rosidl_typesupport_cpp: rosidl_typesupport_fastrtps_cpp;rosidl_typesupport_introspection_cpp
[10.990s] -- Found PythonInterp: /usr/bin/python3 (found suitable version "3.8.10", minimum required is "3.6") 
[10.996s] -- Found python_cmake_module: 0.10.0 (/opt/ros/humble/share/python_cmake_module/cmake)
[11.057s] -- Found PythonLibs: /usr/lib/aarch64-linux-gnu/libpython3.8.so (found suitable version "3.8.10", minimum required is "3.5") 
[11.058s] -- Using PYTHON_EXECUTABLE: /usr/bin/python3
[11.058s] -- Using PYTHON_INCLUDE_DIRS: /usr/include/python3.8
[11.059s] -- Using PYTHON_LIBRARIES: /usr/lib/aarch64-linux-gnu/libpython3.8.so
[11.104s] -- Found PythonExtra: .so  
[11.424s] -- Configuring done
[11.692s] -- Generating done
[11.702s] -- Build files have been written to: /home/spacer/slam/build/fast_lio
[11.757s] Invoked command in '/home/spacer/slam/build/fast_lio' returned '0': CMAKE_PREFIX_PATH=${CMAKE_PREFIX_PATH}:/opt/ros/humble /usr/bin/cmake /home/spacer/slam/src/FAST_LIO -DAMENT_CMAKE_SYMLINK_INSTALL=1 -DCMAKE_INSTALL_PREFIX=/home/spacer/slam/install/fast_lio
[11.765s] Invoking command in '/home/spacer/slam/build/fast_lio': CMAKE_PREFIX_PATH=${CMAKE_PREFIX_PATH}:/opt/ros/humble /usr/bin/cmake --build /home/spacer/slam/build/fast_lio -- -j6 -l6
[11.864s] [  2%] [34m[1mGenerating C code for ROS interfaces[0m
[11.864s] [35m[1mScanning dependencies of target ament_cmake_python_symlink_fast_lio[0m
[11.865s] [35m[1mScanning dependencies of target fast_lio__cpp[0m
[11.891s] [  5%] [34m[1mGenerating C++ code for ROS interfaces[0m
[11.906s] [  5%] Built target ament_cmake_python_symlink_fast_lio
[11.929s] [35m[1mScanning dependencies of target ament_cmake_python_build_fast_lio_egg[0m
[12.550s] [35m[1mScanning dependencies of target fast_lio__rosidl_generator_c[0m
[12.577s] [  8%] [32mBuilding C object CMakeFiles/fast_lio__rosidl_generator_c.dir/rosidl_generator_c/fast_lio/msg/detail/pose6_d__functions.c.o[0m
[12.578s] [  8%] Built target fast_lio__cpp
[12.601s] [ 14%] [34m[1mGenerating C++ type support for eProsima Fast-RTPS[0m
[12.601s] [ 14%] [34m[1mGenerating C++ introspection for ROS interfaces[0m
[12.604s] [ 17%] [34m[1mGenerating C++ type support dispatch for ROS interfaces[0m
[12.634s] running egg_info
[12.636s] creating fast_lio.egg-info
[12.636s] writing fast_lio.egg-info/PKG-INFO
[12.638s] writing dependency_links to fast_lio.egg-info/dependency_links.txt
[12.638s] writing top-level names to fast_lio.egg-info/top_level.txt
[12.648s] writing manifest file 'fast_lio.egg-info/SOURCES.txt'
[12.762s] reading manifest file 'fast_lio.egg-info/SOURCES.txt'
[12.764s] writing manifest file 'fast_lio.egg-info/SOURCES.txt'
[12.831s] [ 20%] [32m[1mLinking C shared library libfast_lio__rosidl_generator_c.so[0m
[12.859s] [ 20%] Built target ament_cmake_python_build_fast_lio_egg
[12.908s] [ 20%] Built target fast_lio__rosidl_generator_c
[12.932s] [ 22%] [34m[1mGenerating C type support for eProsima Fast-RTPS[0m
[12.932s] [ 25%] [34m[1mGenerating C type support dispatch for ROS interfaces[0m
[12.942s] [ 28%] [34m[1mGenerating C introspection for ROS interfaces[0m
[13.264s] [35m[1mScanning dependencies of target fast_lio__rosidl_typesupport_introspection_cpp[0m
[13.272s] [35m[1mScanning dependencies of target fast_lio__rosidl_typesupport_cpp[0m
[13.285s] [35m[1mScanning dependencies of target fast_lio__rosidl_typesupport_fastrtps_cpp[0m
[13.307s] [ 31%] [32mBuilding CXX object CMakeFiles/fast_lio__rosidl_typesupport_introspection_cpp.dir/rosidl_typesupport_introspection_cpp/fast_lio/msg/detail/pose6_d__type_support.cpp.o[0m
[13.312s] [ 37%] [32mBuilding CXX object CMakeFiles/fast_lio__rosidl_typesupport_cpp.dir/rosidl_typesupport_cpp/fast_lio/msg/pose6_d__type_support.cpp.o[0m
[13.313s] [ 37%] [32mBuilding CXX object CMakeFiles/fast_lio__rosidl_typesupport_fastrtps_cpp.dir/rosidl_typesupport_fastrtps_cpp/fast_lio/msg/detail/dds_fastrtps/pose6_d__type_support.cpp.o[0m
[13.706s] [35m[1mScanning dependencies of target fast_lio__rosidl_typesupport_fastrtps_c[0m
[13.731s] [35m[1mScanning dependencies of target fast_lio__rosidl_typesupport_introspection_c[0m
[13.747s] [ 40%] [32mBuilding CXX object CMakeFiles/fast_lio__rosidl_typesupport_fastrtps_c.dir/rosidl_typesupport_fastrtps_c/fast_lio/msg/detail/pose6_d__type_support_c.cpp.o[0m
[13.768s] [ 42%] [32mBuilding C object CMakeFiles/fast_lio__rosidl_typesupport_introspection_c.dir/rosidl_typesupport_introspection_c/fast_lio/msg/detail/pose6_d__type_support.c.o[0m
[13.974s] [ 45%] [32m[1mLinking CXX shared library libfast_lio__rosidl_typesupport_cpp.so[0m
[13.988s] [ 48%] [32m[1mLinking C shared library libfast_lio__rosidl_typesupport_introspection_c.so[0m
[14.038s] [35m[1mScanning dependencies of target fast_lio__rosidl_typesupport_c[0m
[14.075s] [ 48%] Built target fast_lio__rosidl_typesupport_cpp
[14.082s] [ 51%] [32mBuilding CXX object CMakeFiles/fast_lio__rosidl_typesupport_c.dir/rosidl_typesupport_c/fast_lio/msg/pose6_d__type_support.cpp.o[0m
[14.090s] [ 51%] Built target fast_lio__rosidl_typesupport_introspection_c
[14.107s] [35m[1mScanning dependencies of target fastlio_mapping[0m
[14.172s] [ 54%] [32m[1mLinking CXX shared library libfast_lio__rosidl_typesupport_c.so[0m
[14.292s] [ 54%] Built target fast_lio__rosidl_typesupport_c
[14.336s] [ 57%] [32m[1mLinking CXX shared library libfast_lio__rosidl_typesupport_fastrtps_cpp.so[0m
[14.461s] [ 60%] [32m[1mLinking CXX shared library libfast_lio__rosidl_typesupport_introspection_cpp.so[0m
[14.475s] [ 62%] [32mBuilding CXX object CMakeFiles/fastlio_mapping.dir/src/laserMapping.cpp.o[0m
[14.486s] [ 65%] [32mBuilding CXX object CMakeFiles/fastlio_mapping.dir/include/ikd-Tree/ikd_Tree.cpp.o[0m
[14.492s] [ 68%] [32mBuilding CXX object CMakeFiles/fastlio_mapping.dir/src/preprocess.cpp.o[0m
[14.496s] [ 68%] Built target fast_lio__rosidl_typesupport_fastrtps_cpp
[14.556s] [ 68%] Built target fast_lio__rosidl_typesupport_introspection_cpp
[14.650s] [ 71%] [32m[1mLinking CXX shared library libfast_lio__rosidl_typesupport_fastrtps_c.so[0m
[14.807s] [ 71%] Built target fast_lio__rosidl_typesupport_fastrtps_c
[14.829s] [35m[1mScanning dependencies of target fast_lio[0m
[14.851s] [ 71%] Built target fast_lio
[14.873s] [35m[1mScanning dependencies of target fast_lio__py[0m
[14.896s] [ 74%] [34m[1mGenerating Python code for ROS interfaces[0m
[15.733s] [ 74%] Built target fast_lio__py
[15.755s] [35m[1mScanning dependencies of target fast_lio__rosidl_generator_py[0m
[15.796s] [ 77%] [32mBuilding C object CMakeFiles/fast_lio__rosidl_generator_py.dir/rosidl_generator_py/fast_lio/msg/_pose6_d_s.c.o[0m
[16.081s] [ 80%] [32m[1mLinking C shared library rosidl_generator_py/fast_lio/libfast_lio__rosidl_generator_py.so[0m
[16.162s] [ 80%] Built target fast_lio__rosidl_generator_py
[16.188s] [35m[1mScanning dependencies of target fast_lio__rosidl_typesupport_introspection_c__pyext[0m
[16.188s] [35m[1mScanning dependencies of target fast_lio__rosidl_typesupport_c__pyext[0m
[16.200s] [35m[1mScanning dependencies of target fast_lio__rosidl_typesupport_fastrtps_c__pyext[0m
[16.234s] [ 82%] [32mBuilding C object CMakeFiles/fast_lio__rosidl_typesupport_introspection_c__pyext.dir/rosidl_generator_py/fast_lio/_fast_lio_s.ep.rosidl_typesupport_introspection_c.c.o[0m
[16.240s] [ 85%] [32mBuilding C object CMakeFiles/fast_lio__rosidl_typesupport_c__pyext.dir/rosidl_generator_py/fast_lio/_fast_lio_s.ep.rosidl_typesupport_c.c.o[0m
[16.249s] [ 88%] [32mBuilding C object CMakeFiles/fast_lio__rosidl_typesupport_fastrtps_c__pyext.dir/rosidl_generator_py/fast_lio/_fast_lio_s.ep.rosidl_typesupport_fastrtps_c.c.o[0m
[16.488s] [ 91%] [32m[1mLinking C shared library rosidl_generator_py/fast_lio/fast_lio_s__rosidl_typesupport_introspection_c.cpython-38-aarch64-linux-gnu.so[0m
[16.497s] [ 94%] [32m[1mLinking C shared library rosidl_generator_py/fast_lio/fast_lio_s__rosidl_typesupport_fastrtps_c.cpython-38-aarch64-linux-gnu.so[0m
[16.509s] [ 97%] [32m[1mLinking C shared library rosidl_generator_py/fast_lio/fast_lio_s__rosidl_typesupport_c.cpython-38-aarch64-linux-gnu.so[0m
[16.582s] [ 97%] Built target fast_lio__rosidl_typesupport_introspection_c__pyext
[16.595s] [ 97%] Built target fast_lio__rosidl_typesupport_fastrtps_c__pyext
[16.613s] [ 97%] Built target fast_lio__rosidl_typesupport_c__pyext
[29.793s] In file included from [01m[K/usr/include/boost/preprocessor/tuple/elem.hpp:23[m[K,
[29.793s]                  from [01m[K/usr/include/boost/preprocessor/arithmetic/add.hpp:21[m[K,
[29.793s]                  from [01m[K/usr/include/boost/mpl/aux_/preprocessor/def_params_tail.hpp:66[m[K,
[29.794s]                  from [01m[K/usr/include/boost/mpl/aux_/na_spec.hpp:28[m[K,
[29.794s]                  from [01m[K/usr/include/boost/mpl/not.hpp:20[m[K,
[29.794s]                  from [01m[K/usr/include/boost/mpl/assert.hpp:17[m[K,
[29.794s]                  from [01m[K/usr/include/pcl-1.10/pcl/point_traits.h:48[m[K,
[29.795s]                  from [01m[K/usr/include/pcl-1.10/pcl/point_cloud.h:50[m[K,
[29.795s]                  from [01m[K/usr/include/pcl-1.10/pcl/conversions.h:49[m[K,
[29.795s]                  from [01m[K/opt/ros/humble/include/pcl_conversions/pcl_conversions.h:46[m[K,
[29.795s]                  from [01m[K/home/spacer/slam/src/FAST_LIO/src/preprocess.h:3[m[K,
[29.796s]                  from [01m[K/home/spacer/slam/src/FAST_LIO/src/preprocess.cpp:1[m[K:
[29.796s] [01m[K/home/spacer/slam/src/FAST_LIO/src/preprocess.h:83:105:[m[K [01;35m[Kwarning: [m[K‘[01m[Kusing uint16_t = uint16_t[m[K’ is deprecated: use std::uint16_t instead of pcl::uint16_t [[01;35m[K-Wdeprecated-declarations[m[K]
[29.796s]    83 |                                                                           intensity)(float, time, time)([01;35m[Kuint16_t[m[K, ring,
[29.796s]       |                                                                                                         [01;35m[K^~~~~~~~[m[K
[29.797s] In file included from [01m[K/usr/include/pcl-1.10/pcl/PCLPointField.h:10[m[K,
[29.797s]                  from [01m[K/usr/include/pcl-1.10/pcl/conversions.h:46[m[K,
[29.797s]                  from [01m[K/opt/ros/humble/include/pcl_conversions/pcl_conversions.h:46[m[K,
[29.797s]                  from [01m[K/home/spacer/slam/src/FAST_LIO/src/preprocess.h:3[m[K,
[29.797s]                  from [01m[K/home/spacer/slam/src/FAST_LIO/src/preprocess.cpp:1[m[K:
[29.798s] [01m[K/usr/include/pcl-1.10/pcl/pcl_macros.h:94:9:[m[K [01;36m[Knote: [m[Kdeclared here
[29.798s]    94 |   using [01;36m[Kuint16_t[m[K [[deprecated("use std::uint16_t instead of pcl::uint16_t")]] = std::uint16_t;
[29.798s]       |         [01;36m[K^~~~~~~~[m[K
[29.826s] In file included from [01m[K/usr/include/boost/preprocessor/tuple/elem.hpp:23[m[K,
[29.826s]                  from [01m[K/usr/include/boost/preprocessor/arithmetic/add.hpp:21[m[K,
[29.826s]                  from [01m[K/usr/include/boost/mpl/aux_/preprocessor/def_params_tail.hpp:66[m[K,
[29.826s]                  from [01m[K/usr/include/boost/mpl/aux_/na_spec.hpp:28[m[K,
[29.827s]                  from [01m[K/usr/include/boost/mpl/not.hpp:20[m[K,
[29.827s]                  from [01m[K/usr/include/boost/mpl/assert.hpp:17[m[K,
[29.827s]                  from [01m[K/usr/include/pcl-1.10/pcl/point_traits.h:48[m[K,
[29.827s]                  from [01m[K/usr/include/pcl-1.10/pcl/point_cloud.h:50[m[K,
[29.828s]                  from [01m[K/usr/include/pcl-1.10/pcl/conversions.h:49[m[K,
[29.828s]                  from [01m[K/opt/ros/humble/include/pcl_conversions/pcl_conversions.h:46[m[K,
[29.828s]                  from [01m[K/home/spacer/slam/src/FAST_LIO/src/preprocess.h:3[m[K,
[29.828s]                  from [01m[K/home/spacer/slam/src/FAST_LIO/src/preprocess.cpp:1[m[K:
[29.828s] [01m[K/home/spacer/slam/src/FAST_LIO/src/preprocess.h:131:6:[m[K [01;35m[Kwarning: [m[K‘[01m[Kusing uint8_t = uint8_t[m[K’ is deprecated: use std::uint8_t instead of pcl::uint8_t [[01;35m[K-Wdeprecated-declarations[m[K]
[29.829s]   131 |     ([01;35m[Kuint8_t[m[K, tag, tag)
[29.829s]       |      [01;35m[K^~~~~~~[m[K
[29.829s] In file included from [01m[K/usr/include/pcl-1.10/pcl/PCLPointField.h:10[m[K,
[29.829s]                  from [01m[K/usr/include/pcl-1.10/pcl/conversions.h:46[m[K,
[29.830s]                  from [01m[K/opt/ros/humble/include/pcl_conversions/pcl_conversions.h:46[m[K,
[29.830s]                  from [01m[K/home/spacer/slam/src/FAST_LIO/src/preprocess.h:3[m[K,
[29.830s]                  from [01m[K/home/spacer/slam/src/FAST_LIO/src/preprocess.cpp:1[m[K:
[29.830s] [01m[K/usr/include/pcl-1.10/pcl/pcl_macros.h:92:9:[m[K [01;36m[Knote: [m[Kdeclared here
[29.830s]    92 |   using [01;36m[Kuint8_t[m[K [[deprecated("use std::uint8_t instead of pcl::uint8_t")]] = std::uint8_t;
[29.831s]       |         [01;36m[K^~~~~~~[m[K
[29.831s] In file included from [01m[K/usr/include/boost/preprocessor/tuple/elem.hpp:23[m[K,
[29.831s]                  from [01m[K/usr/include/boost/preprocessor/arithmetic/add.hpp:21[m[K,
[29.831s]                  from [01m[K/usr/include/boost/mpl/aux_/preprocessor/def_params_tail.hpp:66[m[K,
[29.832s]                  from [01m[K/usr/include/boost/mpl/aux_/na_spec.hpp:28[m[K,
[29.832s]                  from [01m[K/usr/include/boost/mpl/not.hpp:20[m[K,
[29.832s]                  from [01m[K/usr/include/boost/mpl/assert.hpp:17[m[K,
[29.832s]                  from [01m[K/usr/include/pcl-1.10/pcl/point_traits.h:48[m[K,
[29.832s]                  from [01m[K/usr/include/pcl-1.10/pcl/point_cloud.h:50[m[K,
[29.833s]                  from [01m[K/usr/include/pcl-1.10/pcl/conversions.h:49[m[K,
[29.833s]                  from [01m[K/opt/ros/humble/include/pcl_conversions/pcl_conversions.h:46[m[K,
[29.833s]                  from [01m[K/home/spacer/slam/src/FAST_LIO/src/preprocess.h:3[m[K,
[29.833s]                  from [01m[K/home/spacer/slam/src/FAST_LIO/src/preprocess.cpp:1[m[K:
[29.834s] [01m[K/home/spacer/slam/src/FAST_LIO/src/preprocess.h:132:6:[m[K [01;35m[Kwarning: [m[K‘[01m[Kusing uint8_t = uint8_t[m[K’ is deprecated: use std::uint8_t instead of pcl::uint8_t [[01;35m[K-Wdeprecated-declarations[m[K]
[29.834s]   132 |     ([01;35m[Kuint8_t[m[K, line, line)
[29.834s]       |      [01;35m[K^~~~~~~[m[K
[29.834s] In file included from [01m[K/usr/include/pcl-1.10/pcl/PCLPointField.h:10[m[K,
[29.834s]                  from [01m[K/usr/include/pcl-1.10/pcl/conversions.h:46[m[K,
[29.835s]                  from [01m[K/opt/ros/humble/include/pcl_conversions/pcl_conversions.h:46[m[K,
[29.835s]                  from [01m[K/home/spacer/slam/src/FAST_LIO/src/preprocess.h:3[m[K,
[29.835s]                  from [01m[K/home/spacer/slam/src/FAST_LIO/src/preprocess.cpp:1[m[K:
[29.835s] [01m[K/usr/include/pcl-1.10/pcl/pcl_macros.h:92:9:[m[K [01;36m[Knote: [m[Kdeclared here
[29.836s]    92 |   using [01;36m[Kuint8_t[m[K [[deprecated("use std::uint8_t instead of pcl::uint8_t")]] = std::uint8_t;
[29.836s]       |         [01;36m[K^~~~~~~[m[K
[36.293s] In file included from [01m[K/usr/include/boost/preprocessor/tuple/elem.hpp:23[m[K,
[36.293s]                  from [01m[K/usr/include/boost/preprocessor/arithmetic/add.hpp:21[m[K,
[36.294s]                  from [01m[K/usr/include/boost/mpl/aux_/preprocessor/def_params_tail.hpp:66[m[K,
[36.294s]                  from [01m[K/usr/include/boost/mpl/aux_/na_spec.hpp:28[m[K,
[36.294s]                  from [01m[K/usr/include/boost/mpl/not.hpp:20[m[K,
[36.294s]                  from [01m[K/usr/include/boost/mpl/assert.hpp:17[m[K,
[36.295s]                  from [01m[K/usr/include/pcl-1.10/pcl/point_traits.h:48[m[K,
[36.295s]                  from [01m[K/usr/include/pcl-1.10/pcl/register_point_struct.h:56[m[K,
[36.295s]                  from [01m[K/usr/include/pcl-1.10/pcl/point_types.h:44[m[K,
[36.295s]                  from [01m[K/home/spacer/slam/src/FAST_LIO/include/common_lib.h:6[m[K,
[36.296s]                  from [01m[K/home/spacer/slam/src/FAST_LIO/src/IMU_Processing.hpp:10[m[K,
[36.296s]                  from [01m[K/home/spacer/slam/src/FAST_LIO/src/laserMapping.cpp:47[m[K:
[36.296s] [01m[K/home/spacer/slam/src/FAST_LIO/src/preprocess.h:83:105:[m[K [01;35m[Kwarning: [m[K‘[01m[Kusing uint16_t = uint16_t[m[K’ is deprecated: use std::uint16_t instead of pcl::uint16_t [[01;35m[K-Wdeprecated-declarations[m[K]
[36.296s]    83 |                                                           intensity)(float, time, time)([01;35m[Kuint16_t[m[K, ring,
[36.297s]       |                                                                                         [01;35m[K^~~~~~~~[m[K
[36.297s] 
[36.297s] In file included from [01m[K/usr/include/pcl-1.10/pcl/point_types.h:42[m[K,
[36.297s]                  from [01m[K/home/spacer/slam/src/FAST_LIO/include/common_lib.h:6[m[K,
[36.297s]                  from [01m[K/home/spacer/slam/src/FAST_LIO/src/IMU_Processing.hpp:10[m[K,
[36.298s]                  from [01m[K/home/spacer/slam/src/FAST_LIO/src/laserMapping.cpp:47[m[K:
[36.298s] [01m[K/usr/include/pcl-1.10/pcl/pcl_macros.h:94:9:[m[K [01;36m[Knote: [m[Kdeclared here
[36.298s]    94 |   using [01;36m[Kuint16_t[m[K [[deprecated("use std::uint16_t instead of pcl::uint16_t")]] = std::uint16_t;
[36.298s]       |         [01;36m[K^~~~~~~~[m[K
[36.329s] In file included from [01m[K/usr/include/boost/preprocessor/tuple/elem.hpp:23[m[K,
[36.329s]                  from [01m[K/usr/include/boost/preprocessor/arithmetic/add.hpp:21[m[K,
[36.329s]                  from [01m[K/usr/include/boost/mpl/aux_/preprocessor/def_params_tail.hpp:66[m[K,
[36.329s]                  from [01m[K/usr/include/boost/mpl/aux_/na_spec.hpp:28[m[K,
[36.330s]                  from [01m[K/usr/include/boost/mpl/not.hpp:20[m[K,
[36.330s]                  from [01m[K/usr/include/boost/mpl/assert.hpp:17[m[K,
[36.331s]                  from [01m[K/usr/include/pcl-1.10/pcl/point_traits.h:48[m[K,
[36.331s]                  from [01m[K/usr/include/pcl-1.10/pcl/register_point_struct.h:56[m[K,
[36.331s]                  from [01m[K/usr/include/pcl-1.10/pcl/point_types.h:44[m[K,
[36.331s]                  from [01m[K/home/spacer/slam/src/FAST_LIO/include/common_lib.h:6[m[K,
[36.332s]                  from [01m[K/home/spacer/slam/src/FAST_LIO/src/IMU_Processing.hpp:10[m[K,
[36.332s]                  from [01m[K/home/spacer/slam/src/FAST_LIO/src/laserMapping.cpp:47[m[K:
[36.332s] [01m[K/home/spacer/slam/src/FAST_LIO/src/preprocess.h:131:6:[m[K [01;35m[Kwarning: [m[K‘[01m[Kusing uint8_t = uint8_t[m[K’ is deprecated: use std::uint8_t instead of pcl::uint8_t [[01;35m[K-Wdeprecated-declarations[m[K]
[36.332s]   131 |     ([01;35m[Kuint8_t[m[K, tag, tag)
[36.332s]       |      [01;35m[K^~~~~~~[m[K
[36.333s] In file included from [01m[K/usr/include/pcl-1.10/pcl/point_types.h:42[m[K,
[36.333s]                  from [01m[K/home/spacer/slam/src/FAST_LIO/include/common_lib.h:6[m[K,
[36.333s]                  from [01m[K/home/spacer/slam/src/FAST_LIO/src/IMU_Processing.hpp:10[m[K,
[36.333s]                  from [01m[K/home/spacer/slam/src/FAST_LIO/src/laserMapping.cpp:47[m[K:
[36.334s] [01m[K/usr/include/pcl-1.10/pcl/pcl_macros.h:92:9:[m[K [01;36m[Knote: [m[Kdeclared here
[36.334s]    92 |   using [01;36m[Kuint8_t[m[K [[deprecated("use std::uint8_t instead of pcl::uint8_t")]] = std::uint8_t;
[36.334s]       |         [01;36m[K^~~~~~~[m[K
[36.334s] In file included from [01m[K/usr/include/boost/preprocessor/tuple/elem.hpp:23[m[K,
[36.334s]                  from [01m[K/usr/include/boost/preprocessor/arithmetic/add.hpp:21[m[K,
[36.335s]                  from [01m[K/usr/include/boost/mpl/aux_/preprocessor/def_params_tail.hpp:66[m[K,
[36.335s]                  from [01m[K/usr/include/boost/mpl/aux_/na_spec.hpp:28[m[K,
[36.335s]                  from [01m[K/usr/include/boost/mpl/not.hpp:20[m[K,
[36.335s]                  from [01m[K/usr/include/boost/mpl/assert.hpp:17[m[K,
[36.336s]                  from [01m[K/usr/include/pcl-1.10/pcl/point_traits.h:48[m[K,
[36.336s]                  from [01m[K/usr/include/pcl-1.10/pcl/register_point_struct.h:56[m[K,
[36.336s]                  from [01m[K/usr/include/pcl-1.10/pcl/point_types.h:44[m[K,
[36.336s]                  from [01m[K/home/spacer/slam/src/FAST_LIO/include/common_lib.h:6[m[K,
[36.336s]                  from [01m[K/home/spacer/slam/src/FAST_LIO/src/IMU_Processing.hpp:10[m[K,
[36.337s]                  from [01m[K/home/spacer/slam/src/FAST_LIO/src/laserMapping.cpp:47[m[K:
[36.337s] [01m[K/home/spacer/slam/src/FAST_LIO/src/preprocess.h:132:6:[m[K [01;35m[Kwarning: [m[K‘[01m[Kusing uint8_t = uint8_t[m[K’ is deprecated: use std::uint8_t instead of pcl::uint8_t [[01;35m[K-Wdeprecated-declarations[m[K]
[36.337s]   132 |     ([01;35m[Kuint8_t[m[K, line, line)
[36.337s]       |      [01;35m[K^~~~~~~[m[K
[36.338s] In file included from [01m[K/usr/include/pcl-1.10/pcl/point_types.h:42[m[K,
[36.338s]                  from [01m[K/home/spacer/slam/src/FAST_LIO/include/common_lib.h:6[m[K,
[36.338s]                  from [01m[K/home/spacer/slam/src/FAST_LIO/src/IMU_Processing.hpp:10[m[K,
[36.338s]                  from [01m[K/home/spacer/slam/src/FAST_LIO/src/laserMapping.cpp:47[m[K:
[36.338s] [01m[K/usr/include/pcl-1.10/pcl/pcl_macros.h:92:9:[m[K [01;36m[Knote: [m[Kdeclared here
[36.339s]    92 |   using [01;36m[Kuint8_t[m[K [[deprecated("use std::uint8_t instead of pcl::uint8_t")]] = std::uint8_t;
[36.339s]       |         [01;36m[K^~~~~~~[m[K
[160.689s] [100%] [32m[1mLinking CXX executable fastlio_mapping[0m
[164.716s] [100%] Built target fastlio_mapping
[164.744s] Invoked command in '/home/spacer/slam/build/fast_lio' returned '0': CMAKE_PREFIX_PATH=${CMAKE_PREFIX_PATH}:/opt/ros/humble /usr/bin/cmake --build /home/spacer/slam/build/fast_lio -- -j6 -l6
[164.893s] Invoking command in '/home/spacer/slam/build/fast_lio': CMAKE_PREFIX_PATH=${CMAKE_PREFIX_PATH}:/opt/ros/humble /usr/bin/cmake --install /home/spacer/slam/build/fast_lio
[164.913s] -- Install configuration: "Release"
[164.914s] -- Execute custom install script
[164.914s] -- Symlinking: /home/spacer/slam/install/fast_lio/share/ament_index/resource_index/rosidl_interfaces/fast_lio
[164.935s] -- Symlinking: /home/spacer/slam/install/fast_lio/include/fast_lio/fast_lio/msg/detail/pose6_d__functions.h
[164.953s] -- Symlinking: /home/spacer/slam/install/fast_lio/include/fast_lio/fast_lio/msg/detail/pose6_d__struct.h
[164.976s] -- Symlinking: /home/spacer/slam/install/fast_lio/include/fast_lio/fast_lio/msg/detail/pose6_d__type_support.h
[164.999s] -- Symlinking: /home/spacer/slam/install/fast_lio/include/fast_lio/fast_lio/msg/pose6_d.h
[165.021s] -- Symlinking: /home/spacer/slam/install/fast_lio/include/fast_lio/fast_lio/msg/rosidl_generator_c__visibility_control.h
[165.041s] -- Symlinking: /home/spacer/slam/install/fast_lio/share/fast_lio/environment/library_path.sh
[165.064s] -- Symlinking: /home/spacer/slam/install/fast_lio/share/fast_lio/environment/library_path.dsv
[165.084s] -- Symlinking: /home/spacer/slam/install/fast_lio/include/fast_lio/fast_lio/msg/detail/pose6_d__rosidl_typesupport_fastrtps_c.h
[165.103s] -- Symlinking: /home/spacer/slam/install/fast_lio/include/fast_lio/fast_lio/msg/rosidl_typesupport_fastrtps_c__visibility_control.h
[165.128s] -- Symlinking: /home/spacer/slam/install/fast_lio/include/fast_lio/fast_lio/msg/detail/pose6_d__builder.hpp
[165.151s] -- Symlinking: /home/spacer/slam/install/fast_lio/include/fast_lio/fast_lio/msg/detail/pose6_d__struct.hpp
[165.171s] -- Symlinking: /home/spacer/slam/install/fast_lio/include/fast_lio/fast_lio/msg/detail/pose6_d__traits.hpp
[165.190s] -- Symlinking: /home/spacer/slam/install/fast_lio/include/fast_lio/fast_lio/msg/pose6_d.hpp
[165.212s] -- Symlinking: /home/spacer/slam/install/fast_lio/include/fast_lio/fast_lio/msg/detail/pose6_d__rosidl_typesupport_fastrtps_cpp.hpp
[165.234s] -- Symlinking: /home/spacer/slam/install/fast_lio/include/fast_lio/fast_lio/msg/rosidl_typesupport_fastrtps_cpp__visibility_control.h
[165.254s] -- Symlinking: /home/spacer/slam/install/fast_lio/include/fast_lio/fast_lio/msg/detail/pose6_d__rosidl_typesupport_introspection_c.h
[165.275s] -- Symlinking: /home/spacer/slam/install/fast_lio/include/fast_lio/fast_lio/msg/rosidl_typesupport_introspection_c__visibility_control.h
[165.297s] -- Symlinking: /home/spacer/slam/install/fast_lio/include/fast_lio/fast_lio/msg/detail/pose6_d__rosidl_typesupport_introspection_cpp.hpp
[165.316s] -- Symlinking: /home/spacer/slam/install/fast_lio/share/fast_lio/environment/pythonpath.sh
[165.335s] -- Symlinking: /home/spacer/slam/install/fast_lio/share/fast_lio/environment/pythonpath.dsv
[165.356s] -- Symlinking: /home/spacer/slam/install/fast_lio/lib/python3.9/site-packages/fast_lio-0.0.0-py3.9.egg-info/PKG-INFO
[165.376s] -- Symlinking: /home/spacer/slam/install/fast_lio/lib/python3.9/site-packages/fast_lio-0.0.0-py3.9.egg-info/SOURCES.txt
[165.395s] -- Symlinking: /home/spacer/slam/install/fast_lio/lib/python3.9/site-packages/fast_lio-0.0.0-py3.9.egg-info/dependency_links.txt
[165.414s] -- Symlinking: /home/spacer/slam/install/fast_lio/lib/python3.9/site-packages/fast_lio-0.0.0-py3.9.egg-info/top_level.txt
[165.436s] -- Symlinking: /home/spacer/slam/install/fast_lio/lib/python3.9/site-packages/fast_lio/__init__.py
[165.455s] -- Symlinking: /home/spacer/slam/install/fast_lio/lib/python3.9/site-packages/fast_lio/_fast_lio_s.ep.rosidl_typesupport_c.c
[165.474s] -- Symlinking: /home/spacer/slam/install/fast_lio/lib/python3.9/site-packages/fast_lio/_fast_lio_s.ep.rosidl_typesupport_fastrtps_c.c
[165.494s] -- Symlinking: /home/spacer/slam/install/fast_lio/lib/python3.9/site-packages/fast_lio/_fast_lio_s.ep.rosidl_typesupport_introspection_c.c
[165.514s] -- Symlinking: /home/spacer/slam/install/fast_lio/lib/python3.9/site-packages/fast_lio/fast_lio_s__rosidl_typesupport_c.cpython-38-aarch64-linux-gnu.so
[165.533s] -- Symlinking: /home/spacer/slam/install/fast_lio/lib/python3.9/site-packages/fast_lio/fast_lio_s__rosidl_typesupport_fastrtps_c.cpython-38-aarch64-linux-gnu.so
[165.555s] -- Symlinking: /home/spacer/slam/install/fast_lio/lib/python3.9/site-packages/fast_lio/fast_lio_s__rosidl_typesupport_introspection_c.cpython-38-aarch64-linux-gnu.so
[165.575s] -- Symlinking: /home/spacer/slam/install/fast_lio/lib/python3.9/site-packages/fast_lio/libfast_lio__rosidl_generator_py.so
[165.595s] -- Symlinking: /home/spacer/slam/install/fast_lio/lib/python3.9/site-packages/fast_lio/msg/__init__.py
[165.613s] -- Symlinking: /home/spacer/slam/install/fast_lio/lib/python3.9/site-packages/fast_lio/msg/_pose6_d.py
[165.636s] -- Symlinking: /home/spacer/slam/install/fast_lio/lib/python3.9/site-packages/fast_lio/msg/_pose6_d_s.c
[165.656s] -- Up-to-date symlink: /home/spacer/slam/install/fast_lio/lib/python3.9/site-packages/fast_lio/fast_lio_s__rosidl_typesupport_fastrtps_c.cpython-38-aarch64-linux-gnu.so
[165.657s] -- Up-to-date symlink: /home/spacer/slam/install/fast_lio/lib/python3.9/site-packages/fast_lio/fast_lio_s__rosidl_typesupport_introspection_c.cpython-38-aarch64-linux-gnu.so
[165.659s] -- Up-to-date symlink: /home/spacer/slam/install/fast_lio/lib/python3.9/site-packages/fast_lio/fast_lio_s__rosidl_typesupport_c.cpython-38-aarch64-linux-gnu.so
[165.659s] -- Symlinking: /home/spacer/slam/install/fast_lio/share/fast_lio/msg/Pose6D.idl
[165.679s] -- Symlinking: /home/spacer/slam/install/fast_lio/share/fast_lio/msg/Pose6D.msg
[165.699s] -- Symlinking: /home/spacer/slam/install/fast_lio/lib/fast_lio/fastlio_mapping
[165.720s] -- Symlinking: /home/spacer/slam/install/fast_lio/share/fast_lio/config/avia.yaml
[165.739s] -- Symlinking: /home/spacer/slam/install/fast_lio/share/fast_lio/config/horizon.yaml
[165.762s] -- Symlinking: /home/spacer/slam/install/fast_lio/share/fast_lio/config/mid360.yaml
[165.781s] -- Symlinking: /home/spacer/slam/install/fast_lio/share/fast_lio/config/ouster64.yaml
[165.800s] -- Symlinking: /home/spacer/slam/install/fast_lio/share/fast_lio/config/velodyne.yaml
[165.821s] -- Symlinking: /home/spacer/slam/install/fast_lio/share/fast_lio/launch/gdb_debug_example.launch
[165.841s] -- Symlinking: /home/spacer/slam/install/fast_lio/share/fast_lio/launch/mapping.launch.py
[165.861s] -- Symlinking: /home/spacer/slam/install/fast_lio/share/fast_lio/rviz/fastlio.rviz
[165.881s] -- Symlinking: /home/spacer/slam/install/fast_lio/share/ament_index/resource_index/package_run_dependencies/fast_lio
[165.901s] -- Symlinking: /home/spacer/slam/install/fast_lio/share/ament_index/resource_index/parent_prefix_path/fast_lio
[165.920s] -- Symlinking: /home/spacer/slam/install/fast_lio/share/fast_lio/environment/ament_prefix_path.sh
[165.940s] -- Symlinking: /home/spacer/slam/install/fast_lio/share/fast_lio/environment/ament_prefix_path.dsv
[165.962s] -- Symlinking: /home/spacer/slam/install/fast_lio/share/fast_lio/environment/path.sh
[165.982s] -- Symlinking: /home/spacer/slam/install/fast_lio/share/fast_lio/environment/path.dsv
[166.001s] -- Symlinking: /home/spacer/slam/install/fast_lio/share/fast_lio/local_setup.bash
[166.021s] -- Symlinking: /home/spacer/slam/install/fast_lio/share/fast_lio/local_setup.sh
[166.041s] -- Symlinking: /home/spacer/slam/install/fast_lio/share/fast_lio/local_setup.zsh
[166.061s] -- Symlinking: /home/spacer/slam/install/fast_lio/share/fast_lio/local_setup.dsv
[166.080s] -- Symlinking: /home/spacer/slam/install/fast_lio/share/fast_lio/package.dsv
[166.100s] -- Symlinking: /home/spacer/slam/install/fast_lio/share/ament_index/resource_index/packages/fast_lio
[166.120s] -- Symlinking: /home/spacer/slam/install/fast_lio/share/fast_lio/cmake/rosidl_cmake-extras.cmake
[166.138s] -- Symlinking: /home/spacer/slam/install/fast_lio/share/fast_lio/cmake/ament_cmake_export_include_directories-extras.cmake
[166.160s] -- Symlinking: /home/spacer/slam/install/fast_lio/share/fast_lio/cmake/ament_cmake_export_libraries-extras.cmake
[166.180s] -- Symlinking: /home/spacer/slam/install/fast_lio/share/fast_lio/cmake/ament_cmake_export_targets-extras.cmake
[166.203s] -- Symlinking: /home/spacer/slam/install/fast_lio/share/fast_lio/cmake/rosidl_cmake_export_typesupport_targets-extras.cmake
[166.224s] -- Symlinking: /home/spacer/slam/install/fast_lio/share/fast_lio/cmake/ament_cmake_export_dependencies-extras.cmake
[166.244s] -- Symlinking: /home/spacer/slam/install/fast_lio/share/fast_lio/cmake/rosidl_cmake_export_typesupport_libraries-extras.cmake
[166.267s] -- Symlinking: /home/spacer/slam/install/fast_lio/share/fast_lio/cmake/fast_lioConfig.cmake
[166.290s] -- Symlinking: /home/spacer/slam/install/fast_lio/share/fast_lio/cmake/fast_lioConfig-version.cmake
[166.309s] -- Symlinking: /home/spacer/slam/install/fast_lio/share/fast_lio/package.xml
[166.328s] -- Installing: /home/spacer/slam/install/fast_lio/lib/libfast_lio__rosidl_generator_c.so
[166.329s] -- Set runtime path of "/home/spacer/slam/install/fast_lio/lib/libfast_lio__rosidl_generator_c.so" to ""
[166.330s] -- Installing: /home/spacer/slam/install/fast_lio/lib/libfast_lio__rosidl_typesupport_fastrtps_c.so
[166.331s] -- Set runtime path of "/home/spacer/slam/install/fast_lio/lib/libfast_lio__rosidl_typesupport_fastrtps_c.so" to ""
[166.332s] -- Installing: /home/spacer/slam/install/fast_lio/lib/libfast_lio__rosidl_typesupport_fastrtps_cpp.so
[166.333s] -- Set runtime path of "/home/spacer/slam/install/fast_lio/lib/libfast_lio__rosidl_typesupport_fastrtps_cpp.so" to ""
[166.333s] -- Installing: /home/spacer/slam/install/fast_lio/lib/libfast_lio__rosidl_typesupport_introspection_c.so
[166.335s] -- Set runtime path of "/home/spacer/slam/install/fast_lio/lib/libfast_lio__rosidl_typesupport_introspection_c.so" to ""
[166.335s] -- Installing: /home/spacer/slam/install/fast_lio/lib/libfast_lio__rosidl_typesupport_c.so
[166.336s] -- Set runtime path of "/home/spacer/slam/install/fast_lio/lib/libfast_lio__rosidl_typesupport_c.so" to ""
[166.337s] -- Installing: /home/spacer/slam/install/fast_lio/lib/libfast_lio__rosidl_typesupport_introspection_cpp.so
[166.338s] -- Set runtime path of "/home/spacer/slam/install/fast_lio/lib/libfast_lio__rosidl_typesupport_introspection_cpp.so" to ""
[166.338s] -- Installing: /home/spacer/slam/install/fast_lio/lib/libfast_lio__rosidl_typesupport_cpp.so
[166.339s] -- Set runtime path of "/home/spacer/slam/install/fast_lio/lib/libfast_lio__rosidl_typesupport_cpp.so" to ""
[166.425s] Listing '/home/spacer/slam/install/fast_lio/lib/python3.9/site-packages/fast_lio'...
[166.425s] Compiling '/home/spacer/slam/install/fast_lio/lib/python3.9/site-packages/fast_lio/__init__.py'...
[166.426s] Listing '/home/spacer/slam/install/fast_lio/lib/python3.9/site-packages/fast_lio/msg'...
[166.426s] Compiling '/home/spacer/slam/install/fast_lio/lib/python3.9/site-packages/fast_lio/msg/__init__.py'...
[166.426s] Compiling '/home/spacer/slam/install/fast_lio/lib/python3.9/site-packages/fast_lio/msg/_pose6_d.py'...
[166.439s] -- Installing: /home/spacer/slam/install/fast_lio/lib/libfast_lio__rosidl_generator_py.so
[166.440s] -- Set runtime path of "/home/spacer/slam/install/fast_lio/lib/libfast_lio__rosidl_generator_py.so" to ""
[166.441s] -- Installing: /home/spacer/slam/install/fast_lio/share/fast_lio/cmake/export_fast_lio__rosidl_generator_cExport.cmake
[166.441s] -- Installing: /home/spacer/slam/install/fast_lio/share/fast_lio/cmake/export_fast_lio__rosidl_generator_cExport-release.cmake
[166.442s] -- Installing: /home/spacer/slam/install/fast_lio/share/fast_lio/cmake/export_fast_lio__rosidl_typesupport_fastrtps_cExport.cmake
[166.443s] -- Installing: /home/spacer/slam/install/fast_lio/share/fast_lio/cmake/export_fast_lio__rosidl_typesupport_fastrtps_cExport-release.cmake
[166.443s] -- Installing: /home/spacer/slam/install/fast_lio/share/fast_lio/cmake/export_fast_lio__rosidl_generator_cppExport.cmake
[166.444s] -- Installing: /home/spacer/slam/install/fast_lio/share/fast_lio/cmake/export_fast_lio__rosidl_typesupport_fastrtps_cppExport.cmake
[166.445s] -- Installing: /home/spacer/slam/install/fast_lio/share/fast_lio/cmake/export_fast_lio__rosidl_typesupport_fastrtps_cppExport-release.cmake
[166.445s] -- Installing: /home/spacer/slam/install/fast_lio/share/fast_lio/cmake/fast_lio__rosidl_typesupport_introspection_cExport.cmake
[166.446s] -- Installing: /home/spacer/slam/install/fast_lio/share/fast_lio/cmake/fast_lio__rosidl_typesupport_introspection_cExport-release.cmake
[166.447s] -- Installing: /home/spacer/slam/install/fast_lio/share/fast_lio/cmake/fast_lio__rosidl_typesupport_cExport.cmake
[166.447s] -- Installing: /home/spacer/slam/install/fast_lio/share/fast_lio/cmake/fast_lio__rosidl_typesupport_cExport-release.cmake
[166.448s] -- Installing: /home/spacer/slam/install/fast_lio/share/fast_lio/cmake/fast_lio__rosidl_typesupport_introspection_cppExport.cmake
[166.449s] -- Installing: /home/spacer/slam/install/fast_lio/share/fast_lio/cmake/fast_lio__rosidl_typesupport_introspection_cppExport-release.cmake
[166.449s] -- Installing: /home/spacer/slam/install/fast_lio/share/fast_lio/cmake/fast_lio__rosidl_typesupport_cppExport.cmake
[166.450s] -- Installing: /home/spacer/slam/install/fast_lio/share/fast_lio/cmake/fast_lio__rosidl_typesupport_cppExport-release.cmake
[166.451s] -- Installing: /home/spacer/slam/install/fast_lio/share/fast_lio/cmake/export_fast_lio__rosidl_generator_pyExport.cmake
[166.452s] -- Installing: /home/spacer/slam/install/fast_lio/share/fast_lio/cmake/export_fast_lio__rosidl_generator_pyExport-release.cmake
[166.460s] Invoked command in '/home/spacer/slam/build/fast_lio' returned '0': CMAKE_PREFIX_PATH=${CMAKE_PREFIX_PATH}:/opt/ros/humble /usr/bin/cmake --install /home/spacer/slam/build/fast_lio
