[1.536s] Invoking command in '/home/spacer/leo_ws/src/docker_stats': AMENT_PREFIX_PATH=/home/spacer/leo_ws/install/docker_messages:${AMENT_PREFIX_PATH} CMAKE_PREFIX_PATH=/home/spacer/leo_ws/install/docker_messages LD_LIBRARY_PATH=/home/spacer/leo_ws/install/docker_messages/lib:/opt/ros/humble/opt/rviz_ogre_vendor/lib:/opt/ros/humble/lib/aarch64-linux-gnu:/opt/ros/humble/lib:/usr/local/cuda-11.4/lib64:/usr/local/lib PYTHONPATH=/home/spacer/leo_ws/build/docker_stats/prefix_override:/home/spacer/leo_ws/install/docker_stats/lib/python3.8/site-packages:/home/spacer/leo_ws/install/docker_messages/lib/python3.9/site-packages:${PYTHONPATH} /usr/bin/python3 -W ignore:setup.py install is deprecated setup.py egg_info --egg-base ../../build/docker_stats build --build-base /home/spacer/leo_ws/build/docker_stats/build install --record /home/spacer/leo_ws/build/docker_stats/install.log --single-version-externally-managed install_data
[2.046s] running egg_info
[2.047s] writing ../../build/docker_stats/docker_stats.egg-info/PKG-INFO
[2.047s] writing dependency_links to ../../build/docker_stats/docker_stats.egg-info/dependency_links.txt
[2.048s] writing entry points to ../../build/docker_stats/docker_stats.egg-info/entry_points.txt
[2.048s] writing requirements to ../../build/docker_stats/docker_stats.egg-info/requires.txt
[2.049s] writing top-level names to ../../build/docker_stats/docker_stats.egg-info/top_level.txt
[2.119s] reading manifest file '../../build/docker_stats/docker_stats.egg-info/SOURCES.txt'
[2.121s] writing manifest file '../../build/docker_stats/docker_stats.egg-info/SOURCES.txt'
[2.121s] running build
[2.121s] running build_py
[2.122s] copying docker_stats/docker_stats_node.py -> /home/spacer/leo_ws/build/docker_stats/build/lib/docker_stats
[2.122s] running install
[2.124s] running install_lib
[2.127s] copying /home/spacer/leo_ws/build/docker_stats/build/lib/docker_stats/docker_stats_node.py -> /home/spacer/leo_ws/install/docker_stats/lib/python3.8/site-packages/docker_stats
[2.128s] byte-compiling /home/spacer/leo_ws/install/docker_stats/lib/python3.8/site-packages/docker_stats/docker_stats_node.py to docker_stats_node.cpython-38.pyc
[2.132s] running install_data
[2.132s] running install_egg_info
[2.137s] removing '/home/spacer/leo_ws/install/docker_stats/lib/python3.8/site-packages/docker_stats-0.0.0-py3.8.egg-info' (and everything under it)
[2.138s] Copying ../../build/docker_stats/docker_stats.egg-info to /home/spacer/leo_ws/install/docker_stats/lib/python3.8/site-packages/docker_stats-0.0.0-py3.8.egg-info
[2.140s] running install_scripts
[2.177s] Installing docker_stats_node script to /home/spacer/leo_ws/install/docker_stats/lib/docker_stats
[2.177s] writing list of installed files to '/home/spacer/leo_ws/build/docker_stats/install.log'
[2.241s] Invoked command in '/home/spacer/leo_ws/src/docker_stats' returned '0': AMENT_PREFIX_PATH=/home/spacer/leo_ws/install/docker_messages:${AMENT_PREFIX_PATH} CMAKE_PREFIX_PATH=/home/spacer/leo_ws/install/docker_messages LD_LIBRARY_PATH=/home/spacer/leo_ws/install/docker_messages/lib:/opt/ros/humble/opt/rviz_ogre_vendor/lib:/opt/ros/humble/lib/aarch64-linux-gnu:/opt/ros/humble/lib:/usr/local/cuda-11.4/lib64:/usr/local/lib PYTHONPATH=/home/spacer/leo_ws/build/docker_stats/prefix_override:/home/spacer/leo_ws/install/docker_stats/lib/python3.8/site-packages:/home/spacer/leo_ws/install/docker_messages/lib/python3.9/site-packages:${PYTHONPATH} /usr/bin/python3 -W ignore:setup.py install is deprecated setup.py egg_info --egg-base ../../build/docker_stats build --build-base /home/spacer/leo_ws/build/docker_stats/build install --record /home/spacer/leo_ws/build/docker_stats/install.log --single-version-externally-managed install_data
