[0.451s] DEBUG:colcon:Command line arguments: ['/usr/bin/colcon', 'build', '--packages-select', 'docker_stats']
[0.451s] DEBUG:colcon:Parsed command line arguments: Namespace(allow_overriding=[], ament_cmake_args=None, base_paths=['.'], build_base='build', catkin_cmake_args=None, catkin_skip_building_tests=False, cmake_args=None, cmake_clean_cache=False, cmake_clean_first=False, cmake_force_configure=False, cmake_target=None, cmake_target_skip_unavailable=False, continue_on_error=False, event_handlers=None, executor='parallel', ignore_user_meta=False, install_base='install', log_base=None, log_level=None, main=<bound method BuildVerb.main of <colcon_core.verb.build.BuildVerb object at 0xffffbcdbd0a0>>, merge_install=False, metas=['./colcon.meta'], packages_above=None, packages_above_and_dependencies=None, packages_above_depth=None, packages_end=None, packages_ignore=None, packages_ignore_regex=None, packages_select=['docker_stats'], packages_select_build_failed=False, packages_select_by_dep=None, packages_select_regex=None, packages_select_test_failures=False, packages_skip=None, packages_skip_build_finished=False, packages_skip_by_dep=None, packages_skip_regex=None, packages_skip_test_passed=False, packages_skip_up_to=None, packages_start=None, packages_up_to=None, packages_up_to_regex=None, parallel_workers=6, paths=None, symlink_install=False, test_result_base=None, verb_extension=<colcon_core.verb.build.BuildVerb object at 0xffffbcdbd0a0>, verb_name='build', verb_parser=<colcon_defaults.argument_parser.defaults.DefaultArgumentsDecorator object at 0xffffbccdcdc0>)
[0.831s] Level 1:colcon.colcon_core.package_discovery:discover_packages(colcon_meta) check parameters
[0.831s] Level 1:colcon.colcon_core.package_discovery:discover_packages(recursive) check parameters
[0.832s] Level 1:colcon.colcon_core.package_discovery:discover_packages(ignore) check parameters
[0.832s] Level 1:colcon.colcon_core.package_discovery:discover_packages(path) check parameters
[0.832s] Level 1:colcon.colcon_core.package_discovery:discover_packages(colcon_meta) discover
[0.832s] Level 1:colcon.colcon_core.package_discovery:discover_packages(recursive) discover
[0.832s] INFO:colcon.colcon_core.package_discovery:Crawling recursively for packages in '/home/spacer/leo_ws'
[0.832s] Level 1:colcon.colcon_core.package_identification:_identify(.) by extensions ['ignore', 'ignore_ament_install']
[0.833s] Level 1:colcon.colcon_core.package_identification:_identify(.) by extension 'ignore'
[0.833s] Level 1:colcon.colcon_core.package_identification:_identify(.) by extension 'ignore_ament_install'
[0.833s] Level 1:colcon.colcon_core.package_identification:_identify(.) by extensions ['colcon_pkg']
[0.833s] Level 1:colcon.colcon_core.package_identification:_identify(.) by extension 'colcon_pkg'
[0.833s] Level 1:colcon.colcon_core.package_identification:_identify(.) by extensions ['colcon_meta']
[0.833s] Level 1:colcon.colcon_core.package_identification:_identify(.) by extension 'colcon_meta'
[0.833s] Level 1:colcon.colcon_core.package_identification:_identify(.) by extensions ['ros']
[0.833s] Level 1:colcon.colcon_core.package_identification:_identify(.) by extension 'ros'
[0.859s] Level 1:colcon.colcon_core.package_identification:_identify(.) by extensions ['cmake', 'python']
[0.859s] Level 1:colcon.colcon_core.package_identification:_identify(.) by extension 'cmake'
[0.859s] Level 1:colcon.colcon_core.package_identification:_identify(.) by extension 'python'
[0.859s] Level 1:colcon.colcon_core.package_identification:_identify(.) by extensions ['python_setup_py']
[0.859s] Level 1:colcon.colcon_core.package_identification:_identify(.) by extension 'python_setup_py'
[0.860s] Level 1:colcon.colcon_core.package_identification:_identify(build) by extensions ['ignore', 'ignore_ament_install']
[0.860s] Level 1:colcon.colcon_core.package_identification:_identify(build) by extension 'ignore'
[0.860s] Level 1:colcon.colcon_core.package_identification:_identify(build) ignored
[0.860s] Level 1:colcon.colcon_core.package_identification:_identify(docker) by extensions ['ignore', 'ignore_ament_install']
[0.861s] Level 1:colcon.colcon_core.package_identification:_identify(docker) by extension 'ignore'
[0.861s] Level 1:colcon.colcon_core.package_identification:_identify(docker) by extension 'ignore_ament_install'
[0.861s] Level 1:colcon.colcon_core.package_identification:_identify(docker) by extensions ['colcon_pkg']
[0.861s] Level 1:colcon.colcon_core.package_identification:_identify(docker) by extension 'colcon_pkg'
[0.861s] Level 1:colcon.colcon_core.package_identification:_identify(docker) by extensions ['colcon_meta']
[0.861s] Level 1:colcon.colcon_core.package_identification:_identify(docker) by extension 'colcon_meta'
[0.861s] Level 1:colcon.colcon_core.package_identification:_identify(docker) by extensions ['ros']
[0.861s] Level 1:colcon.colcon_core.package_identification:_identify(docker) by extension 'ros'
[0.861s] Level 1:colcon.colcon_core.package_identification:_identify(docker) by extensions ['cmake', 'python']
[0.862s] Level 1:colcon.colcon_core.package_identification:_identify(docker) by extension 'cmake'
[0.862s] Level 1:colcon.colcon_core.package_identification:_identify(docker) by extension 'python'
[0.862s] Level 1:colcon.colcon_core.package_identification:_identify(docker) by extensions ['python_setup_py']
[0.862s] Level 1:colcon.colcon_core.package_identification:_identify(docker) by extension 'python_setup_py'
[0.862s] Level 1:colcon.colcon_core.package_identification:_identify(install) by extensions ['ignore', 'ignore_ament_install']
[0.862s] Level 1:colcon.colcon_core.package_identification:_identify(install) by extension 'ignore'
[0.863s] Level 1:colcon.colcon_core.package_identification:_identify(install) ignored
[0.863s] Level 1:colcon.colcon_core.package_identification:_identify(log) by extensions ['ignore', 'ignore_ament_install']
[0.863s] Level 1:colcon.colcon_core.package_identification:_identify(log) by extension 'ignore'
[0.864s] Level 1:colcon.colcon_core.package_identification:_identify(log) ignored
[0.864s] Level 1:colcon.colcon_core.package_identification:_identify(src) by extensions ['ignore', 'ignore_ament_install']
[0.864s] Level 1:colcon.colcon_core.package_identification:_identify(src) by extension 'ignore'
[0.864s] Level 1:colcon.colcon_core.package_identification:_identify(src) by extension 'ignore_ament_install'
[0.865s] Level 1:colcon.colcon_core.package_identification:_identify(src) by extensions ['colcon_pkg']
[0.865s] Level 1:colcon.colcon_core.package_identification:_identify(src) by extension 'colcon_pkg'
[0.865s] Level 1:colcon.colcon_core.package_identification:_identify(src) by extensions ['colcon_meta']
[0.865s] Level 1:colcon.colcon_core.package_identification:_identify(src) by extension 'colcon_meta'
[0.865s] Level 1:colcon.colcon_core.package_identification:_identify(src) by extensions ['ros']
[0.865s] Level 1:colcon.colcon_core.package_identification:_identify(src) by extension 'ros'
[0.865s] Level 1:colcon.colcon_core.package_identification:_identify(src) by extensions ['cmake', 'python']
[0.865s] Level 1:colcon.colcon_core.package_identification:_identify(src) by extension 'cmake'
[0.865s] Level 1:colcon.colcon_core.package_identification:_identify(src) by extension 'python'
[0.865s] Level 1:colcon.colcon_core.package_identification:_identify(src) by extensions ['python_setup_py']
[0.865s] Level 1:colcon.colcon_core.package_identification:_identify(src) by extension 'python_setup_py'
[0.866s] Level 1:colcon.colcon_core.package_identification:_identify(src/docker_messages) by extensions ['ignore', 'ignore_ament_install']
[0.866s] Level 1:colcon.colcon_core.package_identification:_identify(src/docker_messages) by extension 'ignore'
[0.866s] Level 1:colcon.colcon_core.package_identification:_identify(src/docker_messages) by extension 'ignore_ament_install'
[0.866s] Level 1:colcon.colcon_core.package_identification:_identify(src/docker_messages) by extensions ['colcon_pkg']
[0.866s] Level 1:colcon.colcon_core.package_identification:_identify(src/docker_messages) by extension 'colcon_pkg'
[0.866s] Level 1:colcon.colcon_core.package_identification:_identify(src/docker_messages) by extensions ['colcon_meta']
[0.866s] Level 1:colcon.colcon_core.package_identification:_identify(src/docker_messages) by extension 'colcon_meta'
[0.866s] Level 1:colcon.colcon_core.package_identification:_identify(src/docker_messages) by extensions ['ros']
[0.866s] Level 1:colcon.colcon_core.package_identification:_identify(src/docker_messages) by extension 'ros'
[0.872s] DEBUG:colcon.colcon_core.package_identification:Package 'src/docker_messages' with type 'ros.ament_cmake' and name 'docker_messages'
[0.873s] Level 1:colcon.colcon_core.package_identification:_identify(src/docker_stats) by extensions ['ignore', 'ignore_ament_install']
[0.873s] Level 1:colcon.colcon_core.package_identification:_identify(src/docker_stats) by extension 'ignore'
[0.873s] Level 1:colcon.colcon_core.package_identification:_identify(src/docker_stats) by extension 'ignore_ament_install'
[0.873s] Level 1:colcon.colcon_core.package_identification:_identify(src/docker_stats) by extensions ['colcon_pkg']
[0.873s] Level 1:colcon.colcon_core.package_identification:_identify(src/docker_stats) by extension 'colcon_pkg'
[0.873s] Level 1:colcon.colcon_core.package_identification:_identify(src/docker_stats) by extensions ['colcon_meta']
[0.874s] Level 1:colcon.colcon_core.package_identification:_identify(src/docker_stats) by extension 'colcon_meta'
[0.874s] Level 1:colcon.colcon_core.package_identification:_identify(src/docker_stats) by extensions ['ros']
[0.874s] Level 1:colcon.colcon_core.package_identification:_identify(src/docker_stats) by extension 'ros'
[0.875s] DEBUG:colcon.colcon_core.package_identification:Package 'src/docker_stats' with type 'ros.ament_python' and name 'docker_stats'
[0.875s] Level 1:colcon.colcon_core.package_identification:_identify(src/leo_common-ros2) by extensions ['ignore', 'ignore_ament_install']
[0.875s] Level 1:colcon.colcon_core.package_identification:_identify(src/leo_common-ros2) by extension 'ignore'
[0.875s] Level 1:colcon.colcon_core.package_identification:_identify(src/leo_common-ros2) by extension 'ignore_ament_install'
[0.876s] Level 1:colcon.colcon_core.package_identification:_identify(src/leo_common-ros2) by extensions ['colcon_pkg']
[0.876s] Level 1:colcon.colcon_core.package_identification:_identify(src/leo_common-ros2) by extension 'colcon_pkg'
[0.876s] Level 1:colcon.colcon_core.package_identification:_identify(src/leo_common-ros2) by extensions ['colcon_meta']
[0.876s] Level 1:colcon.colcon_core.package_identification:_identify(src/leo_common-ros2) by extension 'colcon_meta'
[0.876s] Level 1:colcon.colcon_core.package_identification:_identify(src/leo_common-ros2) by extensions ['ros']
[0.876s] Level 1:colcon.colcon_core.package_identification:_identify(src/leo_common-ros2) by extension 'ros'
[0.876s] Level 1:colcon.colcon_core.package_identification:_identify(src/leo_common-ros2) by extensions ['cmake', 'python']
[0.876s] Level 1:colcon.colcon_core.package_identification:_identify(src/leo_common-ros2) by extension 'cmake'
[0.877s] Level 1:colcon.colcon_core.package_identification:_identify(src/leo_common-ros2) by extension 'python'
[0.877s] Level 1:colcon.colcon_core.package_identification:_identify(src/leo_common-ros2) by extensions ['python_setup_py']
[0.877s] Level 1:colcon.colcon_core.package_identification:_identify(src/leo_common-ros2) by extension 'python_setup_py'
[0.877s] Level 1:colcon.colcon_core.package_identification:_identify(src/leo_common-ros2/leo) by extensions ['ignore', 'ignore_ament_install']
[0.877s] Level 1:colcon.colcon_core.package_identification:_identify(src/leo_common-ros2/leo) by extension 'ignore'
[0.877s] Level 1:colcon.colcon_core.package_identification:_identify(src/leo_common-ros2/leo) by extension 'ignore_ament_install'
[0.877s] Level 1:colcon.colcon_core.package_identification:_identify(src/leo_common-ros2/leo) by extensions ['colcon_pkg']
[0.877s] Level 1:colcon.colcon_core.package_identification:_identify(src/leo_common-ros2/leo) by extension 'colcon_pkg'
[0.878s] Level 1:colcon.colcon_core.package_identification:_identify(src/leo_common-ros2/leo) by extensions ['colcon_meta']
[0.878s] Level 1:colcon.colcon_core.package_identification:_identify(src/leo_common-ros2/leo) by extension 'colcon_meta'
[0.878s] Level 1:colcon.colcon_core.package_identification:_identify(src/leo_common-ros2/leo) by extensions ['ros']
[0.878s] Level 1:colcon.colcon_core.package_identification:_identify(src/leo_common-ros2/leo) by extension 'ros'
[0.879s] DEBUG:colcon.colcon_core.package_identification:Package 'src/leo_common-ros2/leo' with type 'ros.ament_cmake' and name 'leo'
[0.879s] Level 1:colcon.colcon_core.package_identification:_identify(src/leo_common-ros2/leo_description) by extensions ['ignore', 'ignore_ament_install']
[0.879s] Level 1:colcon.colcon_core.package_identification:_identify(src/leo_common-ros2/leo_description) by extension 'ignore'
[0.879s] Level 1:colcon.colcon_core.package_identification:_identify(src/leo_common-ros2/leo_description) by extension 'ignore_ament_install'
[0.880s] Level 1:colcon.colcon_core.package_identification:_identify(src/leo_common-ros2/leo_description) by extensions ['colcon_pkg']
[0.880s] Level 1:colcon.colcon_core.package_identification:_identify(src/leo_common-ros2/leo_description) by extension 'colcon_pkg'
[0.880s] Level 1:colcon.colcon_core.package_identification:_identify(src/leo_common-ros2/leo_description) by extensions ['colcon_meta']
[0.880s] Level 1:colcon.colcon_core.package_identification:_identify(src/leo_common-ros2/leo_description) by extension 'colcon_meta'
[0.880s] Level 1:colcon.colcon_core.package_identification:_identify(src/leo_common-ros2/leo_description) by extensions ['ros']
[0.880s] Level 1:colcon.colcon_core.package_identification:_identify(src/leo_common-ros2/leo_description) by extension 'ros'
[0.881s] DEBUG:colcon.colcon_core.package_identification:Package 'src/leo_common-ros2/leo_description' with type 'ros.ament_cmake' and name 'leo_description'
[0.882s] Level 1:colcon.colcon_core.package_identification:_identify(src/leo_common-ros2/leo_msgs) by extensions ['ignore', 'ignore_ament_install']
[0.882s] Level 1:colcon.colcon_core.package_identification:_identify(src/leo_common-ros2/leo_msgs) by extension 'ignore'
[0.882s] Level 1:colcon.colcon_core.package_identification:_identify(src/leo_common-ros2/leo_msgs) by extension 'ignore_ament_install'
[0.883s] Level 1:colcon.colcon_core.package_identification:_identify(src/leo_common-ros2/leo_msgs) by extensions ['colcon_pkg']
[0.883s] Level 1:colcon.colcon_core.package_identification:_identify(src/leo_common-ros2/leo_msgs) by extension 'colcon_pkg'
[0.883s] Level 1:colcon.colcon_core.package_identification:_identify(src/leo_common-ros2/leo_msgs) by extensions ['colcon_meta']
[0.883s] Level 1:colcon.colcon_core.package_identification:_identify(src/leo_common-ros2/leo_msgs) by extension 'colcon_meta'
[0.884s] Level 1:colcon.colcon_core.package_identification:_identify(src/leo_common-ros2/leo_msgs) by extensions ['ros']
[0.884s] Level 1:colcon.colcon_core.package_identification:_identify(src/leo_common-ros2/leo_msgs) by extension 'ros'
[0.885s] DEBUG:colcon.colcon_core.package_identification:Package 'src/leo_common-ros2/leo_msgs' with type 'ros.ament_cmake' and name 'leo_msgs'
[0.885s] Level 1:colcon.colcon_core.package_identification:_identify(src/leo_common-ros2/leo_teleop) by extensions ['ignore', 'ignore_ament_install']
[0.886s] Level 1:colcon.colcon_core.package_identification:_identify(src/leo_common-ros2/leo_teleop) by extension 'ignore'
[0.886s] Level 1:colcon.colcon_core.package_identification:_identify(src/leo_common-ros2/leo_teleop) by extension 'ignore_ament_install'
[0.886s] Level 1:colcon.colcon_core.package_identification:_identify(src/leo_common-ros2/leo_teleop) by extensions ['colcon_pkg']
[0.886s] Level 1:colcon.colcon_core.package_identification:_identify(src/leo_common-ros2/leo_teleop) by extension 'colcon_pkg'
[0.886s] Level 1:colcon.colcon_core.package_identification:_identify(src/leo_common-ros2/leo_teleop) by extensions ['colcon_meta']
[0.886s] Level 1:colcon.colcon_core.package_identification:_identify(src/leo_common-ros2/leo_teleop) by extension 'colcon_meta'
[0.886s] Level 1:colcon.colcon_core.package_identification:_identify(src/leo_common-ros2/leo_teleop) by extensions ['ros']
[0.886s] Level 1:colcon.colcon_core.package_identification:_identify(src/leo_common-ros2/leo_teleop) by extension 'ros'
[0.887s] DEBUG:colcon.colcon_core.package_identification:Package 'src/leo_common-ros2/leo_teleop' with type 'ros.ament_cmake' and name 'leo_teleop'
[0.888s] Level 1:colcon.colcon_core.package_identification:_identify(src/micro-ROS-Agent) by extensions ['ignore', 'ignore_ament_install']
[0.888s] Level 1:colcon.colcon_core.package_identification:_identify(src/micro-ROS-Agent) by extension 'ignore'
[0.888s] Level 1:colcon.colcon_core.package_identification:_identify(src/micro-ROS-Agent) by extension 'ignore_ament_install'
[0.888s] Level 1:colcon.colcon_core.package_identification:_identify(src/micro-ROS-Agent) by extensions ['colcon_pkg']
[0.888s] Level 1:colcon.colcon_core.package_identification:_identify(src/micro-ROS-Agent) by extension 'colcon_pkg'
[0.888s] Level 1:colcon.colcon_core.package_identification:_identify(src/micro-ROS-Agent) by extensions ['colcon_meta']
[0.888s] Level 1:colcon.colcon_core.package_identification:_identify(src/micro-ROS-Agent) by extension 'colcon_meta'
[0.888s] Level 1:colcon.colcon_core.package_identification:_identify(src/micro-ROS-Agent) by extensions ['ros']
[0.889s] Level 1:colcon.colcon_core.package_identification:_identify(src/micro-ROS-Agent) by extension 'ros'
[0.889s] Level 1:colcon.colcon_core.package_identification:_identify(src/micro-ROS-Agent) by extensions ['cmake', 'python']
[0.889s] Level 1:colcon.colcon_core.package_identification:_identify(src/micro-ROS-Agent) by extension 'cmake'
[0.889s] Level 1:colcon.colcon_core.package_identification:_identify(src/micro-ROS-Agent) by extension 'python'
[0.889s] Level 1:colcon.colcon_core.package_identification:_identify(src/micro-ROS-Agent) by extensions ['python_setup_py']
[0.889s] Level 1:colcon.colcon_core.package_identification:_identify(src/micro-ROS-Agent) by extension 'python_setup_py'
[0.889s] Level 1:colcon.colcon_core.package_identification:_identify(src/micro-ROS-Agent/micro_ros_agent) by extensions ['ignore', 'ignore_ament_install']
[0.890s] Level 1:colcon.colcon_core.package_identification:_identify(src/micro-ROS-Agent/micro_ros_agent) by extension 'ignore'
[0.890s] Level 1:colcon.colcon_core.package_identification:_identify(src/micro-ROS-Agent/micro_ros_agent) by extension 'ignore_ament_install'
[0.890s] Level 1:colcon.colcon_core.package_identification:_identify(src/micro-ROS-Agent/micro_ros_agent) by extensions ['colcon_pkg']
[0.890s] Level 1:colcon.colcon_core.package_identification:_identify(src/micro-ROS-Agent/micro_ros_agent) by extension 'colcon_pkg'
[0.890s] Level 1:colcon.colcon_core.package_identification:_identify(src/micro-ROS-Agent/micro_ros_agent) by extensions ['colcon_meta']
[0.890s] Level 1:colcon.colcon_core.package_identification:_identify(src/micro-ROS-Agent/micro_ros_agent) by extension 'colcon_meta'
[0.890s] Level 1:colcon.colcon_core.package_identification:_identify(src/micro-ROS-Agent/micro_ros_agent) by extensions ['ros']
[0.890s] Level 1:colcon.colcon_core.package_identification:_identify(src/micro-ROS-Agent/micro_ros_agent) by extension 'ros'
[0.892s] DEBUG:colcon.colcon_core.package_identification:Package 'src/micro-ROS-Agent/micro_ros_agent' with type 'ros.ament_cmake' and name 'micro_ros_agent'
[0.892s] Level 1:colcon.colcon_core.package_identification:_identify(src/micro-ROS-Agent/snap) by extensions ['ignore', 'ignore_ament_install']
[0.892s] Level 1:colcon.colcon_core.package_identification:_identify(src/micro-ROS-Agent/snap) by extension 'ignore'
[0.892s] Level 1:colcon.colcon_core.package_identification:_identify(src/micro-ROS-Agent/snap) by extension 'ignore_ament_install'
[0.892s] Level 1:colcon.colcon_core.package_identification:_identify(src/micro-ROS-Agent/snap) by extensions ['colcon_pkg']
[0.893s] Level 1:colcon.colcon_core.package_identification:_identify(src/micro-ROS-Agent/snap) by extension 'colcon_pkg'
[0.893s] Level 1:colcon.colcon_core.package_identification:_identify(src/micro-ROS-Agent/snap) by extensions ['colcon_meta']
[0.893s] Level 1:colcon.colcon_core.package_identification:_identify(src/micro-ROS-Agent/snap) by extension 'colcon_meta'
[0.893s] Level 1:colcon.colcon_core.package_identification:_identify(src/micro-ROS-Agent/snap) by extensions ['ros']
[0.893s] Level 1:colcon.colcon_core.package_identification:_identify(src/micro-ROS-Agent/snap) by extension 'ros'
[0.893s] Level 1:colcon.colcon_core.package_identification:_identify(src/micro-ROS-Agent/snap) by extensions ['cmake', 'python']
[0.893s] Level 1:colcon.colcon_core.package_identification:_identify(src/micro-ROS-Agent/snap) by extension 'cmake'
[0.893s] Level 1:colcon.colcon_core.package_identification:_identify(src/micro-ROS-Agent/snap) by extension 'python'
[0.893s] Level 1:colcon.colcon_core.package_identification:_identify(src/micro-ROS-Agent/snap) by extensions ['python_setup_py']
[0.894s] Level 1:colcon.colcon_core.package_identification:_identify(src/micro-ROS-Agent/snap) by extension 'python_setup_py'
[0.894s] Level 1:colcon.colcon_core.package_identification:_identify(src/micro-ROS-Agent/snap/hooks) by extensions ['ignore', 'ignore_ament_install']
[0.894s] Level 1:colcon.colcon_core.package_identification:_identify(src/micro-ROS-Agent/snap/hooks) by extension 'ignore'
[0.894s] Level 1:colcon.colcon_core.package_identification:_identify(src/micro-ROS-Agent/snap/hooks) by extension 'ignore_ament_install'
[0.894s] Level 1:colcon.colcon_core.package_identification:_identify(src/micro-ROS-Agent/snap/hooks) by extensions ['colcon_pkg']
[0.894s] Level 1:colcon.colcon_core.package_identification:_identify(src/micro-ROS-Agent/snap/hooks) by extension 'colcon_pkg'
[0.894s] Level 1:colcon.colcon_core.package_identification:_identify(src/micro-ROS-Agent/snap/hooks) by extensions ['colcon_meta']
[0.894s] Level 1:colcon.colcon_core.package_identification:_identify(src/micro-ROS-Agent/snap/hooks) by extension 'colcon_meta'
[0.895s] Level 1:colcon.colcon_core.package_identification:_identify(src/micro-ROS-Agent/snap/hooks) by extensions ['ros']
[0.895s] Level 1:colcon.colcon_core.package_identification:_identify(src/micro-ROS-Agent/snap/hooks) by extension 'ros'
[0.895s] Level 1:colcon.colcon_core.package_identification:_identify(src/micro-ROS-Agent/snap/hooks) by extensions ['cmake', 'python']
[0.895s] Level 1:colcon.colcon_core.package_identification:_identify(src/micro-ROS-Agent/snap/hooks) by extension 'cmake'
[0.895s] Level 1:colcon.colcon_core.package_identification:_identify(src/micro-ROS-Agent/snap/hooks) by extension 'python'
[0.895s] Level 1:colcon.colcon_core.package_identification:_identify(src/micro-ROS-Agent/snap/hooks) by extensions ['python_setup_py']
[0.895s] Level 1:colcon.colcon_core.package_identification:_identify(src/micro-ROS-Agent/snap/hooks) by extension 'python_setup_py'
[0.895s] Level 1:colcon.colcon_core.package_identification:_identify(src/micro-ROS-Agent/snap/local) by extensions ['ignore', 'ignore_ament_install']
[0.895s] Level 1:colcon.colcon_core.package_identification:_identify(src/micro-ROS-Agent/snap/local) by extension 'ignore'
[0.896s] Level 1:colcon.colcon_core.package_identification:_identify(src/micro-ROS-Agent/snap/local) by extension 'ignore_ament_install'
[0.896s] Level 1:colcon.colcon_core.package_identification:_identify(src/micro-ROS-Agent/snap/local) by extensions ['colcon_pkg']
[0.896s] Level 1:colcon.colcon_core.package_identification:_identify(src/micro-ROS-Agent/snap/local) by extension 'colcon_pkg'
[0.896s] Level 1:colcon.colcon_core.package_identification:_identify(src/micro-ROS-Agent/snap/local) by extensions ['colcon_meta']
[0.896s] Level 1:colcon.colcon_core.package_identification:_identify(src/micro-ROS-Agent/snap/local) by extension 'colcon_meta'
[0.896s] Level 1:colcon.colcon_core.package_identification:_identify(src/micro-ROS-Agent/snap/local) by extensions ['ros']
[0.896s] Level 1:colcon.colcon_core.package_identification:_identify(src/micro-ROS-Agent/snap/local) by extension 'ros'
[0.896s] Level 1:colcon.colcon_core.package_identification:_identify(src/micro-ROS-Agent/snap/local) by extensions ['cmake', 'python']
[0.896s] Level 1:colcon.colcon_core.package_identification:_identify(src/micro-ROS-Agent/snap/local) by extension 'cmake'
[0.897s] Level 1:colcon.colcon_core.package_identification:_identify(src/micro-ROS-Agent/snap/local) by extension 'python'
[0.897s] Level 1:colcon.colcon_core.package_identification:_identify(src/micro-ROS-Agent/snap/local) by extensions ['python_setup_py']
[0.897s] Level 1:colcon.colcon_core.package_identification:_identify(src/micro-ROS-Agent/snap/local) by extension 'python_setup_py'
[0.897s] Level 1:colcon.colcon_core.package_identification:_identify(src/rtabmap_livox) by extensions ['ignore', 'ignore_ament_install']
[0.897s] Level 1:colcon.colcon_core.package_identification:_identify(src/rtabmap_livox) by extension 'ignore'
[0.897s] Level 1:colcon.colcon_core.package_identification:_identify(src/rtabmap_livox) by extension 'ignore_ament_install'
[0.897s] Level 1:colcon.colcon_core.package_identification:_identify(src/rtabmap_livox) by extensions ['colcon_pkg']
[0.897s] Level 1:colcon.colcon_core.package_identification:_identify(src/rtabmap_livox) by extension 'colcon_pkg'
[0.898s] Level 1:colcon.colcon_core.package_identification:_identify(src/rtabmap_livox) by extensions ['colcon_meta']
[0.898s] Level 1:colcon.colcon_core.package_identification:_identify(src/rtabmap_livox) by extension 'colcon_meta'
[0.898s] Level 1:colcon.colcon_core.package_identification:_identify(src/rtabmap_livox) by extensions ['ros']
[0.898s] Level 1:colcon.colcon_core.package_identification:_identify(src/rtabmap_livox) by extension 'ros'
[0.899s] DEBUG:colcon.colcon_core.package_identification:Package 'src/rtabmap_livox' with type 'ros.ament_python' and name 'rtabmap_livox'
[0.899s] Level 1:colcon.colcon_core.package_discovery:discover_packages(recursive) using defaults
[0.899s] Level 1:colcon.colcon_core.package_discovery:discover_packages(ignore) discover
[0.899s] Level 1:colcon.colcon_core.package_discovery:discover_packages(ignore) using defaults
[0.899s] Level 1:colcon.colcon_core.package_discovery:discover_packages(path) discover
[0.899s] Level 1:colcon.colcon_core.package_discovery:discover_packages(path) using defaults
[0.964s] INFO:colcon.colcon_core.package_selection:Skipping not selected package 'docker_messages' in 'src/docker_messages'
[0.965s] INFO:colcon.colcon_core.package_selection:Skipping not selected package 'leo_description' in 'src/leo_common-ros2/leo_description'
[0.965s] INFO:colcon.colcon_core.package_selection:Skipping not selected package 'leo_msgs' in 'src/leo_common-ros2/leo_msgs'
[0.965s] INFO:colcon.colcon_core.package_selection:Skipping not selected package 'leo_teleop' in 'src/leo_common-ros2/leo_teleop'
[0.965s] INFO:colcon.colcon_core.package_selection:Skipping not selected package 'micro_ros_agent' in 'src/micro-ROS-Agent/micro_ros_agent'
[0.965s] INFO:colcon.colcon_core.package_selection:Skipping not selected package 'rtabmap_livox' in 'src/rtabmap_livox'
[0.965s] INFO:colcon.colcon_core.package_selection:Skipping not selected package 'leo' in 'src/leo_common-ros2/leo'
[0.966s] Level 1:colcon.colcon_core.package_discovery:discover_packages(prefix_path) check parameters
[0.966s] Level 1:colcon.colcon_core.package_discovery:discover_packages(prefix_path) discover
[0.971s] DEBUG:colcon.colcon_installed_package_information.package_discovery:Found 8 installed packages in /home/spacer/leo_ws/install
[0.974s] DEBUG:colcon.colcon_installed_package_information.package_discovery:Found 357 installed packages in /opt/ros/humble
[0.978s] Level 1:colcon.colcon_core.package_discovery:discover_packages(prefix_path) using defaults
[1.143s] Level 5:colcon.colcon_core.verb:set package 'docker_stats' build argument 'cmake_args' from command line to 'None'
[1.143s] Level 5:colcon.colcon_core.verb:set package 'docker_stats' build argument 'cmake_target' from command line to 'None'
[1.144s] Level 5:colcon.colcon_core.verb:set package 'docker_stats' build argument 'cmake_target_skip_unavailable' from command line to 'False'
[1.144s] Level 5:colcon.colcon_core.verb:set package 'docker_stats' build argument 'cmake_clean_cache' from command line to 'False'
[1.144s] Level 5:colcon.colcon_core.verb:set package 'docker_stats' build argument 'cmake_clean_first' from command line to 'False'
[1.144s] Level 5:colcon.colcon_core.verb:set package 'docker_stats' build argument 'cmake_force_configure' from command line to 'False'
[1.144s] Level 5:colcon.colcon_core.verb:set package 'docker_stats' build argument 'ament_cmake_args' from command line to 'None'
[1.144s] Level 5:colcon.colcon_core.verb:set package 'docker_stats' build argument 'catkin_cmake_args' from command line to 'None'
[1.144s] Level 5:colcon.colcon_core.verb:set package 'docker_stats' build argument 'catkin_skip_building_tests' from command line to 'False'
[1.144s] DEBUG:colcon.colcon_core.verb:Building package 'docker_stats' with the following arguments: {'ament_cmake_args': None, 'build_base': '/home/spacer/leo_ws/build/docker_stats', 'catkin_cmake_args': None, 'catkin_skip_building_tests': False, 'cmake_args': None, 'cmake_clean_cache': False, 'cmake_clean_first': False, 'cmake_force_configure': False, 'cmake_target': None, 'cmake_target_skip_unavailable': False, 'install_base': '/home/spacer/leo_ws/install/docker_stats', 'merge_install': False, 'path': '/home/spacer/leo_ws/src/docker_stats', 'symlink_install': False, 'test_result_base': None}
[1.145s] INFO:colcon.colcon_core.executor:Executing jobs using 'parallel' executor
[1.147s] DEBUG:colcon.colcon_parallel_executor.executor.parallel:run_until_complete
[1.148s] INFO:colcon.colcon_ros.task.ament_python.build:Building ROS package in '/home/spacer/leo_ws/src/docker_stats' with build type 'ament_python'
[1.148s] Level 1:colcon.colcon_core.shell:create_environment_hook('docker_stats', 'ament_prefix_path')
[1.155s] INFO:colcon.colcon_core.plugin_system:Skipping extension 'colcon_core.shell.bat': Not used on non-Windows systems
[1.156s] INFO:colcon.colcon_core.shell:Creating environment hook '/home/spacer/leo_ws/install/docker_stats/share/docker_stats/hook/ament_prefix_path.ps1'
[1.158s] INFO:colcon.colcon_core.shell:Creating environment descriptor '/home/spacer/leo_ws/install/docker_stats/share/docker_stats/hook/ament_prefix_path.dsv'
[1.160s] INFO:colcon.colcon_core.shell:Creating environment hook '/home/spacer/leo_ws/install/docker_stats/share/docker_stats/hook/ament_prefix_path.sh'
[1.162s] INFO:colcon.colcon_core.shell:Skip shell extension 'powershell' for command environment: Not usable outside of PowerShell
[1.163s] DEBUG:colcon.colcon_core.shell:Skip shell extension 'dsv' for command environment
[1.739s] INFO:colcon.colcon_core.task.python.build:Building Python package in '/home/spacer/leo_ws/src/docker_stats'
[1.740s] INFO:colcon.colcon_core.shell:Skip shell extension 'powershell' for command environment: Not usable outside of PowerShell
[1.740s] DEBUG:colcon.colcon_core.shell:Skip shell extension 'dsv' for command environment
[2.687s] DEBUG:colcon.colcon_core.event_handler.log_command:Invoking command in '/home/spacer/leo_ws/src/docker_stats': CMAKE_PREFIX_PATH=/home/spacer/leo_ws/install/docker_messages:/home/spacer/leo_ws/install/micro_ros_agent:/home/spacer/leo_ws/install/leo:/home/spacer/leo_ws/install/leo_teleop:/home/spacer/leo_ws/install/leo_msgs:/home/spacer/leo_ws/install/leo_description LD_LIBRARY_PATH=/home/spacer/leo_ws/install/docker_messages/lib:/home/spacer/leo_ws/install/micro_ros_agent/lib:/home/spacer/leo_ws/install/leo_msgs/lib:/opt/ros/humble/opt/rviz_ogre_vendor/lib:/opt/ros/humble/lib/aarch64-linux-gnu:/opt/ros/humble/lib:/usr/local/cuda-11.4/lib64:/usr/local/lib PYTHONPATH=/home/spacer/leo_ws/build/docker_stats/prefix_override:/home/spacer/leo_ws/install/docker_stats/lib/python3.8/site-packages:${PYTHONPATH} /usr/bin/python3 -W ignore:setup.py install is deprecated setup.py egg_info --egg-base ../../build/docker_stats build --build-base /home/spacer/leo_ws/build/docker_stats/build install --record /home/spacer/leo_ws/build/docker_stats/install.log --single-version-externally-managed install_data
[3.395s] DEBUG:colcon.colcon_core.event_handler.log_command:Invoked command in '/home/spacer/leo_ws/src/docker_stats' returned '0': CMAKE_PREFIX_PATH=/home/spacer/leo_ws/install/docker_messages:/home/spacer/leo_ws/install/micro_ros_agent:/home/spacer/leo_ws/install/leo:/home/spacer/leo_ws/install/leo_teleop:/home/spacer/leo_ws/install/leo_msgs:/home/spacer/leo_ws/install/leo_description LD_LIBRARY_PATH=/home/spacer/leo_ws/install/docker_messages/lib:/home/spacer/leo_ws/install/micro_ros_agent/lib:/home/spacer/leo_ws/install/leo_msgs/lib:/opt/ros/humble/opt/rviz_ogre_vendor/lib:/opt/ros/humble/lib/aarch64-linux-gnu:/opt/ros/humble/lib:/usr/local/cuda-11.4/lib64:/usr/local/lib PYTHONPATH=/home/spacer/leo_ws/build/docker_stats/prefix_override:/home/spacer/leo_ws/install/docker_stats/lib/python3.8/site-packages:${PYTHONPATH} /usr/bin/python3 -W ignore:setup.py install is deprecated setup.py egg_info --egg-base ../../build/docker_stats build --build-base /home/spacer/leo_ws/build/docker_stats/build install --record /home/spacer/leo_ws/build/docker_stats/install.log --single-version-externally-managed install_data
[3.402s] Level 1:colcon.colcon_core.environment:checking '/home/spacer/leo_ws/install/docker_stats' for CMake module files
[3.403s] Level 1:colcon.colcon_core.environment:checking '/home/spacer/leo_ws/install/docker_stats' for CMake config files
[3.405s] Level 1:colcon.colcon_core.environment:checking '/home/spacer/leo_ws/install/docker_stats/lib'
[3.406s] Level 1:colcon.colcon_core.environment:checking '/home/spacer/leo_ws/install/docker_stats/bin'
[3.406s] Level 1:colcon.colcon_core.environment:checking '/home/spacer/leo_ws/install/docker_stats/lib/pkgconfig/docker_stats.pc'
[3.406s] Level 1:colcon.colcon_core.environment:checking '/home/spacer/leo_ws/install/docker_stats/lib/python3.8/site-packages'
[3.406s] Level 1:colcon.colcon_core.shell:create_environment_hook('docker_stats', 'pythonpath')
[3.407s] INFO:colcon.colcon_core.shell:Creating environment hook '/home/spacer/leo_ws/install/docker_stats/share/docker_stats/hook/pythonpath.ps1'
[3.409s] INFO:colcon.colcon_core.shell:Creating environment descriptor '/home/spacer/leo_ws/install/docker_stats/share/docker_stats/hook/pythonpath.dsv'
[3.410s] INFO:colcon.colcon_core.shell:Creating environment hook '/home/spacer/leo_ws/install/docker_stats/share/docker_stats/hook/pythonpath.sh'
[3.411s] Level 1:colcon.colcon_core.environment:checking '/home/spacer/leo_ws/install/docker_stats/bin'
[3.411s] Level 1:colcon.colcon_core.environment:create_environment_scripts_only(docker_stats)
[3.412s] INFO:colcon.colcon_core.shell:Creating package script '/home/spacer/leo_ws/install/docker_stats/share/docker_stats/package.ps1'
[3.414s] INFO:colcon.colcon_core.shell:Creating package descriptor '/home/spacer/leo_ws/install/docker_stats/share/docker_stats/package.dsv'
[3.415s] INFO:colcon.colcon_core.shell:Creating package script '/home/spacer/leo_ws/install/docker_stats/share/docker_stats/package.sh'
[3.418s] INFO:colcon.colcon_core.shell:Creating package script '/home/spacer/leo_ws/install/docker_stats/share/docker_stats/package.bash'
[3.419s] INFO:colcon.colcon_core.shell:Creating package script '/home/spacer/leo_ws/install/docker_stats/share/docker_stats/package.zsh'
[3.421s] Level 1:colcon.colcon_core.environment:create_file_with_runtime_dependencies(/home/spacer/leo_ws/install/docker_stats/share/colcon-core/packages/docker_stats)
[3.422s] DEBUG:colcon.colcon_parallel_executor.executor.parallel:closing loop
[3.423s] DEBUG:colcon.colcon_parallel_executor.executor.parallel:loop closed
[3.423s] DEBUG:colcon.colcon_parallel_executor.executor.parallel:run_until_complete finished with '0'
[3.423s] DEBUG:colcon.colcon_core.event_reactor:joining thread
[3.439s] INFO:colcon.colcon_core.plugin_system:Skipping extension 'colcon_notification.desktop_notification.terminal_notifier': Not used on non-Darwin systems
[3.439s] INFO:colcon.colcon_core.plugin_system:Skipping extension 'colcon_notification.desktop_notification.win32': Not used on non-Windows systems
[3.439s] INFO:colcon.colcon_notification.desktop_notification:Sending desktop notification using 'notify2'
[3.472s] DEBUG:colcon.colcon_notification.desktop_notification.notify2:Failed to initialize notify2: org.freedesktop.DBus.Error.Spawn.ChildExited: Process org.freedesktop.Notifications exited with status 1
[3.472s] DEBUG:colcon.colcon_core.event_reactor:joined thread
[3.473s] INFO:colcon.colcon_core.shell:Creating prefix script '/home/spacer/leo_ws/install/local_setup.ps1'
[3.475s] INFO:colcon.colcon_core.shell:Creating prefix util module '/home/spacer/leo_ws/install/_local_setup_util_ps1.py'
[3.478s] INFO:colcon.colcon_core.shell:Creating prefix chain script '/home/spacer/leo_ws/install/setup.ps1'
[3.484s] INFO:colcon.colcon_core.shell:Creating prefix script '/home/spacer/leo_ws/install/local_setup.sh'
[3.486s] INFO:colcon.colcon_core.shell:Creating prefix util module '/home/spacer/leo_ws/install/_local_setup_util_sh.py'
[3.489s] INFO:colcon.colcon_core.shell:Creating prefix chain script '/home/spacer/leo_ws/install/setup.sh'
[3.492s] INFO:colcon.colcon_core.shell:Creating prefix script '/home/spacer/leo_ws/install/local_setup.bash'
[3.493s] INFO:colcon.colcon_core.shell:Creating prefix chain script '/home/spacer/leo_ws/install/setup.bash'
[3.496s] INFO:colcon.colcon_core.shell:Creating prefix script '/home/spacer/leo_ws/install/local_setup.zsh'
[3.497s] INFO:colcon.colcon_core.shell:Creating prefix chain script '/home/spacer/leo_ws/install/setup.zsh'
