[1.936s] Invoking command in '/home/spacer/sensor_ws/build/livox_ros_driver2': CMAKE_PREFIX_PATH=${CMAKE_PREFIX_PATH}:/opt/ros/foxy /usr/bin/cmake --build /home/spacer/sensor_ws/build/livox_ros_driver2 -- -j6 -l6
[2.093s] [  1%] Built target livox_interfaces2__cpp
[2.095s] [  8%] Built target livox_interfaces2__rosidl_generator_c
[2.116s] [ 12%] Built target livox_ros_driver2_node
[2.147s] [ 19%] Built target livox_interfaces2__rosidl_typesupport_c
[2.191s] [ 26%] Built target livox_interfaces2__rosidl_typesupport_fastrtps_cpp
[2.193s] [ 33%] Built target livox_interfaces2__rosidl_typesupport_cpp
[2.201s] [ 47%] Built target livox_interfaces2__rosidl_typesupport_introspection_cpp
[2.201s] [ 47%] Built target livox_interfaces2__rosidl_typesupport_introspection_c
[2.247s] [ 54%] Built target livox_interfaces2__rosidl_typesupport_fastrtps_c
[2.295s] [ 54%] Built target livox_interfaces2
[2.346s] [ 56%] Built target livox_interfaces2__py
[2.408s] [ 61%] Built target livox_interfaces2__python
[2.411s] [ 89%] Built target livox_ros_driver2
[2.468s] [ 92%] Built target livox_ros_driver2__rosidl_typesupport_fastrtps_c__pyext
[2.469s] [100%] Built target livox_ros_driver2__rosidl_typesupport_introspection_c__pyext
[2.470s] [100%] Built target livox_ros_driver2__rosidl_typesupport_c__pyext
[3.067s] Invoked command in '/home/spacer/sensor_ws/build/livox_ros_driver2' returned '0': CMAKE_PREFIX_PATH=${CMAKE_PREFIX_PATH}:/opt/ros/foxy /usr/bin/cmake --build /home/spacer/sensor_ws/build/livox_ros_driver2 -- -j6 -l6
[3.276s] Invoking command in '/home/spacer/sensor_ws/build/livox_ros_driver2': CMAKE_PREFIX_PATH=${CMAKE_PREFIX_PATH}:/opt/ros/foxy /usr/bin/cmake --install /home/spacer/sensor_ws/build/livox_ros_driver2
[3.297s] -- Install configuration: ""
[3.298s] -- Up-to-date: /home/spacer/sensor_ws/install/livox_ros_driver2/share/ament_index/resource_index/rosidl_interfaces/livox_ros_driver2
[3.298s] -- Up-to-date: /home/spacer/sensor_ws/install/livox_ros_driver2/include/livox_ros_driver2
[3.298s] -- Up-to-date: /home/spacer/sensor_ws/install/livox_ros_driver2/include/livox_ros_driver2/msg
[3.299s] -- Up-to-date: /home/spacer/sensor_ws/install/livox_ros_driver2/include/livox_ros_driver2/msg/custom_point.h
[3.299s] -- Up-to-date: /home/spacer/sensor_ws/install/livox_ros_driver2/include/livox_ros_driver2/msg/custom_msg.h
[3.299s] -- Up-to-date: /home/spacer/sensor_ws/install/livox_ros_driver2/include/livox_ros_driver2/msg/detail
[3.300s] -- Up-to-date: /home/spacer/sensor_ws/install/livox_ros_driver2/include/livox_ros_driver2/msg/detail/custom_msg__type_support.h
[3.300s] -- Up-to-date: /home/spacer/sensor_ws/install/livox_ros_driver2/include/livox_ros_driver2/msg/detail/custom_msg__functions.c
[3.300s] -- Up-to-date: /home/spacer/sensor_ws/install/livox_ros_driver2/include/livox_ros_driver2/msg/detail/custom_point__struct.h
[3.301s] -- Up-to-date: /home/spacer/sensor_ws/install/livox_ros_driver2/include/livox_ros_driver2/msg/detail/custom_point__functions.c
[3.301s] -- Up-to-date: /home/spacer/sensor_ws/install/livox_ros_driver2/include/livox_ros_driver2/msg/detail/custom_msg__functions.h
[3.301s] -- Up-to-date: /home/spacer/sensor_ws/install/livox_ros_driver2/include/livox_ros_driver2/msg/detail/custom_msg__struct.h
[3.302s] -- Up-to-date: /home/spacer/sensor_ws/install/livox_ros_driver2/include/livox_ros_driver2/msg/detail/custom_point__type_support.h
[3.302s] -- Up-to-date: /home/spacer/sensor_ws/install/livox_ros_driver2/include/livox_ros_driver2/msg/detail/custom_point__functions.h
[3.302s] -- Up-to-date: /home/spacer/sensor_ws/install/livox_ros_driver2/include/livox_ros_driver2/msg/rosidl_generator_c__visibility_control.h
[3.303s] -- Up-to-date: /home/spacer/sensor_ws/install/livox_ros_driver2/share/livox_ros_driver2/environment/library_path.sh
[3.303s] -- Up-to-date: /home/spacer/sensor_ws/install/livox_ros_driver2/share/livox_ros_driver2/environment/library_path.dsv
[3.303s] -- Up-to-date: /home/spacer/sensor_ws/install/livox_ros_driver2/lib/liblivox_ros_driver2__rosidl_generator_c.so
[3.303s] -- Up-to-date: /home/spacer/sensor_ws/install/livox_ros_driver2/include/livox_ros_driver2
[3.304s] -- Up-to-date: /home/spacer/sensor_ws/install/livox_ros_driver2/include/livox_ros_driver2/msg
[3.304s] -- Up-to-date: /home/spacer/sensor_ws/install/livox_ros_driver2/include/livox_ros_driver2/msg/rosidl_typesupport_fastrtps_c__visibility_control.h
[3.304s] -- Up-to-date: /home/spacer/sensor_ws/install/livox_ros_driver2/include/livox_ros_driver2/msg/detail
[3.305s] -- Up-to-date: /home/spacer/sensor_ws/install/livox_ros_driver2/include/livox_ros_driver2/msg/detail/custom_msg__rosidl_typesupport_fastrtps_c.h
[3.305s] -- Up-to-date: /home/spacer/sensor_ws/install/livox_ros_driver2/include/livox_ros_driver2/msg/detail/custom_point__rosidl_typesupport_fastrtps_c.h
[3.306s] -- Up-to-date: /home/spacer/sensor_ws/install/livox_ros_driver2/lib/liblivox_ros_driver2__rosidl_typesupport_fastrtps_c.so
[3.306s] -- Up-to-date: /home/spacer/sensor_ws/install/livox_ros_driver2/include/livox_ros_driver2
[3.306s] -- Up-to-date: /home/spacer/sensor_ws/install/livox_ros_driver2/include/livox_ros_driver2/msg
[3.307s] -- Up-to-date: /home/spacer/sensor_ws/install/livox_ros_driver2/include/livox_ros_driver2/msg/rosidl_typesupport_fastrtps_cpp__visibility_control.h
[3.307s] -- Up-to-date: /home/spacer/sensor_ws/install/livox_ros_driver2/include/livox_ros_driver2/msg/detail
[3.307s] -- Up-to-date: /home/spacer/sensor_ws/install/livox_ros_driver2/include/livox_ros_driver2/msg/detail/custom_msg__rosidl_typesupport_fastrtps_cpp.hpp
[3.307s] -- Up-to-date: /home/spacer/sensor_ws/install/livox_ros_driver2/include/livox_ros_driver2/msg/detail/custom_point__rosidl_typesupport_fastrtps_cpp.hpp
[3.308s] -- Up-to-date: /home/spacer/sensor_ws/install/livox_ros_driver2/include/livox_ros_driver2/msg/detail/dds_fastrtps
[3.308s] -- Up-to-date: /home/spacer/sensor_ws/install/livox_ros_driver2/lib/liblivox_ros_driver2__rosidl_typesupport_fastrtps_cpp.so
[3.308s] -- Up-to-date: /home/spacer/sensor_ws/install/livox_ros_driver2/include/livox_ros_driver2
[3.308s] -- Up-to-date: /home/spacer/sensor_ws/install/livox_ros_driver2/include/livox_ros_driver2/msg
[3.309s] -- Up-to-date: /home/spacer/sensor_ws/install/livox_ros_driver2/include/livox_ros_driver2/msg/rosidl_typesupport_introspection_c__visibility_control.h
[3.309s] -- Up-to-date: /home/spacer/sensor_ws/install/livox_ros_driver2/include/livox_ros_driver2/msg/detail
[3.309s] -- Up-to-date: /home/spacer/sensor_ws/install/livox_ros_driver2/include/livox_ros_driver2/msg/detail/custom_point__type_support.c
[3.309s] -- Up-to-date: /home/spacer/sensor_ws/install/livox_ros_driver2/include/livox_ros_driver2/msg/detail/custom_msg__type_support.c
[3.310s] -- Up-to-date: /home/spacer/sensor_ws/install/livox_ros_driver2/include/livox_ros_driver2/msg/detail/custom_msg__rosidl_typesupport_introspection_c.h
[3.310s] -- Up-to-date: /home/spacer/sensor_ws/install/livox_ros_driver2/include/livox_ros_driver2/msg/detail/custom_point__rosidl_typesupport_introspection_c.h
[3.310s] -- Up-to-date: /home/spacer/sensor_ws/install/livox_ros_driver2/lib/liblivox_ros_driver2__rosidl_typesupport_introspection_c.so
[3.310s] -- Up-to-date: /home/spacer/sensor_ws/install/livox_ros_driver2/lib/liblivox_ros_driver2__rosidl_typesupport_c.so
[3.311s] -- Up-to-date: /home/spacer/sensor_ws/install/livox_ros_driver2/include/livox_ros_driver2
[3.311s] -- Up-to-date: /home/spacer/sensor_ws/install/livox_ros_driver2/include/livox_ros_driver2/msg
[3.311s] -- Up-to-date: /home/spacer/sensor_ws/install/livox_ros_driver2/include/livox_ros_driver2/msg/rosidl_generator_cpp__visibility_control.hpp
[3.311s] -- Up-to-date: /home/spacer/sensor_ws/install/livox_ros_driver2/include/livox_ros_driver2/msg/custom_point.hpp
[3.311s] -- Up-to-date: /home/spacer/sensor_ws/install/livox_ros_driver2/include/livox_ros_driver2/msg/custom_msg.hpp
[3.312s] -- Up-to-date: /home/spacer/sensor_ws/install/livox_ros_driver2/include/livox_ros_driver2/msg/detail
[3.312s] -- Up-to-date: /home/spacer/sensor_ws/install/livox_ros_driver2/include/livox_ros_driver2/msg/detail/custom_point__traits.hpp
[3.312s] -- Up-to-date: /home/spacer/sensor_ws/install/livox_ros_driver2/include/livox_ros_driver2/msg/detail/custom_msg__type_support.hpp
[3.312s] -- Up-to-date: /home/spacer/sensor_ws/install/livox_ros_driver2/include/livox_ros_driver2/msg/detail/custom_msg__traits.hpp
[3.313s] -- Up-to-date: /home/spacer/sensor_ws/install/livox_ros_driver2/include/livox_ros_driver2/msg/detail/custom_msg__builder.hpp
[3.313s] -- Up-to-date: /home/spacer/sensor_ws/install/livox_ros_driver2/include/livox_ros_driver2/msg/detail/custom_point__builder.hpp
[3.313s] -- Up-to-date: /home/spacer/sensor_ws/install/livox_ros_driver2/include/livox_ros_driver2/msg/detail/custom_point__struct.hpp
[3.313s] -- Up-to-date: /home/spacer/sensor_ws/install/livox_ros_driver2/include/livox_ros_driver2/msg/detail/custom_point__type_support.hpp
[3.314s] -- Up-to-date: /home/spacer/sensor_ws/install/livox_ros_driver2/include/livox_ros_driver2/msg/detail/custom_msg__struct.hpp
[3.314s] -- Up-to-date: /home/spacer/sensor_ws/install/livox_ros_driver2/include/livox_ros_driver2
[3.314s] -- Up-to-date: /home/spacer/sensor_ws/install/livox_ros_driver2/include/livox_ros_driver2/msg
[3.314s] -- Up-to-date: /home/spacer/sensor_ws/install/livox_ros_driver2/include/livox_ros_driver2/msg/detail
[3.315s] -- Up-to-date: /home/spacer/sensor_ws/install/livox_ros_driver2/include/livox_ros_driver2/msg/detail/custom_msg__type_support.cpp
[3.315s] -- Up-to-date: /home/spacer/sensor_ws/install/livox_ros_driver2/include/livox_ros_driver2/msg/detail/custom_point__type_support.cpp
[3.315s] -- Up-to-date: /home/spacer/sensor_ws/install/livox_ros_driver2/include/livox_ros_driver2/msg/detail/custom_point__rosidl_typesupport_introspection_cpp.hpp
[3.315s] -- Up-to-date: /home/spacer/sensor_ws/install/livox_ros_driver2/include/livox_ros_driver2/msg/detail/custom_msg__rosidl_typesupport_introspection_cpp.hpp
[3.315s] -- Up-to-date: /home/spacer/sensor_ws/install/livox_ros_driver2/lib/liblivox_ros_driver2__rosidl_typesupport_introspection_cpp.so
[3.316s] -- Up-to-date: /home/spacer/sensor_ws/install/livox_ros_driver2/lib/liblivox_ros_driver2__rosidl_typesupport_cpp.so
[3.316s] -- Up-to-date: /home/spacer/sensor_ws/install/livox_ros_driver2/share/livox_ros_driver2/environment/pythonpath.sh
[3.316s] -- Up-to-date: /home/spacer/sensor_ws/install/livox_ros_driver2/share/livox_ros_driver2/environment/pythonpath.dsv
[3.316s] -- Up-to-date: /home/spacer/sensor_ws/install/livox_ros_driver2/lib/python3.8/site-packages/livox_ros_driver2/__init__.py
[3.374s] -- Up-to-date: /home/spacer/sensor_ws/install/livox_ros_driver2/lib/python3.8/site-packages/livox_ros_driver2/msg
[3.375s] -- Up-to-date: /home/spacer/sensor_ws/install/livox_ros_driver2/lib/python3.8/site-packages/livox_ros_driver2/msg/_custom_msg.py
[3.375s] -- Up-to-date: /home/spacer/sensor_ws/install/livox_ros_driver2/lib/python3.8/site-packages/livox_ros_driver2/msg/_custom_msg_s.c
[3.375s] -- Up-to-date: /home/spacer/sensor_ws/install/livox_ros_driver2/lib/python3.8/site-packages/livox_ros_driver2/msg/_custom_point_s.c
[3.376s] -- Up-to-date: /home/spacer/sensor_ws/install/livox_ros_driver2/lib/python3.8/site-packages/livox_ros_driver2/msg/__init__.py
[3.376s] -- Up-to-date: /home/spacer/sensor_ws/install/livox_ros_driver2/lib/python3.8/site-packages/livox_ros_driver2/msg/_custom_point.py
[3.376s] -- Up-to-date: /home/spacer/sensor_ws/install/livox_ros_driver2/lib/python3.8/site-packages/livox_ros_driver2/livox_ros_driver2_s__rosidl_typesupport_fastrtps_c.cpython-38-aarch64-linux-gnu.so
[3.377s] -- Up-to-date: /home/spacer/sensor_ws/install/livox_ros_driver2/lib/python3.8/site-packages/livox_ros_driver2/livox_ros_driver2_s__rosidl_typesupport_introspection_c.cpython-38-aarch64-linux-gnu.so
[3.379s] -- Up-to-date: /home/spacer/sensor_ws/install/livox_ros_driver2/lib/python3.8/site-packages/livox_ros_driver2/livox_ros_driver2_s__rosidl_typesupport_c.cpython-38-aarch64-linux-gnu.so
[3.381s] -- Up-to-date: /home/spacer/sensor_ws/install/livox_ros_driver2/lib/liblivox_interfaces2__python.so
[3.381s] -- Up-to-date: /home/spacer/sensor_ws/install/livox_ros_driver2/share/livox_ros_driver2/msg/CustomPoint.idl
[3.382s] -- Up-to-date: /home/spacer/sensor_ws/install/livox_ros_driver2/share/livox_ros_driver2/msg/CustomMsg.idl
[3.382s] -- Up-to-date: /home/spacer/sensor_ws/install/livox_ros_driver2/share/livox_ros_driver2/msg/CustomPoint.msg
[3.382s] -- Up-to-date: /home/spacer/sensor_ws/install/livox_ros_driver2/share/livox_ros_driver2/msg/CustomMsg.msg
[3.383s] -- Up-to-date: /home/spacer/sensor_ws/install/livox_ros_driver2/lib/livox_ros_driver2/livox_ros_driver2_node
[3.384s] -- Up-to-date: /home/spacer/sensor_ws/install/livox_ros_driver2/lib/liblivox_ros_driver2.so
[3.384s] -- Up-to-date: /home/spacer/sensor_ws/install/livox_ros_driver2/share/livox_ros_driver2/config
[3.385s] -- Up-to-date: /home/spacer/sensor_ws/install/livox_ros_driver2/share/livox_ros_driver2/config/mixed_HAP_MID360_config.json
[3.385s] -- Up-to-date: /home/spacer/sensor_ws/install/livox_ros_driver2/share/livox_ros_driver2/config/display_point_cloud_ROS2.rviz
[3.385s] -- Up-to-date: /home/spacer/sensor_ws/install/livox_ros_driver2/share/livox_ros_driver2/config/display_point_cloud_ROS1.rviz
[3.386s] -- Up-to-date: /home/spacer/sensor_ws/install/livox_ros_driver2/share/livox_ros_driver2/config/HAP_config.json
[3.386s] -- Installing: /home/spacer/sensor_ws/install/livox_ros_driver2/share/livox_ros_driver2/config/MID360_config.json
[3.386s] -- Up-to-date: /home/spacer/sensor_ws/install/livox_ros_driver2/share/livox_ros_driver2/launch_ROS2
[3.387s] -- Up-to-date: /home/spacer/sensor_ws/install/livox_ros_driver2/share/livox_ros_driver2/launch_ROS2/msg_MID360_launch.py
[3.387s] -- Up-to-date: /home/spacer/sensor_ws/install/livox_ros_driver2/share/livox_ros_driver2/launch_ROS2/msg_HAP_launch.py
[3.387s] -- Up-to-date: /home/spacer/sensor_ws/install/livox_ros_driver2/share/livox_ros_driver2/launch_ROS2/rviz_mixed.py
[3.388s] -- Up-to-date: /home/spacer/sensor_ws/install/livox_ros_driver2/share/livox_ros_driver2/launch_ROS2/rviz_HAP_launch.py
[3.388s] -- Up-to-date: /home/spacer/sensor_ws/install/livox_ros_driver2/share/livox_ros_driver2/launch_ROS2/rviz_MID360_launch.py
[3.388s] -- Up-to-date: /home/spacer/sensor_ws/install/livox_ros_driver2/share/ament_index/resource_index/package_run_dependencies/livox_ros_driver2
[3.388s] -- Up-to-date: /home/spacer/sensor_ws/install/livox_ros_driver2/share/ament_index/resource_index/parent_prefix_path/livox_ros_driver2
[3.389s] -- Up-to-date: /home/spacer/sensor_ws/install/livox_ros_driver2/share/livox_ros_driver2/environment/ament_prefix_path.sh
[3.389s] -- Up-to-date: /home/spacer/sensor_ws/install/livox_ros_driver2/share/livox_ros_driver2/environment/ament_prefix_path.dsv
[3.389s] -- Up-to-date: /home/spacer/sensor_ws/install/livox_ros_driver2/share/livox_ros_driver2/environment/path.sh
[3.389s] -- Up-to-date: /home/spacer/sensor_ws/install/livox_ros_driver2/share/livox_ros_driver2/environment/path.dsv
[3.390s] -- Up-to-date: /home/spacer/sensor_ws/install/livox_ros_driver2/share/livox_ros_driver2/local_setup.bash
[3.390s] -- Up-to-date: /home/spacer/sensor_ws/install/livox_ros_driver2/share/livox_ros_driver2/local_setup.sh
[3.390s] -- Up-to-date: /home/spacer/sensor_ws/install/livox_ros_driver2/share/livox_ros_driver2/local_setup.zsh
[3.391s] -- Up-to-date: /home/spacer/sensor_ws/install/livox_ros_driver2/share/livox_ros_driver2/local_setup.dsv
[3.391s] -- Installing: /home/spacer/sensor_ws/install/livox_ros_driver2/share/livox_ros_driver2/package.dsv
[3.391s] -- Up-to-date: /home/spacer/sensor_ws/install/livox_ros_driver2/share/ament_index/resource_index/packages/livox_ros_driver2
[3.391s] -- Up-to-date: /home/spacer/sensor_ws/install/livox_ros_driver2/share/livox_ros_driver2/cmake/livox_interfaces2__rosidl_generator_cExport.cmake
[3.392s] -- Up-to-date: /home/spacer/sensor_ws/install/livox_ros_driver2/share/livox_ros_driver2/cmake/livox_interfaces2__rosidl_generator_cExport-noconfig.cmake
[3.392s] -- Up-to-date: /home/spacer/sensor_ws/install/livox_ros_driver2/share/livox_ros_driver2/cmake/livox_interfaces2__rosidl_typesupport_introspection_cExport.cmake
[3.392s] -- Up-to-date: /home/spacer/sensor_ws/install/livox_ros_driver2/share/livox_ros_driver2/cmake/livox_interfaces2__rosidl_typesupport_introspection_cExport-noconfig.cmake
[3.393s] -- Up-to-date: /home/spacer/sensor_ws/install/livox_ros_driver2/share/livox_ros_driver2/cmake/livox_interfaces2__rosidl_typesupport_cExport.cmake
[3.393s] -- Up-to-date: /home/spacer/sensor_ws/install/livox_ros_driver2/share/livox_ros_driver2/cmake/livox_interfaces2__rosidl_typesupport_cExport-noconfig.cmake
[3.393s] -- Up-to-date: /home/spacer/sensor_ws/install/livox_ros_driver2/share/livox_ros_driver2/cmake/livox_interfaces2__rosidl_generator_cppExport.cmake
[3.394s] -- Up-to-date: /home/spacer/sensor_ws/install/livox_ros_driver2/share/livox_ros_driver2/cmake/livox_interfaces2__rosidl_typesupport_introspection_cppExport.cmake
[3.394s] -- Up-to-date: /home/spacer/sensor_ws/install/livox_ros_driver2/share/livox_ros_driver2/cmake/livox_interfaces2__rosidl_typesupport_introspection_cppExport-noconfig.cmake
[3.394s] -- Up-to-date: /home/spacer/sensor_ws/install/livox_ros_driver2/share/livox_ros_driver2/cmake/livox_interfaces2__rosidl_typesupport_cppExport.cmake
[3.395s] -- Up-to-date: /home/spacer/sensor_ws/install/livox_ros_driver2/share/livox_ros_driver2/cmake/livox_interfaces2__rosidl_typesupport_cppExport-noconfig.cmake
[3.395s] -- Up-to-date: /home/spacer/sensor_ws/install/livox_ros_driver2/share/ament_index/resource_index/rclcpp_components/livox_ros_driver2
[3.395s] -- Up-to-date: /home/spacer/sensor_ws/install/livox_ros_driver2/share/livox_ros_driver2/cmake/rosidl_cmake-extras.cmake
[3.395s] -- Up-to-date: /home/spacer/sensor_ws/install/livox_ros_driver2/share/livox_ros_driver2/cmake/ament_cmake_export_dependencies-extras.cmake
[3.396s] -- Up-to-date: /home/spacer/sensor_ws/install/livox_ros_driver2/share/livox_ros_driver2/cmake/ament_cmake_export_libraries-extras.cmake
[3.396s] -- Up-to-date: /home/spacer/sensor_ws/install/livox_ros_driver2/share/livox_ros_driver2/cmake/ament_cmake_export_targets-extras.cmake
[3.396s] -- Up-to-date: /home/spacer/sensor_ws/install/livox_ros_driver2/share/livox_ros_driver2/cmake/ament_cmake_export_include_directories-extras.cmake
[3.396s] -- Up-to-date: /home/spacer/sensor_ws/install/livox_ros_driver2/share/livox_ros_driver2/cmake/rosidl_cmake_export_typesupport_libraries-extras.cmake
[3.397s] -- Up-to-date: /home/spacer/sensor_ws/install/livox_ros_driver2/share/livox_ros_driver2/cmake/rosidl_cmake_export_typesupport_targets-extras.cmake
[3.397s] -- Up-to-date: /home/spacer/sensor_ws/install/livox_ros_driver2/share/livox_ros_driver2/cmake/livox_ros_driver2Config.cmake
[3.397s] -- Up-to-date: /home/spacer/sensor_ws/install/livox_ros_driver2/share/livox_ros_driver2/cmake/livox_ros_driver2Config-version.cmake
[3.398s] -- Up-to-date: /home/spacer/sensor_ws/install/livox_ros_driver2/share/livox_ros_driver2/package.xml
[3.401s] Invoked command in '/home/spacer/sensor_ws/build/livox_ros_driver2' returned '0': CMAKE_PREFIX_PATH=${CMAKE_PREFIX_PATH}:/opt/ros/foxy /usr/bin/cmake --install /home/spacer/sensor_ws/build/livox_ros_driver2
