-- The C compiler identification is GNU 9.4.0
-- The CXX compiler identification is GNU 9.4.0
-- Check for working C compiler: /usr/bin/cc
-- Check for working C compiler: /usr/bin/cc -- works
-- Detecting C compiler ABI info
-- Detecting C compiler ABI info - done
-- Detecting C compile features
-- Detecting C compile features - done
-- Check for working CXX compiler: /usr/bin/c++
-- Check for working CXX compiler: /usr/bin/c++ -- works
-- Detecting CXX compiler ABI info
-- Detecting CXX compiler ABI info - done
-- Detecting CXX compile features
-- Detecting CXX compile features - done
-- Found ament_cmake: 1.3.6 (/opt/ros/humble/share/ament_cmake/cmake)
-- Found Python3: /usr/bin/python3.9 (found version "3.9.5") found components: Interpreter 
-- Found std_msgs: 4.2.3 (/opt/ros/humble/share/std_msgs/cmake)
-- Found rosidl_generator_c: 3.1.5 (/opt/ros/humble/share/rosidl_generator_c/cmake)
-- Found rosidl_adapter: 3.1.5 (/opt/ros/humble/share/rosidl_adapter/cmake)
-- Found rosidl_generator_cpp: 3.1.5 (/opt/ros/humble/share/rosidl_generator_cpp/cmake)
-- Using all available rosidl_typesupport_c: rosidl_typesupport_fastrtps_c;rosidl_typesupport_introspection_c
-- Using all available rosidl_typesupport_cpp: rosidl_typesupport_fastrtps_cpp;rosidl_typesupport_introspection_cpp
-- Found rosidl_default_generators: 1.2.0 (/opt/ros/humble/share/rosidl_default_generators/cmake)
-- Found ament_cmake_ros: 0.10.0 (/opt/ros/humble/share/ament_cmake_ros/cmake)
-- Using all available rosidl_typesupport_c: rosidl_typesupport_fastrtps_c;rosidl_typesupport_introspection_c
-- Using all available rosidl_typesupport_cpp: rosidl_typesupport_fastrtps_cpp;rosidl_typesupport_introspection_cpp
-- Found PythonInterp: /usr/bin/python3 (found suitable version "3.8.10", minimum required is "3.6") 
-- Found python_cmake_module: 0.10.0 (/opt/ros/humble/share/python_cmake_module/cmake)
-- Found PythonLibs: /usr/lib/aarch64-linux-gnu/libpython3.8.so (found suitable version "3.8.10", minimum required is "3.5") 
-- Using PYTHON_EXECUTABLE: /usr/bin/python3
-- Using PYTHON_INCLUDE_DIRS: /usr/include/python3.8
-- Using PYTHON_LIBRARIES: /usr/lib/aarch64-linux-gnu/libpython3.8.so
-- Found PythonExtra: .so  
-- Found ament_lint_auto: 0.12.9 (/opt/ros/humble/share/ament_lint_auto/cmake)
-- Added test 'lint_cmake' to check CMake code style
-- Added test 'xmllint' to check XML markup files
-- Configuring done
-- Generating done
-- Build files have been written to: /home/spacer/leo_ws/build/docker_messages
[35m[1mScanning dependencies of target ament_cmake_python_copy_docker_messages[0m
[35m[1mScanning dependencies of target docker_messages__cpp[0m
[  2%] [34m[1mGenerating C code for ROS interfaces[0m
[  5%] [34m[1mGenerating C++ code for ROS interfaces[0m
[  5%] Built target ament_cmake_python_copy_docker_messages
[35m[1mScanning dependencies of target ament_cmake_python_build_docker_messages_egg[0m
[35m[1mScanning dependencies of target docker_messages__rosidl_generator_c[0m
[ 10%] [32mBuilding C object CMakeFiles/docker_messages__rosidl_generator_c.dir/rosidl_generator_c/docker_messages/msg/detail/docker_statistics__functions.c.o[0m
[ 10%] [32mBuilding C object CMakeFiles/docker_messages__rosidl_generator_c.dir/rosidl_generator_c/docker_messages/msg/detail/docker_statistics_array__functions.c.o[0m
running egg_info
creating docker_messages.egg-info
writing docker_messages.egg-info/PKG-INFO
writing dependency_links to docker_messages.egg-info/dependency_links.txt
writing top-level names to docker_messages.egg-info/top_level.txt
writing manifest file 'docker_messages.egg-info/SOURCES.txt'
[ 12%] [32m[1mLinking C shared library libdocker_messages__rosidl_generator_c.so[0m
[ 12%] Built target docker_messages__cpp
[ 17%] [34m[1mGenerating C++ type support for eProsima Fast-RTPS[0m
[ 17%] [34m[1mGenerating C++ type support dispatch for ROS interfaces[0m
[ 20%] [34m[1mGenerating C++ introspection for ROS interfaces[0m
reading manifest file 'docker_messages.egg-info/SOURCES.txt'
writing manifest file 'docker_messages.egg-info/SOURCES.txt'
[ 20%] Built target docker_messages__rosidl_generator_c
[ 23%] [34m[1mGenerating C introspection for ROS interfaces[0m
[ 25%] [34m[1mGenerating C type support for eProsima Fast-RTPS[0m
[ 25%] Built target ament_cmake_python_build_docker_messages_egg
[ 28%] [34m[1mGenerating C type support dispatch for ROS interfaces[0m
[35m[1mScanning dependencies of target docker_messages__rosidl_typesupport_cpp[0m
[ 30%] [32mBuilding CXX object CMakeFiles/docker_messages__rosidl_typesupport_cpp.dir/rosidl_typesupport_cpp/docker_messages/msg/docker_statistics__type_support.cpp.o[0m
[35m[1mScanning dependencies of target docker_messages__rosidl_typesupport_introspection_cpp[0m
[ 33%] [32mBuilding CXX object CMakeFiles/docker_messages__rosidl_typesupport_introspection_cpp.dir/rosidl_typesupport_introspection_cpp/docker_messages/msg/detail/docker_statistics__type_support.cpp.o[0m
[35m[1mScanning dependencies of target docker_messages__rosidl_typesupport_introspection_c[0m
[35m[1mScanning dependencies of target docker_messages__rosidl_typesupport_c[0m
[ 35%] [32mBuilding C object CMakeFiles/docker_messages__rosidl_typesupport_introspection_c.dir/rosidl_typesupport_introspection_c/docker_messages/msg/detail/docker_statistics__type_support.c.o[0m
[ 38%] [32mBuilding CXX object CMakeFiles/docker_messages__rosidl_typesupport_c.dir/rosidl_typesupport_c/docker_messages/msg/docker_statistics__type_support.cpp.o[0m
[35m[1mScanning dependencies of target docker_messages__rosidl_typesupport_fastrtps_c[0m
[ 41%] [32mBuilding C object CMakeFiles/docker_messages__rosidl_typesupport_introspection_c.dir/rosidl_typesupport_introspection_c/docker_messages/msg/detail/docker_statistics_array__type_support.c.o[0m
[ 43%] [32mBuilding CXX object CMakeFiles/docker_messages__rosidl_typesupport_c.dir/rosidl_typesupport_c/docker_messages/msg/docker_statistics_array__type_support.cpp.o[0m
[35m[1mScanning dependencies of target docker_messages__rosidl_typesupport_fastrtps_cpp[0m
[ 46%] [32mBuilding CXX object CMakeFiles/docker_messages__rosidl_typesupport_fastrtps_c.dir/rosidl_typesupport_fastrtps_c/docker_messages/msg/detail/docker_statistics__type_support_c.cpp.o[0m
[ 48%] [32mBuilding CXX object CMakeFiles/docker_messages__rosidl_typesupport_fastrtps_cpp.dir/rosidl_typesupport_fastrtps_cpp/docker_messages/msg/detail/dds_fastrtps/docker_statistics__type_support.cpp.o[0m
[ 51%] [32m[1mLinking CXX shared library libdocker_messages__rosidl_typesupport_c.so[0m
[ 53%] [32m[1mLinking C shared library libdocker_messages__rosidl_typesupport_introspection_c.so[0m
[ 53%] Built target docker_messages__rosidl_typesupport_introspection_c
[ 53%] Built target docker_messages__rosidl_typesupport_c
[ 56%] [32mBuilding CXX object CMakeFiles/docker_messages__rosidl_typesupport_cpp.dir/rosidl_typesupport_cpp/docker_messages/msg/docker_statistics_array__type_support.cpp.o[0m
[ 58%] [32mBuilding CXX object CMakeFiles/docker_messages__rosidl_typesupport_fastrtps_c.dir/rosidl_typesupport_fastrtps_c/docker_messages/msg/detail/docker_statistics_array__type_support_c.cpp.o[0m
[ 61%] [32mBuilding CXX object CMakeFiles/docker_messages__rosidl_typesupport_fastrtps_cpp.dir/rosidl_typesupport_fastrtps_cpp/docker_messages/msg/detail/dds_fastrtps/docker_statistics_array__type_support.cpp.o[0m
[ 64%] [32mBuilding CXX object CMakeFiles/docker_messages__rosidl_typesupport_introspection_cpp.dir/rosidl_typesupport_introspection_cpp/docker_messages/msg/detail/docker_statistics_array__type_support.cpp.o[0m
[ 66%] [32m[1mLinking CXX shared library libdocker_messages__rosidl_typesupport_cpp.so[0m
[ 66%] Built target docker_messages__rosidl_typesupport_cpp
[ 69%] [32m[1mLinking CXX shared library libdocker_messages__rosidl_typesupport_fastrtps_c.so[0m
[ 69%] Built target docker_messages__rosidl_typesupport_fastrtps_c
[ 71%] [32m[1mLinking CXX shared library libdocker_messages__rosidl_typesupport_fastrtps_cpp.so[0m
[ 71%] Built target docker_messages__rosidl_typesupport_fastrtps_cpp
[ 74%] [32m[1mLinking CXX shared library libdocker_messages__rosidl_typesupport_introspection_cpp.so[0m
[ 74%] Built target docker_messages__rosidl_typesupport_introspection_cpp
[35m[1mScanning dependencies of target docker_messages[0m
[ 74%] Built target docker_messages
[35m[1mScanning dependencies of target docker_messages__py[0m
[ 76%] [34m[1mGenerating Python code for ROS interfaces[0m
[ 76%] Built target docker_messages__py
[35m[1mScanning dependencies of target docker_messages__rosidl_generator_py[0m
[ 82%] [32mBuilding C object CMakeFiles/docker_messages__rosidl_generator_py.dir/rosidl_generator_py/docker_messages/msg/_docker_statistics_array_s.c.o[0m
[ 82%] [32mBuilding C object CMakeFiles/docker_messages__rosidl_generator_py.dir/rosidl_generator_py/docker_messages/msg/_docker_statistics_s.c.o[0m
[ 84%] [32m[1mLinking C shared library rosidl_generator_py/docker_messages/libdocker_messages__rosidl_generator_py.so[0m
[ 84%] Built target docker_messages__rosidl_generator_py
[35m[1mScanning dependencies of target docker_messages__rosidl_typesupport_c__pyext[0m
[35m[1mScanning dependencies of target docker_messages__rosidl_typesupport_fastrtps_c__pyext[0m
[35m[1mScanning dependencies of target docker_messages__rosidl_typesupport_introspection_c__pyext[0m
[ 89%] [32mBuilding C object CMakeFiles/docker_messages__rosidl_typesupport_c__pyext.dir/rosidl_generator_py/docker_messages/_docker_messages_s.ep.rosidl_typesupport_c.c.o[0m
[ 89%] [32mBuilding C object CMakeFiles/docker_messages__rosidl_typesupport_fastrtps_c__pyext.dir/rosidl_generator_py/docker_messages/_docker_messages_s.ep.rosidl_typesupport_fastrtps_c.c.o[0m
[ 92%] [32mBuilding C object CMakeFiles/docker_messages__rosidl_typesupport_introspection_c__pyext.dir/rosidl_generator_py/docker_messages/_docker_messages_s.ep.rosidl_typesupport_introspection_c.c.o[0m
[ 97%] [32m[1mLinking C shared library rosidl_generator_py/docker_messages/docker_messages_s__rosidl_typesupport_fastrtps_c.cpython-38-aarch64-linux-gnu.so[0m
[ 97%] [32m[1mLinking C shared library rosidl_generator_py/docker_messages/docker_messages_s__rosidl_typesupport_introspection_c.cpython-38-aarch64-linux-gnu.so[0m
[100%] [32m[1mLinking C shared library rosidl_generator_py/docker_messages/docker_messages_s__rosidl_typesupport_c.cpython-38-aarch64-linux-gnu.so[0m
[100%] Built target docker_messages__rosidl_typesupport_fastrtps_c__pyext
[100%] Built target docker_messages__rosidl_typesupport_introspection_c__pyext
[100%] Built target docker_messages__rosidl_typesupport_c__pyext
-- Install configuration: ""
-- Installing: /home/spacer/leo_ws/install/docker_messages/share/ament_index/resource_index/rosidl_interfaces/docker_messages
-- Installing: /home/spacer/leo_ws/install/docker_messages/include/docker_messages/docker_messages
-- Installing: /home/spacer/leo_ws/install/docker_messages/include/docker_messages/docker_messages/msg
-- Installing: /home/spacer/leo_ws/install/docker_messages/include/docker_messages/docker_messages/msg/docker_statistics_array.h
-- Installing: /home/spacer/leo_ws/install/docker_messages/include/docker_messages/docker_messages/msg/detail
-- Installing: /home/spacer/leo_ws/install/docker_messages/include/docker_messages/docker_messages/msg/detail/docker_statistics_array__functions.c
-- Installing: /home/spacer/leo_ws/install/docker_messages/include/docker_messages/docker_messages/msg/detail/docker_statistics_array__struct.h
-- Installing: /home/spacer/leo_ws/install/docker_messages/include/docker_messages/docker_messages/msg/detail/docker_statistics__struct.h
-- Installing: /home/spacer/leo_ws/install/docker_messages/include/docker_messages/docker_messages/msg/detail/docker_statistics__functions.c
-- Installing: /home/spacer/leo_ws/install/docker_messages/include/docker_messages/docker_messages/msg/detail/docker_statistics_array__type_support.h
-- Installing: /home/spacer/leo_ws/install/docker_messages/include/docker_messages/docker_messages/msg/detail/docker_statistics__functions.h
-- Installing: /home/spacer/leo_ws/install/docker_messages/include/docker_messages/docker_messages/msg/detail/docker_statistics_array__functions.h
-- Installing: /home/spacer/leo_ws/install/docker_messages/include/docker_messages/docker_messages/msg/detail/docker_statistics__type_support.h
-- Installing: /home/spacer/leo_ws/install/docker_messages/include/docker_messages/docker_messages/msg/docker_statistics.h
-- Installing: /home/spacer/leo_ws/install/docker_messages/include/docker_messages/docker_messages/msg/rosidl_generator_c__visibility_control.h
-- Installing: /home/spacer/leo_ws/install/docker_messages/share/docker_messages/environment/library_path.sh
-- Installing: /home/spacer/leo_ws/install/docker_messages/share/docker_messages/environment/library_path.dsv
-- Installing: /home/spacer/leo_ws/install/docker_messages/lib/libdocker_messages__rosidl_generator_c.so
-- Set runtime path of "/home/spacer/leo_ws/install/docker_messages/lib/libdocker_messages__rosidl_generator_c.so" to ""
-- Up-to-date: /home/spacer/leo_ws/install/docker_messages/include/docker_messages/docker_messages
-- Up-to-date: /home/spacer/leo_ws/install/docker_messages/include/docker_messages/docker_messages/msg
-- Installing: /home/spacer/leo_ws/install/docker_messages/include/docker_messages/docker_messages/msg/rosidl_typesupport_fastrtps_c__visibility_control.h
-- Up-to-date: /home/spacer/leo_ws/install/docker_messages/include/docker_messages/docker_messages/msg/detail
-- Installing: /home/spacer/leo_ws/install/docker_messages/include/docker_messages/docker_messages/msg/detail/docker_statistics_array__rosidl_typesupport_fastrtps_c.h
-- Installing: /home/spacer/leo_ws/install/docker_messages/include/docker_messages/docker_messages/msg/detail/docker_statistics__rosidl_typesupport_fastrtps_c.h
-- Installing: /home/spacer/leo_ws/install/docker_messages/lib/libdocker_messages__rosidl_typesupport_fastrtps_c.so
-- Set runtime path of "/home/spacer/leo_ws/install/docker_messages/lib/libdocker_messages__rosidl_typesupport_fastrtps_c.so" to ""
-- Up-to-date: /home/spacer/leo_ws/install/docker_messages/include/docker_messages/docker_messages
-- Up-to-date: /home/spacer/leo_ws/install/docker_messages/include/docker_messages/docker_messages/msg
-- Installing: /home/spacer/leo_ws/install/docker_messages/include/docker_messages/docker_messages/msg/docker_statistics.hpp
-- Up-to-date: /home/spacer/leo_ws/install/docker_messages/include/docker_messages/docker_messages/msg/detail
-- Installing: /home/spacer/leo_ws/install/docker_messages/include/docker_messages/docker_messages/msg/detail/docker_statistics_array__builder.hpp
-- Installing: /home/spacer/leo_ws/install/docker_messages/include/docker_messages/docker_messages/msg/detail/docker_statistics__traits.hpp
-- Installing: /home/spacer/leo_ws/install/docker_messages/include/docker_messages/docker_messages/msg/detail/docker_statistics_array__struct.hpp
-- Installing: /home/spacer/leo_ws/install/docker_messages/include/docker_messages/docker_messages/msg/detail/docker_statistics__struct.hpp
-- Installing: /home/spacer/leo_ws/install/docker_messages/include/docker_messages/docker_messages/msg/detail/docker_statistics__builder.hpp
-- Installing: /home/spacer/leo_ws/install/docker_messages/include/docker_messages/docker_messages/msg/detail/docker_statistics_array__traits.hpp
-- Installing: /home/spacer/leo_ws/install/docker_messages/include/docker_messages/docker_messages/msg/docker_statistics_array.hpp
-- Up-to-date: /home/spacer/leo_ws/install/docker_messages/include/docker_messages/docker_messages
-- Up-to-date: /home/spacer/leo_ws/install/docker_messages/include/docker_messages/docker_messages/msg
-- Installing: /home/spacer/leo_ws/install/docker_messages/include/docker_messages/docker_messages/msg/rosidl_typesupport_fastrtps_cpp__visibility_control.h
-- Up-to-date: /home/spacer/leo_ws/install/docker_messages/include/docker_messages/docker_messages/msg/detail
-- Installing: /home/spacer/leo_ws/install/docker_messages/include/docker_messages/docker_messages/msg/detail/docker_statistics_array__rosidl_typesupport_fastrtps_cpp.hpp
-- Installing: /home/spacer/leo_ws/install/docker_messages/include/docker_messages/docker_messages/msg/detail/docker_statistics__rosidl_typesupport_fastrtps_cpp.hpp
-- Installing: /home/spacer/leo_ws/install/docker_messages/include/docker_messages/docker_messages/msg/detail/dds_fastrtps
-- Installing: /home/spacer/leo_ws/install/docker_messages/lib/libdocker_messages__rosidl_typesupport_fastrtps_cpp.so
-- Set runtime path of "/home/spacer/leo_ws/install/docker_messages/lib/libdocker_messages__rosidl_typesupport_fastrtps_cpp.so" to ""
-- Up-to-date: /home/spacer/leo_ws/install/docker_messages/include/docker_messages/docker_messages
-- Up-to-date: /home/spacer/leo_ws/install/docker_messages/include/docker_messages/docker_messages/msg
-- Installing: /home/spacer/leo_ws/install/docker_messages/include/docker_messages/docker_messages/msg/rosidl_typesupport_introspection_c__visibility_control.h
-- Up-to-date: /home/spacer/leo_ws/install/docker_messages/include/docker_messages/docker_messages/msg/detail
-- Installing: /home/spacer/leo_ws/install/docker_messages/include/docker_messages/docker_messages/msg/detail/docker_statistics_array__type_support.c
-- Installing: /home/spacer/leo_ws/install/docker_messages/include/docker_messages/docker_messages/msg/detail/docker_statistics__type_support.c
-- Installing: /home/spacer/leo_ws/install/docker_messages/include/docker_messages/docker_messages/msg/detail/docker_statistics_array__rosidl_typesupport_introspection_c.h
-- Installing: /home/spacer/leo_ws/install/docker_messages/include/docker_messages/docker_messages/msg/detail/docker_statistics__rosidl_typesupport_introspection_c.h
-- Installing: /home/spacer/leo_ws/install/docker_messages/lib/libdocker_messages__rosidl_typesupport_introspection_c.so
-- Set runtime path of "/home/spacer/leo_ws/install/docker_messages/lib/libdocker_messages__rosidl_typesupport_introspection_c.so" to ""
-- Installing: /home/spacer/leo_ws/install/docker_messages/lib/libdocker_messages__rosidl_typesupport_c.so
-- Set runtime path of "/home/spacer/leo_ws/install/docker_messages/lib/libdocker_messages__rosidl_typesupport_c.so" to ""
-- Up-to-date: /home/spacer/leo_ws/install/docker_messages/include/docker_messages/docker_messages
-- Up-to-date: /home/spacer/leo_ws/install/docker_messages/include/docker_messages/docker_messages/msg
-- Up-to-date: /home/spacer/leo_ws/install/docker_messages/include/docker_messages/docker_messages/msg/detail
-- Installing: /home/spacer/leo_ws/install/docker_messages/include/docker_messages/docker_messages/msg/detail/docker_statistics__type_support.cpp
-- Installing: /home/spacer/leo_ws/install/docker_messages/include/docker_messages/docker_messages/msg/detail/docker_statistics__rosidl_typesupport_introspection_cpp.hpp
-- Installing: /home/spacer/leo_ws/install/docker_messages/include/docker_messages/docker_messages/msg/detail/docker_statistics_array__rosidl_typesupport_introspection_cpp.hpp
-- Installing: /home/spacer/leo_ws/install/docker_messages/include/docker_messages/docker_messages/msg/detail/docker_statistics_array__type_support.cpp
-- Installing: /home/spacer/leo_ws/install/docker_messages/lib/libdocker_messages__rosidl_typesupport_introspection_cpp.so
-- Set runtime path of "/home/spacer/leo_ws/install/docker_messages/lib/libdocker_messages__rosidl_typesupport_introspection_cpp.so" to ""
-- Installing: /home/spacer/leo_ws/install/docker_messages/lib/libdocker_messages__rosidl_typesupport_cpp.so
-- Set runtime path of "/home/spacer/leo_ws/install/docker_messages/lib/libdocker_messages__rosidl_typesupport_cpp.so" to ""
-- Installing: /home/spacer/leo_ws/install/docker_messages/share/docker_messages/environment/pythonpath.sh
-- Installing: /home/spacer/leo_ws/install/docker_messages/share/docker_messages/environment/pythonpath.dsv
-- Installing: /home/spacer/leo_ws/install/docker_messages/lib/python3.9/site-packages/docker_messages-0.0.0-py3.9.egg-info
-- Installing: /home/spacer/leo_ws/install/docker_messages/lib/python3.9/site-packages/docker_messages-0.0.0-py3.9.egg-info/PKG-INFO
-- Installing: /home/spacer/leo_ws/install/docker_messages/lib/python3.9/site-packages/docker_messages-0.0.0-py3.9.egg-info/SOURCES.txt
-- Installing: /home/spacer/leo_ws/install/docker_messages/lib/python3.9/site-packages/docker_messages-0.0.0-py3.9.egg-info/top_level.txt
-- Installing: /home/spacer/leo_ws/install/docker_messages/lib/python3.9/site-packages/docker_messages-0.0.0-py3.9.egg-info/dependency_links.txt
-- Installing: /home/spacer/leo_ws/install/docker_messages/lib/python3.9/site-packages/docker_messages
-- Installing: /home/spacer/leo_ws/install/docker_messages/lib/python3.9/site-packages/docker_messages/_docker_messages_s.ep.rosidl_typesupport_fastrtps_c.c
-- Installing: /home/spacer/leo_ws/install/docker_messages/lib/python3.9/site-packages/docker_messages/libdocker_messages__rosidl_generator_py.so
-- Installing: /home/spacer/leo_ws/install/docker_messages/lib/python3.9/site-packages/docker_messages/docker_messages_s__rosidl_typesupport_introspection_c.cpython-38-aarch64-linux-gnu.so
-- Installing: /home/spacer/leo_ws/install/docker_messages/lib/python3.9/site-packages/docker_messages/msg
-- Installing: /home/spacer/leo_ws/install/docker_messages/lib/python3.9/site-packages/docker_messages/msg/_docker_statistics_array_s.c
-- Installing: /home/spacer/leo_ws/install/docker_messages/lib/python3.9/site-packages/docker_messages/msg/_docker_statistics_array.py
-- Installing: /home/spacer/leo_ws/install/docker_messages/lib/python3.9/site-packages/docker_messages/msg/__init__.py
-- Installing: /home/spacer/leo_ws/install/docker_messages/lib/python3.9/site-packages/docker_messages/msg/_docker_statistics_s.c
-- Installing: /home/spacer/leo_ws/install/docker_messages/lib/python3.9/site-packages/docker_messages/msg/_docker_statistics.py
-- Installing: /home/spacer/leo_ws/install/docker_messages/lib/python3.9/site-packages/docker_messages/__init__.py
-- Installing: /home/spacer/leo_ws/install/docker_messages/lib/python3.9/site-packages/docker_messages/_docker_messages_s.ep.rosidl_typesupport_introspection_c.c
-- Installing: /home/spacer/leo_ws/install/docker_messages/lib/python3.9/site-packages/docker_messages/_docker_messages_s.ep.rosidl_typesupport_c.c
-- Installing: /home/spacer/leo_ws/install/docker_messages/lib/python3.9/site-packages/docker_messages/docker_messages_s__rosidl_typesupport_fastrtps_c.cpython-38-aarch64-linux-gnu.so
-- Installing: /home/spacer/leo_ws/install/docker_messages/lib/python3.9/site-packages/docker_messages/docker_messages_s__rosidl_typesupport_c.cpython-38-aarch64-linux-gnu.so
Listing '/home/spacer/leo_ws/install/docker_messages/lib/python3.9/site-packages/docker_messages'...
Compiling '/home/spacer/leo_ws/install/docker_messages/lib/python3.9/site-packages/docker_messages/__init__.py'...
Listing '/home/spacer/leo_ws/install/docker_messages/lib/python3.9/site-packages/docker_messages/msg'...
Compiling '/home/spacer/leo_ws/install/docker_messages/lib/python3.9/site-packages/docker_messages/msg/__init__.py'...
Compiling '/home/spacer/leo_ws/install/docker_messages/lib/python3.9/site-packages/docker_messages/msg/_docker_statistics.py'...
Compiling '/home/spacer/leo_ws/install/docker_messages/lib/python3.9/site-packages/docker_messages/msg/_docker_statistics_array.py'...
-- Installing: /home/spacer/leo_ws/install/docker_messages/lib/python3.9/site-packages/docker_messages/docker_messages_s__rosidl_typesupport_fastrtps_c.cpython-38-aarch64-linux-gnu.so
-- Set runtime path of "/home/spacer/leo_ws/install/docker_messages/lib/python3.9/site-packages/docker_messages/docker_messages_s__rosidl_typesupport_fastrtps_c.cpython-38-aarch64-linux-gnu.so" to ""
-- Installing: /home/spacer/leo_ws/install/docker_messages/lib/python3.9/site-packages/docker_messages/docker_messages_s__rosidl_typesupport_introspection_c.cpython-38-aarch64-linux-gnu.so
-- Set runtime path of "/home/spacer/leo_ws/install/docker_messages/lib/python3.9/site-packages/docker_messages/docker_messages_s__rosidl_typesupport_introspection_c.cpython-38-aarch64-linux-gnu.so" to ""
-- Installing: /home/spacer/leo_ws/install/docker_messages/lib/python3.9/site-packages/docker_messages/docker_messages_s__rosidl_typesupport_c.cpython-38-aarch64-linux-gnu.so
-- Set runtime path of "/home/spacer/leo_ws/install/docker_messages/lib/python3.9/site-packages/docker_messages/docker_messages_s__rosidl_typesupport_c.cpython-38-aarch64-linux-gnu.so" to ""
-- Installing: /home/spacer/leo_ws/install/docker_messages/lib/libdocker_messages__rosidl_generator_py.so
-- Set runtime path of "/home/spacer/leo_ws/install/docker_messages/lib/libdocker_messages__rosidl_generator_py.so" to ""
-- Installing: /home/spacer/leo_ws/install/docker_messages/share/docker_messages/msg/DockerStatistics.idl
-- Installing: /home/spacer/leo_ws/install/docker_messages/share/docker_messages/msg/DockerStatisticsArray.idl
-- Installing: /home/spacer/leo_ws/install/docker_messages/share/docker_messages/msg/DockerStatistics.msg
-- Installing: /home/spacer/leo_ws/install/docker_messages/share/docker_messages/msg/DockerStatisticsArray.msg
-- Installing: /home/spacer/leo_ws/install/docker_messages/share/ament_index/resource_index/package_run_dependencies/docker_messages
-- Installing: /home/spacer/leo_ws/install/docker_messages/share/ament_index/resource_index/parent_prefix_path/docker_messages
-- Installing: /home/spacer/leo_ws/install/docker_messages/share/docker_messages/environment/ament_prefix_path.sh
-- Installing: /home/spacer/leo_ws/install/docker_messages/share/docker_messages/environment/ament_prefix_path.dsv
-- Installing: /home/spacer/leo_ws/install/docker_messages/share/docker_messages/environment/path.sh
-- Installing: /home/spacer/leo_ws/install/docker_messages/share/docker_messages/environment/path.dsv
-- Installing: /home/spacer/leo_ws/install/docker_messages/share/docker_messages/local_setup.bash
-- Installing: /home/spacer/leo_ws/install/docker_messages/share/docker_messages/local_setup.sh
-- Installing: /home/spacer/leo_ws/install/docker_messages/share/docker_messages/local_setup.zsh
-- Installing: /home/spacer/leo_ws/install/docker_messages/share/docker_messages/local_setup.dsv
-- Installing: /home/spacer/leo_ws/install/docker_messages/share/docker_messages/package.dsv
-- Installing: /home/spacer/leo_ws/install/docker_messages/share/ament_index/resource_index/packages/docker_messages
-- Installing: /home/spacer/leo_ws/install/docker_messages/share/docker_messages/cmake/export_docker_messages__rosidl_generator_cExport.cmake
-- Installing: /home/spacer/leo_ws/install/docker_messages/share/docker_messages/cmake/export_docker_messages__rosidl_generator_cExport-noconfig.cmake
-- Installing: /home/spacer/leo_ws/install/docker_messages/share/docker_messages/cmake/export_docker_messages__rosidl_typesupport_fastrtps_cExport.cmake
-- Installing: /home/spacer/leo_ws/install/docker_messages/share/docker_messages/cmake/export_docker_messages__rosidl_typesupport_fastrtps_cExport-noconfig.cmake
-- Installing: /home/spacer/leo_ws/install/docker_messages/share/docker_messages/cmake/export_docker_messages__rosidl_generator_cppExport.cmake
-- Installing: /home/spacer/leo_ws/install/docker_messages/share/docker_messages/cmake/export_docker_messages__rosidl_typesupport_fastrtps_cppExport.cmake
-- Installing: /home/spacer/leo_ws/install/docker_messages/share/docker_messages/cmake/export_docker_messages__rosidl_typesupport_fastrtps_cppExport-noconfig.cmake
-- Installing: /home/spacer/leo_ws/install/docker_messages/share/docker_messages/cmake/docker_messages__rosidl_typesupport_introspection_cExport.cmake
-- Installing: /home/spacer/leo_ws/install/docker_messages/share/docker_messages/cmake/docker_messages__rosidl_typesupport_introspection_cExport-noconfig.cmake
-- Installing: /home/spacer/leo_ws/install/docker_messages/share/docker_messages/cmake/docker_messages__rosidl_typesupport_cExport.cmake
-- Installing: /home/spacer/leo_ws/install/docker_messages/share/docker_messages/cmake/docker_messages__rosidl_typesupport_cExport-noconfig.cmake
-- Installing: /home/spacer/leo_ws/install/docker_messages/share/docker_messages/cmake/docker_messages__rosidl_typesupport_introspection_cppExport.cmake
-- Installing: /home/spacer/leo_ws/install/docker_messages/share/docker_messages/cmake/docker_messages__rosidl_typesupport_introspection_cppExport-noconfig.cmake
-- Installing: /home/spacer/leo_ws/install/docker_messages/share/docker_messages/cmake/docker_messages__rosidl_typesupport_cppExport.cmake
-- Installing: /home/spacer/leo_ws/install/docker_messages/share/docker_messages/cmake/docker_messages__rosidl_typesupport_cppExport-noconfig.cmake
-- Installing: /home/spacer/leo_ws/install/docker_messages/share/docker_messages/cmake/export_docker_messages__rosidl_generator_pyExport.cmake
-- Installing: /home/spacer/leo_ws/install/docker_messages/share/docker_messages/cmake/export_docker_messages__rosidl_generator_pyExport-noconfig.cmake
-- Installing: /home/spacer/leo_ws/install/docker_messages/share/docker_messages/cmake/rosidl_cmake-extras.cmake
-- Installing: /home/spacer/leo_ws/install/docker_messages/share/docker_messages/cmake/ament_cmake_export_dependencies-extras.cmake
-- Installing: /home/spacer/leo_ws/install/docker_messages/share/docker_messages/cmake/ament_cmake_export_include_directories-extras.cmake
-- Installing: /home/spacer/leo_ws/install/docker_messages/share/docker_messages/cmake/ament_cmake_export_libraries-extras.cmake
-- Installing: /home/spacer/leo_ws/install/docker_messages/share/docker_messages/cmake/ament_cmake_export_targets-extras.cmake
-- Installing: /home/spacer/leo_ws/install/docker_messages/share/docker_messages/cmake/rosidl_cmake_export_typesupport_targets-extras.cmake
-- Installing: /home/spacer/leo_ws/install/docker_messages/share/docker_messages/cmake/rosidl_cmake_export_typesupport_libraries-extras.cmake
-- Installing: /home/spacer/leo_ws/install/docker_messages/share/docker_messages/cmake/docker_messagesConfig.cmake
-- Installing: /home/spacer/leo_ws/install/docker_messages/share/docker_messages/cmake/docker_messagesConfig-version.cmake
-- Installing: /home/spacer/leo_ws/install/docker_messages/share/docker_messages/package.xml
