[10.233s] DEBUG:colcon:Command line arguments: ['/usr/bin/colcon', 'build']
[10.234s] DEBUG:colcon:Parsed command line arguments: Namespace(allow_overriding=[], ament_cmake_args=None, base_paths=['.'], build_base='build', catkin_cmake_args=None, catkin_skip_building_tests=False, cmake_args=None, cmake_clean_cache=False, cmake_clean_first=False, cmake_force_configure=False, cmake_target=None, cmake_target_skip_unavailable=False, continue_on_error=False, event_handlers=None, executor='parallel', ignore_user_meta=False, install_base='install', log_base=None, log_level=None, main=<bound method BuildVerb.main of <colcon_core.verb.build.BuildVerb object at 0xffff8b116af0>>, merge_install=False, metas=['./colcon.meta'], packages_above=None, packages_above_and_dependencies=None, packages_above_depth=None, packages_end=None, packages_ignore=None, packages_ignore_regex=None, packages_select=None, packages_select_build_failed=False, packages_select_by_dep=None, packages_select_regex=None, packages_select_test_failures=False, packages_skip=None, packages_skip_build_finished=False, packages_skip_by_dep=None, packages_skip_regex=None, packages_skip_test_passed=False, packages_skip_up_to=None, packages_start=None, packages_up_to=None, packages_up_to_regex=None, parallel_workers=6, paths=None, symlink_install=False, test_result_base=None, verb_extension=<colcon_core.verb.build.BuildVerb object at 0xffff8b116af0>, verb_name='build', verb_parser=<colcon_defaults.argument_parser.defaults.DefaultArgumentsDecorator object at 0xffff8b116730>)
[10.669s] Level 1:colcon.colcon_core.package_discovery:discover_packages(colcon_meta) check parameters
[10.669s] Level 1:colcon.colcon_core.package_discovery:discover_packages(recursive) check parameters
[10.669s] Level 1:colcon.colcon_core.package_discovery:discover_packages(ignore) check parameters
[10.669s] Level 1:colcon.colcon_core.package_discovery:discover_packages(path) check parameters
[10.670s] Level 1:colcon.colcon_core.package_discovery:discover_packages(colcon_meta) discover
[10.670s] Level 1:colcon.colcon_core.package_discovery:discover_packages(recursive) discover
[10.670s] INFO:colcon.colcon_core.package_discovery:Crawling recursively for packages in '/home/spacer/leo_ws'
[10.670s] Level 1:colcon.colcon_core.package_identification:_identify(.) by extensions ['ignore', 'ignore_ament_install']
[10.670s] Level 1:colcon.colcon_core.package_identification:_identify(.) by extension 'ignore'
[10.670s] Level 1:colcon.colcon_core.package_identification:_identify(.) by extension 'ignore_ament_install'
[10.671s] Level 1:colcon.colcon_core.package_identification:_identify(.) by extensions ['colcon_pkg']
[10.671s] Level 1:colcon.colcon_core.package_identification:_identify(.) by extension 'colcon_pkg'
[10.671s] Level 1:colcon.colcon_core.package_identification:_identify(.) by extensions ['colcon_meta']
[10.671s] Level 1:colcon.colcon_core.package_identification:_identify(.) by extension 'colcon_meta'
[10.671s] Level 1:colcon.colcon_core.package_identification:_identify(.) by extensions ['ros']
[10.671s] Level 1:colcon.colcon_core.package_identification:_identify(.) by extension 'ros'
[10.694s] Level 1:colcon.colcon_core.package_identification:_identify(.) by extensions ['cmake', 'python']
[10.694s] Level 1:colcon.colcon_core.package_identification:_identify(.) by extension 'cmake'
[10.694s] Level 1:colcon.colcon_core.package_identification:_identify(.) by extension 'python'
[10.694s] Level 1:colcon.colcon_core.package_identification:_identify(.) by extensions ['python_setup_py']
[10.694s] Level 1:colcon.colcon_core.package_identification:_identify(.) by extension 'python_setup_py'
[10.695s] Level 1:colcon.colcon_core.package_identification:_identify(build) by extensions ['ignore', 'ignore_ament_install']
[10.695s] Level 1:colcon.colcon_core.package_identification:_identify(build) by extension 'ignore'
[10.695s] Level 1:colcon.colcon_core.package_identification:_identify(build) ignored
[10.695s] Level 1:colcon.colcon_core.package_identification:_identify(install) by extensions ['ignore', 'ignore_ament_install']
[10.695s] Level 1:colcon.colcon_core.package_identification:_identify(install) by extension 'ignore'
[10.696s] Level 1:colcon.colcon_core.package_identification:_identify(install) ignored
[10.696s] Level 1:colcon.colcon_core.package_identification:_identify(log) by extensions ['ignore', 'ignore_ament_install']
[10.696s] Level 1:colcon.colcon_core.package_identification:_identify(log) by extension 'ignore'
[10.696s] Level 1:colcon.colcon_core.package_identification:_identify(log) ignored
[10.696s] Level 1:colcon.colcon_core.package_identification:_identify(src) by extensions ['ignore', 'ignore_ament_install']
[10.696s] Level 1:colcon.colcon_core.package_identification:_identify(src) by extension 'ignore'
[10.697s] Level 1:colcon.colcon_core.package_identification:_identify(src) by extension 'ignore_ament_install'
[10.697s] Level 1:colcon.colcon_core.package_identification:_identify(src) by extensions ['colcon_pkg']
[10.697s] Level 1:colcon.colcon_core.package_identification:_identify(src) by extension 'colcon_pkg'
[10.697s] Level 1:colcon.colcon_core.package_identification:_identify(src) by extensions ['colcon_meta']
[10.697s] Level 1:colcon.colcon_core.package_identification:_identify(src) by extension 'colcon_meta'
[10.697s] Level 1:colcon.colcon_core.package_identification:_identify(src) by extensions ['ros']
[10.697s] Level 1:colcon.colcon_core.package_identification:_identify(src) by extension 'ros'
[10.697s] Level 1:colcon.colcon_core.package_identification:_identify(src) by extensions ['cmake', 'python']
[10.697s] Level 1:colcon.colcon_core.package_identification:_identify(src) by extension 'cmake'
[10.698s] Level 1:colcon.colcon_core.package_identification:_identify(src) by extension 'python'
[10.698s] Level 1:colcon.colcon_core.package_identification:_identify(src) by extensions ['python_setup_py']
[10.698s] Level 1:colcon.colcon_core.package_identification:_identify(src) by extension 'python_setup_py'
[10.698s] Level 1:colcon.colcon_core.package_identification:_identify(src/leo_common-ros2) by extensions ['ignore', 'ignore_ament_install']
[10.698s] Level 1:colcon.colcon_core.package_identification:_identify(src/leo_common-ros2) by extension 'ignore'
[10.698s] Level 1:colcon.colcon_core.package_identification:_identify(src/leo_common-ros2) by extension 'ignore_ament_install'
[10.698s] Level 1:colcon.colcon_core.package_identification:_identify(src/leo_common-ros2) by extensions ['colcon_pkg']
[10.698s] Level 1:colcon.colcon_core.package_identification:_identify(src/leo_common-ros2) by extension 'colcon_pkg'
[10.698s] Level 1:colcon.colcon_core.package_identification:_identify(src/leo_common-ros2) by extensions ['colcon_meta']
[10.699s] Level 1:colcon.colcon_core.package_identification:_identify(src/leo_common-ros2) by extension 'colcon_meta'
[10.699s] Level 1:colcon.colcon_core.package_identification:_identify(src/leo_common-ros2) by extensions ['ros']
[10.699s] Level 1:colcon.colcon_core.package_identification:_identify(src/leo_common-ros2) by extension 'ros'
[10.699s] Level 1:colcon.colcon_core.package_identification:_identify(src/leo_common-ros2) by extensions ['cmake', 'python']
[10.699s] Level 1:colcon.colcon_core.package_identification:_identify(src/leo_common-ros2) by extension 'cmake'
[10.699s] Level 1:colcon.colcon_core.package_identification:_identify(src/leo_common-ros2) by extension 'python'
[10.699s] Level 1:colcon.colcon_core.package_identification:_identify(src/leo_common-ros2) by extensions ['python_setup_py']
[10.699s] Level 1:colcon.colcon_core.package_identification:_identify(src/leo_common-ros2) by extension 'python_setup_py'
[10.699s] Level 1:colcon.colcon_core.package_identification:_identify(src/leo_common-ros2/leo) by extensions ['ignore', 'ignore_ament_install']
[10.700s] Level 1:colcon.colcon_core.package_identification:_identify(src/leo_common-ros2/leo) by extension 'ignore'
[10.700s] Level 1:colcon.colcon_core.package_identification:_identify(src/leo_common-ros2/leo) by extension 'ignore_ament_install'
[10.700s] Level 1:colcon.colcon_core.package_identification:_identify(src/leo_common-ros2/leo) by extensions ['colcon_pkg']
[10.700s] Level 1:colcon.colcon_core.package_identification:_identify(src/leo_common-ros2/leo) by extension 'colcon_pkg'
[10.700s] Level 1:colcon.colcon_core.package_identification:_identify(src/leo_common-ros2/leo) by extensions ['colcon_meta']
[10.700s] Level 1:colcon.colcon_core.package_identification:_identify(src/leo_common-ros2/leo) by extension 'colcon_meta'
[10.700s] Level 1:colcon.colcon_core.package_identification:_identify(src/leo_common-ros2/leo) by extensions ['ros']
[10.700s] Level 1:colcon.colcon_core.package_identification:_identify(src/leo_common-ros2/leo) by extension 'ros'
[10.705s] DEBUG:colcon.colcon_core.package_identification:Package 'src/leo_common-ros2/leo' with type 'ros.ament_cmake' and name 'leo'
[10.706s] Level 1:colcon.colcon_core.package_identification:_identify(src/leo_common-ros2/leo_description) by extensions ['ignore', 'ignore_ament_install']
[10.706s] Level 1:colcon.colcon_core.package_identification:_identify(src/leo_common-ros2/leo_description) by extension 'ignore'
[10.706s] Level 1:colcon.colcon_core.package_identification:_identify(src/leo_common-ros2/leo_description) by extension 'ignore_ament_install'
[10.706s] Level 1:colcon.colcon_core.package_identification:_identify(src/leo_common-ros2/leo_description) by extensions ['colcon_pkg']
[10.706s] Level 1:colcon.colcon_core.package_identification:_identify(src/leo_common-ros2/leo_description) by extension 'colcon_pkg'
[10.706s] Level 1:colcon.colcon_core.package_identification:_identify(src/leo_common-ros2/leo_description) by extensions ['colcon_meta']
[10.706s] Level 1:colcon.colcon_core.package_identification:_identify(src/leo_common-ros2/leo_description) by extension 'colcon_meta'
[10.707s] Level 1:colcon.colcon_core.package_identification:_identify(src/leo_common-ros2/leo_description) by extensions ['ros']
[10.707s] Level 1:colcon.colcon_core.package_identification:_identify(src/leo_common-ros2/leo_description) by extension 'ros'
[10.708s] DEBUG:colcon.colcon_core.package_identification:Package 'src/leo_common-ros2/leo_description' with type 'ros.ament_cmake' and name 'leo_description'
[10.708s] Level 1:colcon.colcon_core.package_identification:_identify(src/leo_common-ros2/leo_msgs) by extensions ['ignore', 'ignore_ament_install']
[10.708s] Level 1:colcon.colcon_core.package_identification:_identify(src/leo_common-ros2/leo_msgs) by extension 'ignore'
[10.708s] Level 1:colcon.colcon_core.package_identification:_identify(src/leo_common-ros2/leo_msgs) by extension 'ignore_ament_install'
[10.708s] Level 1:colcon.colcon_core.package_identification:_identify(src/leo_common-ros2/leo_msgs) by extensions ['colcon_pkg']
[10.708s] Level 1:colcon.colcon_core.package_identification:_identify(src/leo_common-ros2/leo_msgs) by extension 'colcon_pkg'
[10.709s] Level 1:colcon.colcon_core.package_identification:_identify(src/leo_common-ros2/leo_msgs) by extensions ['colcon_meta']
[10.709s] Level 1:colcon.colcon_core.package_identification:_identify(src/leo_common-ros2/leo_msgs) by extension 'colcon_meta'
[10.709s] Level 1:colcon.colcon_core.package_identification:_identify(src/leo_common-ros2/leo_msgs) by extensions ['ros']
[10.709s] Level 1:colcon.colcon_core.package_identification:_identify(src/leo_common-ros2/leo_msgs) by extension 'ros'
[10.710s] DEBUG:colcon.colcon_core.package_identification:Package 'src/leo_common-ros2/leo_msgs' with type 'ros.ament_cmake' and name 'leo_msgs'
[10.710s] Level 1:colcon.colcon_core.package_identification:_identify(src/leo_common-ros2/leo_teleop) by extensions ['ignore', 'ignore_ament_install']
[10.710s] Level 1:colcon.colcon_core.package_identification:_identify(src/leo_common-ros2/leo_teleop) by extension 'ignore'
[10.711s] Level 1:colcon.colcon_core.package_identification:_identify(src/leo_common-ros2/leo_teleop) by extension 'ignore_ament_install'
[10.711s] Level 1:colcon.colcon_core.package_identification:_identify(src/leo_common-ros2/leo_teleop) by extensions ['colcon_pkg']
[10.711s] Level 1:colcon.colcon_core.package_identification:_identify(src/leo_common-ros2/leo_teleop) by extension 'colcon_pkg'
[10.711s] Level 1:colcon.colcon_core.package_identification:_identify(src/leo_common-ros2/leo_teleop) by extensions ['colcon_meta']
[10.711s] Level 1:colcon.colcon_core.package_identification:_identify(src/leo_common-ros2/leo_teleop) by extension 'colcon_meta'
[10.711s] Level 1:colcon.colcon_core.package_identification:_identify(src/leo_common-ros2/leo_teleop) by extensions ['ros']
[10.711s] Level 1:colcon.colcon_core.package_identification:_identify(src/leo_common-ros2/leo_teleop) by extension 'ros'
[10.712s] DEBUG:colcon.colcon_core.package_identification:Package 'src/leo_common-ros2/leo_teleop' with type 'ros.ament_cmake' and name 'leo_teleop'
[10.712s] Level 1:colcon.colcon_core.package_identification:_identify(src/micro-ROS-Agent) by extensions ['ignore', 'ignore_ament_install']
[10.713s] Level 1:colcon.colcon_core.package_identification:_identify(src/micro-ROS-Agent) by extension 'ignore'
[10.713s] Level 1:colcon.colcon_core.package_identification:_identify(src/micro-ROS-Agent) by extension 'ignore_ament_install'
[10.713s] Level 1:colcon.colcon_core.package_identification:_identify(src/micro-ROS-Agent) by extensions ['colcon_pkg']
[10.713s] Level 1:colcon.colcon_core.package_identification:_identify(src/micro-ROS-Agent) by extension 'colcon_pkg'
[10.713s] Level 1:colcon.colcon_core.package_identification:_identify(src/micro-ROS-Agent) by extensions ['colcon_meta']
[10.713s] Level 1:colcon.colcon_core.package_identification:_identify(src/micro-ROS-Agent) by extension 'colcon_meta'
[10.713s] Level 1:colcon.colcon_core.package_identification:_identify(src/micro-ROS-Agent) by extensions ['ros']
[10.713s] Level 1:colcon.colcon_core.package_identification:_identify(src/micro-ROS-Agent) by extension 'ros'
[10.714s] Level 1:colcon.colcon_core.package_identification:_identify(src/micro-ROS-Agent) by extensions ['cmake', 'python']
[10.714s] Level 1:colcon.colcon_core.package_identification:_identify(src/micro-ROS-Agent) by extension 'cmake'
[10.714s] Level 1:colcon.colcon_core.package_identification:_identify(src/micro-ROS-Agent) by extension 'python'
[10.714s] Level 1:colcon.colcon_core.package_identification:_identify(src/micro-ROS-Agent) by extensions ['python_setup_py']
[10.714s] Level 1:colcon.colcon_core.package_identification:_identify(src/micro-ROS-Agent) by extension 'python_setup_py'
[10.714s] Level 1:colcon.colcon_core.package_identification:_identify(src/micro-ROS-Agent/micro_ros_agent) by extensions ['ignore', 'ignore_ament_install']
[10.714s] Level 1:colcon.colcon_core.package_identification:_identify(src/micro-ROS-Agent/micro_ros_agent) by extension 'ignore'
[10.714s] Level 1:colcon.colcon_core.package_identification:_identify(src/micro-ROS-Agent/micro_ros_agent) by extension 'ignore_ament_install'
[10.714s] Level 1:colcon.colcon_core.package_identification:_identify(src/micro-ROS-Agent/micro_ros_agent) by extensions ['colcon_pkg']
[10.715s] Level 1:colcon.colcon_core.package_identification:_identify(src/micro-ROS-Agent/micro_ros_agent) by extension 'colcon_pkg'
[10.715s] Level 1:colcon.colcon_core.package_identification:_identify(src/micro-ROS-Agent/micro_ros_agent) by extensions ['colcon_meta']
[10.715s] Level 1:colcon.colcon_core.package_identification:_identify(src/micro-ROS-Agent/micro_ros_agent) by extension 'colcon_meta'
[10.715s] Level 1:colcon.colcon_core.package_identification:_identify(src/micro-ROS-Agent/micro_ros_agent) by extensions ['ros']
[10.715s] Level 1:colcon.colcon_core.package_identification:_identify(src/micro-ROS-Agent/micro_ros_agent) by extension 'ros'
[10.717s] DEBUG:colcon.colcon_core.package_identification:Package 'src/micro-ROS-Agent/micro_ros_agent' with type 'ros.ament_cmake' and name 'micro_ros_agent'
[10.717s] Level 1:colcon.colcon_core.package_identification:_identify(src/micro-ROS-Agent/snap) by extensions ['ignore', 'ignore_ament_install']
[10.717s] Level 1:colcon.colcon_core.package_identification:_identify(src/micro-ROS-Agent/snap) by extension 'ignore'
[10.717s] Level 1:colcon.colcon_core.package_identification:_identify(src/micro-ROS-Agent/snap) by extension 'ignore_ament_install'
[10.717s] Level 1:colcon.colcon_core.package_identification:_identify(src/micro-ROS-Agent/snap) by extensions ['colcon_pkg']
[10.717s] Level 1:colcon.colcon_core.package_identification:_identify(src/micro-ROS-Agent/snap) by extension 'colcon_pkg'
[10.718s] Level 1:colcon.colcon_core.package_identification:_identify(src/micro-ROS-Agent/snap) by extensions ['colcon_meta']
[10.718s] Level 1:colcon.colcon_core.package_identification:_identify(src/micro-ROS-Agent/snap) by extension 'colcon_meta'
[10.718s] Level 1:colcon.colcon_core.package_identification:_identify(src/micro-ROS-Agent/snap) by extensions ['ros']
[10.718s] Level 1:colcon.colcon_core.package_identification:_identify(src/micro-ROS-Agent/snap) by extension 'ros'
[10.718s] Level 1:colcon.colcon_core.package_identification:_identify(src/micro-ROS-Agent/snap) by extensions ['cmake', 'python']
[10.718s] Level 1:colcon.colcon_core.package_identification:_identify(src/micro-ROS-Agent/snap) by extension 'cmake'
[10.718s] Level 1:colcon.colcon_core.package_identification:_identify(src/micro-ROS-Agent/snap) by extension 'python'
[10.718s] Level 1:colcon.colcon_core.package_identification:_identify(src/micro-ROS-Agent/snap) by extensions ['python_setup_py']
[10.718s] Level 1:colcon.colcon_core.package_identification:_identify(src/micro-ROS-Agent/snap) by extension 'python_setup_py'
[10.719s] Level 1:colcon.colcon_core.package_identification:_identify(src/micro-ROS-Agent/snap/hooks) by extensions ['ignore', 'ignore_ament_install']
[10.719s] Level 1:colcon.colcon_core.package_identification:_identify(src/micro-ROS-Agent/snap/hooks) by extension 'ignore'
[10.719s] Level 1:colcon.colcon_core.package_identification:_identify(src/micro-ROS-Agent/snap/hooks) by extension 'ignore_ament_install'
[10.719s] Level 1:colcon.colcon_core.package_identification:_identify(src/micro-ROS-Agent/snap/hooks) by extensions ['colcon_pkg']
[10.719s] Level 1:colcon.colcon_core.package_identification:_identify(src/micro-ROS-Agent/snap/hooks) by extension 'colcon_pkg'
[10.719s] Level 1:colcon.colcon_core.package_identification:_identify(src/micro-ROS-Agent/snap/hooks) by extensions ['colcon_meta']
[10.719s] Level 1:colcon.colcon_core.package_identification:_identify(src/micro-ROS-Agent/snap/hooks) by extension 'colcon_meta'
[10.719s] Level 1:colcon.colcon_core.package_identification:_identify(src/micro-ROS-Agent/snap/hooks) by extensions ['ros']
[10.719s] Level 1:colcon.colcon_core.package_identification:_identify(src/micro-ROS-Agent/snap/hooks) by extension 'ros'
[10.720s] Level 1:colcon.colcon_core.package_identification:_identify(src/micro-ROS-Agent/snap/hooks) by extensions ['cmake', 'python']
[10.720s] Level 1:colcon.colcon_core.package_identification:_identify(src/micro-ROS-Agent/snap/hooks) by extension 'cmake'
[10.720s] Level 1:colcon.colcon_core.package_identification:_identify(src/micro-ROS-Agent/snap/hooks) by extension 'python'
[10.720s] Level 1:colcon.colcon_core.package_identification:_identify(src/micro-ROS-Agent/snap/hooks) by extensions ['python_setup_py']
[10.720s] Level 1:colcon.colcon_core.package_identification:_identify(src/micro-ROS-Agent/snap/hooks) by extension 'python_setup_py'
[10.720s] Level 1:colcon.colcon_core.package_identification:_identify(src/micro-ROS-Agent/snap/local) by extensions ['ignore', 'ignore_ament_install']
[10.720s] Level 1:colcon.colcon_core.package_identification:_identify(src/micro-ROS-Agent/snap/local) by extension 'ignore'
[10.720s] Level 1:colcon.colcon_core.package_identification:_identify(src/micro-ROS-Agent/snap/local) by extension 'ignore_ament_install'
[10.721s] Level 1:colcon.colcon_core.package_identification:_identify(src/micro-ROS-Agent/snap/local) by extensions ['colcon_pkg']
[10.721s] Level 1:colcon.colcon_core.package_identification:_identify(src/micro-ROS-Agent/snap/local) by extension 'colcon_pkg'
[10.721s] Level 1:colcon.colcon_core.package_identification:_identify(src/micro-ROS-Agent/snap/local) by extensions ['colcon_meta']
[10.721s] Level 1:colcon.colcon_core.package_identification:_identify(src/micro-ROS-Agent/snap/local) by extension 'colcon_meta'
[10.721s] Level 1:colcon.colcon_core.package_identification:_identify(src/micro-ROS-Agent/snap/local) by extensions ['ros']
[10.721s] Level 1:colcon.colcon_core.package_identification:_identify(src/micro-ROS-Agent/snap/local) by extension 'ros'
[10.721s] Level 1:colcon.colcon_core.package_identification:_identify(src/micro-ROS-Agent/snap/local) by extensions ['cmake', 'python']
[10.721s] Level 1:colcon.colcon_core.package_identification:_identify(src/micro-ROS-Agent/snap/local) by extension 'cmake'
[10.721s] Level 1:colcon.colcon_core.package_identification:_identify(src/micro-ROS-Agent/snap/local) by extension 'python'
[10.721s] Level 1:colcon.colcon_core.package_identification:_identify(src/micro-ROS-Agent/snap/local) by extensions ['python_setup_py']
[10.721s] Level 1:colcon.colcon_core.package_identification:_identify(src/micro-ROS-Agent/snap/local) by extension 'python_setup_py'
[10.722s] Level 1:colcon.colcon_core.package_discovery:discover_packages(recursive) using defaults
[10.722s] Level 1:colcon.colcon_core.package_discovery:discover_packages(ignore) discover
[10.722s] Level 1:colcon.colcon_core.package_discovery:discover_packages(ignore) using defaults
[10.722s] Level 1:colcon.colcon_core.package_discovery:discover_packages(path) discover
[10.722s] Level 1:colcon.colcon_core.package_discovery:discover_packages(path) using defaults
[11.673s] Level 1:colcon.colcon_core.package_discovery:discover_packages(prefix_path) check parameters
[11.673s] Level 1:colcon.colcon_core.package_discovery:discover_packages(prefix_path) discover
[12.042s] DEBUG:colcon.colcon_installed_package_information.package_discovery:Found 5 installed packages in /home/spacer/ros_ws/install
[12.227s] DEBUG:colcon.colcon_installed_package_information.package_discovery:Found 257 installed packages in /opt/ros/foxy
[12.230s] Level 1:colcon.colcon_core.package_discovery:discover_packages(prefix_path) using defaults
[12.765s] Level 5:colcon.colcon_core.verb:set package 'leo_description' build argument 'cmake_args' from command line to 'None'
[12.765s] Level 5:colcon.colcon_core.verb:set package 'leo_description' build argument 'cmake_target' from command line to 'None'
[12.765s] Level 5:colcon.colcon_core.verb:set package 'leo_description' build argument 'cmake_target_skip_unavailable' from command line to 'False'
[12.765s] Level 5:colcon.colcon_core.verb:set package 'leo_description' build argument 'cmake_clean_cache' from command line to 'False'
[12.766s] Level 5:colcon.colcon_core.verb:set package 'leo_description' build argument 'cmake_clean_first' from command line to 'False'
[12.766s] Level 5:colcon.colcon_core.verb:set package 'leo_description' build argument 'cmake_force_configure' from command line to 'False'
[12.766s] Level 5:colcon.colcon_core.verb:set package 'leo_description' build argument 'ament_cmake_args' from command line to 'None'
[12.766s] Level 5:colcon.colcon_core.verb:set package 'leo_description' build argument 'catkin_cmake_args' from command line to 'None'
[12.766s] Level 5:colcon.colcon_core.verb:set package 'leo_description' build argument 'catkin_skip_building_tests' from command line to 'False'
[12.766s] DEBUG:colcon.colcon_core.verb:Building package 'leo_description' with the following arguments: {'ament_cmake_args': None, 'build_base': '/home/spacer/leo_ws/build/leo_description', 'catkin_cmake_args': None, 'catkin_skip_building_tests': False, 'cmake_args': None, 'cmake_clean_cache': False, 'cmake_clean_first': False, 'cmake_force_configure': False, 'cmake_target': None, 'cmake_target_skip_unavailable': False, 'install_base': '/home/spacer/leo_ws/install/leo_description', 'merge_install': False, 'path': '/home/spacer/leo_ws/src/leo_common-ros2/leo_description', 'symlink_install': False, 'test_result_base': None}
[12.950s] Level 5:colcon.colcon_core.verb:set package 'leo_msgs' build argument 'cmake_args' from command line to 'None'
[12.950s] Level 5:colcon.colcon_core.verb:set package 'leo_msgs' build argument 'cmake_target' from command line to 'None'
[12.950s] Level 5:colcon.colcon_core.verb:set package 'leo_msgs' build argument 'cmake_target_skip_unavailable' from command line to 'False'
[12.950s] Level 5:colcon.colcon_core.verb:set package 'leo_msgs' build argument 'cmake_clean_cache' from command line to 'False'
[12.950s] Level 5:colcon.colcon_core.verb:set package 'leo_msgs' build argument 'cmake_clean_first' from command line to 'False'
[12.950s] Level 5:colcon.colcon_core.verb:set package 'leo_msgs' build argument 'cmake_force_configure' from command line to 'False'
[12.951s] Level 5:colcon.colcon_core.verb:set package 'leo_msgs' build argument 'ament_cmake_args' from command line to 'None'
[12.951s] Level 5:colcon.colcon_core.verb:set package 'leo_msgs' build argument 'catkin_cmake_args' from command line to 'None'
[12.951s] Level 5:colcon.colcon_core.verb:set package 'leo_msgs' build argument 'catkin_skip_building_tests' from command line to 'False'
[12.951s] DEBUG:colcon.colcon_core.verb:Building package 'leo_msgs' with the following arguments: {'ament_cmake_args': None, 'build_base': '/home/spacer/leo_ws/build/leo_msgs', 'catkin_cmake_args': None, 'catkin_skip_building_tests': False, 'cmake_args': None, 'cmake_clean_cache': False, 'cmake_clean_first': False, 'cmake_force_configure': False, 'cmake_target': None, 'cmake_target_skip_unavailable': False, 'install_base': '/home/spacer/leo_ws/install/leo_msgs', 'merge_install': False, 'path': '/home/spacer/leo_ws/src/leo_common-ros2/leo_msgs', 'symlink_install': False, 'test_result_base': None}
[13.134s] Level 5:colcon.colcon_core.verb:set package 'leo_teleop' build argument 'cmake_args' from command line to 'None'
[13.134s] Level 5:colcon.colcon_core.verb:set package 'leo_teleop' build argument 'cmake_target' from command line to 'None'
[13.134s] Level 5:colcon.colcon_core.verb:set package 'leo_teleop' build argument 'cmake_target_skip_unavailable' from command line to 'False'
[13.134s] Level 5:colcon.colcon_core.verb:set package 'leo_teleop' build argument 'cmake_clean_cache' from command line to 'False'
[13.134s] Level 5:colcon.colcon_core.verb:set package 'leo_teleop' build argument 'cmake_clean_first' from command line to 'False'
[13.134s] Level 5:colcon.colcon_core.verb:set package 'leo_teleop' build argument 'cmake_force_configure' from command line to 'False'
[13.134s] Level 5:colcon.colcon_core.verb:set package 'leo_teleop' build argument 'ament_cmake_args' from command line to 'None'
[13.134s] Level 5:colcon.colcon_core.verb:set package 'leo_teleop' build argument 'catkin_cmake_args' from command line to 'None'
[13.134s] Level 5:colcon.colcon_core.verb:set package 'leo_teleop' build argument 'catkin_skip_building_tests' from command line to 'False'
[13.134s] DEBUG:colcon.colcon_core.verb:Building package 'leo_teleop' with the following arguments: {'ament_cmake_args': None, 'build_base': '/home/spacer/leo_ws/build/leo_teleop', 'catkin_cmake_args': None, 'catkin_skip_building_tests': False, 'cmake_args': None, 'cmake_clean_cache': False, 'cmake_clean_first': False, 'cmake_force_configure': False, 'cmake_target': None, 'cmake_target_skip_unavailable': False, 'install_base': '/home/spacer/leo_ws/install/leo_teleop', 'merge_install': False, 'path': '/home/spacer/leo_ws/src/leo_common-ros2/leo_teleop', 'symlink_install': False, 'test_result_base': None}
[13.317s] Level 5:colcon.colcon_core.verb:set package 'micro_ros_agent' build argument 'cmake_args' from command line to 'None'
[13.317s] Level 5:colcon.colcon_core.verb:set package 'micro_ros_agent' build argument 'cmake_target' from command line to 'None'
[13.317s] Level 5:colcon.colcon_core.verb:set package 'micro_ros_agent' build argument 'cmake_target_skip_unavailable' from command line to 'False'
[13.317s] Level 5:colcon.colcon_core.verb:set package 'micro_ros_agent' build argument 'cmake_clean_cache' from command line to 'False'
[13.318s] Level 5:colcon.colcon_core.verb:set package 'micro_ros_agent' build argument 'cmake_clean_first' from command line to 'False'
[13.318s] Level 5:colcon.colcon_core.verb:set package 'micro_ros_agent' build argument 'cmake_force_configure' from command line to 'False'
[13.318s] Level 5:colcon.colcon_core.verb:set package 'micro_ros_agent' build argument 'ament_cmake_args' from command line to 'None'
[13.318s] Level 5:colcon.colcon_core.verb:set package 'micro_ros_agent' build argument 'catkin_cmake_args' from command line to 'None'
[13.318s] Level 5:colcon.colcon_core.verb:set package 'micro_ros_agent' build argument 'catkin_skip_building_tests' from command line to 'False'
[13.318s] DEBUG:colcon.colcon_core.verb:Building package 'micro_ros_agent' with the following arguments: {'ament_cmake_args': None, 'build_base': '/home/spacer/leo_ws/build/micro_ros_agent', 'catkin_cmake_args': None, 'catkin_skip_building_tests': False, 'cmake_args': None, 'cmake_clean_cache': False, 'cmake_clean_first': False, 'cmake_force_configure': False, 'cmake_target': None, 'cmake_target_skip_unavailable': False, 'install_base': '/home/spacer/leo_ws/install/micro_ros_agent', 'merge_install': False, 'path': '/home/spacer/leo_ws/src/micro-ROS-Agent/micro_ros_agent', 'symlink_install': False, 'test_result_base': None}
[13.502s] Level 5:colcon.colcon_core.verb:set package 'leo' build argument 'cmake_args' from command line to 'None'
[13.502s] Level 5:colcon.colcon_core.verb:set package 'leo' build argument 'cmake_target' from command line to 'None'
[13.502s] Level 5:colcon.colcon_core.verb:set package 'leo' build argument 'cmake_target_skip_unavailable' from command line to 'False'
[13.502s] Level 5:colcon.colcon_core.verb:set package 'leo' build argument 'cmake_clean_cache' from command line to 'False'
[13.502s] Level 5:colcon.colcon_core.verb:set package 'leo' build argument 'cmake_clean_first' from command line to 'False'
[13.502s] Level 5:colcon.colcon_core.verb:set package 'leo' build argument 'cmake_force_configure' from command line to 'False'
[13.502s] Level 5:colcon.colcon_core.verb:set package 'leo' build argument 'ament_cmake_args' from command line to 'None'
[13.502s] Level 5:colcon.colcon_core.verb:set package 'leo' build argument 'catkin_cmake_args' from command line to 'None'
[13.502s] Level 5:colcon.colcon_core.verb:set package 'leo' build argument 'catkin_skip_building_tests' from command line to 'False'
[13.502s] DEBUG:colcon.colcon_core.verb:Building package 'leo' with the following arguments: {'ament_cmake_args': None, 'build_base': '/home/spacer/leo_ws/build/leo', 'catkin_cmake_args': None, 'catkin_skip_building_tests': False, 'cmake_args': None, 'cmake_clean_cache': False, 'cmake_clean_first': False, 'cmake_force_configure': False, 'cmake_target': None, 'cmake_target_skip_unavailable': False, 'install_base': '/home/spacer/leo_ws/install/leo', 'merge_install': False, 'path': '/home/spacer/leo_ws/src/leo_common-ros2/leo', 'symlink_install': False, 'test_result_base': None}
[13.685s] INFO:colcon.colcon_core.executor:Executing jobs using 'parallel' executor
[13.868s] DEBUG:colcon.colcon_parallel_executor.executor.parallel:run_until_complete
[13.869s] INFO:colcon.colcon_ros.task.ament_cmake.build:Building ROS package in '/home/spacer/leo_ws/src/leo_common-ros2/leo_description' with build type 'ament_cmake'
[13.870s] INFO:colcon.colcon_cmake.task.cmake.build:Building CMake package in '/home/spacer/leo_ws/src/leo_common-ros2/leo_description'
[14.059s] INFO:colcon.colcon_core.plugin_system:Skipping extension 'colcon_core.shell.bat': Not used on non-Windows systems
[14.059s] INFO:colcon.colcon_core.shell:Skip shell extension 'powershell' for command environment: Not usable outside of PowerShell
[14.059s] DEBUG:colcon.colcon_core.shell:Skip shell extension 'dsv' for command environment
[14.633s] INFO:colcon.colcon_ros.task.ament_cmake.build:Building ROS package in '/home/spacer/leo_ws/src/leo_common-ros2/leo_msgs' with build type 'ament_cmake'
[14.634s] INFO:colcon.colcon_cmake.task.cmake.build:Building CMake package in '/home/spacer/leo_ws/src/leo_common-ros2/leo_msgs'
[14.825s] INFO:colcon.colcon_core.shell:Skip shell extension 'powershell' for command environment: Not usable outside of PowerShell
[14.825s] DEBUG:colcon.colcon_core.shell:Skip shell extension 'dsv' for command environment
[15.399s] INFO:colcon.colcon_ros.task.ament_cmake.build:Building ROS package in '/home/spacer/leo_ws/src/leo_common-ros2/leo_teleop' with build type 'ament_cmake'
[15.399s] INFO:colcon.colcon_cmake.task.cmake.build:Building CMake package in '/home/spacer/leo_ws/src/leo_common-ros2/leo_teleop'
[15.590s] INFO:colcon.colcon_core.shell:Skip shell extension 'powershell' for command environment: Not usable outside of PowerShell
[15.590s] DEBUG:colcon.colcon_core.shell:Skip shell extension 'dsv' for command environment
[16.161s] INFO:colcon.colcon_ros.task.ament_cmake.build:Building ROS package in '/home/spacer/leo_ws/src/micro-ROS-Agent/micro_ros_agent' with build type 'ament_cmake'
[16.162s] INFO:colcon.colcon_cmake.task.cmake.build:Building CMake package in '/home/spacer/leo_ws/src/micro-ROS-Agent/micro_ros_agent'
[16.353s] INFO:colcon.colcon_core.shell:Skip shell extension 'powershell' for command environment: Not usable outside of PowerShell
[16.353s] DEBUG:colcon.colcon_core.shell:Skip shell extension 'dsv' for command environment
[16.933s] DEBUG:colcon.colcon_core.event_handler.log_command:Invoking command in '/home/spacer/leo_ws/build/leo_description': CMAKE_PREFIX_PATH=${CMAKE_PREFIX_PATH}:/opt/ros/foxy /usr/bin/cmake /home/spacer/leo_ws/src/leo_common-ros2/leo_description -DCMAKE_INSTALL_PREFIX=/home/spacer/leo_ws/install/leo_description
[16.947s] DEBUG:colcon.colcon_core.event_handler.log_command:Invoking command in '/home/spacer/leo_ws/build/leo_msgs': CMAKE_PREFIX_PATH=${CMAKE_PREFIX_PATH}:/opt/ros/foxy /usr/bin/cmake /home/spacer/leo_ws/src/leo_common-ros2/leo_msgs -DCMAKE_INSTALL_PREFIX=/home/spacer/leo_ws/install/leo_msgs
[16.954s] DEBUG:colcon.colcon_core.event_handler.log_command:Invoking command in '/home/spacer/leo_ws/build/leo_teleop': CMAKE_PREFIX_PATH=${CMAKE_PREFIX_PATH}:/opt/ros/foxy /usr/bin/cmake /home/spacer/leo_ws/src/leo_common-ros2/leo_teleop -DCMAKE_INSTALL_PREFIX=/home/spacer/leo_ws/install/leo_teleop
[16.962s] DEBUG:colcon.colcon_core.event_handler.log_command:Invoking command in '/home/spacer/leo_ws/build/micro_ros_agent': CMAKE_PREFIX_PATH=${CMAKE_PREFIX_PATH}:/opt/ros/foxy /usr/bin/cmake /home/spacer/leo_ws/src/micro-ROS-Agent/micro_ros_agent -DCMAKE_INSTALL_PREFIX=/home/spacer/leo_ws/install/micro_ros_agent
[17.939s] DEBUG:colcon.colcon_core.event_handler.log_command:Invoked command in '/home/spacer/leo_ws/build/micro_ros_agent' returned '0': CMAKE_PREFIX_PATH=${CMAKE_PREFIX_PATH}:/opt/ros/foxy /usr/bin/cmake /home/spacer/leo_ws/src/micro-ROS-Agent/micro_ros_agent -DCMAKE_INSTALL_PREFIX=/home/spacer/leo_ws/install/micro_ros_agent
[17.945s] DEBUG:colcon.colcon_core.event_handler.log_command:Invoking command in '/home/spacer/leo_ws/build/micro_ros_agent': CMAKE_PREFIX_PATH=${CMAKE_PREFIX_PATH}:/opt/ros/foxy /usr/bin/cmake --build /home/spacer/leo_ws/build/micro_ros_agent -- -j6 -l6
[18.431s] DEBUG:colcon.colcon_core.event_handler.log_command:Invoked command in '/home/spacer/leo_ws/build/leo_description' returned '0': CMAKE_PREFIX_PATH=${CMAKE_PREFIX_PATH}:/opt/ros/foxy /usr/bin/cmake /home/spacer/leo_ws/src/leo_common-ros2/leo_description -DCMAKE_INSTALL_PREFIX=/home/spacer/leo_ws/install/leo_description
[18.437s] DEBUG:colcon.colcon_core.event_handler.log_command:Invoking command in '/home/spacer/leo_ws/build/leo_description': CMAKE_PREFIX_PATH=${CMAKE_PREFIX_PATH}:/opt/ros/foxy /usr/bin/cmake --build /home/spacer/leo_ws/build/leo_description -- -j6 -l6
[18.448s] DEBUG:colcon.colcon_core.event_handler.log_command:Invoked command in '/home/spacer/leo_ws/build/leo_teleop' returned '0': CMAKE_PREFIX_PATH=${CMAKE_PREFIX_PATH}:/opt/ros/foxy /usr/bin/cmake /home/spacer/leo_ws/src/leo_common-ros2/leo_teleop -DCMAKE_INSTALL_PREFIX=/home/spacer/leo_ws/install/leo_teleop
[18.454s] DEBUG:colcon.colcon_core.event_handler.log_command:Invoking command in '/home/spacer/leo_ws/build/leo_teleop': CMAKE_PREFIX_PATH=${CMAKE_PREFIX_PATH}:/opt/ros/foxy /usr/bin/cmake --build /home/spacer/leo_ws/build/leo_teleop -- -j6 -l6
[18.519s] DEBUG:colcon.colcon_core.event_handler.log_command:Invoked command in '/home/spacer/leo_ws/build/leo_description' returned '0': CMAKE_PREFIX_PATH=${CMAKE_PREFIX_PATH}:/opt/ros/foxy /usr/bin/cmake --build /home/spacer/leo_ws/build/leo_description -- -j6 -l6
[18.541s] DEBUG:colcon.colcon_core.event_handler.log_command:Invoked command in '/home/spacer/leo_ws/build/leo_teleop' returned '0': CMAKE_PREFIX_PATH=${CMAKE_PREFIX_PATH}:/opt/ros/foxy /usr/bin/cmake --build /home/spacer/leo_ws/build/leo_teleop -- -j6 -l6
[18.594s] DEBUG:colcon.colcon_core.event_handler.log_command:Invoking command in '/home/spacer/leo_ws/build/leo_description': CMAKE_PREFIX_PATH=${CMAKE_PREFIX_PATH}:/opt/ros/foxy /usr/bin/cmake --install /home/spacer/leo_ws/build/leo_description
[18.603s] DEBUG:colcon.colcon_core.event_handler.log_command:Invoking command in '/home/spacer/leo_ws/build/leo_teleop': CMAKE_PREFIX_PATH=${CMAKE_PREFIX_PATH}:/opt/ros/foxy /usr/bin/cmake --install /home/spacer/leo_ws/build/leo_teleop
[18.632s] Level 1:colcon.colcon_core.environment:create_environment_scripts_only(leo_teleop)
[18.633s] DEBUG:colcon.colcon_core.event_handler.log_command:Invoked command in '/home/spacer/leo_ws/build/leo_teleop' returned '0': CMAKE_PREFIX_PATH=${CMAKE_PREFIX_PATH}:/opt/ros/foxy /usr/bin/cmake --install /home/spacer/leo_ws/build/leo_teleop
[18.838s] Level 1:colcon.colcon_core.environment:checking '/home/spacer/leo_ws/install/leo_teleop' for CMake module files
[18.839s] Level 1:colcon.colcon_core.environment:checking '/home/spacer/leo_ws/install/leo_teleop' for CMake config files
[18.840s] Level 1:colcon.colcon_core.shell:create_environment_hook('leo_teleop', 'cmake_prefix_path')
[19.028s] INFO:colcon.colcon_core.shell:Creating environment hook '/home/spacer/leo_ws/install/leo_teleop/share/leo_teleop/hook/cmake_prefix_path.ps1'
[19.029s] INFO:colcon.colcon_core.shell:Creating environment descriptor '/home/spacer/leo_ws/install/leo_teleop/share/leo_teleop/hook/cmake_prefix_path.dsv'
[19.030s] INFO:colcon.colcon_core.shell:Creating environment hook '/home/spacer/leo_ws/install/leo_teleop/share/leo_teleop/hook/cmake_prefix_path.sh'
[19.032s] Level 1:colcon.colcon_core.environment:checking '/home/spacer/leo_ws/install/leo_teleop/bin'
[19.032s] Level 1:colcon.colcon_core.environment:checking '/home/spacer/leo_ws/install/leo_teleop/lib/pkgconfig/leo_teleop.pc'
[19.032s] Level 1:colcon.colcon_core.environment:checking '/home/spacer/leo_ws/install/leo_teleop/lib/python3.8/site-packages'
[19.033s] Level 1:colcon.colcon_core.environment:checking '/home/spacer/leo_ws/install/leo_teleop/bin'
[19.221s] INFO:colcon.colcon_core.shell:Creating package script '/home/spacer/leo_ws/install/leo_teleop/share/leo_teleop/package.ps1'
[19.223s] INFO:colcon.colcon_core.shell:Creating package descriptor '/home/spacer/leo_ws/install/leo_teleop/share/leo_teleop/package.dsv'
[19.224s] INFO:colcon.colcon_core.shell:Creating package script '/home/spacer/leo_ws/install/leo_teleop/share/leo_teleop/package.sh'
[19.225s] INFO:colcon.colcon_core.shell:Creating package script '/home/spacer/leo_ws/install/leo_teleop/share/leo_teleop/package.bash'
[19.227s] INFO:colcon.colcon_core.shell:Creating package script '/home/spacer/leo_ws/install/leo_teleop/share/leo_teleop/package.zsh'
[19.228s] Level 1:colcon.colcon_core.environment:create_file_with_runtime_dependencies(/home/spacer/leo_ws/install/leo_teleop/share/colcon-core/packages/leo_teleop)
[19.238s] Level 1:colcon.colcon_core.environment:create_environment_scripts_only(leo_description)
[19.239s] DEBUG:colcon.colcon_core.event_handler.log_command:Invoked command in '/home/spacer/leo_ws/build/leo_description' returned '0': CMAKE_PREFIX_PATH=${CMAKE_PREFIX_PATH}:/opt/ros/foxy /usr/bin/cmake --install /home/spacer/leo_ws/build/leo_description
[19.430s] Level 1:colcon.colcon_core.environment:checking '/home/spacer/leo_ws/install/leo_description' for CMake module files
[19.431s] Level 1:colcon.colcon_core.environment:checking '/home/spacer/leo_ws/install/leo_description' for CMake config files
[19.431s] Level 1:colcon.colcon_core.shell:create_environment_hook('leo_description', 'cmake_prefix_path')
[19.622s] INFO:colcon.colcon_core.shell:Creating environment hook '/home/spacer/leo_ws/install/leo_description/share/leo_description/hook/cmake_prefix_path.ps1'
[19.624s] INFO:colcon.colcon_core.shell:Creating environment descriptor '/home/spacer/leo_ws/install/leo_description/share/leo_description/hook/cmake_prefix_path.dsv'
[19.624s] INFO:colcon.colcon_core.shell:Creating environment hook '/home/spacer/leo_ws/install/leo_description/share/leo_description/hook/cmake_prefix_path.sh'
[19.625s] Level 1:colcon.colcon_core.environment:checking '/home/spacer/leo_ws/install/leo_description/bin'
[19.625s] Level 1:colcon.colcon_core.environment:checking '/home/spacer/leo_ws/install/leo_description/lib/pkgconfig/leo_description.pc'
[19.626s] Level 1:colcon.colcon_core.environment:checking '/home/spacer/leo_ws/install/leo_description/lib/python3.8/site-packages'
[19.626s] Level 1:colcon.colcon_core.environment:checking '/home/spacer/leo_ws/install/leo_description/bin'
[19.823s] INFO:colcon.colcon_core.shell:Creating package script '/home/spacer/leo_ws/install/leo_description/share/leo_description/package.ps1'
[19.825s] INFO:colcon.colcon_core.shell:Creating package descriptor '/home/spacer/leo_ws/install/leo_description/share/leo_description/package.dsv'
[19.825s] INFO:colcon.colcon_core.shell:Creating package script '/home/spacer/leo_ws/install/leo_description/share/leo_description/package.sh'
[19.826s] INFO:colcon.colcon_core.shell:Creating package script '/home/spacer/leo_ws/install/leo_description/share/leo_description/package.bash'
[19.827s] INFO:colcon.colcon_core.shell:Creating package script '/home/spacer/leo_ws/install/leo_description/share/leo_description/package.zsh'
[19.827s] Level 1:colcon.colcon_core.environment:create_file_with_runtime_dependencies(/home/spacer/leo_ws/install/leo_description/share/colcon-core/packages/leo_description)
[20.027s] Level 1:colcon.colcon_core.environment:create_environment_scripts_only(leo_teleop)
[20.212s] Level 1:colcon.colcon_core.environment:checking '/home/spacer/leo_ws/install/leo_teleop' for CMake module files
[20.213s] Level 1:colcon.colcon_core.environment:checking '/home/spacer/leo_ws/install/leo_teleop' for CMake config files
[20.213s] Level 1:colcon.colcon_core.shell:create_environment_hook('leo_teleop', 'cmake_prefix_path')
[20.398s] INFO:colcon.colcon_core.shell:Creating environment hook '/home/spacer/leo_ws/install/leo_teleop/share/leo_teleop/hook/cmake_prefix_path.ps1'
[20.399s] INFO:colcon.colcon_core.shell:Creating environment descriptor '/home/spacer/leo_ws/install/leo_teleop/share/leo_teleop/hook/cmake_prefix_path.dsv'
[20.400s] INFO:colcon.colcon_core.shell:Creating environment hook '/home/spacer/leo_ws/install/leo_teleop/share/leo_teleop/hook/cmake_prefix_path.sh'
[20.401s] Level 1:colcon.colcon_core.environment:checking '/home/spacer/leo_ws/install/leo_teleop/bin'
[20.401s] Level 1:colcon.colcon_core.environment:checking '/home/spacer/leo_ws/install/leo_teleop/lib/pkgconfig/leo_teleop.pc'
[20.401s] Level 1:colcon.colcon_core.environment:checking '/home/spacer/leo_ws/install/leo_teleop/lib/python3.8/site-packages'
[20.402s] Level 1:colcon.colcon_core.environment:checking '/home/spacer/leo_ws/install/leo_teleop/bin'
[20.588s] INFO:colcon.colcon_core.shell:Creating package script '/home/spacer/leo_ws/install/leo_teleop/share/leo_teleop/package.ps1'
[20.589s] INFO:colcon.colcon_core.shell:Creating package descriptor '/home/spacer/leo_ws/install/leo_teleop/share/leo_teleop/package.dsv'
[20.590s] INFO:colcon.colcon_core.shell:Creating package script '/home/spacer/leo_ws/install/leo_teleop/share/leo_teleop/package.sh'
[20.591s] INFO:colcon.colcon_core.shell:Creating package script '/home/spacer/leo_ws/install/leo_teleop/share/leo_teleop/package.bash'
[20.591s] INFO:colcon.colcon_core.shell:Creating package script '/home/spacer/leo_ws/install/leo_teleop/share/leo_teleop/package.zsh'
[20.592s] Level 1:colcon.colcon_core.environment:create_file_with_runtime_dependencies(/home/spacer/leo_ws/install/leo_teleop/share/colcon-core/packages/leo_teleop)
[20.602s] DEBUG:colcon.colcon_core.event_handler.log_command:Invoked command in '/home/spacer/leo_ws/build/leo_msgs' returned '0': CMAKE_PREFIX_PATH=${CMAKE_PREFIX_PATH}:/opt/ros/foxy /usr/bin/cmake /home/spacer/leo_ws/src/leo_common-ros2/leo_msgs -DCMAKE_INSTALL_PREFIX=/home/spacer/leo_ws/install/leo_msgs
[20.603s] DEBUG:colcon.colcon_core.event_handler.log_command:Invoking command in '/home/spacer/leo_ws/build/leo_msgs': CMAKE_PREFIX_PATH=${CMAKE_PREFIX_PATH}:/opt/ros/foxy /usr/bin/cmake --build /home/spacer/leo_ws/build/leo_msgs -- -j6 -l6
[20.808s] Level 1:colcon.colcon_core.environment:create_environment_scripts_only(leo_description)
[21.002s] Level 1:colcon.colcon_core.environment:checking '/home/spacer/leo_ws/install/leo_description' for CMake module files
[21.003s] Level 1:colcon.colcon_core.environment:checking '/home/spacer/leo_ws/install/leo_description' for CMake config files
[21.003s] Level 1:colcon.colcon_core.shell:create_environment_hook('leo_description', 'cmake_prefix_path')
[21.196s] INFO:colcon.colcon_core.shell:Creating environment hook '/home/spacer/leo_ws/install/leo_description/share/leo_description/hook/cmake_prefix_path.ps1'
[21.197s] INFO:colcon.colcon_core.shell:Creating environment descriptor '/home/spacer/leo_ws/install/leo_description/share/leo_description/hook/cmake_prefix_path.dsv'
[21.198s] INFO:colcon.colcon_core.shell:Creating environment hook '/home/spacer/leo_ws/install/leo_description/share/leo_description/hook/cmake_prefix_path.sh'
[21.199s] Level 1:colcon.colcon_core.environment:checking '/home/spacer/leo_ws/install/leo_description/bin'
[21.199s] Level 1:colcon.colcon_core.environment:checking '/home/spacer/leo_ws/install/leo_description/lib/pkgconfig/leo_description.pc'
[21.200s] Level 1:colcon.colcon_core.environment:checking '/home/spacer/leo_ws/install/leo_description/lib/python3.8/site-packages'
[21.200s] Level 1:colcon.colcon_core.environment:checking '/home/spacer/leo_ws/install/leo_description/bin'
[21.391s] INFO:colcon.colcon_core.shell:Creating package script '/home/spacer/leo_ws/install/leo_description/share/leo_description/package.ps1'
[21.392s] INFO:colcon.colcon_core.shell:Creating package descriptor '/home/spacer/leo_ws/install/leo_description/share/leo_description/package.dsv'
[21.393s] INFO:colcon.colcon_core.shell:Creating package script '/home/spacer/leo_ws/install/leo_description/share/leo_description/package.sh'
[21.394s] INFO:colcon.colcon_core.shell:Creating package script '/home/spacer/leo_ws/install/leo_description/share/leo_description/package.bash'
[21.395s] INFO:colcon.colcon_core.shell:Creating package script '/home/spacer/leo_ws/install/leo_description/share/leo_description/package.zsh'
[21.396s] Level 1:colcon.colcon_core.environment:create_file_with_runtime_dependencies(/home/spacer/leo_ws/install/leo_description/share/colcon-core/packages/leo_description)
[33.028s] DEBUG:colcon.colcon_core.event_handler.log_command:Invoked command in '/home/spacer/leo_ws/build/leo_msgs' returned '0': CMAKE_PREFIX_PATH=${CMAKE_PREFIX_PATH}:/opt/ros/foxy /usr/bin/cmake --build /home/spacer/leo_ws/build/leo_msgs -- -j6 -l6
[34.504s] DEBUG:colcon.colcon_core.event_handler.log_command:Invoking command in '/home/spacer/leo_ws/build/leo_msgs': CMAKE_PREFIX_PATH=${CMAKE_PREFIX_PATH}:/opt/ros/foxy /usr/bin/cmake --install /home/spacer/leo_ws/build/leo_msgs
[34.861s] Level 1:colcon.colcon_core.environment:create_environment_scripts_only(leo_msgs)
[34.875s] DEBUG:colcon.colcon_core.event_handler.log_command:Invoked command in '/home/spacer/leo_ws/build/leo_msgs' returned '0': CMAKE_PREFIX_PATH=${CMAKE_PREFIX_PATH}:/opt/ros/foxy /usr/bin/cmake --install /home/spacer/leo_ws/build/leo_msgs
[35.259s] Level 1:colcon.colcon_core.environment:checking '/home/spacer/leo_ws/install/leo_msgs' for CMake module files
[35.260s] Level 1:colcon.colcon_core.environment:checking '/home/spacer/leo_ws/install/leo_msgs' for CMake config files
[35.261s] Level 1:colcon.colcon_core.shell:create_environment_hook('leo_msgs', 'cmake_prefix_path')
[35.457s] INFO:colcon.colcon_core.shell:Creating environment hook '/home/spacer/leo_ws/install/leo_msgs/share/leo_msgs/hook/cmake_prefix_path.ps1'
[35.459s] INFO:colcon.colcon_core.shell:Creating environment descriptor '/home/spacer/leo_ws/install/leo_msgs/share/leo_msgs/hook/cmake_prefix_path.dsv'
[35.459s] INFO:colcon.colcon_core.shell:Creating environment hook '/home/spacer/leo_ws/install/leo_msgs/share/leo_msgs/hook/cmake_prefix_path.sh'
[35.461s] Level 1:colcon.colcon_core.environment:checking '/home/spacer/leo_ws/install/leo_msgs/lib'
[35.461s] Level 1:colcon.colcon_core.shell:create_environment_hook('leo_msgs', 'ld_library_path_lib')
[35.675s] INFO:colcon.colcon_core.shell:Creating environment hook '/home/spacer/leo_ws/install/leo_msgs/share/leo_msgs/hook/ld_library_path_lib.ps1'
[35.676s] INFO:colcon.colcon_core.shell:Creating environment descriptor '/home/spacer/leo_ws/install/leo_msgs/share/leo_msgs/hook/ld_library_path_lib.dsv'
[35.677s] INFO:colcon.colcon_core.shell:Creating environment hook '/home/spacer/leo_ws/install/leo_msgs/share/leo_msgs/hook/ld_library_path_lib.sh'
[35.678s] Level 1:colcon.colcon_core.environment:checking '/home/spacer/leo_ws/install/leo_msgs/bin'
[35.678s] Level 1:colcon.colcon_core.environment:checking '/home/spacer/leo_ws/install/leo_msgs/lib/pkgconfig/leo_msgs.pc'
[35.679s] Level 1:colcon.colcon_core.environment:checking '/home/spacer/leo_ws/install/leo_msgs/lib/python3.8/site-packages'
[35.679s] Level 1:colcon.colcon_core.shell:create_environment_hook('leo_msgs', 'pythonpath')
[35.962s] INFO:colcon.colcon_core.shell:Creating environment hook '/home/spacer/leo_ws/install/leo_msgs/share/leo_msgs/hook/pythonpath.ps1'
[35.963s] INFO:colcon.colcon_core.shell:Creating environment descriptor '/home/spacer/leo_ws/install/leo_msgs/share/leo_msgs/hook/pythonpath.dsv'
[35.964s] INFO:colcon.colcon_core.shell:Creating environment hook '/home/spacer/leo_ws/install/leo_msgs/share/leo_msgs/hook/pythonpath.sh'
[35.965s] Level 1:colcon.colcon_core.environment:checking '/home/spacer/leo_ws/install/leo_msgs/bin'
[36.163s] INFO:colcon.colcon_core.shell:Creating package script '/home/spacer/leo_ws/install/leo_msgs/share/leo_msgs/package.ps1'
[36.165s] INFO:colcon.colcon_core.shell:Creating package descriptor '/home/spacer/leo_ws/install/leo_msgs/share/leo_msgs/package.dsv'
[36.166s] INFO:colcon.colcon_core.shell:Creating package script '/home/spacer/leo_ws/install/leo_msgs/share/leo_msgs/package.sh'
[36.167s] INFO:colcon.colcon_core.shell:Creating package script '/home/spacer/leo_ws/install/leo_msgs/share/leo_msgs/package.bash'
[36.168s] INFO:colcon.colcon_core.shell:Creating package script '/home/spacer/leo_ws/install/leo_msgs/share/leo_msgs/package.zsh'
[36.169s] Level 1:colcon.colcon_core.environment:create_file_with_runtime_dependencies(/home/spacer/leo_ws/install/leo_msgs/share/colcon-core/packages/leo_msgs)
[37.316s] Level 1:colcon.colcon_core.environment:create_environment_scripts_only(leo_msgs)
[37.544s] Level 1:colcon.colcon_core.environment:checking '/home/spacer/leo_ws/install/leo_msgs' for CMake module files
[37.545s] Level 1:colcon.colcon_core.environment:checking '/home/spacer/leo_ws/install/leo_msgs' for CMake config files
[37.546s] Level 1:colcon.colcon_core.shell:create_environment_hook('leo_msgs', 'cmake_prefix_path')
[37.843s] INFO:colcon.colcon_core.shell:Creating environment hook '/home/spacer/leo_ws/install/leo_msgs/share/leo_msgs/hook/cmake_prefix_path.ps1'
[37.845s] INFO:colcon.colcon_core.shell:Creating environment descriptor '/home/spacer/leo_ws/install/leo_msgs/share/leo_msgs/hook/cmake_prefix_path.dsv'
[37.846s] INFO:colcon.colcon_core.shell:Creating environment hook '/home/spacer/leo_ws/install/leo_msgs/share/leo_msgs/hook/cmake_prefix_path.sh'
[37.848s] Level 1:colcon.colcon_core.environment:checking '/home/spacer/leo_ws/install/leo_msgs/lib'
[37.848s] Level 1:colcon.colcon_core.shell:create_environment_hook('leo_msgs', 'ld_library_path_lib')
[38.066s] INFO:colcon.colcon_core.shell:Creating environment hook '/home/spacer/leo_ws/install/leo_msgs/share/leo_msgs/hook/ld_library_path_lib.ps1'
[38.067s] INFO:colcon.colcon_core.shell:Creating environment descriptor '/home/spacer/leo_ws/install/leo_msgs/share/leo_msgs/hook/ld_library_path_lib.dsv'
[38.068s] INFO:colcon.colcon_core.shell:Creating environment hook '/home/spacer/leo_ws/install/leo_msgs/share/leo_msgs/hook/ld_library_path_lib.sh'
[38.069s] Level 1:colcon.colcon_core.environment:checking '/home/spacer/leo_ws/install/leo_msgs/bin'
[38.069s] Level 1:colcon.colcon_core.environment:checking '/home/spacer/leo_ws/install/leo_msgs/lib/pkgconfig/leo_msgs.pc'
[38.069s] Level 1:colcon.colcon_core.environment:checking '/home/spacer/leo_ws/install/leo_msgs/lib/python3.8/site-packages'
[38.070s] Level 1:colcon.colcon_core.shell:create_environment_hook('leo_msgs', 'pythonpath')
[38.270s] INFO:colcon.colcon_core.shell:Creating environment hook '/home/spacer/leo_ws/install/leo_msgs/share/leo_msgs/hook/pythonpath.ps1'
[38.271s] INFO:colcon.colcon_core.shell:Creating environment descriptor '/home/spacer/leo_ws/install/leo_msgs/share/leo_msgs/hook/pythonpath.dsv'
[38.272s] INFO:colcon.colcon_core.shell:Creating environment hook '/home/spacer/leo_ws/install/leo_msgs/share/leo_msgs/hook/pythonpath.sh'
[38.274s] Level 1:colcon.colcon_core.environment:checking '/home/spacer/leo_ws/install/leo_msgs/bin'
[38.642s] INFO:colcon.colcon_core.shell:Creating package script '/home/spacer/leo_ws/install/leo_msgs/share/leo_msgs/package.ps1'
[38.644s] INFO:colcon.colcon_core.shell:Creating package descriptor '/home/spacer/leo_ws/install/leo_msgs/share/leo_msgs/package.dsv'
[38.645s] INFO:colcon.colcon_core.shell:Creating package script '/home/spacer/leo_ws/install/leo_msgs/share/leo_msgs/package.sh'
[38.646s] INFO:colcon.colcon_core.shell:Creating package script '/home/spacer/leo_ws/install/leo_msgs/share/leo_msgs/package.bash'
[38.648s] INFO:colcon.colcon_core.shell:Creating package script '/home/spacer/leo_ws/install/leo_msgs/share/leo_msgs/package.zsh'
[38.649s] Level 1:colcon.colcon_core.environment:create_file_with_runtime_dependencies(/home/spacer/leo_ws/install/leo_msgs/share/colcon-core/packages/leo_msgs)
[38.650s] INFO:colcon.colcon_ros.task.ament_cmake.build:Building ROS package in '/home/spacer/leo_ws/src/leo_common-ros2/leo' with build type 'ament_cmake'
[38.654s] INFO:colcon.colcon_cmake.task.cmake.build:Building CMake package in '/home/spacer/leo_ws/src/leo_common-ros2/leo'
[38.940s] INFO:colcon.colcon_core.shell:Skip shell extension 'powershell' for command environment: Not usable outside of PowerShell
[38.941s] DEBUG:colcon.colcon_core.shell:Skip shell extension 'dsv' for command environment
[39.669s] DEBUG:colcon.colcon_core.event_handler.log_command:Invoking command in '/home/spacer/leo_ws/build/leo': AMENT_PREFIX_PATH=/home/spacer/leo_ws/install/leo_teleop:/home/spacer/leo_ws/install/leo_msgs:/home/spacer/leo_ws/install/leo_description:${AMENT_PREFIX_PATH} CMAKE_PREFIX_PATH=/home/spacer/leo_ws/install/leo_teleop:/home/spacer/leo_ws/install/leo_msgs:/home/spacer/leo_ws/install/leo_description:/home/spacer/ros_ws/install/micro_ros_agent:/home/spacer/ros_ws/install/leo:/home/spacer/ros_ws/install/leo_teleop:/home/spacer/ros_ws/install/leo_msgs:/home/spacer/ros_ws/install/leo_description:/opt/ros/foxy LD_LIBRARY_PATH=/home/spacer/leo_ws/install/leo_msgs/lib:/home/spacer/ros_ws/install/micro_ros_agent/lib:/home/spacer/ros_ws/install/leo_msgs/lib:/opt/ros/foxy/opt/yaml_cpp_vendor/lib:/opt/ros/foxy/opt/rviz_ogre_vendor/lib:/opt/ros/foxy/lib/aarch64-linux-gnu:/opt/ros/foxy/lib:/usr/local/cuda-11.4/lib64 PYTHONPATH=/home/spacer/leo_ws/install/leo_msgs/lib/python3.8/site-packages:${PYTHONPATH} /usr/bin/cmake /home/spacer/leo_ws/src/leo_common-ros2/leo -DCMAKE_INSTALL_PREFIX=/home/spacer/leo_ws/install/leo
[40.624s] DEBUG:colcon.colcon_core.event_handler.log_command:Invoked command in '/home/spacer/leo_ws/build/leo' returned '0': AMENT_PREFIX_PATH=/home/spacer/leo_ws/install/leo_teleop:/home/spacer/leo_ws/install/leo_msgs:/home/spacer/leo_ws/install/leo_description:${AMENT_PREFIX_PATH} CMAKE_PREFIX_PATH=/home/spacer/leo_ws/install/leo_teleop:/home/spacer/leo_ws/install/leo_msgs:/home/spacer/leo_ws/install/leo_description:/home/spacer/ros_ws/install/micro_ros_agent:/home/spacer/ros_ws/install/leo:/home/spacer/ros_ws/install/leo_teleop:/home/spacer/ros_ws/install/leo_msgs:/home/spacer/ros_ws/install/leo_description:/opt/ros/foxy LD_LIBRARY_PATH=/home/spacer/leo_ws/install/leo_msgs/lib:/home/spacer/ros_ws/install/micro_ros_agent/lib:/home/spacer/ros_ws/install/leo_msgs/lib:/opt/ros/foxy/opt/yaml_cpp_vendor/lib:/opt/ros/foxy/opt/rviz_ogre_vendor/lib:/opt/ros/foxy/lib/aarch64-linux-gnu:/opt/ros/foxy/lib:/usr/local/cuda-11.4/lib64 PYTHONPATH=/home/spacer/leo_ws/install/leo_msgs/lib/python3.8/site-packages:${PYTHONPATH} /usr/bin/cmake /home/spacer/leo_ws/src/leo_common-ros2/leo -DCMAKE_INSTALL_PREFIX=/home/spacer/leo_ws/install/leo
[40.631s] DEBUG:colcon.colcon_core.event_handler.log_command:Invoking command in '/home/spacer/leo_ws/build/leo': AMENT_PREFIX_PATH=/home/spacer/leo_ws/install/leo_teleop:/home/spacer/leo_ws/install/leo_msgs:/home/spacer/leo_ws/install/leo_description:${AMENT_PREFIX_PATH} CMAKE_PREFIX_PATH=/home/spacer/leo_ws/install/leo_teleop:/home/spacer/leo_ws/install/leo_msgs:/home/spacer/leo_ws/install/leo_description:/home/spacer/ros_ws/install/micro_ros_agent:/home/spacer/ros_ws/install/leo:/home/spacer/ros_ws/install/leo_teleop:/home/spacer/ros_ws/install/leo_msgs:/home/spacer/ros_ws/install/leo_description:/opt/ros/foxy LD_LIBRARY_PATH=/home/spacer/leo_ws/install/leo_msgs/lib:/home/spacer/ros_ws/install/micro_ros_agent/lib:/home/spacer/ros_ws/install/leo_msgs/lib:/opt/ros/foxy/opt/yaml_cpp_vendor/lib:/opt/ros/foxy/opt/rviz_ogre_vendor/lib:/opt/ros/foxy/lib/aarch64-linux-gnu:/opt/ros/foxy/lib:/usr/local/cuda-11.4/lib64 PYTHONPATH=/home/spacer/leo_ws/install/leo_msgs/lib/python3.8/site-packages:${PYTHONPATH} /usr/bin/cmake --build /home/spacer/leo_ws/build/leo -- -j6 -l6
[40.843s] DEBUG:colcon.colcon_core.event_handler.log_command:Invoked command in '/home/spacer/leo_ws/build/leo' returned '0': AMENT_PREFIX_PATH=/home/spacer/leo_ws/install/leo_teleop:/home/spacer/leo_ws/install/leo_msgs:/home/spacer/leo_ws/install/leo_description:${AMENT_PREFIX_PATH} CMAKE_PREFIX_PATH=/home/spacer/leo_ws/install/leo_teleop:/home/spacer/leo_ws/install/leo_msgs:/home/spacer/leo_ws/install/leo_description:/home/spacer/ros_ws/install/micro_ros_agent:/home/spacer/ros_ws/install/leo:/home/spacer/ros_ws/install/leo_teleop:/home/spacer/ros_ws/install/leo_msgs:/home/spacer/ros_ws/install/leo_description:/opt/ros/foxy LD_LIBRARY_PATH=/home/spacer/leo_ws/install/leo_msgs/lib:/home/spacer/ros_ws/install/micro_ros_agent/lib:/home/spacer/ros_ws/install/leo_msgs/lib:/opt/ros/foxy/opt/yaml_cpp_vendor/lib:/opt/ros/foxy/opt/rviz_ogre_vendor/lib:/opt/ros/foxy/lib/aarch64-linux-gnu:/opt/ros/foxy/lib:/usr/local/cuda-11.4/lib64 PYTHONPATH=/home/spacer/leo_ws/install/leo_msgs/lib/python3.8/site-packages:${PYTHONPATH} /usr/bin/cmake --build /home/spacer/leo_ws/build/leo -- -j6 -l6
[41.062s] DEBUG:colcon.colcon_core.event_handler.log_command:Invoking command in '/home/spacer/leo_ws/build/leo': AMENT_PREFIX_PATH=/home/spacer/leo_ws/install/leo_teleop:/home/spacer/leo_ws/install/leo_msgs:/home/spacer/leo_ws/install/leo_description:${AMENT_PREFIX_PATH} CMAKE_PREFIX_PATH=/home/spacer/leo_ws/install/leo_teleop:/home/spacer/leo_ws/install/leo_msgs:/home/spacer/leo_ws/install/leo_description:/home/spacer/ros_ws/install/micro_ros_agent:/home/spacer/ros_ws/install/leo:/home/spacer/ros_ws/install/leo_teleop:/home/spacer/ros_ws/install/leo_msgs:/home/spacer/ros_ws/install/leo_description:/opt/ros/foxy LD_LIBRARY_PATH=/home/spacer/leo_ws/install/leo_msgs/lib:/home/spacer/ros_ws/install/micro_ros_agent/lib:/home/spacer/ros_ws/install/leo_msgs/lib:/opt/ros/foxy/opt/yaml_cpp_vendor/lib:/opt/ros/foxy/opt/rviz_ogre_vendor/lib:/opt/ros/foxy/lib/aarch64-linux-gnu:/opt/ros/foxy/lib:/usr/local/cuda-11.4/lib64 PYTHONPATH=/home/spacer/leo_ws/install/leo_msgs/lib/python3.8/site-packages:${PYTHONPATH} /usr/bin/cmake --install /home/spacer/leo_ws/build/leo
[41.119s] Level 1:colcon.colcon_core.environment:create_environment_scripts_only(leo)
[41.121s] DEBUG:colcon.colcon_core.event_handler.log_command:Invoked command in '/home/spacer/leo_ws/build/leo' returned '0': AMENT_PREFIX_PATH=/home/spacer/leo_ws/install/leo_teleop:/home/spacer/leo_ws/install/leo_msgs:/home/spacer/leo_ws/install/leo_description:${AMENT_PREFIX_PATH} CMAKE_PREFIX_PATH=/home/spacer/leo_ws/install/leo_teleop:/home/spacer/leo_ws/install/leo_msgs:/home/spacer/leo_ws/install/leo_description:/home/spacer/ros_ws/install/micro_ros_agent:/home/spacer/ros_ws/install/leo:/home/spacer/ros_ws/install/leo_teleop:/home/spacer/ros_ws/install/leo_msgs:/home/spacer/ros_ws/install/leo_description:/opt/ros/foxy LD_LIBRARY_PATH=/home/spacer/leo_ws/install/leo_msgs/lib:/home/spacer/ros_ws/install/micro_ros_agent/lib:/home/spacer/ros_ws/install/leo_msgs/lib:/opt/ros/foxy/opt/yaml_cpp_vendor/lib:/opt/ros/foxy/opt/rviz_ogre_vendor/lib:/opt/ros/foxy/lib/aarch64-linux-gnu:/opt/ros/foxy/lib:/usr/local/cuda-11.4/lib64 PYTHONPATH=/home/spacer/leo_ws/install/leo_msgs/lib/python3.8/site-packages:${PYTHONPATH} /usr/bin/cmake --install /home/spacer/leo_ws/build/leo
[41.528s] Level 1:colcon.colcon_core.environment:checking '/home/spacer/leo_ws/install/leo' for CMake module files
[41.529s] Level 1:colcon.colcon_core.environment:checking '/home/spacer/leo_ws/install/leo' for CMake config files
[41.529s] Level 1:colcon.colcon_core.shell:create_environment_hook('leo', 'cmake_prefix_path')
[41.761s] INFO:colcon.colcon_core.shell:Creating environment hook '/home/spacer/leo_ws/install/leo/share/leo/hook/cmake_prefix_path.ps1'
[41.763s] INFO:colcon.colcon_core.shell:Creating environment descriptor '/home/spacer/leo_ws/install/leo/share/leo/hook/cmake_prefix_path.dsv'
[41.764s] INFO:colcon.colcon_core.shell:Creating environment hook '/home/spacer/leo_ws/install/leo/share/leo/hook/cmake_prefix_path.sh'
[41.765s] Level 1:colcon.colcon_core.environment:checking '/home/spacer/leo_ws/install/leo/bin'
[41.765s] Level 1:colcon.colcon_core.environment:checking '/home/spacer/leo_ws/install/leo/lib/pkgconfig/leo.pc'
[41.766s] Level 1:colcon.colcon_core.environment:checking '/home/spacer/leo_ws/install/leo/lib/python3.8/site-packages'
[41.767s] Level 1:colcon.colcon_core.environment:checking '/home/spacer/leo_ws/install/leo/bin'
[41.984s] INFO:colcon.colcon_core.shell:Creating package script '/home/spacer/leo_ws/install/leo/share/leo/package.ps1'
[41.986s] INFO:colcon.colcon_core.shell:Creating package descriptor '/home/spacer/leo_ws/install/leo/share/leo/package.dsv'
[41.987s] INFO:colcon.colcon_core.shell:Creating package script '/home/spacer/leo_ws/install/leo/share/leo/package.sh'
[41.988s] INFO:colcon.colcon_core.shell:Creating package script '/home/spacer/leo_ws/install/leo/share/leo/package.bash'
[41.989s] INFO:colcon.colcon_core.shell:Creating package script '/home/spacer/leo_ws/install/leo/share/leo/package.zsh'
[41.989s] Level 1:colcon.colcon_core.environment:create_file_with_runtime_dependencies(/home/spacer/leo_ws/install/leo/share/colcon-core/packages/leo)
[42.430s] Level 1:colcon.colcon_core.environment:create_environment_scripts_only(leo)
[42.649s] Level 1:colcon.colcon_core.environment:checking '/home/spacer/leo_ws/install/leo' for CMake module files
[42.650s] Level 1:colcon.colcon_core.environment:checking '/home/spacer/leo_ws/install/leo' for CMake config files
[42.650s] Level 1:colcon.colcon_core.shell:create_environment_hook('leo', 'cmake_prefix_path')
[43.007s] INFO:colcon.colcon_core.shell:Creating environment hook '/home/spacer/leo_ws/install/leo/share/leo/hook/cmake_prefix_path.ps1'
[43.009s] INFO:colcon.colcon_core.shell:Creating environment descriptor '/home/spacer/leo_ws/install/leo/share/leo/hook/cmake_prefix_path.dsv'
[43.010s] INFO:colcon.colcon_core.shell:Creating environment hook '/home/spacer/leo_ws/install/leo/share/leo/hook/cmake_prefix_path.sh'
[43.011s] Level 1:colcon.colcon_core.environment:checking '/home/spacer/leo_ws/install/leo/bin'
[43.011s] Level 1:colcon.colcon_core.environment:checking '/home/spacer/leo_ws/install/leo/lib/pkgconfig/leo.pc'
[43.012s] Level 1:colcon.colcon_core.environment:checking '/home/spacer/leo_ws/install/leo/lib/python3.8/site-packages'
[43.012s] Level 1:colcon.colcon_core.environment:checking '/home/spacer/leo_ws/install/leo/bin'
[43.331s] INFO:colcon.colcon_core.shell:Creating package script '/home/spacer/leo_ws/install/leo/share/leo/package.ps1'
[43.333s] INFO:colcon.colcon_core.shell:Creating package descriptor '/home/spacer/leo_ws/install/leo/share/leo/package.dsv'
[43.334s] INFO:colcon.colcon_core.shell:Creating package script '/home/spacer/leo_ws/install/leo/share/leo/package.sh'
[43.335s] INFO:colcon.colcon_core.shell:Creating package script '/home/spacer/leo_ws/install/leo/share/leo/package.bash'
[43.336s] INFO:colcon.colcon_core.shell:Creating package script '/home/spacer/leo_ws/install/leo/share/leo/package.zsh'
[43.337s] Level 1:colcon.colcon_core.environment:create_file_with_runtime_dependencies(/home/spacer/leo_ws/install/leo/share/colcon-core/packages/leo)
[106.776s] DEBUG:colcon.colcon_core.event_handler.log_command:Invoked command in '/home/spacer/leo_ws/build/micro_ros_agent' returned '0': CMAKE_PREFIX_PATH=${CMAKE_PREFIX_PATH}:/opt/ros/foxy /usr/bin/cmake --build /home/spacer/leo_ws/build/micro_ros_agent -- -j6 -l6
[106.844s] DEBUG:colcon.colcon_core.event_handler.log_command:Invoking command in '/home/spacer/leo_ws/build/micro_ros_agent': CMAKE_PREFIX_PATH=${CMAKE_PREFIX_PATH}:/opt/ros/foxy /usr/bin/cmake --install /home/spacer/leo_ws/build/micro_ros_agent
[106.873s] Level 1:colcon.colcon_core.environment:create_environment_scripts_only(micro_ros_agent)
[106.875s] DEBUG:colcon.colcon_core.event_handler.log_command:Invoked command in '/home/spacer/leo_ws/build/micro_ros_agent' returned '0': CMAKE_PREFIX_PATH=${CMAKE_PREFIX_PATH}:/opt/ros/foxy /usr/bin/cmake --install /home/spacer/leo_ws/build/micro_ros_agent
[107.078s] Level 1:colcon.colcon_core.environment:checking '/home/spacer/leo_ws/install/micro_ros_agent' for CMake module files
[107.079s] Level 1:colcon.colcon_core.environment:checking '/home/spacer/leo_ws/install/micro_ros_agent' for CMake config files
[107.079s] Level 1:colcon.colcon_core.shell:create_environment_hook('micro_ros_agent', 'cmake_prefix_path')
[107.265s] INFO:colcon.colcon_core.shell:Creating environment hook '/home/spacer/leo_ws/install/micro_ros_agent/share/micro_ros_agent/hook/cmake_prefix_path.ps1'
[107.266s] INFO:colcon.colcon_core.shell:Creating environment descriptor '/home/spacer/leo_ws/install/micro_ros_agent/share/micro_ros_agent/hook/cmake_prefix_path.dsv'
[107.267s] INFO:colcon.colcon_core.shell:Creating environment hook '/home/spacer/leo_ws/install/micro_ros_agent/share/micro_ros_agent/hook/cmake_prefix_path.sh'
[107.268s] Level 1:colcon.colcon_core.environment:checking '/home/spacer/leo_ws/install/micro_ros_agent/lib'
[107.268s] Level 1:colcon.colcon_core.shell:create_environment_hook('micro_ros_agent', 'ld_library_path_lib')
[107.453s] INFO:colcon.colcon_core.shell:Creating environment hook '/home/spacer/leo_ws/install/micro_ros_agent/share/micro_ros_agent/hook/ld_library_path_lib.ps1'
[107.454s] INFO:colcon.colcon_core.shell:Creating environment descriptor '/home/spacer/leo_ws/install/micro_ros_agent/share/micro_ros_agent/hook/ld_library_path_lib.dsv'
[107.454s] INFO:colcon.colcon_core.shell:Creating environment hook '/home/spacer/leo_ws/install/micro_ros_agent/share/micro_ros_agent/hook/ld_library_path_lib.sh'
[107.455s] Level 1:colcon.colcon_core.environment:checking '/home/spacer/leo_ws/install/micro_ros_agent/bin'
[107.455s] Level 1:colcon.colcon_core.environment:checking '/home/spacer/leo_ws/install/micro_ros_agent/lib/pkgconfig/micro_ros_agent.pc'
[107.456s] Level 1:colcon.colcon_core.environment:checking '/home/spacer/leo_ws/install/micro_ros_agent/lib/python3.8/site-packages'
[107.456s] Level 1:colcon.colcon_core.environment:checking '/home/spacer/leo_ws/install/micro_ros_agent/bin'
[107.642s] INFO:colcon.colcon_core.shell:Creating package script '/home/spacer/leo_ws/install/micro_ros_agent/share/micro_ros_agent/package.ps1'
[107.643s] INFO:colcon.colcon_core.shell:Creating package descriptor '/home/spacer/leo_ws/install/micro_ros_agent/share/micro_ros_agent/package.dsv'
[107.644s] INFO:colcon.colcon_core.shell:Creating package script '/home/spacer/leo_ws/install/micro_ros_agent/share/micro_ros_agent/package.sh'
[107.645s] INFO:colcon.colcon_core.shell:Creating package script '/home/spacer/leo_ws/install/micro_ros_agent/share/micro_ros_agent/package.bash'
[107.646s] INFO:colcon.colcon_core.shell:Creating package script '/home/spacer/leo_ws/install/micro_ros_agent/share/micro_ros_agent/package.zsh'
[107.646s] Level 1:colcon.colcon_core.environment:create_file_with_runtime_dependencies(/home/spacer/leo_ws/install/micro_ros_agent/share/colcon-core/packages/micro_ros_agent)
[107.898s] Level 1:colcon.colcon_core.environment:create_environment_scripts_only(micro_ros_agent)
[108.083s] Level 1:colcon.colcon_core.environment:checking '/home/spacer/leo_ws/install/micro_ros_agent' for CMake module files
[108.084s] Level 1:colcon.colcon_core.environment:checking '/home/spacer/leo_ws/install/micro_ros_agent' for CMake config files
[108.084s] Level 1:colcon.colcon_core.shell:create_environment_hook('micro_ros_agent', 'cmake_prefix_path')
[108.268s] INFO:colcon.colcon_core.shell:Creating environment hook '/home/spacer/leo_ws/install/micro_ros_agent/share/micro_ros_agent/hook/cmake_prefix_path.ps1'
[108.270s] INFO:colcon.colcon_core.shell:Creating environment descriptor '/home/spacer/leo_ws/install/micro_ros_agent/share/micro_ros_agent/hook/cmake_prefix_path.dsv'
[108.270s] INFO:colcon.colcon_core.shell:Creating environment hook '/home/spacer/leo_ws/install/micro_ros_agent/share/micro_ros_agent/hook/cmake_prefix_path.sh'
[108.271s] Level 1:colcon.colcon_core.environment:checking '/home/spacer/leo_ws/install/micro_ros_agent/lib'
[108.272s] Level 1:colcon.colcon_core.shell:create_environment_hook('micro_ros_agent', 'ld_library_path_lib')
[108.456s] INFO:colcon.colcon_core.shell:Creating environment hook '/home/spacer/leo_ws/install/micro_ros_agent/share/micro_ros_agent/hook/ld_library_path_lib.ps1'
[108.457s] INFO:colcon.colcon_core.shell:Creating environment descriptor '/home/spacer/leo_ws/install/micro_ros_agent/share/micro_ros_agent/hook/ld_library_path_lib.dsv'
[108.457s] INFO:colcon.colcon_core.shell:Creating environment hook '/home/spacer/leo_ws/install/micro_ros_agent/share/micro_ros_agent/hook/ld_library_path_lib.sh'
[108.458s] Level 1:colcon.colcon_core.environment:checking '/home/spacer/leo_ws/install/micro_ros_agent/bin'
[108.458s] Level 1:colcon.colcon_core.environment:checking '/home/spacer/leo_ws/install/micro_ros_agent/lib/pkgconfig/micro_ros_agent.pc'
[108.459s] Level 1:colcon.colcon_core.environment:checking '/home/spacer/leo_ws/install/micro_ros_agent/lib/python3.8/site-packages'
[108.459s] Level 1:colcon.colcon_core.environment:checking '/home/spacer/leo_ws/install/micro_ros_agent/bin'
[108.644s] INFO:colcon.colcon_core.shell:Creating package script '/home/spacer/leo_ws/install/micro_ros_agent/share/micro_ros_agent/package.ps1'
[108.645s] INFO:colcon.colcon_core.shell:Creating package descriptor '/home/spacer/leo_ws/install/micro_ros_agent/share/micro_ros_agent/package.dsv'
[108.646s] INFO:colcon.colcon_core.shell:Creating package script '/home/spacer/leo_ws/install/micro_ros_agent/share/micro_ros_agent/package.sh'
[108.647s] INFO:colcon.colcon_core.shell:Creating package script '/home/spacer/leo_ws/install/micro_ros_agent/share/micro_ros_agent/package.bash'
[108.648s] INFO:colcon.colcon_core.shell:Creating package script '/home/spacer/leo_ws/install/micro_ros_agent/share/micro_ros_agent/package.zsh'
[108.649s] Level 1:colcon.colcon_core.environment:create_file_with_runtime_dependencies(/home/spacer/leo_ws/install/micro_ros_agent/share/colcon-core/packages/micro_ros_agent)
[108.649s] DEBUG:colcon.colcon_parallel_executor.executor.parallel:closing loop
[108.650s] DEBUG:colcon.colcon_parallel_executor.executor.parallel:loop closed
[108.650s] DEBUG:colcon.colcon_parallel_executor.executor.parallel:run_until_complete finished with '0'
[108.651s] DEBUG:colcon.colcon_core.event_reactor:joining thread
[108.869s] INFO:colcon.colcon_core.plugin_system:Skipping extension 'colcon_notification.desktop_notification.terminal_notifier': Not used on non-Darwin systems
[108.869s] INFO:colcon.colcon_core.plugin_system:Skipping extension 'colcon_notification.desktop_notification.win32': Not used on non-Windows systems
[108.870s] INFO:colcon.colcon_notification.desktop_notification:Sending desktop notification using 'notify2'
[108.893s] DEBUG:colcon.colcon_notification.desktop_notification.notify2:Failed to initialize notify2: org.freedesktop.DBus.Error.Spawn.ChildExited: Process org.freedesktop.Notifications exited with status 1
[108.894s] DEBUG:colcon.colcon_core.event_reactor:joined thread
[109.111s] INFO:colcon.colcon_core.shell:Creating prefix script '/home/spacer/leo_ws/install/local_setup.ps1'
[109.113s] INFO:colcon.colcon_core.shell:Creating prefix util module '/home/spacer/leo_ws/install/_local_setup_util_ps1.py'
[109.115s] INFO:colcon.colcon_core.shell:Creating prefix chain script '/home/spacer/leo_ws/install/setup.ps1'
[109.299s] INFO:colcon.colcon_core.shell:Creating prefix script '/home/spacer/leo_ws/install/local_setup.sh'
[109.300s] INFO:colcon.colcon_core.shell:Creating prefix util module '/home/spacer/leo_ws/install/_local_setup_util_sh.py'
[109.301s] INFO:colcon.colcon_core.shell:Creating prefix chain script '/home/spacer/leo_ws/install/setup.sh'
[109.485s] INFO:colcon.colcon_core.shell:Creating prefix script '/home/spacer/leo_ws/install/local_setup.bash'
[109.486s] INFO:colcon.colcon_core.shell:Creating prefix chain script '/home/spacer/leo_ws/install/setup.bash'
[109.670s] INFO:colcon.colcon_core.shell:Creating prefix script '/home/spacer/leo_ws/install/local_setup.zsh'
[109.671s] INFO:colcon.colcon_core.shell:Creating prefix chain script '/home/spacer/leo_ws/install/setup.zsh'
