[0.462s] DEBUG:colcon:Command line arguments: ['/usr/bin/colcon', 'build']
[0.462s] DEBUG:colcon:Parsed command line arguments: Namespace(allow_overriding=[], ament_cmake_args=None, base_paths=['.'], build_base='build', catkin_cmake_args=None, catkin_skip_building_tests=False, cmake_args=None, cmake_clean_cache=False, cmake_clean_first=False, cmake_force_configure=False, cmake_target=None, cmake_target_skip_unavailable=False, continue_on_error=False, event_handlers=None, executor='parallel', ignore_user_meta=False, install_base='install', log_base=None, log_level=None, main=<bound method BuildVerb.main of <colcon_core.verb.build.BuildVerb object at 0xffff9b7d54f0>>, merge_install=False, metas=['./colcon.meta'], packages_above=None, packages_above_and_dependencies=None, packages_above_depth=None, packages_end=None, packages_ignore=None, packages_ignore_regex=None, packages_select=None, packages_select_build_failed=False, packages_select_by_dep=None, packages_select_regex=None, packages_select_test_failures=False, packages_skip=None, packages_skip_build_finished=False, packages_skip_by_dep=None, packages_skip_regex=None, packages_skip_test_passed=False, packages_skip_up_to=None, packages_start=None, packages_up_to=None, packages_up_to_regex=None, parallel_workers=6, paths=None, symlink_install=False, test_result_base=None, verb_extension=<colcon_core.verb.build.BuildVerb object at 0xffff9b7d54f0>, verb_name='build', verb_parser=<colcon_defaults.argument_parser.defaults.DefaultArgumentsDecorator object at 0xffff9b663dc0>)
[0.831s] Level 1:colcon.colcon_core.package_discovery:discover_packages(colcon_meta) check parameters
[0.831s] Level 1:colcon.colcon_core.package_discovery:discover_packages(recursive) check parameters
[0.831s] Level 1:colcon.colcon_core.package_discovery:discover_packages(ignore) check parameters
[0.831s] Level 1:colcon.colcon_core.package_discovery:discover_packages(path) check parameters
[0.831s] Level 1:colcon.colcon_core.package_discovery:discover_packages(colcon_meta) discover
[0.832s] Level 1:colcon.colcon_core.package_discovery:discover_packages(recursive) discover
[0.832s] INFO:colcon.colcon_core.package_discovery:Crawling recursively for packages in '/home/spacer/slam/slam_toolbox_config/odometry_ws'
[0.832s] Level 1:colcon.colcon_core.package_identification:_identify(.) by extensions ['ignore', 'ignore_ament_install']
[0.832s] Level 1:colcon.colcon_core.package_identification:_identify(.) by extension 'ignore'
[0.832s] Level 1:colcon.colcon_core.package_identification:_identify(.) by extension 'ignore_ament_install'
[0.832s] Level 1:colcon.colcon_core.package_identification:_identify(.) by extensions ['colcon_pkg']
[0.833s] Level 1:colcon.colcon_core.package_identification:_identify(.) by extension 'colcon_pkg'
[0.833s] Level 1:colcon.colcon_core.package_identification:_identify(.) by extensions ['colcon_meta']
[0.833s] Level 1:colcon.colcon_core.package_identification:_identify(.) by extension 'colcon_meta'
[0.833s] Level 1:colcon.colcon_core.package_identification:_identify(.) by extensions ['ros']
[0.833s] Level 1:colcon.colcon_core.package_identification:_identify(.) by extension 'ros'
[0.857s] Level 1:colcon.colcon_core.package_identification:_identify(.) by extensions ['cmake', 'python']
[0.857s] Level 1:colcon.colcon_core.package_identification:_identify(.) by extension 'cmake'
[0.857s] Level 1:colcon.colcon_core.package_identification:_identify(.) by extension 'python'
[0.857s] Level 1:colcon.colcon_core.package_identification:_identify(.) by extensions ['python_setup_py']
[0.857s] Level 1:colcon.colcon_core.package_identification:_identify(.) by extension 'python_setup_py'
[0.857s] Level 1:colcon.colcon_core.package_identification:_identify(build) by extensions ['ignore', 'ignore_ament_install']
[0.858s] Level 1:colcon.colcon_core.package_identification:_identify(build) by extension 'ignore'
[0.858s] Level 1:colcon.colcon_core.package_identification:_identify(build) ignored
[0.858s] Level 1:colcon.colcon_core.package_identification:_identify(install) by extensions ['ignore', 'ignore_ament_install']
[0.858s] Level 1:colcon.colcon_core.package_identification:_identify(install) by extension 'ignore'
[0.858s] Level 1:colcon.colcon_core.package_identification:_identify(install) ignored
[0.859s] Level 1:colcon.colcon_core.package_identification:_identify(log) by extensions ['ignore', 'ignore_ament_install']
[0.859s] Level 1:colcon.colcon_core.package_identification:_identify(log) by extension 'ignore'
[0.859s] Level 1:colcon.colcon_core.package_identification:_identify(log) ignored
[0.859s] Level 1:colcon.colcon_core.package_identification:_identify(src) by extensions ['ignore', 'ignore_ament_install']
[0.859s] Level 1:colcon.colcon_core.package_identification:_identify(src) by extension 'ignore'
[0.859s] Level 1:colcon.colcon_core.package_identification:_identify(src) by extension 'ignore_ament_install'
[0.860s] Level 1:colcon.colcon_core.package_identification:_identify(src) by extensions ['colcon_pkg']
[0.860s] Level 1:colcon.colcon_core.package_identification:_identify(src) by extension 'colcon_pkg'
[0.860s] Level 1:colcon.colcon_core.package_identification:_identify(src) by extensions ['colcon_meta']
[0.860s] Level 1:colcon.colcon_core.package_identification:_identify(src) by extension 'colcon_meta'
[0.860s] Level 1:colcon.colcon_core.package_identification:_identify(src) by extensions ['ros']
[0.860s] Level 1:colcon.colcon_core.package_identification:_identify(src) by extension 'ros'
[0.867s] DEBUG:colcon.colcon_core.package_identification:Package 'src' with type 'ros.ament_cmake' and name 'rf2o_laser_odometry'
[0.867s] Level 1:colcon.colcon_core.package_discovery:discover_packages(recursive) using defaults
[0.867s] Level 1:colcon.colcon_core.package_discovery:discover_packages(ignore) discover
[0.867s] Level 1:colcon.colcon_core.package_discovery:discover_packages(ignore) using defaults
[0.867s] Level 1:colcon.colcon_core.package_discovery:discover_packages(path) discover
[0.867s] Level 1:colcon.colcon_core.package_discovery:discover_packages(path) using defaults
[0.904s] Level 1:colcon.colcon_core.package_discovery:discover_packages(prefix_path) check parameters
[0.904s] Level 1:colcon.colcon_core.package_discovery:discover_packages(prefix_path) discover
[0.909s] DEBUG:colcon.colcon_installed_package_information.package_discovery:Found 1 installed packages in /home/spacer/slam/slam_toolbox_config/odometry_ws/install
[0.911s] DEBUG:colcon.colcon_installed_package_information.package_discovery:Found 319 installed packages in /opt/ros/humble
[0.940s] Level 1:colcon.colcon_core.package_discovery:discover_packages(prefix_path) using defaults
[1.099s] Level 5:colcon.colcon_core.verb:set package 'rf2o_laser_odometry' build argument 'cmake_args' from command line to 'None'
[1.099s] Level 5:colcon.colcon_core.verb:set package 'rf2o_laser_odometry' build argument 'cmake_target' from command line to 'None'
[1.099s] Level 5:colcon.colcon_core.verb:set package 'rf2o_laser_odometry' build argument 'cmake_target_skip_unavailable' from command line to 'False'
[1.099s] Level 5:colcon.colcon_core.verb:set package 'rf2o_laser_odometry' build argument 'cmake_clean_cache' from command line to 'False'
[1.099s] Level 5:colcon.colcon_core.verb:set package 'rf2o_laser_odometry' build argument 'cmake_clean_first' from command line to 'False'
[1.100s] Level 5:colcon.colcon_core.verb:set package 'rf2o_laser_odometry' build argument 'cmake_force_configure' from command line to 'False'
[1.100s] Level 5:colcon.colcon_core.verb:set package 'rf2o_laser_odometry' build argument 'ament_cmake_args' from command line to 'None'
[1.100s] Level 5:colcon.colcon_core.verb:set package 'rf2o_laser_odometry' build argument 'catkin_cmake_args' from command line to 'None'
[1.100s] Level 5:colcon.colcon_core.verb:set package 'rf2o_laser_odometry' build argument 'catkin_skip_building_tests' from command line to 'False'
[1.100s] DEBUG:colcon.colcon_core.verb:Building package 'rf2o_laser_odometry' with the following arguments: {'ament_cmake_args': None, 'build_base': '/home/spacer/slam/slam_toolbox_config/odometry_ws/build/rf2o_laser_odometry', 'catkin_cmake_args': None, 'catkin_skip_building_tests': False, 'cmake_args': None, 'cmake_clean_cache': False, 'cmake_clean_first': False, 'cmake_force_configure': False, 'cmake_target': None, 'cmake_target_skip_unavailable': False, 'install_base': '/home/spacer/slam/slam_toolbox_config/odometry_ws/install/rf2o_laser_odometry', 'merge_install': False, 'path': '/home/spacer/slam/slam_toolbox_config/odometry_ws/src', 'symlink_install': False, 'test_result_base': None}
[1.100s] INFO:colcon.colcon_core.executor:Executing jobs using 'parallel' executor
[1.103s] DEBUG:colcon.colcon_parallel_executor.executor.parallel:run_until_complete
[1.103s] INFO:colcon.colcon_ros.task.ament_cmake.build:Building ROS package in '/home/spacer/slam/slam_toolbox_config/odometry_ws/src' with build type 'ament_cmake'
[1.104s] INFO:colcon.colcon_cmake.task.cmake.build:Building CMake package in '/home/spacer/slam/slam_toolbox_config/odometry_ws/src'
[1.110s] INFO:colcon.colcon_core.plugin_system:Skipping extension 'colcon_core.shell.bat': Not used on non-Windows systems
[1.110s] INFO:colcon.colcon_core.shell:Skip shell extension 'powershell' for command environment: Not usable outside of PowerShell
[1.110s] DEBUG:colcon.colcon_core.shell:Skip shell extension 'dsv' for command environment
[1.131s] DEBUG:colcon.colcon_core.event_handler.log_command:Invoking command in '/home/spacer/slam/slam_toolbox_config/odometry_ws/build/rf2o_laser_odometry': CMAKE_PREFIX_PATH=${CMAKE_PREFIX_PATH}:/opt/ros/humble /usr/bin/cmake --build /home/spacer/slam/slam_toolbox_config/odometry_ws/build/rf2o_laser_odometry -- -j6 -l6
[1.387s] DEBUG:colcon.colcon_core.event_handler.log_command:Invoked command in '/home/spacer/slam/slam_toolbox_config/odometry_ws/build/rf2o_laser_odometry' returned '0': CMAKE_PREFIX_PATH=${CMAKE_PREFIX_PATH}:/opt/ros/humble /usr/bin/cmake --build /home/spacer/slam/slam_toolbox_config/odometry_ws/build/rf2o_laser_odometry -- -j6 -l6
[1.470s] DEBUG:colcon.colcon_core.event_handler.log_command:Invoking command in '/home/spacer/slam/slam_toolbox_config/odometry_ws/build/rf2o_laser_odometry': CMAKE_PREFIX_PATH=${CMAKE_PREFIX_PATH}:/opt/ros/humble /usr/bin/cmake --install /home/spacer/slam/slam_toolbox_config/odometry_ws/build/rf2o_laser_odometry
[1.496s] Level 1:colcon.colcon_core.environment:create_environment_scripts_only(rf2o_laser_odometry)
[1.498s] DEBUG:colcon.colcon_core.event_handler.log_command:Invoked command in '/home/spacer/slam/slam_toolbox_config/odometry_ws/build/rf2o_laser_odometry' returned '0': CMAKE_PREFIX_PATH=${CMAKE_PREFIX_PATH}:/opt/ros/humble /usr/bin/cmake --install /home/spacer/slam/slam_toolbox_config/odometry_ws/build/rf2o_laser_odometry
[1.508s] Level 1:colcon.colcon_core.environment:checking '/home/spacer/slam/slam_toolbox_config/odometry_ws/install/rf2o_laser_odometry' for CMake module files
[1.509s] Level 1:colcon.colcon_core.environment:checking '/home/spacer/slam/slam_toolbox_config/odometry_ws/install/rf2o_laser_odometry' for CMake config files
[1.509s] Level 1:colcon.colcon_core.shell:create_environment_hook('rf2o_laser_odometry', 'cmake_prefix_path')
[1.510s] INFO:colcon.colcon_core.shell:Creating environment hook '/home/spacer/slam/slam_toolbox_config/odometry_ws/install/rf2o_laser_odometry/share/rf2o_laser_odometry/hook/cmake_prefix_path.ps1'
[1.512s] INFO:colcon.colcon_core.shell:Creating environment descriptor '/home/spacer/slam/slam_toolbox_config/odometry_ws/install/rf2o_laser_odometry/share/rf2o_laser_odometry/hook/cmake_prefix_path.dsv'
[1.513s] INFO:colcon.colcon_core.shell:Creating environment hook '/home/spacer/slam/slam_toolbox_config/odometry_ws/install/rf2o_laser_odometry/share/rf2o_laser_odometry/hook/cmake_prefix_path.sh'
[1.516s] Level 1:colcon.colcon_core.environment:checking '/home/spacer/slam/slam_toolbox_config/odometry_ws/install/rf2o_laser_odometry/lib'
[1.516s] Level 1:colcon.colcon_core.environment:checking '/home/spacer/slam/slam_toolbox_config/odometry_ws/install/rf2o_laser_odometry/bin'
[1.516s] Level 1:colcon.colcon_core.environment:checking '/home/spacer/slam/slam_toolbox_config/odometry_ws/install/rf2o_laser_odometry/lib/pkgconfig/rf2o_laser_odometry.pc'
[1.517s] Level 1:colcon.colcon_core.environment:checking '/home/spacer/slam/slam_toolbox_config/odometry_ws/install/rf2o_laser_odometry/lib/python3.8/site-packages'
[1.517s] Level 1:colcon.colcon_core.environment:checking '/home/spacer/slam/slam_toolbox_config/odometry_ws/install/rf2o_laser_odometry/bin'
[1.518s] INFO:colcon.colcon_core.shell:Creating package script '/home/spacer/slam/slam_toolbox_config/odometry_ws/install/rf2o_laser_odometry/share/rf2o_laser_odometry/package.ps1'
[1.520s] INFO:colcon.colcon_core.shell:Creating package descriptor '/home/spacer/slam/slam_toolbox_config/odometry_ws/install/rf2o_laser_odometry/share/rf2o_laser_odometry/package.dsv'
[1.521s] INFO:colcon.colcon_core.shell:Creating package script '/home/spacer/slam/slam_toolbox_config/odometry_ws/install/rf2o_laser_odometry/share/rf2o_laser_odometry/package.sh'
[1.523s] INFO:colcon.colcon_core.shell:Creating package script '/home/spacer/slam/slam_toolbox_config/odometry_ws/install/rf2o_laser_odometry/share/rf2o_laser_odometry/package.bash'
[1.524s] INFO:colcon.colcon_core.shell:Creating package script '/home/spacer/slam/slam_toolbox_config/odometry_ws/install/rf2o_laser_odometry/share/rf2o_laser_odometry/package.zsh'
[1.526s] Level 1:colcon.colcon_core.environment:create_file_with_runtime_dependencies(/home/spacer/slam/slam_toolbox_config/odometry_ws/install/rf2o_laser_odometry/share/colcon-core/packages/rf2o_laser_odometry)
[1.578s] Level 1:colcon.colcon_core.environment:create_environment_scripts_only(rf2o_laser_odometry)
[1.579s] Level 1:colcon.colcon_core.environment:checking '/home/spacer/slam/slam_toolbox_config/odometry_ws/install/rf2o_laser_odometry' for CMake module files
[1.580s] Level 1:colcon.colcon_core.environment:checking '/home/spacer/slam/slam_toolbox_config/odometry_ws/install/rf2o_laser_odometry' for CMake config files
[1.581s] Level 1:colcon.colcon_core.shell:create_environment_hook('rf2o_laser_odometry', 'cmake_prefix_path')
[1.581s] INFO:colcon.colcon_core.shell:Creating environment hook '/home/spacer/slam/slam_toolbox_config/odometry_ws/install/rf2o_laser_odometry/share/rf2o_laser_odometry/hook/cmake_prefix_path.ps1'
[1.583s] INFO:colcon.colcon_core.shell:Creating environment descriptor '/home/spacer/slam/slam_toolbox_config/odometry_ws/install/rf2o_laser_odometry/share/rf2o_laser_odometry/hook/cmake_prefix_path.dsv'
[1.583s] INFO:colcon.colcon_core.shell:Creating environment hook '/home/spacer/slam/slam_toolbox_config/odometry_ws/install/rf2o_laser_odometry/share/rf2o_laser_odometry/hook/cmake_prefix_path.sh'
[1.585s] Level 1:colcon.colcon_core.environment:checking '/home/spacer/slam/slam_toolbox_config/odometry_ws/install/rf2o_laser_odometry/lib'
[1.585s] Level 1:colcon.colcon_core.environment:checking '/home/spacer/slam/slam_toolbox_config/odometry_ws/install/rf2o_laser_odometry/bin'
[1.585s] Level 1:colcon.colcon_core.environment:checking '/home/spacer/slam/slam_toolbox_config/odometry_ws/install/rf2o_laser_odometry/lib/pkgconfig/rf2o_laser_odometry.pc'
[1.586s] Level 1:colcon.colcon_core.environment:checking '/home/spacer/slam/slam_toolbox_config/odometry_ws/install/rf2o_laser_odometry/lib/python3.8/site-packages'
[1.586s] Level 1:colcon.colcon_core.environment:checking '/home/spacer/slam/slam_toolbox_config/odometry_ws/install/rf2o_laser_odometry/bin'
[1.587s] INFO:colcon.colcon_core.shell:Creating package script '/home/spacer/slam/slam_toolbox_config/odometry_ws/install/rf2o_laser_odometry/share/rf2o_laser_odometry/package.ps1'
[1.588s] INFO:colcon.colcon_core.shell:Creating package descriptor '/home/spacer/slam/slam_toolbox_config/odometry_ws/install/rf2o_laser_odometry/share/rf2o_laser_odometry/package.dsv'
[1.589s] INFO:colcon.colcon_core.shell:Creating package script '/home/spacer/slam/slam_toolbox_config/odometry_ws/install/rf2o_laser_odometry/share/rf2o_laser_odometry/package.sh'
[1.590s] INFO:colcon.colcon_core.shell:Creating package script '/home/spacer/slam/slam_toolbox_config/odometry_ws/install/rf2o_laser_odometry/share/rf2o_laser_odometry/package.bash'
[1.591s] INFO:colcon.colcon_core.shell:Creating package script '/home/spacer/slam/slam_toolbox_config/odometry_ws/install/rf2o_laser_odometry/share/rf2o_laser_odometry/package.zsh'
[1.592s] Level 1:colcon.colcon_core.environment:create_file_with_runtime_dependencies(/home/spacer/slam/slam_toolbox_config/odometry_ws/install/rf2o_laser_odometry/share/colcon-core/packages/rf2o_laser_odometry)
[1.593s] DEBUG:colcon.colcon_parallel_executor.executor.parallel:closing loop
[1.594s] DEBUG:colcon.colcon_parallel_executor.executor.parallel:loop closed
[1.594s] DEBUG:colcon.colcon_parallel_executor.executor.parallel:run_until_complete finished with '0'
[1.595s] DEBUG:colcon.colcon_core.event_reactor:joining thread
[1.610s] INFO:colcon.colcon_core.plugin_system:Skipping extension 'colcon_notification.desktop_notification.terminal_notifier': Not used on non-Darwin systems
[1.610s] INFO:colcon.colcon_core.plugin_system:Skipping extension 'colcon_notification.desktop_notification.win32': Not used on non-Windows systems
[1.610s] INFO:colcon.colcon_notification.desktop_notification:Sending desktop notification using 'notify2'
[1.636s] DEBUG:colcon.colcon_notification.desktop_notification.notify2:Failed to initialize notify2: org.freedesktop.DBus.Error.Spawn.ChildExited: Process org.freedesktop.Notifications exited with status 1
[1.637s] DEBUG:colcon.colcon_core.event_reactor:joined thread
[1.637s] INFO:colcon.colcon_core.shell:Creating prefix script '/home/spacer/slam/slam_toolbox_config/odometry_ws/install/local_setup.ps1'
[1.640s] INFO:colcon.colcon_core.shell:Creating prefix util module '/home/spacer/slam/slam_toolbox_config/odometry_ws/install/_local_setup_util_ps1.py'
[1.644s] INFO:colcon.colcon_core.shell:Creating prefix chain script '/home/spacer/slam/slam_toolbox_config/odometry_ws/install/setup.ps1'
[1.647s] INFO:colcon.colcon_core.shell:Creating prefix script '/home/spacer/slam/slam_toolbox_config/odometry_ws/install/local_setup.sh'
[1.649s] INFO:colcon.colcon_core.shell:Creating prefix util module '/home/spacer/slam/slam_toolbox_config/odometry_ws/install/_local_setup_util_sh.py'
[1.650s] INFO:colcon.colcon_core.shell:Creating prefix chain script '/home/spacer/slam/slam_toolbox_config/odometry_ws/install/setup.sh'
[1.653s] INFO:colcon.colcon_core.shell:Creating prefix script '/home/spacer/slam/slam_toolbox_config/odometry_ws/install/local_setup.bash'
[1.655s] INFO:colcon.colcon_core.shell:Creating prefix chain script '/home/spacer/slam/slam_toolbox_config/odometry_ws/install/setup.bash'
[1.657s] INFO:colcon.colcon_core.shell:Creating prefix script '/home/spacer/slam/slam_toolbox_config/odometry_ws/install/local_setup.zsh'
[1.659s] INFO:colcon.colcon_core.shell:Creating prefix chain script '/home/spacer/slam/slam_toolbox_config/odometry_ws/install/setup.zsh'
