[0.419s] DEBUG:colcon:Command line arguments: ['/usr/bin/colcon', 'build']
[0.420s] DEBUG:colcon:Parsed command line arguments: Namespace(allow_overriding=[], ament_cmake_args=None, base_paths=['.'], build_base='build', catkin_cmake_args=None, catkin_skip_building_tests=False, cmake_args=None, cmake_clean_cache=False, cmake_clean_first=False, cmake_force_configure=False, cmake_target=None, cmake_target_skip_unavailable=False, continue_on_error=False, event_handlers=None, executor='parallel', ignore_user_meta=False, install_base='install', log_base=None, log_level=None, main=<bound method BuildVerb.main of <colcon_core.verb.build.BuildVerb object at 0xffff9a56e550>>, merge_install=False, metas=['./colcon.meta'], packages_above=None, packages_above_and_dependencies=None, packages_above_depth=None, packages_end=None, packages_ignore=None, packages_ignore_regex=None, packages_select=None, packages_select_build_failed=False, packages_select_by_dep=None, packages_select_regex=None, packages_select_test_failures=False, packages_skip=None, packages_skip_build_finished=False, packages_skip_by_dep=None, packages_skip_regex=None, packages_skip_test_passed=False, packages_skip_up_to=None, packages_start=None, packages_up_to=None, packages_up_to_regex=None, parallel_workers=6, paths=None, symlink_install=False, test_result_base=None, verb_extension=<colcon_core.verb.build.BuildVerb object at 0xffff9a56e550>, verb_name='build', verb_parser=<colcon_defaults.argument_parser.defaults.DefaultArgumentsDecorator object at 0xffff9a3fbe20>)
[0.772s] Level 1:colcon.colcon_core.package_discovery:discover_packages(colcon_meta) check parameters
[0.772s] Level 1:colcon.colcon_core.package_discovery:discover_packages(recursive) check parameters
[0.772s] Level 1:colcon.colcon_core.package_discovery:discover_packages(ignore) check parameters
[0.772s] Level 1:colcon.colcon_core.package_discovery:discover_packages(path) check parameters
[0.772s] Level 1:colcon.colcon_core.package_discovery:discover_packages(colcon_meta) discover
[0.773s] Level 1:colcon.colcon_core.package_discovery:discover_packages(recursive) discover
[0.773s] INFO:colcon.colcon_core.package_discovery:Crawling recursively for packages in '/home/spacer/slam/slam_toolbox_config/odometry_ws'
[0.773s] Level 1:colcon.colcon_core.package_identification:_identify(.) by extensions ['ignore', 'ignore_ament_install']
[0.773s] Level 1:colcon.colcon_core.package_identification:_identify(.) by extension 'ignore'
[0.773s] Level 1:colcon.colcon_core.package_identification:_identify(.) by extension 'ignore_ament_install'
[0.774s] Level 1:colcon.colcon_core.package_identification:_identify(.) by extensions ['colcon_pkg']
[0.774s] Level 1:colcon.colcon_core.package_identification:_identify(.) by extension 'colcon_pkg'
[0.774s] Level 1:colcon.colcon_core.package_identification:_identify(.) by extensions ['colcon_meta']
[0.774s] Level 1:colcon.colcon_core.package_identification:_identify(.) by extension 'colcon_meta'
[0.774s] Level 1:colcon.colcon_core.package_identification:_identify(.) by extensions ['ros']
[0.774s] Level 1:colcon.colcon_core.package_identification:_identify(.) by extension 'ros'
[0.796s] Level 1:colcon.colcon_core.package_identification:_identify(.) by extensions ['cmake', 'python']
[0.796s] Level 1:colcon.colcon_core.package_identification:_identify(.) by extension 'cmake'
[0.797s] Level 1:colcon.colcon_core.package_identification:_identify(.) by extension 'python'
[0.797s] Level 1:colcon.colcon_core.package_identification:_identify(.) by extensions ['python_setup_py']
[0.797s] Level 1:colcon.colcon_core.package_identification:_identify(.) by extension 'python_setup_py'
[0.797s] Level 1:colcon.colcon_core.package_identification:_identify(build) by extensions ['ignore', 'ignore_ament_install']
[0.797s] Level 1:colcon.colcon_core.package_identification:_identify(build) by extension 'ignore'
[0.798s] Level 1:colcon.colcon_core.package_identification:_identify(build) ignored
[0.798s] Level 1:colcon.colcon_core.package_identification:_identify(install) by extensions ['ignore', 'ignore_ament_install']
[0.798s] Level 1:colcon.colcon_core.package_identification:_identify(install) by extension 'ignore'
[0.798s] Level 1:colcon.colcon_core.package_identification:_identify(install) ignored
[0.798s] Level 1:colcon.colcon_core.package_identification:_identify(log) by extensions ['ignore', 'ignore_ament_install']
[0.799s] Level 1:colcon.colcon_core.package_identification:_identify(log) by extension 'ignore'
[0.799s] Level 1:colcon.colcon_core.package_identification:_identify(log) ignored
[0.799s] Level 1:colcon.colcon_core.package_identification:_identify(src) by extensions ['ignore', 'ignore_ament_install']
[0.799s] Level 1:colcon.colcon_core.package_identification:_identify(src) by extension 'ignore'
[0.799s] Level 1:colcon.colcon_core.package_identification:_identify(src) by extension 'ignore_ament_install'
[0.799s] Level 1:colcon.colcon_core.package_identification:_identify(src) by extensions ['colcon_pkg']
[0.799s] Level 1:colcon.colcon_core.package_identification:_identify(src) by extension 'colcon_pkg'
[0.799s] Level 1:colcon.colcon_core.package_identification:_identify(src) by extensions ['colcon_meta']
[0.799s] Level 1:colcon.colcon_core.package_identification:_identify(src) by extension 'colcon_meta'
[0.800s] Level 1:colcon.colcon_core.package_identification:_identify(src) by extensions ['ros']
[0.800s] Level 1:colcon.colcon_core.package_identification:_identify(src) by extension 'ros'
[0.806s] DEBUG:colcon.colcon_core.package_identification:Package 'src' with type 'ros.ament_cmake' and name 'rf2o_laser_odometry'
[0.806s] Level 1:colcon.colcon_core.package_discovery:discover_packages(recursive) using defaults
[0.806s] Level 1:colcon.colcon_core.package_discovery:discover_packages(ignore) discover
[0.806s] Level 1:colcon.colcon_core.package_discovery:discover_packages(ignore) using defaults
[0.806s] Level 1:colcon.colcon_core.package_discovery:discover_packages(path) discover
[0.806s] Level 1:colcon.colcon_core.package_discovery:discover_packages(path) using defaults
[0.839s] Level 1:colcon.colcon_core.package_discovery:discover_packages(prefix_path) check parameters
[0.839s] Level 1:colcon.colcon_core.package_discovery:discover_packages(prefix_path) discover
[0.849s] DEBUG:colcon.colcon_installed_package_information.package_discovery:Found 319 installed packages in /opt/ros/humble
[0.877s] Level 1:colcon.colcon_core.package_discovery:discover_packages(prefix_path) using defaults
[1.035s] Level 5:colcon.colcon_core.verb:set package 'rf2o_laser_odometry' build argument 'cmake_args' from command line to 'None'
[1.035s] Level 5:colcon.colcon_core.verb:set package 'rf2o_laser_odometry' build argument 'cmake_target' from command line to 'None'
[1.035s] Level 5:colcon.colcon_core.verb:set package 'rf2o_laser_odometry' build argument 'cmake_target_skip_unavailable' from command line to 'False'
[1.035s] Level 5:colcon.colcon_core.verb:set package 'rf2o_laser_odometry' build argument 'cmake_clean_cache' from command line to 'False'
[1.035s] Level 5:colcon.colcon_core.verb:set package 'rf2o_laser_odometry' build argument 'cmake_clean_first' from command line to 'False'
[1.035s] Level 5:colcon.colcon_core.verb:set package 'rf2o_laser_odometry' build argument 'cmake_force_configure' from command line to 'False'
[1.035s] Level 5:colcon.colcon_core.verb:set package 'rf2o_laser_odometry' build argument 'ament_cmake_args' from command line to 'None'
[1.035s] Level 5:colcon.colcon_core.verb:set package 'rf2o_laser_odometry' build argument 'catkin_cmake_args' from command line to 'None'
[1.035s] Level 5:colcon.colcon_core.verb:set package 'rf2o_laser_odometry' build argument 'catkin_skip_building_tests' from command line to 'False'
[1.035s] DEBUG:colcon.colcon_core.verb:Building package 'rf2o_laser_odometry' with the following arguments: {'ament_cmake_args': None, 'build_base': '/home/spacer/slam/slam_toolbox_config/odometry_ws/build/rf2o_laser_odometry', 'catkin_cmake_args': None, 'catkin_skip_building_tests': False, 'cmake_args': None, 'cmake_clean_cache': False, 'cmake_clean_first': False, 'cmake_force_configure': False, 'cmake_target': None, 'cmake_target_skip_unavailable': False, 'install_base': '/home/spacer/slam/slam_toolbox_config/odometry_ws/install/rf2o_laser_odometry', 'merge_install': False, 'path': '/home/spacer/slam/slam_toolbox_config/odometry_ws/src', 'symlink_install': False, 'test_result_base': None}
[1.036s] INFO:colcon.colcon_core.executor:Executing jobs using 'parallel' executor
[1.038s] DEBUG:colcon.colcon_parallel_executor.executor.parallel:run_until_complete
[1.039s] INFO:colcon.colcon_ros.task.ament_cmake.build:Building ROS package in '/home/spacer/slam/slam_toolbox_config/odometry_ws/src' with build type 'ament_cmake'
[1.039s] INFO:colcon.colcon_cmake.task.cmake.build:Building CMake package in '/home/spacer/slam/slam_toolbox_config/odometry_ws/src'
[1.043s] INFO:colcon.colcon_core.plugin_system:Skipping extension 'colcon_core.shell.bat': Not used on non-Windows systems
[1.044s] INFO:colcon.colcon_core.shell:Skip shell extension 'powershell' for command environment: Not usable outside of PowerShell
[1.044s] DEBUG:colcon.colcon_core.shell:Skip shell extension 'dsv' for command environment
[1.062s] DEBUG:colcon.colcon_core.event_handler.log_command:Invoking command in '/home/spacer/slam/slam_toolbox_config/odometry_ws/build/rf2o_laser_odometry': CMAKE_PREFIX_PATH=/opt/ros/humble /usr/bin/cmake /home/spacer/slam/slam_toolbox_config/odometry_ws/src -DCMAKE_INSTALL_PREFIX=/home/spacer/slam/slam_toolbox_config/odometry_ws/install/rf2o_laser_odometry
[5.066s] DEBUG:colcon.colcon_core.event_handler.log_command:Invoked command in '/home/spacer/slam/slam_toolbox_config/odometry_ws/build/rf2o_laser_odometry' returned '0': CMAKE_PREFIX_PATH=/opt/ros/humble /usr/bin/cmake /home/spacer/slam/slam_toolbox_config/odometry_ws/src -DCMAKE_INSTALL_PREFIX=/home/spacer/slam/slam_toolbox_config/odometry_ws/install/rf2o_laser_odometry
[5.074s] DEBUG:colcon.colcon_core.event_handler.log_command:Invoking command in '/home/spacer/slam/slam_toolbox_config/odometry_ws/build/rf2o_laser_odometry': CMAKE_PREFIX_PATH=/opt/ros/humble /usr/bin/cmake --build /home/spacer/slam/slam_toolbox_config/odometry_ws/build/rf2o_laser_odometry -- -j6 -l6
[53.303s] DEBUG:colcon.colcon_core.event_handler.log_command:Invoked command in '/home/spacer/slam/slam_toolbox_config/odometry_ws/build/rf2o_laser_odometry' returned '0': CMAKE_PREFIX_PATH=/opt/ros/humble /usr/bin/cmake --build /home/spacer/slam/slam_toolbox_config/odometry_ws/build/rf2o_laser_odometry -- -j6 -l6
[53.386s] DEBUG:colcon.colcon_core.event_handler.log_command:Invoking command in '/home/spacer/slam/slam_toolbox_config/odometry_ws/build/rf2o_laser_odometry': CMAKE_PREFIX_PATH=/opt/ros/humble /usr/bin/cmake --install /home/spacer/slam/slam_toolbox_config/odometry_ws/build/rf2o_laser_odometry
[53.434s] Level 1:colcon.colcon_core.environment:create_environment_scripts_only(rf2o_laser_odometry)
[53.436s] DEBUG:colcon.colcon_core.event_handler.log_command:Invoked command in '/home/spacer/slam/slam_toolbox_config/odometry_ws/build/rf2o_laser_odometry' returned '0': CMAKE_PREFIX_PATH=/opt/ros/humble /usr/bin/cmake --install /home/spacer/slam/slam_toolbox_config/odometry_ws/build/rf2o_laser_odometry
[53.446s] Level 1:colcon.colcon_core.environment:checking '/home/spacer/slam/slam_toolbox_config/odometry_ws/install/rf2o_laser_odometry' for CMake module files
[53.448s] Level 1:colcon.colcon_core.environment:checking '/home/spacer/slam/slam_toolbox_config/odometry_ws/install/rf2o_laser_odometry' for CMake config files
[53.449s] Level 1:colcon.colcon_core.shell:create_environment_hook('rf2o_laser_odometry', 'cmake_prefix_path')
[53.450s] INFO:colcon.colcon_core.shell:Creating environment hook '/home/spacer/slam/slam_toolbox_config/odometry_ws/install/rf2o_laser_odometry/share/rf2o_laser_odometry/hook/cmake_prefix_path.ps1'
[53.452s] INFO:colcon.colcon_core.shell:Creating environment descriptor '/home/spacer/slam/slam_toolbox_config/odometry_ws/install/rf2o_laser_odometry/share/rf2o_laser_odometry/hook/cmake_prefix_path.dsv'
[53.454s] INFO:colcon.colcon_core.shell:Creating environment hook '/home/spacer/slam/slam_toolbox_config/odometry_ws/install/rf2o_laser_odometry/share/rf2o_laser_odometry/hook/cmake_prefix_path.sh'
[53.458s] Level 1:colcon.colcon_core.environment:checking '/home/spacer/slam/slam_toolbox_config/odometry_ws/install/rf2o_laser_odometry/lib'
[53.458s] Level 1:colcon.colcon_core.environment:checking '/home/spacer/slam/slam_toolbox_config/odometry_ws/install/rf2o_laser_odometry/bin'
[53.459s] Level 1:colcon.colcon_core.environment:checking '/home/spacer/slam/slam_toolbox_config/odometry_ws/install/rf2o_laser_odometry/lib/pkgconfig/rf2o_laser_odometry.pc'
[53.459s] Level 1:colcon.colcon_core.environment:checking '/home/spacer/slam/slam_toolbox_config/odometry_ws/install/rf2o_laser_odometry/lib/python3.8/site-packages'
[53.460s] Level 1:colcon.colcon_core.environment:checking '/home/spacer/slam/slam_toolbox_config/odometry_ws/install/rf2o_laser_odometry/bin'
[53.461s] INFO:colcon.colcon_core.shell:Creating package script '/home/spacer/slam/slam_toolbox_config/odometry_ws/install/rf2o_laser_odometry/share/rf2o_laser_odometry/package.ps1'
[53.464s] INFO:colcon.colcon_core.shell:Creating package descriptor '/home/spacer/slam/slam_toolbox_config/odometry_ws/install/rf2o_laser_odometry/share/rf2o_laser_odometry/package.dsv'
[53.466s] INFO:colcon.colcon_core.shell:Creating package script '/home/spacer/slam/slam_toolbox_config/odometry_ws/install/rf2o_laser_odometry/share/rf2o_laser_odometry/package.sh'
[53.468s] INFO:colcon.colcon_core.shell:Creating package script '/home/spacer/slam/slam_toolbox_config/odometry_ws/install/rf2o_laser_odometry/share/rf2o_laser_odometry/package.bash'
[53.470s] INFO:colcon.colcon_core.shell:Creating package script '/home/spacer/slam/slam_toolbox_config/odometry_ws/install/rf2o_laser_odometry/share/rf2o_laser_odometry/package.zsh'
[53.471s] Level 1:colcon.colcon_core.environment:create_file_with_runtime_dependencies(/home/spacer/slam/slam_toolbox_config/odometry_ws/install/rf2o_laser_odometry/share/colcon-core/packages/rf2o_laser_odometry)
[53.528s] Level 1:colcon.colcon_core.environment:create_environment_scripts_only(rf2o_laser_odometry)
[53.529s] Level 1:colcon.colcon_core.environment:checking '/home/spacer/slam/slam_toolbox_config/odometry_ws/install/rf2o_laser_odometry' for CMake module files
[53.531s] Level 1:colcon.colcon_core.environment:checking '/home/spacer/slam/slam_toolbox_config/odometry_ws/install/rf2o_laser_odometry' for CMake config files
[53.532s] Level 1:colcon.colcon_core.shell:create_environment_hook('rf2o_laser_odometry', 'cmake_prefix_path')
[53.533s] INFO:colcon.colcon_core.shell:Creating environment hook '/home/spacer/slam/slam_toolbox_config/odometry_ws/install/rf2o_laser_odometry/share/rf2o_laser_odometry/hook/cmake_prefix_path.ps1'
[53.535s] INFO:colcon.colcon_core.shell:Creating environment descriptor '/home/spacer/slam/slam_toolbox_config/odometry_ws/install/rf2o_laser_odometry/share/rf2o_laser_odometry/hook/cmake_prefix_path.dsv'
[53.536s] INFO:colcon.colcon_core.shell:Creating environment hook '/home/spacer/slam/slam_toolbox_config/odometry_ws/install/rf2o_laser_odometry/share/rf2o_laser_odometry/hook/cmake_prefix_path.sh'
[53.538s] Level 1:colcon.colcon_core.environment:checking '/home/spacer/slam/slam_toolbox_config/odometry_ws/install/rf2o_laser_odometry/lib'
[53.538s] Level 1:colcon.colcon_core.environment:checking '/home/spacer/slam/slam_toolbox_config/odometry_ws/install/rf2o_laser_odometry/bin'
[53.538s] Level 1:colcon.colcon_core.environment:checking '/home/spacer/slam/slam_toolbox_config/odometry_ws/install/rf2o_laser_odometry/lib/pkgconfig/rf2o_laser_odometry.pc'
[53.539s] Level 1:colcon.colcon_core.environment:checking '/home/spacer/slam/slam_toolbox_config/odometry_ws/install/rf2o_laser_odometry/lib/python3.8/site-packages'
[53.540s] Level 1:colcon.colcon_core.environment:checking '/home/spacer/slam/slam_toolbox_config/odometry_ws/install/rf2o_laser_odometry/bin'
[53.541s] INFO:colcon.colcon_core.shell:Creating package script '/home/spacer/slam/slam_toolbox_config/odometry_ws/install/rf2o_laser_odometry/share/rf2o_laser_odometry/package.ps1'
[53.543s] INFO:colcon.colcon_core.shell:Creating package descriptor '/home/spacer/slam/slam_toolbox_config/odometry_ws/install/rf2o_laser_odometry/share/rf2o_laser_odometry/package.dsv'
[53.545s] INFO:colcon.colcon_core.shell:Creating package script '/home/spacer/slam/slam_toolbox_config/odometry_ws/install/rf2o_laser_odometry/share/rf2o_laser_odometry/package.sh'
[53.546s] INFO:colcon.colcon_core.shell:Creating package script '/home/spacer/slam/slam_toolbox_config/odometry_ws/install/rf2o_laser_odometry/share/rf2o_laser_odometry/package.bash'
[53.547s] INFO:colcon.colcon_core.shell:Creating package script '/home/spacer/slam/slam_toolbox_config/odometry_ws/install/rf2o_laser_odometry/share/rf2o_laser_odometry/package.zsh'
[53.548s] Level 1:colcon.colcon_core.environment:create_file_with_runtime_dependencies(/home/spacer/slam/slam_toolbox_config/odometry_ws/install/rf2o_laser_odometry/share/colcon-core/packages/rf2o_laser_odometry)
[53.549s] DEBUG:colcon.colcon_parallel_executor.executor.parallel:closing loop
[53.550s] DEBUG:colcon.colcon_parallel_executor.executor.parallel:loop closed
[53.550s] DEBUG:colcon.colcon_parallel_executor.executor.parallel:run_until_complete finished with '0'
[53.550s] DEBUG:colcon.colcon_core.event_reactor:joining thread
[53.578s] INFO:colcon.colcon_core.plugin_system:Skipping extension 'colcon_notification.desktop_notification.terminal_notifier': Not used on non-Darwin systems
[53.578s] INFO:colcon.colcon_core.plugin_system:Skipping extension 'colcon_notification.desktop_notification.win32': Not used on non-Windows systems
[53.578s] INFO:colcon.colcon_notification.desktop_notification:Sending desktop notification using 'notify2'
[53.602s] DEBUG:colcon.colcon_notification.desktop_notification.notify2:Failed to initialize notify2: org.freedesktop.DBus.Error.Spawn.ChildExited: Process org.freedesktop.Notifications exited with status 1
[53.602s] DEBUG:colcon.colcon_core.event_reactor:joined thread
[53.604s] INFO:colcon.colcon_core.shell:Creating prefix script '/home/spacer/slam/slam_toolbox_config/odometry_ws/install/local_setup.ps1'
[53.607s] INFO:colcon.colcon_core.shell:Creating prefix util module '/home/spacer/slam/slam_toolbox_config/odometry_ws/install/_local_setup_util_ps1.py'
[53.610s] INFO:colcon.colcon_core.shell:Creating prefix chain script '/home/spacer/slam/slam_toolbox_config/odometry_ws/install/setup.ps1'
[53.612s] INFO:colcon.colcon_core.shell:Creating prefix script '/home/spacer/slam/slam_toolbox_config/odometry_ws/install/local_setup.sh'
[53.614s] INFO:colcon.colcon_core.shell:Creating prefix util module '/home/spacer/slam/slam_toolbox_config/odometry_ws/install/_local_setup_util_sh.py'
[53.615s] INFO:colcon.colcon_core.shell:Creating prefix chain script '/home/spacer/slam/slam_toolbox_config/odometry_ws/install/setup.sh'
[53.617s] INFO:colcon.colcon_core.shell:Creating prefix script '/home/spacer/slam/slam_toolbox_config/odometry_ws/install/local_setup.bash'
[53.619s] INFO:colcon.colcon_core.shell:Creating prefix chain script '/home/spacer/slam/slam_toolbox_config/odometry_ws/install/setup.bash'
[53.621s] INFO:colcon.colcon_core.shell:Creating prefix script '/home/spacer/slam/slam_toolbox_config/odometry_ws/install/local_setup.zsh'
[53.622s] INFO:colcon.colcon_core.shell:Creating prefix chain script '/home/spacer/slam/slam_toolbox_config/odometry_ws/install/setup.zsh'
