running develop
running egg_info
creating rtabmap_livox.egg-info
writing rtabmap_livox.egg-info/PKG-INFO
writing dependency_links to rtabmap_livox.egg-info/dependency_links.txt
writing entry points to rtabmap_livox.egg-info/entry_points.txt
writing requirements to rtabmap_livox.egg-info/requires.txt
writing top-level names to rtabmap_livox.egg-info/top_level.txt
writing manifest file 'rtabmap_livox.egg-info/SOURCES.txt'
reading manifest file 'rtabmap_livox.egg-info/SOURCES.txt'
writing manifest file 'rtabmap_livox.egg-info/SOURCES.txt'
running build_ext
Creating /home/spacer/leo_ws/install/rtabmap_livox/lib/python3.8/site-packages/site.py
Creating /home/spacer/leo_ws/install/rtabmap_livox/lib/python3.8/site-packages/rtabmap-livox.egg-link (link to .)

Installed /home/spacer/leo_ws/build/rtabmap_livox
running symlink_data
creating /home/spacer/leo_ws/install/rtabmap_livox/share/ament_index
creating /home/spacer/leo_ws/install/rtabmap_livox/share/ament_index/resource_index
creating /home/spacer/leo_ws/install/rtabmap_livox/share/ament_index/resource_index/packages
symbolically linking /home/spacer/leo_ws/build/rtabmap_livox/resource/rtabmap_livox -> /home/spacer/leo_ws/install/rtabmap_livox/share/ament_index/resource_index/packages
symbolically linking /home/spacer/leo_ws/build/rtabmap_livox/package.xml -> /home/spacer/leo_ws/install/rtabmap_livox/share/rtabmap_livox
creating /home/spacer/leo_ws/install/rtabmap_livox/share/rtabmap_livox/launch
symbolically linking /home/spacer/leo_ws/build/rtabmap_livox/launch/rtabmap_livox.launch.py -> /home/spacer/leo_ws/install/rtabmap_livox/share/rtabmap_livox/launch
