[1.473s] Invoking command in '/home/spacer/leo_ws/src/docker_stats': CMAKE_PREFIX_PATH=/home/spacer/leo_ws/install/docker_messages:/home/spacer/leo_ws/install/micro_ros_agent:/home/spacer/leo_ws/install/leo:/home/spacer/leo_ws/install/leo_teleop:/home/spacer/leo_ws/install/leo_msgs:/home/spacer/leo_ws/install/leo_description LD_LIBRARY_PATH=/home/spacer/leo_ws/install/docker_messages/lib:/home/spacer/leo_ws/install/micro_ros_agent/lib:/home/spacer/leo_ws/install/leo_msgs/lib:/opt/ros/humble/opt/rviz_ogre_vendor/lib:/opt/ros/humble/lib/aarch64-linux-gnu:/opt/ros/humble/lib:/usr/local/cuda-11.4/lib64:/usr/local/lib PYTHONPATH=/home/spacer/leo_ws/build/docker_stats/prefix_override:/home/spacer/leo_ws/install/docker_stats/lib/python3.8/site-packages:${PYTHONPATH} /usr/bin/python3 -W ignore:setup.py install is deprecated setup.py egg_info --egg-base ../../build/docker_stats build --build-base /home/spacer/leo_ws/build/docker_stats/build install --record /home/spacer/leo_ws/build/docker_stats/install.log --single-version-externally-managed install_data
[1.986s] running egg_info
[1.987s] writing ../../build/docker_stats/docker_stats.egg-info/PKG-INFO
[1.987s] writing dependency_links to ../../build/docker_stats/docker_stats.egg-info/dependency_links.txt
[1.988s] writing entry points to ../../build/docker_stats/docker_stats.egg-info/entry_points.txt
[1.988s] writing requirements to ../../build/docker_stats/docker_stats.egg-info/requires.txt
[1.988s] writing top-level names to ../../build/docker_stats/docker_stats.egg-info/top_level.txt
[2.054s] reading manifest file '../../build/docker_stats/docker_stats.egg-info/SOURCES.txt'
[2.056s] writing manifest file '../../build/docker_stats/docker_stats.egg-info/SOURCES.txt'
[2.056s] running build
[2.057s] running build_py
[2.057s] copying docker_stats/docker_stats_node.py -> /home/spacer/leo_ws/build/docker_stats/build/lib/docker_stats
[2.058s] running install
[2.059s] running install_lib
[2.061s] copying /home/spacer/leo_ws/build/docker_stats/build/lib/docker_stats/docker_stats_node.py -> /home/spacer/leo_ws/install/docker_stats/lib/python3.8/site-packages/docker_stats
[2.063s] byte-compiling /home/spacer/leo_ws/install/docker_stats/lib/python3.8/site-packages/docker_stats/docker_stats_node.py to docker_stats_node.cpython-38.pyc
[2.066s] running install_data
[2.067s] running install_egg_info
[2.071s] removing '/home/spacer/leo_ws/install/docker_stats/lib/python3.8/site-packages/docker_stats-0.0.0-py3.8.egg-info' (and everything under it)
[2.072s] Copying ../../build/docker_stats/docker_stats.egg-info to /home/spacer/leo_ws/install/docker_stats/lib/python3.8/site-packages/docker_stats-0.0.0-py3.8.egg-info
[2.074s] running install_scripts
[2.111s] Installing docker_stats_node script to /home/spacer/leo_ws/install/docker_stats/lib/docker_stats
[2.112s] writing list of installed files to '/home/spacer/leo_ws/build/docker_stats/install.log'
[2.172s] Invoked command in '/home/spacer/leo_ws/src/docker_stats' returned '0': CMAKE_PREFIX_PATH=/home/spacer/leo_ws/install/docker_messages:/home/spacer/leo_ws/install/micro_ros_agent:/home/spacer/leo_ws/install/leo:/home/spacer/leo_ws/install/leo_teleop:/home/spacer/leo_ws/install/leo_msgs:/home/spacer/leo_ws/install/leo_description LD_LIBRARY_PATH=/home/spacer/leo_ws/install/docker_messages/lib:/home/spacer/leo_ws/install/micro_ros_agent/lib:/home/spacer/leo_ws/install/leo_msgs/lib:/opt/ros/humble/opt/rviz_ogre_vendor/lib:/opt/ros/humble/lib/aarch64-linux-gnu:/opt/ros/humble/lib:/usr/local/cuda-11.4/lib64:/usr/local/lib PYTHONPATH=/home/spacer/leo_ws/build/docker_stats/prefix_override:/home/spacer/leo_ws/install/docker_stats/lib/python3.8/site-packages:${PYTHONPATH} /usr/bin/python3 -W ignore:setup.py install is deprecated setup.py egg_info --egg-base ../../build/docker_stats build --build-base /home/spacer/leo_ws/build/docker_stats/build install --record /home/spacer/leo_ws/build/docker_stats/install.log --single-version-externally-managed install_data
