make: Warning: File 'Makefile' has modification time 7506 s in the future
make[1]: Warning: File 'CMakeFiles/Makefile2' has modification time 7506 s in the future
make[2]: Warning: File 'CMakeFiles/rf2o_laser_odometry.dir/flags.make' has modification time 7506 s in the future
make[2]: Warning: File 'CMakeFiles/rf2o_laser_odometry_node.dir/flags.make' has modification time 7506 s in the future
make[2]: warning:  Clock skew detected.  Your build may be incomplete.
make[2]: warning:  Clock skew detected.  Your build may be incomplete.
make[2]: Warning: File 'CMakeFiles/rf2o_laser_odometry.dir/flags.make' has modification time 7506 s in the future
make[2]: Warning: File 'CMakeFiles/rf2o_laser_odometry_node.dir/flags.make' has modification time 7506 s in the future
make[2]: warning:  Clock skew detected.  Your build may be incomplete.
[ 40%] Built target rf2o_laser_odometry
make[2]: warning:  Clock skew detected.  Your build may be incomplete.
[100%] Built target rf2o_laser_odometry_node
make[1]: warning:  Clock skew detected.  Your build may be incomplete.
make: warning:  Clock skew detected.  Your build may be incomplete.
-- Install configuration: ""
-- Up-to-date: /home/spacer/slam/slam_toolbox_config/odometry_ws/install/rf2o_laser_odometry/lib/rf2o_laser_odometry/rf2o_laser_odometry_node
-- Up-to-date: /home/spacer/slam/slam_toolbox_config/odometry_ws/install/rf2o_laser_odometry/share/rf2o_laser_odometry/launch
-- Installing: /home/spacer/slam/slam_toolbox_config/odometry_ws/install/rf2o_laser_odometry/share/rf2o_laser_odometry/launch/rf2o_laser_odometry.launch.py
-- Up-to-date: /home/spacer/slam/slam_toolbox_config/odometry_ws/install/rf2o_laser_odometry/share/ament_index/resource_index/package_run_dependencies/rf2o_laser_odometry
-- Up-to-date: /home/spacer/slam/slam_toolbox_config/odometry_ws/install/rf2o_laser_odometry/share/ament_index/resource_index/parent_prefix_path/rf2o_laser_odometry
-- Up-to-date: /home/spacer/slam/slam_toolbox_config/odometry_ws/install/rf2o_laser_odometry/share/rf2o_laser_odometry/environment/ament_prefix_path.sh
-- Up-to-date: /home/spacer/slam/slam_toolbox_config/odometry_ws/install/rf2o_laser_odometry/share/rf2o_laser_odometry/environment/ament_prefix_path.dsv
-- Up-to-date: /home/spacer/slam/slam_toolbox_config/odometry_ws/install/rf2o_laser_odometry/share/rf2o_laser_odometry/environment/path.sh
-- Up-to-date: /home/spacer/slam/slam_toolbox_config/odometry_ws/install/rf2o_laser_odometry/share/rf2o_laser_odometry/environment/path.dsv
-- Up-to-date: /home/spacer/slam/slam_toolbox_config/odometry_ws/install/rf2o_laser_odometry/share/rf2o_laser_odometry/local_setup.bash
-- Up-to-date: /home/spacer/slam/slam_toolbox_config/odometry_ws/install/rf2o_laser_odometry/share/rf2o_laser_odometry/local_setup.sh
-- Up-to-date: /home/spacer/slam/slam_toolbox_config/odometry_ws/install/rf2o_laser_odometry/share/rf2o_laser_odometry/local_setup.zsh
-- Up-to-date: /home/spacer/slam/slam_toolbox_config/odometry_ws/install/rf2o_laser_odometry/share/rf2o_laser_odometry/local_setup.dsv
-- Installing: /home/spacer/slam/slam_toolbox_config/odometry_ws/install/rf2o_laser_odometry/share/rf2o_laser_odometry/package.dsv
-- Up-to-date: /home/spacer/slam/slam_toolbox_config/odometry_ws/install/rf2o_laser_odometry/share/ament_index/resource_index/packages/rf2o_laser_odometry
-- Up-to-date: /home/spacer/slam/slam_toolbox_config/odometry_ws/install/rf2o_laser_odometry/share/rf2o_laser_odometry/cmake/rf2o_laser_odometryConfig.cmake
-- Up-to-date: /home/spacer/slam/slam_toolbox_config/odometry_ws/install/rf2o_laser_odometry/share/rf2o_laser_odometry/cmake/rf2o_laser_odometryConfig-version.cmake
-- Up-to-date: /home/spacer/slam/slam_toolbox_config/odometry_ws/install/rf2o_laser_odometry/share/rf2o_laser_odometry/package.xml
