[0.027s] Invoking command in '/home/spacer/slam/slam_toolbox_config/odometry_ws/build/rf2o_laser_odometry': CMAKE_PREFIX_PATH=${CMAKE_PREFIX_PATH}:/opt/ros/humble /usr/bin/cmake --build /home/spacer/slam/slam_toolbox_config/odometry_ws/build/rf2o_laser_odometry -- -j6 -l6
[0.075s] make: Warning: File 'Makefile' has modification time 7506 s in the future
[0.149s] make[1]: Warning: File 'CMakeFiles/Makefile2' has modification time 7506 s in the future
[0.155s] make[2]: Warning: File 'CMakeFiles/rf2o_laser_odometry.dir/flags.make' has modification time 7506 s in the future
[0.159s] make[2]: Warning: File 'CMakeFiles/rf2o_laser_odometry_node.dir/flags.make' has modification time 7506 s in the future
[0.194s] make[2]: warning:  Clock skew detected.  Your build may be incomplete.
[0.197s] make[2]: warning:  Clock skew detected.  Your build may be incomplete.
[0.199s] make[2]: Warning: File 'CMakeFiles/rf2o_laser_odometry.dir/flags.make' has modification time 7506 s in the future
[0.208s] make[2]: Warning: File 'CMakeFiles/rf2o_laser_odometry_node.dir/flags.make' has modification time 7506 s in the future
[0.213s] make[2]: warning:  Clock skew detected.  Your build may be incomplete.
[0.230s] [ 40%] Built target rf2o_laser_odometry
[0.240s] make[2]: warning:  Clock skew detected.  Your build may be incomplete.
[0.257s] [100%] Built target rf2o_laser_odometry_node
[0.258s] make[1]: warning:  Clock skew detected.  Your build may be incomplete.
[0.277s] make: warning:  Clock skew detected.  Your build may be incomplete.
[0.283s] Invoked command in '/home/spacer/slam/slam_toolbox_config/odometry_ws/build/rf2o_laser_odometry' returned '0': CMAKE_PREFIX_PATH=${CMAKE_PREFIX_PATH}:/opt/ros/humble /usr/bin/cmake --build /home/spacer/slam/slam_toolbox_config/odometry_ws/build/rf2o_laser_odometry -- -j6 -l6
[0.365s] Invoking command in '/home/spacer/slam/slam_toolbox_config/odometry_ws/build/rf2o_laser_odometry': CMAKE_PREFIX_PATH=${CMAKE_PREFIX_PATH}:/opt/ros/humble /usr/bin/cmake --install /home/spacer/slam/slam_toolbox_config/odometry_ws/build/rf2o_laser_odometry
[0.384s] -- Install configuration: ""
[0.385s] -- Up-to-date: /home/spacer/slam/slam_toolbox_config/odometry_ws/install/rf2o_laser_odometry/lib/rf2o_laser_odometry/rf2o_laser_odometry_node
[0.385s] -- Up-to-date: /home/spacer/slam/slam_toolbox_config/odometry_ws/install/rf2o_laser_odometry/share/rf2o_laser_odometry/launch
[0.386s] -- Installing: /home/spacer/slam/slam_toolbox_config/odometry_ws/install/rf2o_laser_odometry/share/rf2o_laser_odometry/launch/rf2o_laser_odometry.launch.py
[0.386s] -- Up-to-date: /home/spacer/slam/slam_toolbox_config/odometry_ws/install/rf2o_laser_odometry/share/ament_index/resource_index/package_run_dependencies/rf2o_laser_odometry
[0.386s] -- Up-to-date: /home/spacer/slam/slam_toolbox_config/odometry_ws/install/rf2o_laser_odometry/share/ament_index/resource_index/parent_prefix_path/rf2o_laser_odometry
[0.386s] -- Up-to-date: /home/spacer/slam/slam_toolbox_config/odometry_ws/install/rf2o_laser_odometry/share/rf2o_laser_odometry/environment/ament_prefix_path.sh
[0.386s] -- Up-to-date: /home/spacer/slam/slam_toolbox_config/odometry_ws/install/rf2o_laser_odometry/share/rf2o_laser_odometry/environment/ament_prefix_path.dsv
[0.387s] -- Up-to-date: /home/spacer/slam/slam_toolbox_config/odometry_ws/install/rf2o_laser_odometry/share/rf2o_laser_odometry/environment/path.sh
[0.387s] -- Up-to-date: /home/spacer/slam/slam_toolbox_config/odometry_ws/install/rf2o_laser_odometry/share/rf2o_laser_odometry/environment/path.dsv
[0.387s] -- Up-to-date: /home/spacer/slam/slam_toolbox_config/odometry_ws/install/rf2o_laser_odometry/share/rf2o_laser_odometry/local_setup.bash
[0.387s] -- Up-to-date: /home/spacer/slam/slam_toolbox_config/odometry_ws/install/rf2o_laser_odometry/share/rf2o_laser_odometry/local_setup.sh
[0.388s] -- Up-to-date: /home/spacer/slam/slam_toolbox_config/odometry_ws/install/rf2o_laser_odometry/share/rf2o_laser_odometry/local_setup.zsh
[0.388s] -- Up-to-date: /home/spacer/slam/slam_toolbox_config/odometry_ws/install/rf2o_laser_odometry/share/rf2o_laser_odometry/local_setup.dsv
[0.388s] -- Installing: /home/spacer/slam/slam_toolbox_config/odometry_ws/install/rf2o_laser_odometry/share/rf2o_laser_odometry/package.dsv
[0.389s] -- Up-to-date: /home/spacer/slam/slam_toolbox_config/odometry_ws/install/rf2o_laser_odometry/share/ament_index/resource_index/packages/rf2o_laser_odometry
[0.389s] -- Up-to-date: /home/spacer/slam/slam_toolbox_config/odometry_ws/install/rf2o_laser_odometry/share/rf2o_laser_odometry/cmake/rf2o_laser_odometryConfig.cmake
[0.389s] -- Up-to-date: /home/spacer/slam/slam_toolbox_config/odometry_ws/install/rf2o_laser_odometry/share/rf2o_laser_odometry/cmake/rf2o_laser_odometryConfig-version.cmake
[0.390s] -- Up-to-date: /home/spacer/slam/slam_toolbox_config/odometry_ws/install/rf2o_laser_odometry/share/rf2o_laser_odometry/package.xml
[0.393s] Invoked command in '/home/spacer/slam/slam_toolbox_config/odometry_ws/build/rf2o_laser_odometry' returned '0': CMAKE_PREFIX_PATH=${CMAKE_PREFIX_PATH}:/opt/ros/humble /usr/bin/cmake --install /home/spacer/slam/slam_toolbox_config/odometry_ws/build/rf2o_laser_odometry
