[0.421s] DEBUG:colcon:Command line arguments: ['/usr/bin/colcon', 'build', '--symlink-install']
[0.421s] DEBUG:colcon:Parsed command line arguments: Namespace(allow_overriding=[], ament_cmake_args=None, base_paths=['.'], build_base='build', catkin_cmake_args=None, catkin_skip_building_tests=False, cmake_args=None, cmake_clean_cache=False, cmake_clean_first=False, cmake_force_configure=False, cmake_target=None, cmake_target_skip_unavailable=False, continue_on_error=False, event_handlers=None, executor='parallel', ignore_user_meta=False, install_base='install', log_base=None, log_level=None, main=<bound method BuildVerb.main of <colcon_core.verb.build.BuildVerb object at 0xffff9e4d4130>>, merge_install=False, metas=['./colcon.meta'], packages_above=None, packages_above_and_dependencies=None, packages_above_depth=None, packages_end=None, packages_ignore=None, packages_ignore_regex=None, packages_select=None, packages_select_build_failed=False, packages_select_by_dep=None, packages_select_regex=None, packages_select_test_failures=False, packages_skip=None, packages_skip_build_finished=False, packages_skip_by_dep=None, packages_skip_regex=None, packages_skip_test_passed=False, packages_skip_up_to=None, packages_start=None, packages_up_to=None, packages_up_to_regex=None, parallel_workers=6, paths=None, symlink_install=True, test_result_base=None, verb_extension=<colcon_core.verb.build.BuildVerb object at 0xffff9e4d4130>, verb_name='build', verb_parser=<colcon_defaults.argument_parser.defaults.DefaultArgumentsDecorator object at 0xffff9e35ee50>)
[0.779s] Level 1:colcon.colcon_core.package_discovery:discover_packages(colcon_meta) check parameters
[0.779s] Level 1:colcon.colcon_core.package_discovery:discover_packages(recursive) check parameters
[0.779s] Level 1:colcon.colcon_core.package_discovery:discover_packages(ignore) check parameters
[0.779s] Level 1:colcon.colcon_core.package_discovery:discover_packages(path) check parameters
[0.779s] Level 1:colcon.colcon_core.package_discovery:discover_packages(colcon_meta) discover
[0.780s] Level 1:colcon.colcon_core.package_discovery:discover_packages(recursive) discover
[0.780s] INFO:colcon.colcon_core.package_discovery:Crawling recursively for packages in '/home/spacer/slam'
[0.780s] Level 1:colcon.colcon_core.package_identification:_identify(.) by extensions ['ignore', 'ignore_ament_install']
[0.780s] Level 1:colcon.colcon_core.package_identification:_identify(.) by extension 'ignore'
[0.780s] Level 1:colcon.colcon_core.package_identification:_identify(.) by extension 'ignore_ament_install'
[0.781s] Level 1:colcon.colcon_core.package_identification:_identify(.) by extensions ['colcon_pkg']
[0.781s] Level 1:colcon.colcon_core.package_identification:_identify(.) by extension 'colcon_pkg'
[0.781s] Level 1:colcon.colcon_core.package_identification:_identify(.) by extensions ['colcon_meta']
[0.781s] Level 1:colcon.colcon_core.package_identification:_identify(.) by extension 'colcon_meta'
[0.781s] Level 1:colcon.colcon_core.package_identification:_identify(.) by extensions ['ros']
[0.781s] Level 1:colcon.colcon_core.package_identification:_identify(.) by extension 'ros'
[0.804s] Level 1:colcon.colcon_core.package_identification:_identify(.) by extensions ['cmake', 'python']
[0.804s] Level 1:colcon.colcon_core.package_identification:_identify(.) by extension 'cmake'
[0.804s] Level 1:colcon.colcon_core.package_identification:_identify(.) by extension 'python'
[0.804s] Level 1:colcon.colcon_core.package_identification:_identify(.) by extensions ['python_setup_py']
[0.804s] Level 1:colcon.colcon_core.package_identification:_identify(.) by extension 'python_setup_py'
[0.805s] Level 1:colcon.colcon_core.package_identification:_identify(build) by extensions ['ignore', 'ignore_ament_install']
[0.805s] Level 1:colcon.colcon_core.package_identification:_identify(build) by extension 'ignore'
[0.805s] Level 1:colcon.colcon_core.package_identification:_identify(build) ignored
[0.805s] Level 1:colcon.colcon_core.package_identification:_identify(install) by extensions ['ignore', 'ignore_ament_install']
[0.805s] Level 1:colcon.colcon_core.package_identification:_identify(install) by extension 'ignore'
[0.806s] Level 1:colcon.colcon_core.package_identification:_identify(install) ignored
[0.806s] Level 1:colcon.colcon_core.package_identification:_identify(log) by extensions ['ignore', 'ignore_ament_install']
[0.806s] Level 1:colcon.colcon_core.package_identification:_identify(log) by extension 'ignore'
[0.806s] Level 1:colcon.colcon_core.package_identification:_identify(log) ignored
[0.806s] Level 1:colcon.colcon_core.package_identification:_identify(src) by extensions ['ignore', 'ignore_ament_install']
[0.806s] Level 1:colcon.colcon_core.package_identification:_identify(src) by extension 'ignore'
[0.807s] Level 1:colcon.colcon_core.package_identification:_identify(src) by extension 'ignore_ament_install'
[0.807s] Level 1:colcon.colcon_core.package_identification:_identify(src) by extensions ['colcon_pkg']
[0.807s] Level 1:colcon.colcon_core.package_identification:_identify(src) by extension 'colcon_pkg'
[0.807s] Level 1:colcon.colcon_core.package_identification:_identify(src) by extensions ['colcon_meta']
[0.807s] Level 1:colcon.colcon_core.package_identification:_identify(src) by extension 'colcon_meta'
[0.807s] Level 1:colcon.colcon_core.package_identification:_identify(src) by extensions ['ros']
[0.807s] Level 1:colcon.colcon_core.package_identification:_identify(src) by extension 'ros'
[0.807s] Level 1:colcon.colcon_core.package_identification:_identify(src) by extensions ['cmake', 'python']
[0.807s] Level 1:colcon.colcon_core.package_identification:_identify(src) by extension 'cmake'
[0.807s] Level 1:colcon.colcon_core.package_identification:_identify(src) by extension 'python'
[0.807s] Level 1:colcon.colcon_core.package_identification:_identify(src) by extensions ['python_setup_py']
[0.808s] Level 1:colcon.colcon_core.package_identification:_identify(src) by extension 'python_setup_py'
[0.808s] Level 1:colcon.colcon_core.package_identification:_identify(src/FAST_LIO) by extensions ['ignore', 'ignore_ament_install']
[0.808s] Level 1:colcon.colcon_core.package_identification:_identify(src/FAST_LIO) by extension 'ignore'
[0.808s] Level 1:colcon.colcon_core.package_identification:_identify(src/FAST_LIO) by extension 'ignore_ament_install'
[0.808s] Level 1:colcon.colcon_core.package_identification:_identify(src/FAST_LIO) by extensions ['colcon_pkg']
[0.808s] Level 1:colcon.colcon_core.package_identification:_identify(src/FAST_LIO) by extension 'colcon_pkg'
[0.808s] Level 1:colcon.colcon_core.package_identification:_identify(src/FAST_LIO) by extensions ['colcon_meta']
[0.808s] Level 1:colcon.colcon_core.package_identification:_identify(src/FAST_LIO) by extension 'colcon_meta'
[0.809s] Level 1:colcon.colcon_core.package_identification:_identify(src/FAST_LIO) by extensions ['ros']
[0.809s] Level 1:colcon.colcon_core.package_identification:_identify(src/FAST_LIO) by extension 'ros'
[0.815s] DEBUG:colcon.colcon_core.package_identification:Package 'src/FAST_LIO' with type 'ros.ament_cmake' and name 'fast_lio'
[0.815s] Level 1:colcon.colcon_core.package_discovery:discover_packages(recursive) using defaults
[0.815s] Level 1:colcon.colcon_core.package_discovery:discover_packages(ignore) discover
[0.815s] Level 1:colcon.colcon_core.package_discovery:discover_packages(ignore) using defaults
[0.815s] Level 1:colcon.colcon_core.package_discovery:discover_packages(path) discover
[0.816s] Level 1:colcon.colcon_core.package_discovery:discover_packages(path) using defaults
[0.849s] Level 1:colcon.colcon_core.package_discovery:discover_packages(prefix_path) check parameters
[0.849s] Level 1:colcon.colcon_core.package_discovery:discover_packages(prefix_path) discover
[0.879s] DEBUG:colcon.colcon_installed_package_information.package_discovery:Found 1 installed packages in /home/spacer/sensor_ws/install
[0.882s] DEBUG:colcon.colcon_installed_package_information.package_discovery:Found 317 installed packages in /opt/ros/humble
[0.885s] Level 1:colcon.colcon_core.package_discovery:discover_packages(prefix_path) using defaults
[1.034s] Level 5:colcon.colcon_core.verb:set package 'fast_lio' build argument 'cmake_args' from command line to 'None'
[1.034s] Level 5:colcon.colcon_core.verb:set package 'fast_lio' build argument 'cmake_target' from command line to 'None'
[1.034s] Level 5:colcon.colcon_core.verb:set package 'fast_lio' build argument 'cmake_target_skip_unavailable' from command line to 'False'
[1.034s] Level 5:colcon.colcon_core.verb:set package 'fast_lio' build argument 'cmake_clean_cache' from command line to 'False'
[1.035s] Level 5:colcon.colcon_core.verb:set package 'fast_lio' build argument 'cmake_clean_first' from command line to 'False'
[1.035s] Level 5:colcon.colcon_core.verb:set package 'fast_lio' build argument 'cmake_force_configure' from command line to 'False'
[1.035s] Level 5:colcon.colcon_core.verb:set package 'fast_lio' build argument 'ament_cmake_args' from command line to 'None'
[1.035s] Level 5:colcon.colcon_core.verb:set package 'fast_lio' build argument 'catkin_cmake_args' from command line to 'None'
[1.035s] Level 5:colcon.colcon_core.verb:set package 'fast_lio' build argument 'catkin_skip_building_tests' from command line to 'False'
[1.035s] DEBUG:colcon.colcon_core.verb:Building package 'fast_lio' with the following arguments: {'ament_cmake_args': None, 'build_base': '/home/spacer/slam/build/fast_lio', 'catkin_cmake_args': None, 'catkin_skip_building_tests': False, 'cmake_args': None, 'cmake_clean_cache': False, 'cmake_clean_first': False, 'cmake_force_configure': False, 'cmake_target': None, 'cmake_target_skip_unavailable': False, 'install_base': '/home/spacer/slam/install/fast_lio', 'merge_install': False, 'path': '/home/spacer/slam/src/FAST_LIO', 'symlink_install': True, 'test_result_base': None}
[1.035s] INFO:colcon.colcon_core.executor:Executing jobs using 'parallel' executor
[1.037s] DEBUG:colcon.colcon_parallel_executor.executor.parallel:run_until_complete
[1.039s] INFO:colcon.colcon_ros.task.ament_cmake.build:Building ROS package in '/home/spacer/slam/src/FAST_LIO' with build type 'ament_cmake'
[1.039s] INFO:colcon.colcon_cmake.task.cmake.build:Building CMake package in '/home/spacer/slam/src/FAST_LIO'
[1.043s] INFO:colcon.colcon_core.plugin_system:Skipping extension 'colcon_core.shell.bat': Not used on non-Windows systems
[1.044s] INFO:colcon.colcon_core.shell:Skip shell extension 'powershell' for command environment: Not usable outside of PowerShell
[1.044s] DEBUG:colcon.colcon_core.shell:Skip shell extension 'dsv' for command environment
[1.063s] DEBUG:colcon.colcon_core.event_handler.log_command:Invoking command in '/home/spacer/slam/build/fast_lio': CMAKE_PREFIX_PATH=${CMAKE_PREFIX_PATH}:/opt/ros/humble /usr/bin/cmake /home/spacer/slam/src/FAST_LIO -DAMENT_CMAKE_SYMLINK_INSTALL=1 -DCMAKE_INSTALL_PREFIX=/home/spacer/slam/install/fast_lio
[12.797s] DEBUG:colcon.colcon_core.event_handler.log_command:Invoked command in '/home/spacer/slam/build/fast_lio' returned '0': CMAKE_PREFIX_PATH=${CMAKE_PREFIX_PATH}:/opt/ros/humble /usr/bin/cmake /home/spacer/slam/src/FAST_LIO -DAMENT_CMAKE_SYMLINK_INSTALL=1 -DCMAKE_INSTALL_PREFIX=/home/spacer/slam/install/fast_lio
[12.805s] DEBUG:colcon.colcon_core.event_handler.log_command:Invoking command in '/home/spacer/slam/build/fast_lio': CMAKE_PREFIX_PATH=${CMAKE_PREFIX_PATH}:/opt/ros/humble /usr/bin/cmake --build /home/spacer/slam/build/fast_lio -- -j6 -l6
[165.784s] DEBUG:colcon.colcon_core.event_handler.log_command:Invoked command in '/home/spacer/slam/build/fast_lio' returned '0': CMAKE_PREFIX_PATH=${CMAKE_PREFIX_PATH}:/opt/ros/humble /usr/bin/cmake --build /home/spacer/slam/build/fast_lio -- -j6 -l6
[165.933s] DEBUG:colcon.colcon_core.event_handler.log_command:Invoking command in '/home/spacer/slam/build/fast_lio': CMAKE_PREFIX_PATH=${CMAKE_PREFIX_PATH}:/opt/ros/humble /usr/bin/cmake --install /home/spacer/slam/build/fast_lio
[167.497s] Level 1:colcon.colcon_core.environment:create_environment_scripts_only(fast_lio)
[167.500s] DEBUG:colcon.colcon_core.event_handler.log_command:Invoked command in '/home/spacer/slam/build/fast_lio' returned '0': CMAKE_PREFIX_PATH=${CMAKE_PREFIX_PATH}:/opt/ros/humble /usr/bin/cmake --install /home/spacer/slam/build/fast_lio
[167.509s] Level 1:colcon.colcon_core.environment:checking '/home/spacer/slam/install/fast_lio' for CMake module files
[167.512s] Level 1:colcon.colcon_core.environment:checking '/home/spacer/slam/install/fast_lio' for CMake config files
[167.513s] Level 1:colcon.colcon_core.shell:create_environment_hook('fast_lio', 'cmake_prefix_path')
[167.514s] INFO:colcon.colcon_core.shell:Creating environment hook '/home/spacer/slam/install/fast_lio/share/fast_lio/hook/cmake_prefix_path.ps1'
[167.517s] INFO:colcon.colcon_core.shell:Creating environment descriptor '/home/spacer/slam/install/fast_lio/share/fast_lio/hook/cmake_prefix_path.dsv'
[167.518s] INFO:colcon.colcon_core.shell:Creating environment hook '/home/spacer/slam/install/fast_lio/share/fast_lio/hook/cmake_prefix_path.sh'
[167.521s] Level 1:colcon.colcon_core.environment:checking '/home/spacer/slam/install/fast_lio/lib'
[167.522s] Level 1:colcon.colcon_core.shell:create_environment_hook('fast_lio', 'ld_library_path_lib')
[167.523s] INFO:colcon.colcon_core.shell:Creating environment hook '/home/spacer/slam/install/fast_lio/share/fast_lio/hook/ld_library_path_lib.ps1'
[167.524s] INFO:colcon.colcon_core.shell:Creating environment descriptor '/home/spacer/slam/install/fast_lio/share/fast_lio/hook/ld_library_path_lib.dsv'
[167.525s] INFO:colcon.colcon_core.shell:Creating environment hook '/home/spacer/slam/install/fast_lio/share/fast_lio/hook/ld_library_path_lib.sh'
[167.527s] Level 1:colcon.colcon_core.environment:checking '/home/spacer/slam/install/fast_lio/bin'
[167.527s] Level 1:colcon.colcon_core.environment:checking '/home/spacer/slam/install/fast_lio/lib/pkgconfig/fast_lio.pc'
[167.528s] Level 1:colcon.colcon_core.environment:checking '/home/spacer/slam/install/fast_lio/lib/python3.8/site-packages'
[167.528s] Level 1:colcon.colcon_core.environment:checking '/home/spacer/slam/install/fast_lio/bin'
[167.530s] INFO:colcon.colcon_core.shell:Creating package script '/home/spacer/slam/install/fast_lio/share/fast_lio/package.ps1'
[167.532s] INFO:colcon.colcon_core.shell:Creating package descriptor '/home/spacer/slam/install/fast_lio/share/fast_lio/package.dsv'
[167.534s] INFO:colcon.colcon_core.shell:Creating package script '/home/spacer/slam/install/fast_lio/share/fast_lio/package.sh'
[167.536s] INFO:colcon.colcon_core.shell:Creating package script '/home/spacer/slam/install/fast_lio/share/fast_lio/package.bash'
[167.538s] INFO:colcon.colcon_core.shell:Creating package script '/home/spacer/slam/install/fast_lio/share/fast_lio/package.zsh'
[167.539s] Level 1:colcon.colcon_core.environment:create_file_with_runtime_dependencies(/home/spacer/slam/install/fast_lio/share/colcon-core/packages/fast_lio)
[167.653s] Level 1:colcon.colcon_core.environment:create_environment_scripts_only(fast_lio)
[167.653s] Level 1:colcon.colcon_core.environment:checking '/home/spacer/slam/install/fast_lio' for CMake module files
[167.655s] Level 1:colcon.colcon_core.environment:checking '/home/spacer/slam/install/fast_lio' for CMake config files
[167.655s] Level 1:colcon.colcon_core.shell:create_environment_hook('fast_lio', 'cmake_prefix_path')
[167.656s] INFO:colcon.colcon_core.shell:Creating environment hook '/home/spacer/slam/install/fast_lio/share/fast_lio/hook/cmake_prefix_path.ps1'
[167.657s] INFO:colcon.colcon_core.shell:Creating environment descriptor '/home/spacer/slam/install/fast_lio/share/fast_lio/hook/cmake_prefix_path.dsv'
[167.658s] INFO:colcon.colcon_core.shell:Creating environment hook '/home/spacer/slam/install/fast_lio/share/fast_lio/hook/cmake_prefix_path.sh'
[167.659s] Level 1:colcon.colcon_core.environment:checking '/home/spacer/slam/install/fast_lio/lib'
[167.659s] Level 1:colcon.colcon_core.shell:create_environment_hook('fast_lio', 'ld_library_path_lib')
[167.660s] INFO:colcon.colcon_core.shell:Creating environment hook '/home/spacer/slam/install/fast_lio/share/fast_lio/hook/ld_library_path_lib.ps1'
[167.661s] INFO:colcon.colcon_core.shell:Creating environment descriptor '/home/spacer/slam/install/fast_lio/share/fast_lio/hook/ld_library_path_lib.dsv'
[167.662s] INFO:colcon.colcon_core.shell:Creating environment hook '/home/spacer/slam/install/fast_lio/share/fast_lio/hook/ld_library_path_lib.sh'
[167.663s] Level 1:colcon.colcon_core.environment:checking '/home/spacer/slam/install/fast_lio/bin'
[167.664s] Level 1:colcon.colcon_core.environment:checking '/home/spacer/slam/install/fast_lio/lib/pkgconfig/fast_lio.pc'
[167.664s] Level 1:colcon.colcon_core.environment:checking '/home/spacer/slam/install/fast_lio/lib/python3.8/site-packages'
[167.665s] Level 1:colcon.colcon_core.environment:checking '/home/spacer/slam/install/fast_lio/bin'
[167.666s] INFO:colcon.colcon_core.shell:Creating package script '/home/spacer/slam/install/fast_lio/share/fast_lio/package.ps1'
[167.667s] INFO:colcon.colcon_core.shell:Creating package descriptor '/home/spacer/slam/install/fast_lio/share/fast_lio/package.dsv'
[167.668s] INFO:colcon.colcon_core.shell:Creating package script '/home/spacer/slam/install/fast_lio/share/fast_lio/package.sh'
[167.670s] INFO:colcon.colcon_core.shell:Creating package script '/home/spacer/slam/install/fast_lio/share/fast_lio/package.bash'
[167.671s] INFO:colcon.colcon_core.shell:Creating package script '/home/spacer/slam/install/fast_lio/share/fast_lio/package.zsh'
[167.671s] Level 1:colcon.colcon_core.environment:create_file_with_runtime_dependencies(/home/spacer/slam/install/fast_lio/share/colcon-core/packages/fast_lio)
[167.672s] DEBUG:colcon.colcon_parallel_executor.executor.parallel:closing loop
[167.673s] DEBUG:colcon.colcon_parallel_executor.executor.parallel:loop closed
[167.674s] DEBUG:colcon.colcon_parallel_executor.executor.parallel:run_until_complete finished with '0'
[167.674s] DEBUG:colcon.colcon_core.event_reactor:joining thread
[167.695s] INFO:colcon.colcon_core.plugin_system:Skipping extension 'colcon_notification.desktop_notification.terminal_notifier': Not used on non-Darwin systems
[167.695s] INFO:colcon.colcon_core.plugin_system:Skipping extension 'colcon_notification.desktop_notification.win32': Not used on non-Windows systems
[167.696s] INFO:colcon.colcon_notification.desktop_notification:Sending desktop notification using 'notify2'
[167.721s] DEBUG:colcon.colcon_notification.desktop_notification.notify2:Failed to initialize notify2: org.freedesktop.DBus.Error.Spawn.ChildExited: Process org.freedesktop.Notifications exited with status 1
[167.721s] DEBUG:colcon.colcon_core.event_reactor:joined thread
[167.722s] INFO:colcon.colcon_core.shell:Creating prefix script '/home/spacer/slam/install/local_setup.ps1'
[167.724s] INFO:colcon.colcon_core.shell:Creating prefix util module '/home/spacer/slam/install/_local_setup_util_ps1.py'
[167.727s] INFO:colcon.colcon_core.shell:Creating prefix chain script '/home/spacer/slam/install/setup.ps1'
[167.729s] INFO:colcon.colcon_core.shell:Creating prefix script '/home/spacer/slam/install/local_setup.sh'
[167.730s] INFO:colcon.colcon_core.shell:Creating prefix util module '/home/spacer/slam/install/_local_setup_util_sh.py'
[167.731s] INFO:colcon.colcon_core.shell:Creating prefix chain script '/home/spacer/slam/install/setup.sh'
[167.734s] INFO:colcon.colcon_core.shell:Creating prefix script '/home/spacer/slam/install/local_setup.bash'
[167.735s] INFO:colcon.colcon_core.shell:Creating prefix chain script '/home/spacer/slam/install/setup.bash'
[167.737s] INFO:colcon.colcon_core.shell:Creating prefix script '/home/spacer/slam/install/local_setup.zsh'
[167.739s] INFO:colcon.colcon_core.shell:Creating prefix chain script '/home/spacer/slam/install/setup.zsh'
