[0.021s] Invoking command in '/home/spacer/slam/build/fast_lio': /usr/bin/cmake --build /home/spacer/slam/build/fast_lio -- -j6 -l6
[0.139s] [  8%] Built target fast_lio__rosidl_generator_c
[0.140s] [ 11%] Built target fast_lio__cpp
[0.156s] [ 11%] Built target ament_cmake_python_symlink_fast_lio
[0.183s] [ 25%] Built target fast_lio__rosidl_typesupport_c
[0.183s] [ 28%] Built target fast_lio__rosidl_typesupport_fastrtps_c
[0.187s] [ 37%] Built target fast_lio__rosidl_typesupport_cpp
[0.202s] [ 45%] Built target fast_lio__rosidl_typesupport_fastrtps_cpp
[0.203s] [ 54%] Built target fast_lio__rosidl_typesupport_introspection_c
[0.207s] [ 62%] Built target fast_lio__rosidl_typesupport_introspection_cpp
[0.254s] [ 62%] Built target fast_lio
[0.288s] [ 74%] Built target fastlio_mapping
[0.305s] [ 77%] Built target fast_lio__py
[0.359s] [ 82%] Built target fast_lio__rosidl_generator_py
[0.411s] [100%] Built target fast_lio__rosidl_typesupport_fastrtps_c__pyext
[0.411s] [100%] Built target fast_lio__rosidl_typesupport_introspection_c__pyext
[0.412s] [100%] Built target fast_lio__rosidl_typesupport_c__pyext
[0.784s] running egg_info
[0.786s] writing fast_lio.egg-info/PKG-INFO
[0.786s] writing dependency_links to fast_lio.egg-info/dependency_links.txt
[0.786s] writing top-level names to fast_lio.egg-info/top_level.txt
[0.894s] reading manifest file 'fast_lio.egg-info/SOURCES.txt'
[0.895s] writing manifest file 'fast_lio.egg-info/SOURCES.txt'
[0.963s] [100%] Built target ament_cmake_python_build_fast_lio_egg
[0.989s] Invoked command in '/home/spacer/slam/build/fast_lio' returned '0': /usr/bin/cmake --build /home/spacer/slam/build/fast_lio -- -j6 -l6
[1.118s] Invoking command in '/home/spacer/slam/build/fast_lio': /usr/bin/cmake --install /home/spacer/slam/build/fast_lio
[1.137s] -- Install configuration: "Release"
[1.138s] -- Execute custom install script
[1.138s] -- Up-to-date symlink: /home/spacer/slam/install/fast_lio/share/ament_index/resource_index/rosidl_interfaces/fast_lio
[1.139s] -- Up-to-date symlink: /home/spacer/slam/install/fast_lio/include/fast_lio/fast_lio/msg/detail/pose6_d__functions.h
[1.140s] -- Up-to-date symlink: /home/spacer/slam/install/fast_lio/include/fast_lio/fast_lio/msg/detail/pose6_d__struct.h
[1.140s] -- Up-to-date symlink: /home/spacer/slam/install/fast_lio/include/fast_lio/fast_lio/msg/detail/pose6_d__type_support.h
[1.140s] -- Up-to-date symlink: /home/spacer/slam/install/fast_lio/include/fast_lio/fast_lio/msg/pose6_d.h
[1.141s] -- Up-to-date symlink: /home/spacer/slam/install/fast_lio/include/fast_lio/fast_lio/msg/rosidl_generator_c__visibility_control.h
[1.141s] -- Up-to-date symlink: /home/spacer/slam/install/fast_lio/share/fast_lio/environment/library_path.sh
[1.142s] -- Up-to-date symlink: /home/spacer/slam/install/fast_lio/share/fast_lio/environment/library_path.dsv
[1.143s] -- Up-to-date symlink: /home/spacer/slam/install/fast_lio/include/fast_lio/fast_lio/msg/detail/pose6_d__rosidl_typesupport_fastrtps_c.h
[1.143s] -- Up-to-date symlink: /home/spacer/slam/install/fast_lio/include/fast_lio/fast_lio/msg/rosidl_typesupport_fastrtps_c__visibility_control.h
[1.144s] -- Up-to-date symlink: /home/spacer/slam/install/fast_lio/include/fast_lio/fast_lio/msg/detail/pose6_d__builder.hpp
[1.144s] -- Up-to-date symlink: /home/spacer/slam/install/fast_lio/include/fast_lio/fast_lio/msg/detail/pose6_d__struct.hpp
[1.145s] -- Up-to-date symlink: /home/spacer/slam/install/fast_lio/include/fast_lio/fast_lio/msg/detail/pose6_d__traits.hpp
[1.145s] -- Up-to-date symlink: /home/spacer/slam/install/fast_lio/include/fast_lio/fast_lio/msg/pose6_d.hpp
[1.146s] -- Up-to-date symlink: /home/spacer/slam/install/fast_lio/include/fast_lio/fast_lio/msg/detail/pose6_d__rosidl_typesupport_fastrtps_cpp.hpp
[1.146s] -- Up-to-date symlink: /home/spacer/slam/install/fast_lio/include/fast_lio/fast_lio/msg/rosidl_typesupport_fastrtps_cpp__visibility_control.h
[1.147s] -- Up-to-date symlink: /home/spacer/slam/install/fast_lio/include/fast_lio/fast_lio/msg/detail/pose6_d__rosidl_typesupport_introspection_c.h
[1.148s] -- Up-to-date symlink: /home/spacer/slam/install/fast_lio/include/fast_lio/fast_lio/msg/rosidl_typesupport_introspection_c__visibility_control.h
[1.149s] -- Up-to-date symlink: /home/spacer/slam/install/fast_lio/include/fast_lio/fast_lio/msg/detail/pose6_d__rosidl_typesupport_introspection_cpp.hpp
[1.149s] -- Up-to-date symlink: /home/spacer/slam/install/fast_lio/share/fast_lio/environment/pythonpath.sh
[1.149s] -- Up-to-date symlink: /home/spacer/slam/install/fast_lio/share/fast_lio/environment/pythonpath.dsv
[1.151s] -- Up-to-date symlink: /home/spacer/slam/install/fast_lio/lib/python3.9/site-packages/fast_lio-0.0.0-py3.9.egg-info/PKG-INFO
[1.151s] -- Up-to-date symlink: /home/spacer/slam/install/fast_lio/lib/python3.9/site-packages/fast_lio-0.0.0-py3.9.egg-info/SOURCES.txt
[1.152s] -- Up-to-date symlink: /home/spacer/slam/install/fast_lio/lib/python3.9/site-packages/fast_lio-0.0.0-py3.9.egg-info/dependency_links.txt
[1.152s] -- Up-to-date symlink: /home/spacer/slam/install/fast_lio/lib/python3.9/site-packages/fast_lio-0.0.0-py3.9.egg-info/top_level.txt
[1.153s] -- Up-to-date symlink: /home/spacer/slam/install/fast_lio/lib/python3.9/site-packages/fast_lio/__init__.py
[1.153s] -- Up-to-date symlink: /home/spacer/slam/install/fast_lio/lib/python3.9/site-packages/fast_lio/_fast_lio_s.ep.rosidl_typesupport_c.c
[1.154s] -- Up-to-date symlink: /home/spacer/slam/install/fast_lio/lib/python3.9/site-packages/fast_lio/_fast_lio_s.ep.rosidl_typesupport_fastrtps_c.c
[1.154s] -- Up-to-date symlink: /home/spacer/slam/install/fast_lio/lib/python3.9/site-packages/fast_lio/_fast_lio_s.ep.rosidl_typesupport_introspection_c.c
[1.154s] -- Up-to-date symlink: /home/spacer/slam/install/fast_lio/lib/python3.9/site-packages/fast_lio/fast_lio_s__rosidl_typesupport_c.cpython-38-aarch64-linux-gnu.so
[1.155s] -- Up-to-date symlink: /home/spacer/slam/install/fast_lio/lib/python3.9/site-packages/fast_lio/fast_lio_s__rosidl_typesupport_fastrtps_c.cpython-38-aarch64-linux-gnu.so
[1.155s] -- Up-to-date symlink: /home/spacer/slam/install/fast_lio/lib/python3.9/site-packages/fast_lio/fast_lio_s__rosidl_typesupport_introspection_c.cpython-38-aarch64-linux-gnu.so
[1.155s] -- Up-to-date symlink: /home/spacer/slam/install/fast_lio/lib/python3.9/site-packages/fast_lio/libfast_lio__rosidl_generator_py.so
[1.155s] -- Up-to-date symlink: /home/spacer/slam/install/fast_lio/lib/python3.9/site-packages/fast_lio/msg/__init__.py
[1.156s] -- Up-to-date symlink: /home/spacer/slam/install/fast_lio/lib/python3.9/site-packages/fast_lio/msg/_pose6_d.py
[1.156s] -- Up-to-date symlink: /home/spacer/slam/install/fast_lio/lib/python3.9/site-packages/fast_lio/msg/_pose6_d_s.c
[1.157s] -- Up-to-date symlink: /home/spacer/slam/install/fast_lio/lib/python3.9/site-packages/fast_lio/fast_lio_s__rosidl_typesupport_fastrtps_c.cpython-38-aarch64-linux-gnu.so
[1.158s] -- Up-to-date symlink: /home/spacer/slam/install/fast_lio/lib/python3.9/site-packages/fast_lio/fast_lio_s__rosidl_typesupport_introspection_c.cpython-38-aarch64-linux-gnu.so
[1.158s] -- Up-to-date symlink: /home/spacer/slam/install/fast_lio/lib/python3.9/site-packages/fast_lio/fast_lio_s__rosidl_typesupport_c.cpython-38-aarch64-linux-gnu.so
[1.159s] -- Up-to-date symlink: /home/spacer/slam/install/fast_lio/share/fast_lio/msg/Pose6D.idl
[1.159s] -- Up-to-date symlink: /home/spacer/slam/install/fast_lio/share/fast_lio/msg/Pose6D.msg
[1.160s] -- Up-to-date symlink: /home/spacer/slam/install/fast_lio/lib/fast_lio/fastlio_mapping
[1.161s] -- Up-to-date symlink: /home/spacer/slam/install/fast_lio/share/fast_lio/config/avia.yaml
[1.161s] -- Up-to-date symlink: /home/spacer/slam/install/fast_lio/share/fast_lio/config/horizon.yaml
[1.161s] -- Up-to-date symlink: /home/spacer/slam/install/fast_lio/share/fast_lio/config/mid360.yaml
[1.161s] -- Up-to-date symlink: /home/spacer/slam/install/fast_lio/share/fast_lio/config/ouster64.yaml
[1.162s] -- Up-to-date symlink: /home/spacer/slam/install/fast_lio/share/fast_lio/config/velodyne.yaml
[1.162s] -- Up-to-date symlink: /home/spacer/slam/install/fast_lio/share/fast_lio/launch/gdb_debug_example.launch
[1.163s] -- Up-to-date symlink: /home/spacer/slam/install/fast_lio/share/fast_lio/launch/mapping.launch.py
[1.163s] -- Up-to-date symlink: /home/spacer/slam/install/fast_lio/share/fast_lio/rviz/fastlio.rviz
[1.164s] -- Up-to-date symlink: /home/spacer/slam/install/fast_lio/share/ament_index/resource_index/package_run_dependencies/fast_lio
[1.164s] -- Up-to-date symlink: /home/spacer/slam/install/fast_lio/share/ament_index/resource_index/parent_prefix_path/fast_lio
[1.165s] -- Up-to-date symlink: /home/spacer/slam/install/fast_lio/share/fast_lio/environment/ament_prefix_path.sh
[1.165s] -- Up-to-date symlink: /home/spacer/slam/install/fast_lio/share/fast_lio/environment/ament_prefix_path.dsv
[1.166s] -- Up-to-date symlink: /home/spacer/slam/install/fast_lio/share/fast_lio/environment/path.sh
[1.166s] -- Up-to-date symlink: /home/spacer/slam/install/fast_lio/share/fast_lio/environment/path.dsv
[1.167s] -- Up-to-date symlink: /home/spacer/slam/install/fast_lio/share/fast_lio/local_setup.bash
[1.167s] -- Up-to-date symlink: /home/spacer/slam/install/fast_lio/share/fast_lio/local_setup.sh
[1.168s] -- Up-to-date symlink: /home/spacer/slam/install/fast_lio/share/fast_lio/local_setup.zsh
[1.168s] -- Up-to-date symlink: /home/spacer/slam/install/fast_lio/share/fast_lio/local_setup.dsv
[1.168s] -- Symlinking: /home/spacer/slam/install/fast_lio/share/fast_lio/package.dsv
[1.187s] -- Up-to-date symlink: /home/spacer/slam/install/fast_lio/share/ament_index/resource_index/packages/fast_lio
[1.187s] -- Up-to-date symlink: /home/spacer/slam/install/fast_lio/share/fast_lio/cmake/rosidl_cmake-extras.cmake
[1.188s] -- Up-to-date symlink: /home/spacer/slam/install/fast_lio/share/fast_lio/cmake/ament_cmake_export_include_directories-extras.cmake
[1.188s] -- Up-to-date symlink: /home/spacer/slam/install/fast_lio/share/fast_lio/cmake/ament_cmake_export_libraries-extras.cmake
[1.189s] -- Up-to-date symlink: /home/spacer/slam/install/fast_lio/share/fast_lio/cmake/ament_cmake_export_targets-extras.cmake
[1.189s] -- Up-to-date symlink: /home/spacer/slam/install/fast_lio/share/fast_lio/cmake/rosidl_cmake_export_typesupport_targets-extras.cmake
[1.190s] -- Up-to-date symlink: /home/spacer/slam/install/fast_lio/share/fast_lio/cmake/ament_cmake_export_dependencies-extras.cmake
[1.190s] -- Up-to-date symlink: /home/spacer/slam/install/fast_lio/share/fast_lio/cmake/rosidl_cmake_export_typesupport_libraries-extras.cmake
[1.190s] -- Up-to-date symlink: /home/spacer/slam/install/fast_lio/share/fast_lio/cmake/fast_lioConfig.cmake
[1.191s] -- Up-to-date symlink: /home/spacer/slam/install/fast_lio/share/fast_lio/cmake/fast_lioConfig-version.cmake
[1.191s] -- Up-to-date symlink: /home/spacer/slam/install/fast_lio/share/fast_lio/package.xml
[1.192s] -- Up-to-date: /home/spacer/slam/install/fast_lio/lib/libfast_lio__rosidl_generator_c.so
[1.192s] -- Up-to-date: /home/spacer/slam/install/fast_lio/lib/libfast_lio__rosidl_typesupport_fastrtps_c.so
[1.193s] -- Up-to-date: /home/spacer/slam/install/fast_lio/lib/libfast_lio__rosidl_typesupport_fastrtps_cpp.so
[1.193s] -- Up-to-date: /home/spacer/slam/install/fast_lio/lib/libfast_lio__rosidl_typesupport_introspection_c.so
[1.194s] -- Up-to-date: /home/spacer/slam/install/fast_lio/lib/libfast_lio__rosidl_typesupport_c.so
[1.195s] -- Up-to-date: /home/spacer/slam/install/fast_lio/lib/libfast_lio__rosidl_typesupport_introspection_cpp.so
[1.195s] -- Up-to-date: /home/spacer/slam/install/fast_lio/lib/libfast_lio__rosidl_typesupport_cpp.so
[1.264s] Listing '/home/spacer/slam/install/fast_lio/lib/python3.9/site-packages/fast_lio'...
[1.265s] Listing '/home/spacer/slam/install/fast_lio/lib/python3.9/site-packages/fast_lio/msg'...
[1.277s] -- Up-to-date: /home/spacer/slam/install/fast_lio/lib/libfast_lio__rosidl_generator_py.so
[1.277s] -- Up-to-date: /home/spacer/slam/install/fast_lio/share/fast_lio/cmake/export_fast_lio__rosidl_generator_cExport.cmake
[1.278s] -- Up-to-date: /home/spacer/slam/install/fast_lio/share/fast_lio/cmake/export_fast_lio__rosidl_generator_cExport-release.cmake
[1.278s] -- Up-to-date: /home/spacer/slam/install/fast_lio/share/fast_lio/cmake/export_fast_lio__rosidl_typesupport_fastrtps_cExport.cmake
[1.278s] -- Up-to-date: /home/spacer/slam/install/fast_lio/share/fast_lio/cmake/export_fast_lio__rosidl_typesupport_fastrtps_cExport-release.cmake
[1.279s] -- Up-to-date: /home/spacer/slam/install/fast_lio/share/fast_lio/cmake/export_fast_lio__rosidl_generator_cppExport.cmake
[1.279s] -- Up-to-date: /home/spacer/slam/install/fast_lio/share/fast_lio/cmake/export_fast_lio__rosidl_typesupport_fastrtps_cppExport.cmake
[1.279s] -- Up-to-date: /home/spacer/slam/install/fast_lio/share/fast_lio/cmake/export_fast_lio__rosidl_typesupport_fastrtps_cppExport-release.cmake
[1.279s] -- Up-to-date: /home/spacer/slam/install/fast_lio/share/fast_lio/cmake/fast_lio__rosidl_typesupport_introspection_cExport.cmake
[1.279s] -- Up-to-date: /home/spacer/slam/install/fast_lio/share/fast_lio/cmake/fast_lio__rosidl_typesupport_introspection_cExport-release.cmake
[1.280s] -- Up-to-date: /home/spacer/slam/install/fast_lio/share/fast_lio/cmake/fast_lio__rosidl_typesupport_cExport.cmake
[1.280s] -- Up-to-date: /home/spacer/slam/install/fast_lio/share/fast_lio/cmake/fast_lio__rosidl_typesupport_cExport-release.cmake
[1.280s] -- Up-to-date: /home/spacer/slam/install/fast_lio/share/fast_lio/cmake/fast_lio__rosidl_typesupport_introspection_cppExport.cmake
[1.280s] -- Up-to-date: /home/spacer/slam/install/fast_lio/share/fast_lio/cmake/fast_lio__rosidl_typesupport_introspection_cppExport-release.cmake
[1.280s] -- Up-to-date: /home/spacer/slam/install/fast_lio/share/fast_lio/cmake/fast_lio__rosidl_typesupport_cppExport.cmake
[1.281s] -- Up-to-date: /home/spacer/slam/install/fast_lio/share/fast_lio/cmake/fast_lio__rosidl_typesupport_cppExport-release.cmake
[1.281s] -- Up-to-date: /home/spacer/slam/install/fast_lio/share/fast_lio/cmake/export_fast_lio__rosidl_generator_pyExport.cmake
[1.281s] -- Up-to-date: /home/spacer/slam/install/fast_lio/share/fast_lio/cmake/export_fast_lio__rosidl_generator_pyExport-release.cmake
[1.287s] Invoked command in '/home/spacer/slam/build/fast_lio' returned '0': /usr/bin/cmake --install /home/spacer/slam/build/fast_lio
