running egg_info
creating ../../build/docker_stats/docker_stats.egg-info
writing ../../build/docker_stats/docker_stats.egg-info/PKG-INFO
writing dependency_links to ../../build/docker_stats/docker_stats.egg-info/dependency_links.txt
writing entry points to ../../build/docker_stats/docker_stats.egg-info/entry_points.txt
writing requirements to ../../build/docker_stats/docker_stats.egg-info/requires.txt
writing top-level names to ../../build/docker_stats/docker_stats.egg-info/top_level.txt
writing manifest file '../../build/docker_stats/docker_stats.egg-info/SOURCES.txt'
reading manifest file '../../build/docker_stats/docker_stats.egg-info/SOURCES.txt'
writing manifest file '../../build/docker_stats/docker_stats.egg-info/SOURCES.txt'
running build
running build_py
creating /home/spacer/leo_ws/build/docker_stats/build
creating /home/spacer/leo_ws/build/docker_stats/build/lib
creating /home/spacer/leo_ws/build/docker_stats/build/lib/docker_stats
copying docker_stats/__init__.py -> /home/spacer/leo_ws/build/docker_stats/build/lib/docker_stats
copying docker_stats/docker_stats_node.py -> /home/spacer/leo_ws/build/docker_stats/build/lib/docker_stats
running install
running install_lib
creating /home/spacer/leo_ws/install/docker_stats/lib/python3.8/site-packages/docker_stats
copying /home/spacer/leo_ws/build/docker_stats/build/lib/docker_stats/__init__.py -> /home/spacer/leo_ws/install/docker_stats/lib/python3.8/site-packages/docker_stats
copying /home/spacer/leo_ws/build/docker_stats/build/lib/docker_stats/docker_stats_node.py -> /home/spacer/leo_ws/install/docker_stats/lib/python3.8/site-packages/docker_stats
byte-compiling /home/spacer/leo_ws/install/docker_stats/lib/python3.8/site-packages/docker_stats/__init__.py to __init__.cpython-38.pyc
byte-compiling /home/spacer/leo_ws/install/docker_stats/lib/python3.8/site-packages/docker_stats/docker_stats_node.py to docker_stats_node.cpython-38.pyc
running install_data
creating /home/spacer/leo_ws/install/docker_stats/share/ament_index
creating /home/spacer/leo_ws/install/docker_stats/share/ament_index/resource_index
creating /home/spacer/leo_ws/install/docker_stats/share/ament_index/resource_index/packages
copying resource/docker_stats -> /home/spacer/leo_ws/install/docker_stats/share/ament_index/resource_index/packages
copying package.xml -> /home/spacer/leo_ws/install/docker_stats/share/docker_stats
creating /home/spacer/leo_ws/install/docker_stats/share/docker_stats/launch
copying launch/docker_stats.launch.py -> /home/spacer/leo_ws/install/docker_stats/share/docker_stats/launch
running install_egg_info
Copying ../../build/docker_stats/docker_stats.egg-info to /home/spacer/leo_ws/install/docker_stats/lib/python3.8/site-packages/docker_stats-0.0.0-py3.8.egg-info
running install_scripts
Installing docker_stats_node script to /home/spacer/leo_ws/install/docker_stats/lib/docker_stats
writing list of installed files to '/home/spacer/leo_ws/build/docker_stats/install.log'
