[1.389s] Invoking command in '/home/spacer/leo_ws/src/docker_stats': AMENT_PREFIX_PATH=/home/spacer/leo_ws/install/docker_messages:${AMENT_PREFIX_PATH} CMAKE_PREFIX_PATH=/home/spacer/leo_ws/install/docker_messages LD_LIBRARY_PATH=/home/spacer/leo_ws/install/docker_messages/lib:/opt/ros/humble/opt/rviz_ogre_vendor/lib:/opt/ros/humble/lib/aarch64-linux-gnu:/opt/ros/humble/lib:/usr/local/cuda-11.4/lib64:/usr/local/lib PYTHONPATH=/home/spacer/leo_ws/build/docker_stats/prefix_override:/home/spacer/leo_ws/install/docker_stats/lib/python3.8/site-packages:/home/spacer/leo_ws/install/docker_messages/lib/python3.9/site-packages:${PYTHONPATH} /usr/bin/python3 -W ignore:setup.py install is deprecated setup.py egg_info --egg-base ../../build/docker_stats build --build-base /home/spacer/leo_ws/build/docker_stats/build install --record /home/spacer/leo_ws/build/docker_stats/install.log --single-version-externally-managed install_data
[1.873s] running egg_info
[1.873s] creating ../../build/docker_stats/docker_stats.egg-info
[1.874s] writing ../../build/docker_stats/docker_stats.egg-info/PKG-INFO
[1.874s] writing dependency_links to ../../build/docker_stats/docker_stats.egg-info/dependency_links.txt
[1.874s] writing entry points to ../../build/docker_stats/docker_stats.egg-info/entry_points.txt
[1.875s] writing requirements to ../../build/docker_stats/docker_stats.egg-info/requires.txt
[1.875s] writing top-level names to ../../build/docker_stats/docker_stats.egg-info/top_level.txt
[1.877s] writing manifest file '../../build/docker_stats/docker_stats.egg-info/SOURCES.txt'
[1.938s] reading manifest file '../../build/docker_stats/docker_stats.egg-info/SOURCES.txt'
[1.939s] writing manifest file '../../build/docker_stats/docker_stats.egg-info/SOURCES.txt'
[1.940s] running build
[1.940s] running build_py
[1.941s] creating /home/spacer/leo_ws/build/docker_stats/build
[1.941s] creating /home/spacer/leo_ws/build/docker_stats/build/lib
[1.941s] creating /home/spacer/leo_ws/build/docker_stats/build/lib/docker_stats
[1.941s] copying docker_stats/__init__.py -> /home/spacer/leo_ws/build/docker_stats/build/lib/docker_stats
[1.942s] copying docker_stats/docker_stats_node.py -> /home/spacer/leo_ws/build/docker_stats/build/lib/docker_stats
[1.942s] running install
[1.943s] running install_lib
[1.945s] creating /home/spacer/leo_ws/install/docker_stats/lib/python3.8/site-packages/docker_stats
[1.945s] copying /home/spacer/leo_ws/build/docker_stats/build/lib/docker_stats/__init__.py -> /home/spacer/leo_ws/install/docker_stats/lib/python3.8/site-packages/docker_stats
[1.945s] copying /home/spacer/leo_ws/build/docker_stats/build/lib/docker_stats/docker_stats_node.py -> /home/spacer/leo_ws/install/docker_stats/lib/python3.8/site-packages/docker_stats
[1.946s] byte-compiling /home/spacer/leo_ws/install/docker_stats/lib/python3.8/site-packages/docker_stats/__init__.py to __init__.cpython-38.pyc
[1.948s] byte-compiling /home/spacer/leo_ws/install/docker_stats/lib/python3.8/site-packages/docker_stats/docker_stats_node.py to docker_stats_node.cpython-38.pyc
[1.950s] running install_data
[1.950s] creating /home/spacer/leo_ws/install/docker_stats/share/ament_index
[1.951s] creating /home/spacer/leo_ws/install/docker_stats/share/ament_index/resource_index
[1.951s] creating /home/spacer/leo_ws/install/docker_stats/share/ament_index/resource_index/packages
[1.951s] copying resource/docker_stats -> /home/spacer/leo_ws/install/docker_stats/share/ament_index/resource_index/packages
[1.952s] copying package.xml -> /home/spacer/leo_ws/install/docker_stats/share/docker_stats
[1.952s] creating /home/spacer/leo_ws/install/docker_stats/share/docker_stats/launch
[1.952s] copying launch/docker_stats.launch.py -> /home/spacer/leo_ws/install/docker_stats/share/docker_stats/launch
[1.952s] running install_egg_info
[1.955s] Copying ../../build/docker_stats/docker_stats.egg-info to /home/spacer/leo_ws/install/docker_stats/lib/python3.8/site-packages/docker_stats-0.0.0-py3.8.egg-info
[1.957s] running install_scripts
[1.991s] Installing docker_stats_node script to /home/spacer/leo_ws/install/docker_stats/lib/docker_stats
[1.992s] writing list of installed files to '/home/spacer/leo_ws/build/docker_stats/install.log'
[2.051s] Invoked command in '/home/spacer/leo_ws/src/docker_stats' returned '0': AMENT_PREFIX_PATH=/home/spacer/leo_ws/install/docker_messages:${AMENT_PREFIX_PATH} CMAKE_PREFIX_PATH=/home/spacer/leo_ws/install/docker_messages LD_LIBRARY_PATH=/home/spacer/leo_ws/install/docker_messages/lib:/opt/ros/humble/opt/rviz_ogre_vendor/lib:/opt/ros/humble/lib/aarch64-linux-gnu:/opt/ros/humble/lib:/usr/local/cuda-11.4/lib64:/usr/local/lib PYTHONPATH=/home/spacer/leo_ws/build/docker_stats/prefix_override:/home/spacer/leo_ws/install/docker_stats/lib/python3.8/site-packages:/home/spacer/leo_ws/install/docker_messages/lib/python3.9/site-packages:${PYTHONPATH} /usr/bin/python3 -W ignore:setup.py install is deprecated setup.py egg_info --egg-base ../../build/docker_stats build --build-base /home/spacer/leo_ws/build/docker_stats/build install --record /home/spacer/leo_ws/build/docker_stats/install.log --single-version-externally-managed install_data
