[1.406s] Invoking command in '/home/spacer/leo_ws/src/docker_stats': CMAKE_PREFIX_PATH=/home/spacer/leo_ws/install/docker_messages:/home/spacer/leo_ws/install/micro_ros_agent:/home/spacer/leo_ws/install/leo:/home/spacer/leo_ws/install/leo_teleop:/home/spacer/leo_ws/install/leo_msgs:/home/spacer/leo_ws/install/leo_description LD_LIBRARY_PATH=/home/spacer/leo_ws/install/docker_messages/lib:/home/spacer/leo_ws/install/micro_ros_agent/lib:/home/spacer/leo_ws/install/leo_msgs/lib:/opt/ros/humble/opt/rviz_ogre_vendor/lib:/opt/ros/humble/lib/aarch64-linux-gnu:/opt/ros/humble/lib:/usr/local/cuda-11.4/lib64:/usr/local/lib PYTHONPATH=/home/spacer/leo_ws/build/docker_stats/prefix_override:/home/spacer/leo_ws/install/docker_stats/lib/python3.8/site-packages:${PYTHONPATH} /usr/bin/python3 -W ignore:setup.py install is deprecated setup.py egg_info --egg-base ../../build/docker_stats build --build-base /home/spacer/leo_ws/build/docker_stats/build install --record /home/spacer/leo_ws/build/docker_stats/install.log --single-version-externally-managed install_data
[1.893s] running egg_info
[1.893s] writing ../../build/docker_stats/docker_stats.egg-info/PKG-INFO
[1.894s] writing dependency_links to ../../build/docker_stats/docker_stats.egg-info/dependency_links.txt
[1.894s] writing entry points to ../../build/docker_stats/docker_stats.egg-info/entry_points.txt
[1.895s] writing requirements to ../../build/docker_stats/docker_stats.egg-info/requires.txt
[1.895s] writing top-level names to ../../build/docker_stats/docker_stats.egg-info/top_level.txt
[1.957s] reading manifest file '../../build/docker_stats/docker_stats.egg-info/SOURCES.txt'
[1.959s] writing manifest file '../../build/docker_stats/docker_stats.egg-info/SOURCES.txt'
[1.959s] running build
[1.960s] running build_py
[1.960s] running install
[1.961s] running install_lib
[1.964s] running install_data
[1.964s] copying launch/docker_stats.launch.py -> /home/spacer/leo_ws/install/docker_stats/share/docker_stats/launch
[1.965s] running install_egg_info
[1.969s] removing '/home/spacer/leo_ws/install/docker_stats/lib/python3.8/site-packages/docker_stats-0.0.0-py3.8.egg-info' (and everything under it)
[1.969s] Copying ../../build/docker_stats/docker_stats.egg-info to /home/spacer/leo_ws/install/docker_stats/lib/python3.8/site-packages/docker_stats-0.0.0-py3.8.egg-info
[1.971s] running install_scripts
[2.004s] Installing docker_stats_node script to /home/spacer/leo_ws/install/docker_stats/lib/docker_stats
[2.005s] writing list of installed files to '/home/spacer/leo_ws/build/docker_stats/install.log'
[2.061s] Invoked command in '/home/spacer/leo_ws/src/docker_stats' returned '0': CMAKE_PREFIX_PATH=/home/spacer/leo_ws/install/docker_messages:/home/spacer/leo_ws/install/micro_ros_agent:/home/spacer/leo_ws/install/leo:/home/spacer/leo_ws/install/leo_teleop:/home/spacer/leo_ws/install/leo_msgs:/home/spacer/leo_ws/install/leo_description LD_LIBRARY_PATH=/home/spacer/leo_ws/install/docker_messages/lib:/home/spacer/leo_ws/install/micro_ros_agent/lib:/home/spacer/leo_ws/install/leo_msgs/lib:/opt/ros/humble/opt/rviz_ogre_vendor/lib:/opt/ros/humble/lib/aarch64-linux-gnu:/opt/ros/humble/lib:/usr/local/cuda-11.4/lib64:/usr/local/lib PYTHONPATH=/home/spacer/leo_ws/build/docker_stats/prefix_override:/home/spacer/leo_ws/install/docker_stats/lib/python3.8/site-packages:${PYTHONPATH} /usr/bin/python3 -W ignore:setup.py install is deprecated setup.py egg_info --egg-base ../../build/docker_stats build --build-base /home/spacer/leo_ws/build/docker_stats/build install --record /home/spacer/leo_ws/build/docker_stats/install.log --single-version-externally-managed install_data
