[10.392s] DEBUG:colcon:Command line arguments: ['/usr/bin/colcon', 'build']
[10.392s] DEBUG:colcon:Parsed command line arguments: Namespace(allow_overriding=[], ament_cmake_args=None, base_paths=['.'], build_base='build', catkin_cmake_args=None, catkin_skip_building_tests=False, cmake_args=None, cmake_clean_cache=False, cmake_clean_first=False, cmake_force_configure=False, cmake_target=None, cmake_target_skip_unavailable=False, continue_on_error=False, event_handlers=None, executor='parallel', ignore_user_meta=False, install_base='install', log_base=None, log_level=None, main=<bound method BuildVerb.main of <colcon_core.verb.build.BuildVerb object at 0xffffb8059220>>, merge_install=False, metas=['./colcon.meta'], packages_above=None, packages_above_and_dependencies=None, packages_above_depth=None, packages_end=None, packages_ignore=None, packages_ignore_regex=None, packages_select=None, packages_select_build_failed=False, packages_select_by_dep=None, packages_select_regex=None, packages_select_test_failures=False, packages_skip=None, packages_skip_build_finished=False, packages_skip_by_dep=None, packages_skip_regex=None, packages_skip_test_passed=False, packages_skip_up_to=None, packages_start=None, packages_up_to=None, packages_up_to_regex=None, parallel_workers=6, paths=None, symlink_install=False, test_result_base=None, verb_extension=<colcon_core.verb.build.BuildVerb object at 0xffffb8059220>, verb_name='build', verb_parser=<colcon_defaults.argument_parser.defaults.DefaultArgumentsDecorator object at 0xffffb8050550>)
[10.840s] Level 1:colcon.colcon_core.package_discovery:discover_packages(colcon_meta) check parameters
[10.840s] Level 1:colcon.colcon_core.package_discovery:discover_packages(recursive) check parameters
[10.840s] Level 1:colcon.colcon_core.package_discovery:discover_packages(ignore) check parameters
[10.840s] Level 1:colcon.colcon_core.package_discovery:discover_packages(path) check parameters
[10.840s] Level 1:colcon.colcon_core.package_discovery:discover_packages(colcon_meta) discover
[10.841s] Level 1:colcon.colcon_core.package_discovery:discover_packages(recursive) discover
[10.841s] INFO:colcon.colcon_core.package_discovery:Crawling recursively for packages in '/home/spacer/sensor_ws'
[10.841s] Level 1:colcon.colcon_core.package_identification:_identify(.) by extensions ['ignore', 'ignore_ament_install']
[10.841s] Level 1:colcon.colcon_core.package_identification:_identify(.) by extension 'ignore'
[10.841s] Level 1:colcon.colcon_core.package_identification:_identify(.) by extension 'ignore_ament_install'
[10.841s] Level 1:colcon.colcon_core.package_identification:_identify(.) by extensions ['colcon_pkg']
[10.841s] Level 1:colcon.colcon_core.package_identification:_identify(.) by extension 'colcon_pkg'
[10.842s] Level 1:colcon.colcon_core.package_identification:_identify(.) by extensions ['colcon_meta']
[10.842s] Level 1:colcon.colcon_core.package_identification:_identify(.) by extension 'colcon_meta'
[10.842s] Level 1:colcon.colcon_core.package_identification:_identify(.) by extensions ['ros']
[10.842s] Level 1:colcon.colcon_core.package_identification:_identify(.) by extension 'ros'
[10.867s] Level 1:colcon.colcon_core.package_identification:_identify(.) by extensions ['cmake', 'python']
[10.868s] Level 1:colcon.colcon_core.package_identification:_identify(.) by extension 'cmake'
[10.868s] Level 1:colcon.colcon_core.package_identification:_identify(.) by extension 'python'
[10.868s] Level 1:colcon.colcon_core.package_identification:_identify(.) by extensions ['python_setup_py']
[10.868s] Level 1:colcon.colcon_core.package_identification:_identify(.) by extension 'python_setup_py'
[10.868s] Level 1:colcon.colcon_core.package_identification:_identify(Livox-SDK2) by extensions ['ignore', 'ignore_ament_install']
[10.869s] Level 1:colcon.colcon_core.package_identification:_identify(Livox-SDK2) by extension 'ignore'
[10.869s] Level 1:colcon.colcon_core.package_identification:_identify(Livox-SDK2) by extension 'ignore_ament_install'
[10.869s] Level 1:colcon.colcon_core.package_identification:_identify(Livox-SDK2) by extensions ['colcon_pkg']
[10.869s] Level 1:colcon.colcon_core.package_identification:_identify(Livox-SDK2) by extension 'colcon_pkg'
[10.869s] Level 1:colcon.colcon_core.package_identification:_identify(Livox-SDK2) by extensions ['colcon_meta']
[10.869s] Level 1:colcon.colcon_core.package_identification:_identify(Livox-SDK2) by extension 'colcon_meta'
[10.869s] Level 1:colcon.colcon_core.package_identification:_identify(Livox-SDK2) by extensions ['ros']
[10.869s] Level 1:colcon.colcon_core.package_identification:_identify(Livox-SDK2) by extension 'ros'
[10.870s] Level 1:colcon.colcon_core.package_identification:_identify(Livox-SDK2) by extensions ['cmake', 'python']
[10.870s] Level 1:colcon.colcon_core.package_identification:_identify(Livox-SDK2) by extension 'cmake'
[10.892s] Level 1:colcon.colcon_core.package_identification:_identify(Livox-SDK2) by extension 'python'
[10.892s] DEBUG:colcon.colcon_core.package_identification:Package 'Livox-SDK2' with type 'cmake' and name 'livox_sdk2'
[10.892s] Level 1:colcon.colcon_core.package_identification:_identify(build) by extensions ['ignore', 'ignore_ament_install']
[10.892s] Level 1:colcon.colcon_core.package_identification:_identify(build) by extension 'ignore'
[10.892s] Level 1:colcon.colcon_core.package_identification:_identify(build) ignored
[10.893s] Level 1:colcon.colcon_core.package_identification:_identify(install) by extensions ['ignore', 'ignore_ament_install']
[10.893s] Level 1:colcon.colcon_core.package_identification:_identify(install) by extension 'ignore'
[10.893s] Level 1:colcon.colcon_core.package_identification:_identify(install) ignored
[10.893s] Level 1:colcon.colcon_core.package_identification:_identify(log) by extensions ['ignore', 'ignore_ament_install']
[10.893s] Level 1:colcon.colcon_core.package_identification:_identify(log) by extension 'ignore'
[10.894s] Level 1:colcon.colcon_core.package_identification:_identify(log) ignored
[10.894s] Level 1:colcon.colcon_core.package_identification:_identify(src) by extensions ['ignore', 'ignore_ament_install']
[10.894s] Level 1:colcon.colcon_core.package_identification:_identify(src) by extension 'ignore'
[10.894s] Level 1:colcon.colcon_core.package_identification:_identify(src) by extension 'ignore_ament_install'
[10.894s] Level 1:colcon.colcon_core.package_identification:_identify(src) by extensions ['colcon_pkg']
[10.894s] Level 1:colcon.colcon_core.package_identification:_identify(src) by extension 'colcon_pkg'
[10.895s] Level 1:colcon.colcon_core.package_identification:_identify(src) by extensions ['colcon_meta']
[10.895s] Level 1:colcon.colcon_core.package_identification:_identify(src) by extension 'colcon_meta'
[10.895s] Level 1:colcon.colcon_core.package_identification:_identify(src) by extensions ['ros']
[10.895s] Level 1:colcon.colcon_core.package_identification:_identify(src) by extension 'ros'
[10.895s] Level 1:colcon.colcon_core.package_identification:_identify(src) by extensions ['cmake', 'python']
[10.895s] Level 1:colcon.colcon_core.package_identification:_identify(src) by extension 'cmake'
[10.895s] Level 1:colcon.colcon_core.package_identification:_identify(src) by extension 'python'
[10.895s] Level 1:colcon.colcon_core.package_identification:_identify(src) by extensions ['python_setup_py']
[10.895s] Level 1:colcon.colcon_core.package_identification:_identify(src) by extension 'python_setup_py'
[10.896s] Level 1:colcon.colcon_core.package_identification:_identify(src/livox_ros_driver2) by extensions ['ignore', 'ignore_ament_install']
[10.896s] Level 1:colcon.colcon_core.package_identification:_identify(src/livox_ros_driver2) by extension 'ignore'
[10.896s] Level 1:colcon.colcon_core.package_identification:_identify(src/livox_ros_driver2) by extension 'ignore_ament_install'
[10.896s] Level 1:colcon.colcon_core.package_identification:_identify(src/livox_ros_driver2) by extensions ['colcon_pkg']
[10.896s] Level 1:colcon.colcon_core.package_identification:_identify(src/livox_ros_driver2) by extension 'colcon_pkg'
[10.896s] Level 1:colcon.colcon_core.package_identification:_identify(src/livox_ros_driver2) by extensions ['colcon_meta']
[10.896s] Level 1:colcon.colcon_core.package_identification:_identify(src/livox_ros_driver2) by extension 'colcon_meta'
[10.897s] Level 1:colcon.colcon_core.package_identification:_identify(src/livox_ros_driver2) by extensions ['ros']
[10.897s] Level 1:colcon.colcon_core.package_identification:_identify(src/livox_ros_driver2) by extension 'ros'
[10.903s] DEBUG:colcon.colcon_core.package_identification:Package 'src/livox_ros_driver2' with type 'ros.ament_cmake' and name 'livox_ros_driver2'
[10.904s] Level 1:colcon.colcon_core.package_discovery:discover_packages(recursive) using defaults
[10.904s] Level 1:colcon.colcon_core.package_discovery:discover_packages(ignore) discover
[10.904s] Level 1:colcon.colcon_core.package_discovery:discover_packages(ignore) using defaults
[10.904s] Level 1:colcon.colcon_core.package_discovery:discover_packages(path) discover
[10.904s] Level 1:colcon.colcon_core.package_discovery:discover_packages(path) using defaults
[11.867s] Level 1:colcon.colcon_core.package_discovery:discover_packages(prefix_path) check parameters
[11.867s] Level 1:colcon.colcon_core.package_discovery:discover_packages(prefix_path) discover
[12.241s] DEBUG:colcon.colcon_installed_package_information.package_discovery:Found 5 installed packages in /home/spacer/ros_ws/install
[12.426s] DEBUG:colcon.colcon_installed_package_information.package_discovery:Found 262 installed packages in /opt/ros/foxy
[12.430s] Level 1:colcon.colcon_core.package_discovery:discover_packages(prefix_path) using defaults
[13.005s] Level 5:colcon.colcon_core.verb:set package 'livox_ros_driver2' build argument 'cmake_args' from command line to 'None'
[13.005s] Level 5:colcon.colcon_core.verb:set package 'livox_ros_driver2' build argument 'cmake_target' from command line to 'None'
[13.005s] Level 5:colcon.colcon_core.verb:set package 'livox_ros_driver2' build argument 'cmake_target_skip_unavailable' from command line to 'False'
[13.005s] Level 5:colcon.colcon_core.verb:set package 'livox_ros_driver2' build argument 'cmake_clean_cache' from command line to 'False'
[13.005s] Level 5:colcon.colcon_core.verb:set package 'livox_ros_driver2' build argument 'cmake_clean_first' from command line to 'False'
[13.005s] Level 5:colcon.colcon_core.verb:set package 'livox_ros_driver2' build argument 'cmake_force_configure' from command line to 'False'
[13.005s] Level 5:colcon.colcon_core.verb:set package 'livox_ros_driver2' build argument 'ament_cmake_args' from command line to 'None'
[13.005s] Level 5:colcon.colcon_core.verb:set package 'livox_ros_driver2' build argument 'catkin_cmake_args' from command line to 'None'
[13.005s] Level 5:colcon.colcon_core.verb:set package 'livox_ros_driver2' build argument 'catkin_skip_building_tests' from command line to 'False'
[13.006s] DEBUG:colcon.colcon_core.verb:Building package 'livox_ros_driver2' with the following arguments: {'ament_cmake_args': None, 'build_base': '/home/spacer/sensor_ws/build/livox_ros_driver2', 'catkin_cmake_args': None, 'catkin_skip_building_tests': False, 'cmake_args': None, 'cmake_clean_cache': False, 'cmake_clean_first': False, 'cmake_force_configure': False, 'cmake_target': None, 'cmake_target_skip_unavailable': False, 'install_base': '/home/spacer/sensor_ws/install/livox_ros_driver2', 'merge_install': False, 'path': '/home/spacer/sensor_ws/src/livox_ros_driver2', 'symlink_install': False, 'test_result_base': None}
[13.191s] Level 5:colcon.colcon_core.verb:set package 'livox_sdk2' build argument 'cmake_args' from command line to 'None'
[13.192s] Level 5:colcon.colcon_core.verb:set package 'livox_sdk2' build argument 'cmake_target' from command line to 'None'
[13.192s] Level 5:colcon.colcon_core.verb:set package 'livox_sdk2' build argument 'cmake_target_skip_unavailable' from command line to 'False'
[13.192s] Level 5:colcon.colcon_core.verb:set package 'livox_sdk2' build argument 'cmake_clean_cache' from command line to 'False'
[13.192s] Level 5:colcon.colcon_core.verb:set package 'livox_sdk2' build argument 'cmake_clean_first' from command line to 'False'
[13.192s] Level 5:colcon.colcon_core.verb:set package 'livox_sdk2' build argument 'cmake_force_configure' from command line to 'False'
[13.192s] Level 5:colcon.colcon_core.verb:set package 'livox_sdk2' build argument 'ament_cmake_args' from command line to 'None'
[13.192s] Level 5:colcon.colcon_core.verb:set package 'livox_sdk2' build argument 'catkin_cmake_args' from command line to 'None'
[13.192s] Level 5:colcon.colcon_core.verb:set package 'livox_sdk2' build argument 'catkin_skip_building_tests' from command line to 'False'
[13.192s] DEBUG:colcon.colcon_core.verb:Building package 'livox_sdk2' with the following arguments: {'ament_cmake_args': None, 'build_base': '/home/spacer/sensor_ws/build/livox_sdk2', 'catkin_cmake_args': None, 'catkin_skip_building_tests': False, 'cmake_args': None, 'cmake_clean_cache': False, 'cmake_clean_first': False, 'cmake_force_configure': False, 'cmake_target': None, 'cmake_target_skip_unavailable': False, 'install_base': '/home/spacer/sensor_ws/install/livox_sdk2', 'merge_install': False, 'path': '/home/spacer/sensor_ws/Livox-SDK2', 'symlink_install': False, 'test_result_base': None}
[13.375s] INFO:colcon.colcon_core.executor:Executing jobs using 'parallel' executor
[13.561s] DEBUG:colcon.colcon_parallel_executor.executor.parallel:run_until_complete
[13.562s] INFO:colcon.colcon_ros.task.ament_cmake.build:Building ROS package in '/home/spacer/sensor_ws/src/livox_ros_driver2' with build type 'ament_cmake'
[13.562s] INFO:colcon.colcon_cmake.task.cmake.build:Building CMake package in '/home/spacer/sensor_ws/src/livox_ros_driver2'
[13.759s] INFO:colcon.colcon_core.plugin_system:Skipping extension 'colcon_core.shell.bat': Not used on non-Windows systems
[13.759s] INFO:colcon.colcon_core.shell:Skip shell extension 'powershell' for command environment: Not usable outside of PowerShell
[13.759s] DEBUG:colcon.colcon_core.shell:Skip shell extension 'dsv' for command environment
[14.335s] INFO:colcon.colcon_cmake.task.cmake.build:Building CMake package in '/home/spacer/sensor_ws/Livox-SDK2'
[14.525s] INFO:colcon.colcon_core.shell:Skip shell extension 'powershell' for command environment: Not usable outside of PowerShell
[14.525s] DEBUG:colcon.colcon_core.shell:Skip shell extension 'dsv' for command environment
[15.101s] DEBUG:colcon.colcon_core.event_handler.log_command:Invoking command in '/home/spacer/sensor_ws/build/livox_ros_driver2': CMAKE_PREFIX_PATH=${CMAKE_PREFIX_PATH}:/opt/ros/foxy /usr/bin/cmake /home/spacer/sensor_ws/src/livox_ros_driver2 -DCMAKE_INSTALL_PREFIX=/home/spacer/sensor_ws/install/livox_ros_driver2
[15.123s] DEBUG:colcon.colcon_core.event_handler.log_command:Invoking command in '/home/spacer/sensor_ws/build/livox_sdk2': /usr/bin/cmake /home/spacer/sensor_ws/Livox-SDK2 -DCMAKE_INSTALL_PREFIX=/home/spacer/sensor_ws/install/livox_sdk2
[16.186s] DEBUG:colcon.colcon_core.event_handler.log_command:Invoked command in '/home/spacer/sensor_ws/build/livox_sdk2' returned '0': /usr/bin/cmake /home/spacer/sensor_ws/Livox-SDK2 -DCMAKE_INSTALL_PREFIX=/home/spacer/sensor_ws/install/livox_sdk2
[16.195s] DEBUG:colcon.colcon_core.event_handler.log_command:Invoking command in '/home/spacer/sensor_ws/build/livox_sdk2': /usr/bin/cmake --build /home/spacer/sensor_ws/build/livox_sdk2 -- -j6 -l6
[21.751s] DEBUG:colcon.colcon_core.event_handler.log_command:Invoked command in '/home/spacer/sensor_ws/build/livox_ros_driver2' returned '0': CMAKE_PREFIX_PATH=${CMAKE_PREFIX_PATH}:/opt/ros/foxy /usr/bin/cmake /home/spacer/sensor_ws/src/livox_ros_driver2 -DCMAKE_INSTALL_PREFIX=/home/spacer/sensor_ws/install/livox_ros_driver2
[21.759s] DEBUG:colcon.colcon_core.event_handler.log_command:Invoking command in '/home/spacer/sensor_ws/build/livox_ros_driver2': CMAKE_PREFIX_PATH=${CMAKE_PREFIX_PATH}:/opt/ros/foxy /usr/bin/cmake --build /home/spacer/sensor_ws/build/livox_ros_driver2 -- -j6 -l6
[84.959s] DEBUG:colcon.colcon_core.event_handler.log_command:Invoked command in '/home/spacer/sensor_ws/build/livox_ros_driver2' returned '0': CMAKE_PREFIX_PATH=${CMAKE_PREFIX_PATH}:/opt/ros/foxy /usr/bin/cmake --build /home/spacer/sensor_ws/build/livox_ros_driver2 -- -j6 -l6
[85.189s] DEBUG:colcon.colcon_core.event_handler.log_command:Invoking command in '/home/spacer/sensor_ws/build/livox_ros_driver2': CMAKE_PREFIX_PATH=${CMAKE_PREFIX_PATH}:/opt/ros/foxy /usr/bin/cmake --install /home/spacer/sensor_ws/build/livox_ros_driver2
[85.335s] Level 1:colcon.colcon_core.environment:create_environment_scripts_only(livox_ros_driver2)
[85.336s] DEBUG:colcon.colcon_core.event_handler.log_command:Invoked command in '/home/spacer/sensor_ws/build/livox_ros_driver2' returned '0': CMAKE_PREFIX_PATH=${CMAKE_PREFIX_PATH}:/opt/ros/foxy /usr/bin/cmake --install /home/spacer/sensor_ws/build/livox_ros_driver2
[85.552s] Level 1:colcon.colcon_core.environment:checking '/home/spacer/sensor_ws/install/livox_ros_driver2' for CMake module files
[85.553s] Level 1:colcon.colcon_core.environment:checking '/home/spacer/sensor_ws/install/livox_ros_driver2' for CMake config files
[85.554s] Level 1:colcon.colcon_core.shell:create_environment_hook('livox_ros_driver2', 'cmake_prefix_path')
[85.742s] INFO:colcon.colcon_core.shell:Creating environment hook '/home/spacer/sensor_ws/install/livox_ros_driver2/share/livox_ros_driver2/hook/cmake_prefix_path.ps1'
[85.744s] INFO:colcon.colcon_core.shell:Creating environment descriptor '/home/spacer/sensor_ws/install/livox_ros_driver2/share/livox_ros_driver2/hook/cmake_prefix_path.dsv'
[85.745s] INFO:colcon.colcon_core.shell:Creating environment hook '/home/spacer/sensor_ws/install/livox_ros_driver2/share/livox_ros_driver2/hook/cmake_prefix_path.sh'
[85.747s] Level 1:colcon.colcon_core.environment:checking '/home/spacer/sensor_ws/install/livox_ros_driver2/lib'
[85.747s] Level 1:colcon.colcon_core.shell:create_environment_hook('livox_ros_driver2', 'ld_library_path_lib')
[85.934s] INFO:colcon.colcon_core.shell:Creating environment hook '/home/spacer/sensor_ws/install/livox_ros_driver2/share/livox_ros_driver2/hook/ld_library_path_lib.ps1'
[85.936s] INFO:colcon.colcon_core.shell:Creating environment descriptor '/home/spacer/sensor_ws/install/livox_ros_driver2/share/livox_ros_driver2/hook/ld_library_path_lib.dsv'
[85.936s] INFO:colcon.colcon_core.shell:Creating environment hook '/home/spacer/sensor_ws/install/livox_ros_driver2/share/livox_ros_driver2/hook/ld_library_path_lib.sh'
[85.937s] Level 1:colcon.colcon_core.environment:checking '/home/spacer/sensor_ws/install/livox_ros_driver2/bin'
[85.937s] Level 1:colcon.colcon_core.environment:checking '/home/spacer/sensor_ws/install/livox_ros_driver2/lib/pkgconfig/livox_ros_driver2.pc'
[85.937s] Level 1:colcon.colcon_core.environment:checking '/home/spacer/sensor_ws/install/livox_ros_driver2/lib/python3.8/site-packages'
[85.938s] Level 1:colcon.colcon_core.shell:create_environment_hook('livox_ros_driver2', 'pythonpath')
[86.124s] INFO:colcon.colcon_core.shell:Creating environment hook '/home/spacer/sensor_ws/install/livox_ros_driver2/share/livox_ros_driver2/hook/pythonpath.ps1'
[86.125s] INFO:colcon.colcon_core.shell:Creating environment descriptor '/home/spacer/sensor_ws/install/livox_ros_driver2/share/livox_ros_driver2/hook/pythonpath.dsv'
[86.126s] INFO:colcon.colcon_core.shell:Creating environment hook '/home/spacer/sensor_ws/install/livox_ros_driver2/share/livox_ros_driver2/hook/pythonpath.sh'
[86.127s] Level 1:colcon.colcon_core.environment:checking '/home/spacer/sensor_ws/install/livox_ros_driver2/bin'
[86.314s] INFO:colcon.colcon_core.shell:Creating package script '/home/spacer/sensor_ws/install/livox_ros_driver2/share/livox_ros_driver2/package.ps1'
[86.320s] INFO:colcon.colcon_core.shell:Creating package descriptor '/home/spacer/sensor_ws/install/livox_ros_driver2/share/livox_ros_driver2/package.dsv'
[86.321s] INFO:colcon.colcon_core.shell:Creating package script '/home/spacer/sensor_ws/install/livox_ros_driver2/share/livox_ros_driver2/package.sh'
[86.323s] INFO:colcon.colcon_core.shell:Creating package script '/home/spacer/sensor_ws/install/livox_ros_driver2/share/livox_ros_driver2/package.bash'
[86.324s] INFO:colcon.colcon_core.shell:Creating package script '/home/spacer/sensor_ws/install/livox_ros_driver2/share/livox_ros_driver2/package.zsh'
[86.326s] Level 1:colcon.colcon_core.environment:create_file_with_runtime_dependencies(/home/spacer/sensor_ws/install/livox_ros_driver2/share/colcon-core/packages/livox_ros_driver2)
[86.716s] Level 1:colcon.colcon_core.environment:create_environment_scripts_only(livox_ros_driver2)
[86.912s] Level 1:colcon.colcon_core.environment:checking '/home/spacer/sensor_ws/install/livox_ros_driver2' for CMake module files
[86.914s] Level 1:colcon.colcon_core.environment:checking '/home/spacer/sensor_ws/install/livox_ros_driver2' for CMake config files
[86.914s] Level 1:colcon.colcon_core.shell:create_environment_hook('livox_ros_driver2', 'cmake_prefix_path')
[87.110s] INFO:colcon.colcon_core.shell:Creating environment hook '/home/spacer/sensor_ws/install/livox_ros_driver2/share/livox_ros_driver2/hook/cmake_prefix_path.ps1'
[87.111s] INFO:colcon.colcon_core.shell:Creating environment descriptor '/home/spacer/sensor_ws/install/livox_ros_driver2/share/livox_ros_driver2/hook/cmake_prefix_path.dsv'
[87.112s] INFO:colcon.colcon_core.shell:Creating environment hook '/home/spacer/sensor_ws/install/livox_ros_driver2/share/livox_ros_driver2/hook/cmake_prefix_path.sh'
[87.113s] Level 1:colcon.colcon_core.environment:checking '/home/spacer/sensor_ws/install/livox_ros_driver2/lib'
[87.114s] Level 1:colcon.colcon_core.shell:create_environment_hook('livox_ros_driver2', 'ld_library_path_lib')
[87.310s] INFO:colcon.colcon_core.shell:Creating environment hook '/home/spacer/sensor_ws/install/livox_ros_driver2/share/livox_ros_driver2/hook/ld_library_path_lib.ps1'
[87.311s] INFO:colcon.colcon_core.shell:Creating environment descriptor '/home/spacer/sensor_ws/install/livox_ros_driver2/share/livox_ros_driver2/hook/ld_library_path_lib.dsv'
[87.312s] INFO:colcon.colcon_core.shell:Creating environment hook '/home/spacer/sensor_ws/install/livox_ros_driver2/share/livox_ros_driver2/hook/ld_library_path_lib.sh'
[87.313s] Level 1:colcon.colcon_core.environment:checking '/home/spacer/sensor_ws/install/livox_ros_driver2/bin'
[87.313s] Level 1:colcon.colcon_core.environment:checking '/home/spacer/sensor_ws/install/livox_ros_driver2/lib/pkgconfig/livox_ros_driver2.pc'
[87.314s] Level 1:colcon.colcon_core.environment:checking '/home/spacer/sensor_ws/install/livox_ros_driver2/lib/python3.8/site-packages'
[87.314s] Level 1:colcon.colcon_core.shell:create_environment_hook('livox_ros_driver2', 'pythonpath')
[87.510s] INFO:colcon.colcon_core.shell:Creating environment hook '/home/spacer/sensor_ws/install/livox_ros_driver2/share/livox_ros_driver2/hook/pythonpath.ps1'
[87.511s] INFO:colcon.colcon_core.shell:Creating environment descriptor '/home/spacer/sensor_ws/install/livox_ros_driver2/share/livox_ros_driver2/hook/pythonpath.dsv'
[87.512s] INFO:colcon.colcon_core.shell:Creating environment hook '/home/spacer/sensor_ws/install/livox_ros_driver2/share/livox_ros_driver2/hook/pythonpath.sh'
[87.513s] Level 1:colcon.colcon_core.environment:checking '/home/spacer/sensor_ws/install/livox_ros_driver2/bin'
[87.707s] INFO:colcon.colcon_core.shell:Creating package script '/home/spacer/sensor_ws/install/livox_ros_driver2/share/livox_ros_driver2/package.ps1'
[87.709s] INFO:colcon.colcon_core.shell:Creating package descriptor '/home/spacer/sensor_ws/install/livox_ros_driver2/share/livox_ros_driver2/package.dsv'
[87.710s] INFO:colcon.colcon_core.shell:Creating package script '/home/spacer/sensor_ws/install/livox_ros_driver2/share/livox_ros_driver2/package.sh'
[87.711s] INFO:colcon.colcon_core.shell:Creating package script '/home/spacer/sensor_ws/install/livox_ros_driver2/share/livox_ros_driver2/package.bash'
[87.712s] INFO:colcon.colcon_core.shell:Creating package script '/home/spacer/sensor_ws/install/livox_ros_driver2/share/livox_ros_driver2/package.zsh'
[87.713s] Level 1:colcon.colcon_core.environment:create_file_with_runtime_dependencies(/home/spacer/sensor_ws/install/livox_ros_driver2/share/colcon-core/packages/livox_ros_driver2)
[133.667s] DEBUG:colcon.colcon_core.event_handler.log_command:Invoked command in '/home/spacer/sensor_ws/build/livox_sdk2' returned '0': /usr/bin/cmake --build /home/spacer/sensor_ws/build/livox_sdk2 -- -j6 -l6
[133.728s] DEBUG:colcon.colcon_core.event_handler.log_command:Invoking command in '/home/spacer/sensor_ws/build/livox_sdk2': /usr/bin/cmake --install /home/spacer/sensor_ws/build/livox_sdk2
[133.814s] Level 1:colcon.colcon_core.environment:create_environment_scripts_only(livox_sdk2)
[133.816s] DEBUG:colcon.colcon_core.event_handler.log_command:Invoked command in '/home/spacer/sensor_ws/build/livox_sdk2' returned '0': /usr/bin/cmake --install /home/spacer/sensor_ws/build/livox_sdk2
[134.022s] Level 1:colcon.colcon_core.environment:checking '/home/spacer/sensor_ws/install/livox_sdk2' for CMake module files
[134.023s] Level 1:colcon.colcon_core.environment:checking '/home/spacer/sensor_ws/install/livox_sdk2' for CMake config files
[134.023s] Level 1:colcon.colcon_core.environment:checking '/home/spacer/sensor_ws/install/livox_sdk2/lib'
[134.023s] Level 1:colcon.colcon_core.shell:create_environment_hook('livox_sdk2', 'ld_library_path_lib')
[134.211s] INFO:colcon.colcon_core.shell:Creating environment hook '/home/spacer/sensor_ws/install/livox_sdk2/share/livox_sdk2/hook/ld_library_path_lib.ps1'
[134.212s] INFO:colcon.colcon_core.shell:Creating environment descriptor '/home/spacer/sensor_ws/install/livox_sdk2/share/livox_sdk2/hook/ld_library_path_lib.dsv'
[134.213s] INFO:colcon.colcon_core.shell:Creating environment hook '/home/spacer/sensor_ws/install/livox_sdk2/share/livox_sdk2/hook/ld_library_path_lib.sh'
[134.214s] Level 1:colcon.colcon_core.environment:checking '/home/spacer/sensor_ws/install/livox_sdk2/bin'
[134.214s] Level 1:colcon.colcon_core.environment:checking '/home/spacer/sensor_ws/install/livox_sdk2/lib/pkgconfig/livox_sdk2.pc'
[134.214s] Level 1:colcon.colcon_core.environment:checking '/home/spacer/sensor_ws/install/livox_sdk2/lib/python3.8/site-packages'
[134.215s] Level 1:colcon.colcon_core.environment:checking '/home/spacer/sensor_ws/install/livox_sdk2/bin'
[134.402s] INFO:colcon.colcon_core.shell:Creating package script '/home/spacer/sensor_ws/install/livox_sdk2/share/livox_sdk2/package.ps1'
[134.403s] INFO:colcon.colcon_core.shell:Creating package descriptor '/home/spacer/sensor_ws/install/livox_sdk2/share/livox_sdk2/package.dsv'
[134.404s] INFO:colcon.colcon_core.shell:Creating package script '/home/spacer/sensor_ws/install/livox_sdk2/share/livox_sdk2/package.sh'
[134.405s] INFO:colcon.colcon_core.shell:Creating package script '/home/spacer/sensor_ws/install/livox_sdk2/share/livox_sdk2/package.bash'
[134.405s] INFO:colcon.colcon_core.shell:Creating package script '/home/spacer/sensor_ws/install/livox_sdk2/share/livox_sdk2/package.zsh'
[134.406s] Level 1:colcon.colcon_core.environment:create_file_with_runtime_dependencies(/home/spacer/sensor_ws/install/livox_sdk2/share/colcon-core/packages/livox_sdk2)
[134.407s] DEBUG:colcon.colcon_parallel_executor.executor.parallel:closing loop
[134.408s] DEBUG:colcon.colcon_parallel_executor.executor.parallel:loop closed
[134.408s] DEBUG:colcon.colcon_parallel_executor.executor.parallel:run_until_complete finished with '0'
[134.408s] DEBUG:colcon.colcon_core.event_reactor:joining thread
[134.632s] INFO:colcon.colcon_core.plugin_system:Skipping extension 'colcon_notification.desktop_notification.terminal_notifier': Not used on non-Darwin systems
[134.633s] INFO:colcon.colcon_core.plugin_system:Skipping extension 'colcon_notification.desktop_notification.win32': Not used on non-Windows systems
[134.633s] INFO:colcon.colcon_notification.desktop_notification:Sending desktop notification using 'notify2'
[134.680s] DEBUG:colcon.colcon_notification.desktop_notification.notify2:Failed to initialize notify2: org.freedesktop.DBus.Error.Spawn.ChildExited: Process org.freedesktop.Notifications exited with status 1
[134.681s] DEBUG:colcon.colcon_core.event_reactor:joined thread
[134.868s] INFO:colcon.colcon_core.shell:Creating prefix script '/home/spacer/sensor_ws/install/local_setup.ps1'
[134.870s] INFO:colcon.colcon_core.shell:Creating prefix util module '/home/spacer/sensor_ws/install/_local_setup_util_ps1.py'
[134.872s] INFO:colcon.colcon_core.shell:Creating prefix chain script '/home/spacer/sensor_ws/install/setup.ps1'
[135.060s] INFO:colcon.colcon_core.shell:Creating prefix script '/home/spacer/sensor_ws/install/local_setup.sh'
[135.061s] INFO:colcon.colcon_core.shell:Creating prefix util module '/home/spacer/sensor_ws/install/_local_setup_util_sh.py'
[135.062s] INFO:colcon.colcon_core.shell:Creating prefix chain script '/home/spacer/sensor_ws/install/setup.sh'
[135.249s] INFO:colcon.colcon_core.shell:Creating prefix script '/home/spacer/sensor_ws/install/local_setup.bash'
[135.250s] INFO:colcon.colcon_core.shell:Creating prefix chain script '/home/spacer/sensor_ws/install/setup.bash'
[135.438s] INFO:colcon.colcon_core.shell:Creating prefix script '/home/spacer/sensor_ws/install/local_setup.zsh'
[135.439s] INFO:colcon.colcon_core.shell:Creating prefix chain script '/home/spacer/sensor_ws/install/setup.zsh'
