[0.023s] Invoking command in '/home/spacer/slam/slam_toolbox_config/odometry_ws/build/rf2o_laser_odometry': /usr/bin/cmake /home/spacer/slam/slam_toolbox_config/odometry_ws/src -DCMAKE_INSTALL_PREFIX=/home/spacer/slam/slam_toolbox_config/odometry_ws/install/rf2o_laser_odometry
[0.192s] -- The C compiler identification is GNU 9.4.0
[0.329s] -- The CXX compiler identification is GNU 9.4.0
[0.344s] -- Check for working C compiler: /usr/bin/cc
[0.480s] -- Check for working C compiler: /usr/bin/cc -- works
[0.483s] -- Detecting C compiler ABI info
[0.625s] -- Detecting C compiler ABI info - done
[0.654s] -- Detecting C compile features
[0.655s] -- Detecting C compile features - done
[0.662s] -- Check for working CXX compiler: /usr/bin/c++
[0.816s] -- Check for working CXX compiler: /usr/bin/c++ -- works
[0.819s] -- Detecting CXX compiler ABI info
[0.978s] -- Detecting CXX compiler ABI info - done
[1.014s] -- Detecting CXX compile features
[1.015s] -- Detecting CXX compile features - done
[1.041s] CMake Error at CMakeLists.txt:13 (find_package):
[1.042s]   By not providing "Findament_cmake.cmake" in CMAKE_MODULE_PATH this project
[1.042s]   has asked CMake to find a package configuration file provided by
[1.042s]   "ament_cmake", but CMake did not find one.
[1.042s] 
[1.042s]   Could not find a package configuration file provided by "ament_cmake" with
[1.042s]   any of the following names:
[1.042s] 
[1.043s]     ament_cmakeConfig.cmake
[1.043s]     ament_cmake-config.cmake
[1.043s] 
[1.043s]   Add the installation prefix of "ament_cmake" to CMAKE_PREFIX_PATH or set
[1.043s]   "ament_cmake_DIR" to a directory containing one of the above files.  If
[1.043s]   "ament_cmake" provides a separate development package or SDK, be sure it
[1.043s]   has been installed.
[1.043s] 
[1.044s] 
[1.044s] -- Configuring incomplete, errors occurred!
[1.044s] See also "/home/spacer/slam/slam_toolbox_config/odometry_ws/build/rf2o_laser_odometry/CMakeFiles/CMakeOutput.log".
[1.049s] Invoked command in '/home/spacer/slam/slam_toolbox_config/odometry_ws/build/rf2o_laser_odometry' returned '1': /usr/bin/cmake /home/spacer/slam/slam_toolbox_config/odometry_ws/src -DCMAKE_INSTALL_PREFIX=/home/spacer/slam/slam_toolbox_config/odometry_ws/install/rf2o_laser_odometry
