[0.787s] Invoking command in '/home/spacer/sensor_ws/build/livox_sdk2': /usr/bin/cmake /home/spacer/sensor_ws/Livox-SDK2 -DCMAKE_INSTALL_PREFIX=/home/spacer/sensor_ws/install/livox_sdk2
[0.934s] -- The C compiler identification is GNU 9.4.0
[1.054s] -- The CXX compiler identification is GNU 9.4.0
[1.066s] -- Check for working C compiler: /usr/bin/cc
[1.204s] -- Check for working C compiler: /usr/bin/cc -- works
[1.206s] -- Detecting C compiler ABI info
[1.361s] -- Detecting C compiler ABI info - done
[1.401s] -- Detecting C compile features
[1.402s] -- Detecting C compile features - done
[1.409s] -- Check for working CXX compiler: /usr/bin/c++
[1.565s] -- Check for working CXX compiler: /usr/bin/c++ -- works
[1.569s] -- Detecting CXX compiler ABI info
[1.742s] -- Detecting CXX compiler ABI info - done
[1.784s] -- Detecting CXX compile features
[1.786s] -- Detecting CXX compile features - done
[1.787s] -- main project dir: /home/spacer/sensor_ws/Livox-SDK2
[1.790s] -- main project dir: /home/spacer/sensor_ws/Livox-SDK2/samples
[1.797s] -- Configuring done
[1.839s] -- Generating done
[1.842s] -- Build files have been written to: /home/spacer/sensor_ws/build/livox_sdk2
[1.850s] Invoked command in '/home/spacer/sensor_ws/build/livox_sdk2' returned '0': /usr/bin/cmake /home/spacer/sensor_ws/Livox-SDK2 -DCMAKE_INSTALL_PREFIX=/home/spacer/sensor_ws/install/livox_sdk2
[1.858s] Invoking command in '/home/spacer/sensor_ws/build/livox_sdk2': /usr/bin/cmake --build /home/spacer/sensor_ws/build/livox_sdk2 -- -j6 -l6
[1.948s] [35m[1mScanning dependencies of target livox_lidar_sdk_shared[0m
[2.039s] [  1%] [32mBuilding CXX object sdk_core/CMakeFiles/livox_lidar_sdk_shared.dir/__/3rdparty/FastCRC/FastCRCsw.cpp.o[0m
[2.247s] [  2%] [32mBuilding CXX object sdk_core/CMakeFiles/livox_lidar_sdk_shared.dir/parse_cfg_file.cpp.o[0m
[9.169s] [  3%] [32mBuilding CXX object sdk_core/CMakeFiles/livox_lidar_sdk_shared.dir/upgrade_manager.cpp.o[0m
[10.253s] [  4%] [32mBuilding CXX object sdk_core/CMakeFiles/livox_lidar_sdk_shared.dir/base/io_loop.cpp.o[0m
[16.692s] [  6%] [32mBuilding CXX object sdk_core/CMakeFiles/livox_lidar_sdk_shared.dir/base/thread_base.cpp.o[0m
[17.653s] [  7%] [32mBuilding CXX object sdk_core/CMakeFiles/livox_lidar_sdk_shared.dir/base/io_thread.cpp.o[0m
[18.817s] [  8%] [32mBuilding CXX object sdk_core/CMakeFiles/livox_lidar_sdk_shared.dir/base/logging.cpp.o[0m
[26.894s] [  9%] [32mBuilding CXX object sdk_core/CMakeFiles/livox_lidar_sdk_shared.dir/base/network/unix/network_util.cpp.o[0m
[27.270s] [ 10%] [32mBuilding CXX object sdk_core/CMakeFiles/livox_lidar_sdk_shared.dir/base/multiple_io/multiple_io_base.cpp.o[0m
[28.032s] [ 12%] [32mBuilding CXX object sdk_core/CMakeFiles/livox_lidar_sdk_shared.dir/base/multiple_io/multiple_io_epoll.cpp.o[0m
[28.979s] [ 13%] [32mBuilding CXX object sdk_core/CMakeFiles/livox_lidar_sdk_shared.dir/base/multiple_io/multiple_io_poll.cpp.o[0m
[29.577s] [ 14%] [32mBuilding CXX object sdk_core/CMakeFiles/livox_lidar_sdk_shared.dir/base/multiple_io/multiple_io_select.cpp.o[0m
[30.204s] [ 15%] [32mBuilding CXX object sdk_core/CMakeFiles/livox_lidar_sdk_shared.dir/base/multiple_io/multiple_io_kqueue.cpp.o[0m
[30.822s] [ 16%] [32mBuilding CXX object sdk_core/CMakeFiles/livox_lidar_sdk_shared.dir/base/wake_up/unix/wake_up_pipe.cpp.o[0m
[30.911s] [ 18%] [32mBuilding CXX object sdk_core/CMakeFiles/livox_lidar_sdk_shared.dir/comm/comm_port.cpp.o[0m
[31.413s] [ 19%] [32mBuilding CXX object sdk_core/CMakeFiles/livox_lidar_sdk_shared.dir/comm/sdk_protocol.cpp.o[0m
[31.509s] [ 20%] [32mBuilding CXX object sdk_core/CMakeFiles/livox_lidar_sdk_shared.dir/comm/generate_seq.cpp.o[0m
[32.019s] [ 21%] [32mBuilding CXX object sdk_core/CMakeFiles/livox_lidar_sdk_shared.dir/upgrade/firmware.cpp.o[0m
[32.582s] [ 22%] [32mBuilding CXX object sdk_core/CMakeFiles/livox_lidar_sdk_shared.dir/upgrade/livox_lidar_upgrader.cpp.o[0m
[34.267s] [ 24%] [32mBuilding CXX object sdk_core/CMakeFiles/livox_lidar_sdk_shared.dir/logger_handler/logger_manager.cpp.o[0m
[40.296s] [ 25%] [32mBuilding CXX object sdk_core/CMakeFiles/livox_lidar_sdk_shared.dir/logger_handler/logger_handler.cpp.o[0m
[41.320s] [ 26%] [32mBuilding CXX object sdk_core/CMakeFiles/livox_lidar_sdk_shared.dir/params_check.cpp.o[0m
[41.552s] [ 27%] [32mBuilding CXX object sdk_core/CMakeFiles/livox_lidar_sdk_shared.dir/livox_lidar_sdk.cpp.o[0m
[42.606s] [ 28%] [32mBuilding CXX object sdk_core/CMakeFiles/livox_lidar_sdk_shared.dir/logger_handler/file_manager.cpp.o[0m
[43.678s] [ 30%] [32mBuilding CXX object sdk_core/CMakeFiles/livox_lidar_sdk_shared.dir/device_manager.cpp.o[0m
[54.268s] [ 31%] [32mBuilding CXX object sdk_core/CMakeFiles/livox_lidar_sdk_shared.dir/command_handler/hap_command_handler.cpp.o[0m
[55.290s] [ 32%] [32mBuilding CXX object sdk_core/CMakeFiles/livox_lidar_sdk_shared.dir/command_handler/mid360_command_handler.cpp.o[0m
[56.315s] [ 33%] [32mBuilding CXX object sdk_core/CMakeFiles/livox_lidar_sdk_shared.dir/command_handler/general_command_handler.cpp.o[0m
[56.855s] In file included from [01m[K/home/spacer/sensor_ws/Livox-SDK2/sdk_core/../3rdparty/rapidjson/stream.h:19[m[K,
[56.856s]                  from [01m[K/home/spacer/sensor_ws/Livox-SDK2/sdk_core/../3rdparty/rapidjson/memorystream.h:22[m[K,
[56.856s]                  from [01m[K/home/spacer/sensor_ws/Livox-SDK2/sdk_core/../3rdparty/rapidjson/encodedstream.h:22[m[K,
[56.856s]                  from [01m[K/home/spacer/sensor_ws/Livox-SDK2/sdk_core/../3rdparty/rapidjson/document.h:26[m[K,
[56.856s]                  from [01m[K/home/spacer/sensor_ws/Livox-SDK2/sdk_core/command_handler/parse_lidar_state_info.h:38[m[K,
[56.856s]                  from [01m[K/home/spacer/sensor_ws/Livox-SDK2/sdk_core/command_handler/hap_command_handler.cpp:37[m[K:
[56.856s] [01m[K/home/spacer/sensor_ws/Livox-SDK2/sdk_core/../3rdparty/rapidjson/rapidjson.h:542:29:[m[K [01;35m[Kwarning: [m[Kunknown option after ‘[01m[K#pragma GCC diagnostic[m[K’ kind [[01;35m[K-Wpragmas[m[K]
[56.856s]   542 | #define RAPIDJSON_PRAGMA(x) [01;35m[K_Pragma[m[K(RAPIDJSON_STRINGIFY(x))
[56.857s]       |                             [01;35m[K^~~~~~~[m[K
[56.857s] [01m[K/home/spacer/sensor_ws/Livox-SDK2/sdk_core/../3rdparty/rapidjson/rapidjson.h:543:34:[m[K [01;36m[Knote: [m[Kin expansion of macro ‘[01m[KRAPIDJSON_PRAGMA[m[K’
[56.857s]   543 | #define RAPIDJSON_DIAG_PRAGMA(x) [01;36m[KRAPIDJSON_PRAGMA[m[K(GCC diagnostic x)
[56.857s]       |                                  [01;36m[K^~~~~~~~~~~~~~~~[m[K
[56.857s] [01m[K/home/spacer/sensor_ws/Livox-SDK2/sdk_core/../3rdparty/rapidjson/rapidjson.h:545:3:[m[K [01;36m[Knote: [m[Kin expansion of macro ‘[01m[KRAPIDJSON_DIAG_PRAGMA[m[K’
[56.857s]   545 |   [01;36m[KRAPIDJSON_DIAG_PRAGMA[m[K(ignored RAPIDJSON_STRINGIFY(RAPIDJSON_JOIN(-W, x)))
[56.857s]       |   [01;36m[K^~~~~~~~~~~~~~~~~~~~~[m[K
[56.857s] [01m[K/home/spacer/sensor_ws/Livox-SDK2/sdk_core/../3rdparty/rapidjson/internal/dtoa.h:36:1:[m[K [01;36m[Knote: [m[Kin expansion of macro ‘[01m[KRAPIDJSON_DIAG_OFF[m[K’
[56.857s]    36 | [01;36m[KRAPIDJSON_DIAG_OFF[m[K(array - bounds)  // some gcc versions generate wrong warnings
[56.858s]       | [01;36m[K^~~~~~~~~~~~~~~~~~[m[K
[57.366s] [ 34%] [32mBuilding CXX object sdk_core/CMakeFiles/livox_lidar_sdk_shared.dir/command_handler/command_impl.cpp.o[0m
[58.171s] In file included from [01m[K/home/spacer/sensor_ws/Livox-SDK2/sdk_core/../3rdparty/rapidjson/stream.h:19[m[K,
[58.171s]                  from [01m[K/home/spacer/sensor_ws/Livox-SDK2/sdk_core/../3rdparty/rapidjson/memorystream.h:22[m[K,
[58.171s]                  from [01m[K/home/spacer/sensor_ws/Livox-SDK2/sdk_core/../3rdparty/rapidjson/encodedstream.h:22[m[K,
[58.172s]                  from [01m[K/home/spacer/sensor_ws/Livox-SDK2/sdk_core/../3rdparty/rapidjson/document.h:26[m[K,
[58.172s]                  from [01m[K/home/spacer/sensor_ws/Livox-SDK2/sdk_core/command_handler/parse_lidar_state_info.h:38[m[K,
[58.172s]                  from [01m[K/home/spacer/sensor_ws/Livox-SDK2/sdk_core/command_handler/mid360_command_handler.cpp:37[m[K:
[58.172s] [01m[K/home/spacer/sensor_ws/Livox-SDK2/sdk_core/../3rdparty/rapidjson/rapidjson.h:542:29:[m[K [01;35m[Kwarning: [m[Kunknown option after ‘[01m[K#pragma GCC diagnostic[m[K’ kind [[01;35m[K-Wpragmas[m[K]
[58.172s]   542 | #define RAPIDJSON_PRAGMA(x) [01;35m[K_Pragma[m[K(RAPIDJSON_STRINGIFY(x))
[58.172s]       |                             [01;35m[K^~~~~~~[m[K
[58.172s] [01m[K/home/spacer/sensor_ws/Livox-SDK2/sdk_core/../3rdparty/rapidjson/rapidjson.h:543:34:[m[K [01;36m[Knote: [m[Kin expansion of macro ‘[01m[KRAPIDJSON_PRAGMA[m[K’
[58.172s]   543 | #define RAPIDJSON_DIAG_PRAGMA(x) [01;36m[KRAPIDJSON_PRAGMA[m[K(GCC diagnostic x)
[58.173s]       |                                  [01;36m[K^~~~~~~~~~~~~~~~[m[K
[58.173s] [01m[K/home/spacer/sensor_ws/Livox-SDK2/sdk_core/../3rdparty/rapidjson/rapidjson.h:545:3:[m[K [01;36m[Knote: [m[Kin expansion of macro ‘[01m[KRAPIDJSON_DIAG_PRAGMA[m[K’
[58.173s]   545 |   [01;36m[KRAPIDJSON_DIAG_PRAGMA[m[K(ignored RAPIDJSON_STRINGIFY(RAPIDJSON_JOIN(-W, x)))
[58.173s]       |   [01;36m[K^~~~~~~~~~~~~~~~~~~~~[m[K
[58.173s] [01m[K/home/spacer/sensor_ws/Livox-SDK2/sdk_core/../3rdparty/rapidjson/internal/dtoa.h:36:1:[m[K [01;36m[Knote: [m[Kin expansion of macro ‘[01m[KRAPIDJSON_DIAG_OFF[m[K’
[58.173s]    36 | [01;36m[KRAPIDJSON_DIAG_OFF[m[K(array - bounds)  // some gcc versions generate wrong warnings
[58.173s]       | [01;36m[K^~~~~~~~~~~~~~~~~~[m[K
[58.444s] [ 36%] [32mBuilding CXX object sdk_core/CMakeFiles/livox_lidar_sdk_shared.dir/data_handler/data_handler.cpp.o[0m
[67.348s] [ 37%] [32mBuilding CXX object sdk_core/CMakeFiles/livox_lidar_sdk_shared.dir/debug_point_cloud_handler/debug_point_cloud_handler.cpp.o[0m
[73.995s] [ 39%] [32mBuilding CXX object sdk_core/CMakeFiles/livox_lidar_sdk_shared.dir/debug_point_cloud_handler/debug_point_cloud_manager.cpp.o[0m
[73.995s] [ 39%] [32mBuilding CXX object sdk_core/CMakeFiles/livox_lidar_sdk_shared.dir/command_handler/parse_lidar_state_info.cpp.o[0m
[74.942s] In file included from [01m[K/home/spacer/sensor_ws/Livox-SDK2/sdk_core/../3rdparty/rapidjson/stream.h:19[m[K,
[74.942s]                  from [01m[K/home/spacer/sensor_ws/Livox-SDK2/sdk_core/../3rdparty/rapidjson/memorystream.h:22[m[K,
[74.942s]                  from [01m[K/home/spacer/sensor_ws/Livox-SDK2/sdk_core/../3rdparty/rapidjson/encodedstream.h:22[m[K,
[74.942s]                  from [01m[K/home/spacer/sensor_ws/Livox-SDK2/sdk_core/../3rdparty/rapidjson/document.h:26[m[K,
[74.942s]                  from [01m[K/home/spacer/sensor_ws/Livox-SDK2/sdk_core/command_handler/parse_lidar_state_info.h:38[m[K,
[74.942s]                  from [01m[K/home/spacer/sensor_ws/Livox-SDK2/sdk_core/command_handler/parse_lidar_state_info.cpp:2[m[K:
[74.943s] [01m[K/home/spacer/sensor_ws/Livox-SDK2/sdk_core/../3rdparty/rapidjson/rapidjson.h:542:29:[m[K [01;35m[Kwarning: [m[Kunknown option after ‘[01m[K#pragma GCC diagnostic[m[K’ kind [[01;35m[K-Wpragmas[m[K]
[74.943s]   542 | #define RAPIDJSON_PRAGMA(x) [01;35m[K_Pragma[m[K(RAPIDJSON_STRINGIFY(x))
[74.943s]       |                             [01;35m[K^~~~~~~[m[K
[74.943s] [01m[K/home/spacer/sensor_ws/Livox-SDK2/sdk_core/../3rdparty/rapidjson/rapidjson.h:543:34:[m[K [01;36m[Knote: [m[Kin expansion of macro ‘[01m[KRAPIDJSON_PRAGMA[m[K’
[74.943s]   543 | #define RAPIDJSON_DIAG_PRAGMA(x) [01;36m[KRAPIDJSON_PRAGMA[m[K(GCC diagnostic x)
[74.943s]       |                                  [01;36m[K^~~~~~~~~~~~~~~~[m[K
[74.943s] [01m[K/home/spacer/sensor_ws/Livox-SDK2/sdk_core/../3rdparty/rapidjson/rapidjson.h:545:3:[m[K [01;36m[Knote: [m[Kin expansion of macro ‘[01m[KRAPIDJSON_DIAG_PRAGMA[m[K’
[74.943s]   545 |   [01;36m[KRAPIDJSON_DIAG_PRAGMA[m[K(ignored RAPIDJSON_STRINGIFY(RAPIDJSON_JOIN(-W, x)))
[74.944s]       |   [01;36m[K^~~~~~~~~~~~~~~~~~~~~[m[K
[74.944s] [01m[K/home/spacer/sensor_ws/Livox-SDK2/sdk_core/../3rdparty/rapidjson/internal/dtoa.h:36:1:[m[K [01;36m[Knote: [m[Kin expansion of macro ‘[01m[KRAPIDJSON_DIAG_OFF[m[K’
[74.944s]    36 | [01;36m[KRAPIDJSON_DIAG_OFF[m[K(array - bounds)  // some gcc versions generate wrong warnings
[74.944s]       | [01;36m[K^~~~~~~~~~~~~~~~~~[m[K
[80.283s] [ 40%] [32mBuilding CXX object sdk_core/CMakeFiles/livox_lidar_sdk_shared.dir/command_handler/build_request.cpp.o[0m
[86.334s] [ 42%] [32m[1mLinking CXX shared library liblivox_lidar_sdk_shared.so[0m
[87.502s] [ 42%] Built target livox_lidar_sdk_shared
[87.526s] [35m[1mScanning dependencies of target livox_lidar_sdk_static[0m
[87.611s] [ 45%] [32mBuilding CXX object sdk_core/CMakeFiles/livox_lidar_sdk_static.dir/__/3rdparty/FastCRC/FastCRCsw.cpp.o[0m
[87.611s] [ 45%] [32mBuilding CXX object sdk_core/CMakeFiles/livox_lidar_sdk_static.dir/livox_lidar_sdk.cpp.o[0m
[87.612s] [ 48%] [32mBuilding CXX object sdk_core/CMakeFiles/livox_lidar_sdk_static.dir/parse_cfg_file.cpp.o[0m
[87.612s] [ 48%] [32mBuilding CXX object sdk_core/CMakeFiles/livox_lidar_sdk_static.dir/params_check.cpp.o[0m
[87.612s] [ 45%] [32mBuilding CXX object sdk_core/CMakeFiles/livox_lidar_sdk_static.dir/device_manager.cpp.o[0m
[87.612s] [ 49%] [32mBuilding CXX object sdk_core/CMakeFiles/livox_lidar_sdk_static.dir/upgrade_manager.cpp.o[0m
[87.836s] [ 50%] [32mBuilding CXX object sdk_core/CMakeFiles/livox_lidar_sdk_static.dir/base/io_loop.cpp.o[0m
[88.703s] [ 51%] [32mBuilding CXX object sdk_core/CMakeFiles/livox_lidar_sdk_static.dir/base/thread_base.cpp.o[0m
[89.667s] [ 53%] [32mBuilding CXX object sdk_core/CMakeFiles/livox_lidar_sdk_static.dir/base/io_thread.cpp.o[0m
[90.823s] [ 54%] [32mBuilding CXX object sdk_core/CMakeFiles/livox_lidar_sdk_static.dir/base/logging.cpp.o[0m
[94.408s] [ 55%] [32mBuilding CXX object sdk_core/CMakeFiles/livox_lidar_sdk_static.dir/base/network/unix/network_util.cpp.o[0m
[94.412s] [ 56%] [32mBuilding CXX object sdk_core/CMakeFiles/livox_lidar_sdk_static.dir/base/multiple_io/multiple_io_base.cpp.o[0m
[94.797s] [ 57%] [32mBuilding CXX object sdk_core/CMakeFiles/livox_lidar_sdk_static.dir/base/multiple_io/multiple_io_epoll.cpp.o[0m
[94.843s] [ 59%] [32mBuilding CXX object sdk_core/CMakeFiles/livox_lidar_sdk_static.dir/base/multiple_io/multiple_io_poll.cpp.o[0m
[95.101s] [ 60%] [32mBuilding CXX object sdk_core/CMakeFiles/livox_lidar_sdk_static.dir/base/multiple_io/multiple_io_select.cpp.o[0m
[95.264s] [ 61%] [32mBuilding CXX object sdk_core/CMakeFiles/livox_lidar_sdk_static.dir/base/multiple_io/multiple_io_kqueue.cpp.o[0m
[95.517s] [ 62%] [32mBuilding CXX object sdk_core/CMakeFiles/livox_lidar_sdk_static.dir/base/wake_up/unix/wake_up_pipe.cpp.o[0m
[95.622s] [ 63%] [32mBuilding CXX object sdk_core/CMakeFiles/livox_lidar_sdk_static.dir/comm/comm_port.cpp.o[0m
[95.770s] [ 65%] [32mBuilding CXX object sdk_core/CMakeFiles/livox_lidar_sdk_static.dir/comm/sdk_protocol.cpp.o[0m
[95.807s] [ 66%] [32mBuilding CXX object sdk_core/CMakeFiles/livox_lidar_sdk_static.dir/comm/generate_seq.cpp.o[0m
[95.877s] [ 67%] [32mBuilding CXX object sdk_core/CMakeFiles/livox_lidar_sdk_static.dir/upgrade/firmware.cpp.o[0m
[95.950s] [ 68%] [32mBuilding CXX object sdk_core/CMakeFiles/livox_lidar_sdk_static.dir/upgrade/livox_lidar_upgrader.cpp.o[0m
[96.162s] [ 69%] [32mBuilding CXX object sdk_core/CMakeFiles/livox_lidar_sdk_static.dir/logger_handler/logger_manager.cpp.o[0m
[96.348s] [ 71%] [32mBuilding CXX object sdk_core/CMakeFiles/livox_lidar_sdk_static.dir/logger_handler/logger_handler.cpp.o[0m
[96.488s] [ 72%] [32mBuilding CXX object sdk_core/CMakeFiles/livox_lidar_sdk_static.dir/logger_handler/file_manager.cpp.o[0m
[97.614s] [ 73%] [32mBuilding CXX object sdk_core/CMakeFiles/livox_lidar_sdk_static.dir/data_handler/data_handler.cpp.o[0m
[97.824s] [ 74%] [32mBuilding CXX object sdk_core/CMakeFiles/livox_lidar_sdk_static.dir/command_handler/command_impl.cpp.o[0m
[99.494s] [ 75%] [32mBuilding CXX object sdk_core/CMakeFiles/livox_lidar_sdk_static.dir/command_handler/general_command_handler.cpp.o[0m
[103.061s] [ 77%] [32mBuilding CXX object sdk_core/CMakeFiles/livox_lidar_sdk_static.dir/command_handler/hap_command_handler.cpp.o[0m
[103.992s] [ 78%] [32mBuilding CXX object sdk_core/CMakeFiles/livox_lidar_sdk_static.dir/command_handler/mid360_command_handler.cpp.o[0m
[104.463s] [ 79%] [32mBuilding CXX object sdk_core/CMakeFiles/livox_lidar_sdk_static.dir/command_handler/build_request.cpp.o[0m
[104.771s] [ 80%] [32mBuilding CXX object sdk_core/CMakeFiles/livox_lidar_sdk_static.dir/command_handler/parse_lidar_state_info.cpp.o[0m
[105.026s] [ 81%] [32mBuilding CXX object sdk_core/CMakeFiles/livox_lidar_sdk_static.dir/debug_point_cloud_handler/debug_point_cloud_manager.cpp.o[0m
[105.816s] In file included from [01m[K/home/spacer/sensor_ws/Livox-SDK2/sdk_core/../3rdparty/rapidjson/stream.h:19[m[K,
[105.817s]                  from [01m[K/home/spacer/sensor_ws/Livox-SDK2/sdk_core/../3rdparty/rapidjson/memorystream.h:22[m[K,
[105.817s]                  from [01m[K/home/spacer/sensor_ws/Livox-SDK2/sdk_core/../3rdparty/rapidjson/encodedstream.h:22[m[K,
[105.817s]                  from [01m[K/home/spacer/sensor_ws/Livox-SDK2/sdk_core/../3rdparty/rapidjson/document.h:26[m[K,
[105.817s]                  from [01m[K/home/spacer/sensor_ws/Livox-SDK2/sdk_core/command_handler/parse_lidar_state_info.h:38[m[K,
[105.817s]                  from [01m[K/home/spacer/sensor_ws/Livox-SDK2/sdk_core/command_handler/hap_command_handler.cpp:37[m[K:
[105.817s] [01m[K/home/spacer/sensor_ws/Livox-SDK2/sdk_core/../3rdparty/rapidjson/rapidjson.h:542:29:[m[K [01;35m[Kwarning: [m[Kunknown option after ‘[01m[K#pragma GCC diagnostic[m[K’ kind [[01;35m[K-Wpragmas[m[K]
[105.818s]   542 | #define RAPIDJSON_PRAGMA(x) [01;35m[K_Pragma[m[K(RAPIDJSON_STRINGIFY(x))
[105.818s]       |                             [01;35m[K^~~~~~~[m[K
[105.818s] [01m[K/home/spacer/sensor_ws/Livox-SDK2/sdk_core/../3rdparty/rapidjson/rapidjson.h:543:34:[m[K [01;36m[Knote: [m[Kin expansion of macro ‘[01m[KRAPIDJSON_PRAGMA[m[K’
[105.818s]   543 | #define RAPIDJSON_DIAG_PRAGMA(x) [01;36m[KRAPIDJSON_PRAGMA[m[K(GCC diagnostic x)
[105.818s]       |                                  [01;36m[K^~~~~~~~~~~~~~~~[m[K
[105.818s] [01m[K/home/spacer/sensor_ws/Livox-SDK2/sdk_core/../3rdparty/rapidjson/rapidjson.h:545:3:[m[K [01;36m[Knote: [m[Kin expansion of macro ‘[01m[KRAPIDJSON_DIAG_PRAGMA[m[K’
[105.818s]   545 |   [01;36m[KRAPIDJSON_DIAG_PRAGMA[m[K(ignored RAPIDJSON_STRINGIFY(RAPIDJSON_JOIN(-W, x)))
[105.819s]       |   [01;36m[K^~~~~~~~~~~~~~~~~~~~~[m[K
[105.819s] [01m[K/home/spacer/sensor_ws/Livox-SDK2/sdk_core/../3rdparty/rapidjson/internal/dtoa.h:36:1:[m[K [01;36m[Knote: [m[Kin expansion of macro ‘[01m[KRAPIDJSON_DIAG_OFF[m[K’
[105.819s]    36 | [01;36m[KRAPIDJSON_DIAG_OFF[m[K(array - bounds)  // some gcc versions generate wrong warnings
[105.819s]       | [01;36m[K^~~~~~~~~~~~~~~~~~[m[K
[105.853s] In file included from [01m[K/home/spacer/sensor_ws/Livox-SDK2/sdk_core/../3rdparty/rapidjson/stream.h:19[m[K,
[105.854s]                  from [01m[K/home/spacer/sensor_ws/Livox-SDK2/sdk_core/../3rdparty/rapidjson/memorystream.h:22[m[K,
[105.854s]                  from [01m[K/home/spacer/sensor_ws/Livox-SDK2/sdk_core/../3rdparty/rapidjson/encodedstream.h:22[m[K,
[105.855s]                  from [01m[K/home/spacer/sensor_ws/Livox-SDK2/sdk_core/../3rdparty/rapidjson/document.h:26[m[K,
[105.855s]                  from [01m[K/home/spacer/sensor_ws/Livox-SDK2/sdk_core/command_handler/parse_lidar_state_info.h:38[m[K,
[105.855s]                  from [01m[K/home/spacer/sensor_ws/Livox-SDK2/sdk_core/command_handler/parse_lidar_state_info.cpp:2[m[K:
[105.855s] [01m[K/home/spacer/sensor_ws/Livox-SDK2/sdk_core/../3rdparty/rapidjson/rapidjson.h:542:29:[m[K [01;35m[Kwarning: [m[Kunknown option after ‘[01m[K#pragma GCC diagnostic[m[K’ kind [[01;35m[K-Wpragmas[m[K]
[105.856s]   542 | #define RAPIDJSON_PRAGMA(x) [01;35m[K_Pragma[m[K(RAPIDJSON_STRINGIFY(x))
[105.856s]       |                             [01;35m[K^~~~~~~[m[K
[105.856s] [01m[K/home/spacer/sensor_ws/Livox-SDK2/sdk_core/../3rdparty/rapidjson/rapidjson.h:543:34:[m[K [01;36m[Knote: [m[Kin expansion of macro ‘[01m[KRAPIDJSON_PRAGMA[m[K’
[105.856s]   543 | #define RAPIDJSON_DIAG_PRAGMA(x) [01;36m[KRAPIDJSON_PRAGMA[m[K(GCC diagnostic x)
[105.857s]       |                                  [01;36m[K^~~~~~~~~~~~~~~~[m[K
[105.857s] [01m[K/home/spacer/sensor_ws/Livox-SDK2/sdk_core/../3rdparty/rapidjson/rapidjson.h:545:3:[m[K [01;36m[Knote: [m[Kin expansion of macro ‘[01m[KRAPIDJSON_DIAG_PRAGMA[m[K’
[105.857s]   545 |   [01;36m[KRAPIDJSON_DIAG_PRAGMA[m[K(ignored RAPIDJSON_STRINGIFY(RAPIDJSON_JOIN(-W, x)))
[105.857s]       |   [01;36m[K^~~~~~~~~~~~~~~~~~~~~[m[K
[105.858s] [01m[K/home/spacer/sensor_ws/Livox-SDK2/sdk_core/../3rdparty/rapidjson/internal/dtoa.h:36:1:[m[K [01;36m[Knote: [m[Kin expansion of macro ‘[01m[KRAPIDJSON_DIAG_OFF[m[K’
[105.858s]    36 | [01;36m[KRAPIDJSON_DIAG_OFF[m[K(array - bounds)  // some gcc versions generate wrong warnings
[105.858s]       | [01;36m[K^~~~~~~~~~~~~~~~~~[m[K
[106.592s] In file included from [01m[K/home/spacer/sensor_ws/Livox-SDK2/sdk_core/../3rdparty/rapidjson/stream.h:19[m[K,
[106.593s]                  from [01m[K/home/spacer/sensor_ws/Livox-SDK2/sdk_core/../3rdparty/rapidjson/memorystream.h:22[m[K,
[106.593s]                  from [01m[K/home/spacer/sensor_ws/Livox-SDK2/sdk_core/../3rdparty/rapidjson/encodedstream.h:22[m[K,
[106.593s]                  from [01m[K/home/spacer/sensor_ws/Livox-SDK2/sdk_core/../3rdparty/rapidjson/document.h:26[m[K,
[106.593s]                  from [01m[K/home/spacer/sensor_ws/Livox-SDK2/sdk_core/command_handler/parse_lidar_state_info.h:38[m[K,
[106.593s]                  from [01m[K/home/spacer/sensor_ws/Livox-SDK2/sdk_core/command_handler/mid360_command_handler.cpp:37[m[K:
[106.593s] [01m[K/home/spacer/sensor_ws/Livox-SDK2/sdk_core/../3rdparty/rapidjson/rapidjson.h:542:29:[m[K [01;35m[Kwarning: [m[Kunknown option after ‘[01m[K#pragma GCC diagnostic[m[K’ kind [[01;35m[K-Wpragmas[m[K]
[106.594s]   542 | #define RAPIDJSON_PRAGMA(x) [01;35m[K_Pragma[m[K(RAPIDJSON_STRINGIFY(x))
[106.594s]       |                             [01;35m[K^~~~~~~[m[K
[106.594s] [01m[K/home/spacer/sensor_ws/Livox-SDK2/sdk_core/../3rdparty/rapidjson/rapidjson.h:543:34:[m[K [01;36m[Knote: [m[Kin expansion of macro ‘[01m[KRAPIDJSON_PRAGMA[m[K’
[106.594s]   543 | #define RAPIDJSON_DIAG_PRAGMA(x) [01;36m[KRAPIDJSON_PRAGMA[m[K(GCC diagnostic x)
[106.594s]       |                                  [01;36m[K^~~~~~~~~~~~~~~~[m[K
[106.594s] [01m[K/home/spacer/sensor_ws/Livox-SDK2/sdk_core/../3rdparty/rapidjson/rapidjson.h:545:3:[m[K [01;36m[Knote: [m[Kin expansion of macro ‘[01m[KRAPIDJSON_DIAG_PRAGMA[m[K’
[106.594s]   545 |   [01;36m[KRAPIDJSON_DIAG_PRAGMA[m[K(ignored RAPIDJSON_STRINGIFY(RAPIDJSON_JOIN(-W, x)))
[106.595s]       |   [01;36m[K^~~~~~~~~~~~~~~~~~~~~[m[K
[106.595s] [01m[K/home/spacer/sensor_ws/Livox-SDK2/sdk_core/../3rdparty/rapidjson/internal/dtoa.h:36:1:[m[K [01;36m[Knote: [m[Kin expansion of macro ‘[01m[KRAPIDJSON_DIAG_OFF[m[K’
[106.595s]    36 | [01;36m[KRAPIDJSON_DIAG_OFF[m[K(array - bounds)  // some gcc versions generate wrong warnings
[106.595s]       | [01;36m[K^~~~~~~~~~~~~~~~~~[m[K
[108.837s] [ 83%] [32mBuilding CXX object sdk_core/CMakeFiles/livox_lidar_sdk_static.dir/debug_point_cloud_handler/debug_point_cloud_handler.cpp.o[0m
[115.619s] [ 84%] [32m[1mLinking CXX static library liblivox_lidar_sdk_static.a[0m
[116.071s] [ 84%] Built target livox_lidar_sdk_static
[116.094s] [35m[1mScanning dependencies of target lidar_cmd_observer[0m
[116.094s] [35m[1mScanning dependencies of target logger[0m
[116.094s] [35m[1mScanning dependencies of target livox_lidar_quick_start[0m
[116.094s] [35m[1mScanning dependencies of target livox_lidar_rmc_time_sync[0m
[116.095s] [35m[1mScanning dependencies of target multi_lidars_upgrade[0m
[116.095s] [35m[1mScanning dependencies of target debug_point_cloud[0m
[116.120s] [ 90%] [32mBuilding CXX object samples/livox_lidar_rmc_time_sync/CMakeFiles/livox_lidar_rmc_time_sync.dir/main.cpp.o[0m
[116.120s] [ 91%] [32mBuilding CXX object samples/multi_lidars_upgrade/CMakeFiles/multi_lidars_upgrade.dir/main.cpp.o[0m
[116.121s] [ 91%] [32mBuilding CXX object samples/logger/CMakeFiles/logger.dir/main.cpp.o[0m
[116.121s] [ 91%] [32mBuilding CXX object samples/debug_point_cloud/CMakeFiles/debug_point_cloud.dir/main.cpp.o[0m
[116.121s] [ 91%] [32mBuilding CXX object samples/lidar_cmd_observer/CMakeFiles/lidar_cmd_observer.dir/main.cpp.o[0m
[116.123s] [ 91%] [32mBuilding CXX object samples/livox_lidar_quick_start/CMakeFiles/livox_lidar_quick_start.dir/main.cpp.o[0m
[116.876s] [ 92%] [32m[1mLinking CXX executable lidar_cmd_observer[0m
[116.908s] [ 93%] [32m[1mLinking CXX executable livox_lidar_quick_start[0m
[117.030s] [ 95%] [32mBuilding CXX object samples/livox_lidar_rmc_time_sync/CMakeFiles/livox_lidar_rmc_time_sync.dir/linux/synchro.cpp.o[0m
[117.043s] [ 96%] [32m[1mLinking CXX executable debug_point_cloud[0m
[117.072s] [ 97%] [32m[1mLinking CXX executable multi_lidars_upgrade[0m
[117.086s] [ 98%] [32m[1mLinking CXX executable logger[0m
[118.100s] [100%] [32m[1mLinking CXX executable livox_lidar_rmc_time_sync[0m
[118.237s] [100%] Built target lidar_cmd_observer
[118.267s] [100%] Built target livox_lidar_quick_start
[118.357s] [100%] Built target debug_point_cloud
[118.358s] [100%] Built target multi_lidars_upgrade
[118.504s] [100%] Built target logger
[119.304s] [100%] Built target livox_lidar_rmc_time_sync
[119.331s] Invoked command in '/home/spacer/sensor_ws/build/livox_sdk2' returned '0': /usr/bin/cmake --build /home/spacer/sensor_ws/build/livox_sdk2 -- -j6 -l6
[119.391s] Invoking command in '/home/spacer/sensor_ws/build/livox_sdk2': /usr/bin/cmake --install /home/spacer/sensor_ws/build/livox_sdk2
[119.412s] -- Install configuration: ""
[119.412s] -- Installing: /home/spacer/sensor_ws/install/livox_sdk2/lib/liblivox_lidar_sdk_static.a
[119.462s] -- Installing: /home/spacer/sensor_ws/install/livox_sdk2/include/livox_lidar_def.h
[119.462s] -- Installing: /home/spacer/sensor_ws/install/livox_sdk2/include/livox_lidar_api.h
[119.462s] -- Installing: /home/spacer/sensor_ws/install/livox_sdk2/include/livox_lidar_cfg.h
[119.463s] -- Installing: /home/spacer/sensor_ws/install/livox_sdk2/lib/liblivox_lidar_sdk_shared.so
[119.480s] Invoked command in '/home/spacer/sensor_ws/build/livox_sdk2' returned '0': /usr/bin/cmake --install /home/spacer/sensor_ws/build/livox_sdk2
